<?xml version="1.0" encoding="UTF-8"?>
<testsuite xmlns:xsi="http://www.w3.org/2001/XMLSchema-instance" xsi:noNamespaceSchemaLocation="https://maven.apache.org/surefire/maven-surefire-plugin/xsd/surefire-test-report-3.0.xsd" version="3.0" name="com.srmasset.ApplicationTests" time="4.706" tests="1" errors="0" skipped="0" failures="0">
  <properties>
    <property name="java.specification.version" value="17"/>
    <property name="sun.jnu.encoding" value="UTF-8"/>
    <property name="java.class.path" value="/home/thallyssonk/Área de trabalho/CurrentProjects/TesteTecnicoWeFin/loan-service/target/test-classes:/home/thallyssonk/Área de trabalho/CurrentProjects/TesteTecnicoWeFin/loan-service/target/classes:/home/thallyssonk/.m2/repository/org/springframework/boot/spring-boot-starter-web/3.2.5/spring-boot-starter-web-3.2.5.jar:/home/thallyssonk/.m2/repository/org/springframework/boot/spring-boot-starter/3.2.5/spring-boot-starter-3.2.5.jar:/home/thallyssonk/.m2/repository/org/springframework/boot/spring-boot/3.2.5/spring-boot-3.2.5.jar:/home/thallyssonk/.m2/repository/org/springframework/boot/spring-boot-autoconfigure/3.2.5/spring-boot-autoconfigure-3.2.5.jar:/home/thallyssonk/.m2/repository/org/springframework/boot/spring-boot-starter-logging/3.2.5/spring-boot-starter-logging-3.2.5.jar:/home/thallyssonk/.m2/repository/ch/qos/logback/logback-classic/1.4.14/logback-classic-1.4.14.jar:/home/thallyssonk/.m2/repository/ch/qos/logback/logback-core/1.4.14/logback-core-1.4.14.jar:/home/thallyssonk/.m2/repository/org/apache/logging/log4j/log4j-to-slf4j/2.21.1/log4j-to-slf4j-2.21.1.jar:/home/thallyssonk/.m2/repository/org/apache/logging/log4j/log4j-api/2.21.1/log4j-api-2.21.1.jar:/home/thallyssonk/.m2/repository/org/slf4j/jul-to-slf4j/2.0.13/jul-to-slf4j-2.0.13.jar:/home/thallyssonk/.m2/repository/jakarta/annotation/jakarta.annotation-api/2.1.1/jakarta.annotation-api-2.1.1.jar:/home/thallyssonk/.m2/repository/org/yaml/snakeyaml/2.2/snakeyaml-2.2.jar:/home/thallyssonk/.m2/repository/org/springframework/boot/spring-boot-starter-json/3.2.5/spring-boot-starter-json-3.2.5.jar:/home/thallyssonk/.m2/repository/com/fasterxml/jackson/core/jackson-databind/2.15.4/jackson-databind-2.15.4.jar:/home/thallyssonk/.m2/repository/com/fasterxml/jackson/core/jackson-annotations/2.15.4/jackson-annotations-2.15.4.jar:/home/thallyssonk/.m2/repository/com/fasterxml/jackson/core/jackson-core/2.15.4/jackson-core-2.15.4.jar:/home/thallyssonk/.m2/repository/com/fasterxml/jackson/datatype/jackson-datatype-jdk8/2.15.4/jackson-datatype-jdk8-2.15.4.jar:/home/thallyssonk/.m2/repository/com/fasterxml/jackson/datatype/jackson-datatype-jsr310/2.15.4/jackson-datatype-jsr310-2.15.4.jar:/home/thallyssonk/.m2/repository/com/fasterxml/jackson/module/jackson-module-parameter-names/2.15.4/jackson-module-parameter-names-2.15.4.jar:/home/thallyssonk/.m2/repository/org/springframework/boot/spring-boot-starter-tomcat/3.2.5/spring-boot-starter-tomcat-3.2.5.jar:/home/thallyssonk/.m2/repository/org/apache/tomcat/embed/tomcat-embed-core/10.1.20/tomcat-embed-core-10.1.20.jar:/home/thallyssonk/.m2/repository/org/apache/tomcat/embed/tomcat-embed-el/10.1.20/tomcat-embed-el-10.1.20.jar:/home/thallyssonk/.m2/repository/org/apache/tomcat/embed/tomcat-embed-websocket/10.1.20/tomcat-embed-websocket-10.1.20.jar:/home/thallyssonk/.m2/repository/org/springframework/spring-web/6.1.6/spring-web-6.1.6.jar:/home/thallyssonk/.m2/repository/org/springframework/spring-beans/6.1.6/spring-beans-6.1.6.jar:/home/thallyssonk/.m2/repository/io/micrometer/micrometer-observation/1.12.5/micrometer-observation-1.12.5.jar:/home/thallyssonk/.m2/repository/io/micrometer/micrometer-commons/1.12.5/micrometer-commons-1.12.5.jar:/home/thallyssonk/.m2/repository/org/springframework/spring-webmvc/6.1.6/spring-webmvc-6.1.6.jar:/home/thallyssonk/.m2/repository/org/springframework/spring-aop/6.1.6/spring-aop-6.1.6.jar:/home/thallyssonk/.m2/repository/org/springframework/spring-context/6.1.6/spring-context-6.1.6.jar:/home/thallyssonk/.m2/repository/org/springframework/spring-expression/6.1.6/spring-expression-6.1.6.jar:/home/thallyssonk/.m2/repository/com/mysql/mysql-connector-j/8.0.33/mysql-connector-j-8.0.33.jar:/home/thallyssonk/.m2/repository/org/springframework/boot/spring-boot-starter-data-jpa/3.2.5/spring-boot-starter-data-jpa-3.2.5.jar:/home/thallyssonk/.m2/repository/org/springframework/boot/spring-boot-starter-aop/3.2.5/spring-boot-starter-aop-3.2.5.jar:/home/thallyssonk/.m2/repository/org/aspectj/aspectjweaver/1.9.22/aspectjweaver-1.9.22.jar:/home/thallyssonk/.m2/repository/org/springframework/boot/spring-boot-starter-jdbc/3.2.5/spring-boot-starter-jdbc-3.2.5.jar:/home/thallyssonk/.m2/repository/com/zaxxer/HikariCP/5.0.1/HikariCP-5.0.1.jar:/home/thallyssonk/.m2/repository/org/springframework/spring-jdbc/6.1.6/spring-jdbc-6.1.6.jar:/home/thallyssonk/.m2/repository/org/hibernate/orm/hibernate-core/6.4.4.Final/hibernate-core-6.4.4.Final.jar:/home/thallyssonk/.m2/repository/jakarta/persistence/jakarta.persistence-api/3.1.0/jakarta.persistence-api-3.1.0.jar:/home/thallyssonk/.m2/repository/jakarta/transaction/jakarta.transaction-api/2.0.1/jakarta.transaction-api-2.0.1.jar:/home/thallyssonk/.m2/repository/org/jboss/logging/jboss-logging/3.5.3.Final/jboss-logging-3.5.3.Final.jar:/home/thallyssonk/.m2/repository/org/hibernate/common/hibernate-commons-annotations/6.0.6.Final/hibernate-commons-annotations-6.0.6.Final.jar:/home/thallyssonk/.m2/repository/io/smallrye/jandex/3.1.2/jandex-3.1.2.jar:/home/thallyssonk/.m2/repository/com/fasterxml/classmate/1.6.0/classmate-1.6.0.jar:/home/thallyssonk/.m2/repository/net/bytebuddy/byte-buddy/1.14.13/byte-buddy-1.14.13.jar:/home/thallyssonk/.m2/repository/org/glassfish/jaxb/jaxb-runtime/4.0.5/jaxb-runtime-4.0.5.jar:/home/thallyssonk/.m2/repository/org/glassfish/jaxb/jaxb-core/4.0.5/jaxb-core-4.0.5.jar:/home/thallyssonk/.m2/repository/org/eclipse/angus/angus-activation/2.0.2/angus-activation-2.0.2.jar:/home/thallyssonk/.m2/repository/org/glassfish/jaxb/txw2/4.0.5/txw2-4.0.5.jar:/home/thallyssonk/.m2/repository/com/sun/istack/istack-commons-runtime/4.1.2/istack-commons-runtime-4.1.2.jar:/home/thallyssonk/.m2/repository/jakarta/inject/jakarta.inject-api/2.0.1/jakarta.inject-api-2.0.1.jar:/home/thallyssonk/.m2/repository/org/antlr/antlr4-runtime/4.13.0/antlr4-runtime-4.13.0.jar:/home/thallyssonk/.m2/repository/org/springframework/data/spring-data-jpa/3.2.5/spring-data-jpa-3.2.5.jar:/home/thallyssonk/.m2/repository/org/springframework/data/spring-data-commons/3.2.5/spring-data-commons-3.2.5.jar:/home/thallyssonk/.m2/repository/org/springframework/spring-orm/6.1.6/spring-orm-6.1.6.jar:/home/thallyssonk/.m2/repository/org/springframework/spring-tx/6.1.6/spring-tx-6.1.6.jar:/home/thallyssonk/.m2/repository/org/slf4j/slf4j-api/2.0.13/slf4j-api-2.0.13.jar:/home/thallyssonk/.m2/repository/org/springframework/spring-aspects/6.1.6/spring-aspects-6.1.6.jar:/home/thallyssonk/.m2/repository/javax/validation/validation-api/2.0.1.Final/validation-api-2.0.1.Final.jar:/home/thallyssonk/.m2/repository/org/projectlombok/lombok/1.18.32/lombok-1.18.32.jar:/home/thallyssonk/.m2/repository/org/springframework/boot/spring-boot-starter-test/3.2.5/spring-boot-starter-test-3.2.5.jar:/home/thallyssonk/.m2/repository/org/springframework/boot/spring-boot-test/3.2.5/spring-boot-test-3.2.5.jar:/home/thallyssonk/.m2/repository/org/springframework/boot/spring-boot-test-autoconfigure/3.2.5/spring-boot-test-autoconfigure-3.2.5.jar:/home/thallyssonk/.m2/repository/com/jayway/jsonpath/json-path/2.9.0/json-path-2.9.0.jar:/home/thallyssonk/.m2/repository/jakarta/xml/bind/jakarta.xml.bind-api/4.0.2/jakarta.xml.bind-api-4.0.2.jar:/home/thallyssonk/.m2/repository/jakarta/activation/jakarta.activation-api/2.1.3/jakarta.activation-api-2.1.3.jar:/home/thallyssonk/.m2/repository/net/minidev/json-smart/2.5.1/json-smart-2.5.1.jar:/home/thallyssonk/.m2/repository/net/minidev/accessors-smart/2.5.1/accessors-smart-2.5.1.jar:/home/thallyssonk/.m2/repository/org/ow2/asm/asm/9.6/asm-9.6.jar:/home/thallyssonk/.m2/repository/org/assertj/assertj-core/3.24.2/assertj-core-3.24.2.jar:/home/thallyssonk/.m2/repository/org/awaitility/awaitility/4.2.1/awaitility-4.2.1.jar:/home/thallyssonk/.m2/repository/org/hamcrest/hamcrest/2.2/hamcrest-2.2.jar:/home/thallyssonk/.m2/repository/org/junit/jupiter/junit-jupiter/5.10.2/junit-jupiter-5.10.2.jar:/home/thallyssonk/.m2/repository/org/junit/jupiter/junit-jupiter-api/5.10.2/junit-jupiter-api-5.10.2.jar:/home/thallyssonk/.m2/repository/org/opentest4j/opentest4j/1.3.0/opentest4j-1.3.0.jar:/home/thallyssonk/.m2/repository/org/junit/platform/junit-platform-commons/1.10.2/junit-platform-commons-1.10.2.jar:/home/thallyssonk/.m2/repository/org/apiguardian/apiguardian-api/1.1.2/apiguardian-api-1.1.2.jar:/home/thallyssonk/.m2/repository/org/junit/jupiter/junit-jupiter-params/5.10.2/junit-jupiter-params-5.10.2.jar:/home/thallyssonk/.m2/repository/org/junit/jupiter/junit-jupiter-engine/5.10.2/junit-jupiter-engine-5.10.2.jar:/home/thallyssonk/.m2/repository/org/junit/platform/junit-platform-engine/1.10.2/junit-platform-engine-1.10.2.jar:/home/thallyssonk/.m2/repository/org/mockito/mockito-core/5.7.0/mockito-core-5.7.0.jar:/home/thallyssonk/.m2/repository/net/bytebuddy/byte-buddy-agent/1.14.13/byte-buddy-agent-1.14.13.jar:/home/thallyssonk/.m2/repository/org/objenesis/objenesis/3.3/objenesis-3.3.jar:/home/thallyssonk/.m2/repository/org/mockito/mockito-junit-jupiter/5.7.0/mockito-junit-jupiter-5.7.0.jar:/home/thallyssonk/.m2/repository/org/skyscreamer/jsonassert/1.5.1/jsonassert-1.5.1.jar:/home/thallyssonk/.m2/repository/com/vaadin/external/google/android-json/0.0.20131108.vaadin1/android-json-0.0.20131108.vaadin1.jar:/home/thallyssonk/.m2/repository/org/springframework/spring-core/6.1.6/spring-core-6.1.6.jar:/home/thallyssonk/.m2/repository/org/springframework/spring-jcl/6.1.6/spring-jcl-6.1.6.jar:/home/thallyssonk/.m2/repository/org/springframework/spring-test/6.1.6/spring-test-6.1.6.jar:/home/thallyssonk/.m2/repository/org/xmlunit/xmlunit-core/2.9.1/xmlunit-core-2.9.1.jar:/home/thallyssonk/.m2/repository/com/datadoghq/dd-java-agent/1.34.0/dd-java-agent-1.34.0.jar:/home/thallyssonk/.m2/repository/com/datadoghq/dd-trace-api/1.34.0/dd-trace-api-1.34.0.jar:/home/thallyssonk/.m2/repository/com/datadoghq/java-dogstatsd-client/4.3.0/java-dogstatsd-client-4.3.0.jar:/home/thallyssonk/.m2/repository/com/github/jnr/jnr-unixsocket/0.36/jnr-unixsocket-0.36.jar:/home/thallyssonk/.m2/repository/com/github/jnr/jnr-ffi/2.1.16/jnr-ffi-2.1.16.jar:/home/thallyssonk/.m2/repository/com/github/jnr/jffi/1.2.23/jffi-1.2.23.jar:/home/thallyssonk/.m2/repository/com/github/jnr/jffi/1.2.23/jffi-1.2.23-native.jar:/home/thallyssonk/.m2/repository/org/ow2/asm/asm-commons/7.1/asm-commons-7.1.jar:/home/thallyssonk/.m2/repository/org/ow2/asm/asm-analysis/7.1/asm-analysis-7.1.jar:/home/thallyssonk/.m2/repository/org/ow2/asm/asm-tree/7.1/asm-tree-7.1.jar:/home/thallyssonk/.m2/repository/org/ow2/asm/asm-util/7.1/asm-util-7.1.jar:/home/thallyssonk/.m2/repository/com/github/jnr/jnr-a64asm/1.0.0/jnr-a64asm-1.0.0.jar:/home/thallyssonk/.m2/repository/com/github/jnr/jnr-x86asm/1.0.2/jnr-x86asm-1.0.2.jar:/home/thallyssonk/.m2/repository/com/github/jnr/jnr-constants/0.9.17/jnr-constants-0.9.17.jar:/home/thallyssonk/.m2/repository/com/github/jnr/jnr-enxio/0.30/jnr-enxio-0.30.jar:/home/thallyssonk/.m2/repository/com/github/jnr/jnr-posix/3.0.61/jnr-posix-3.0.61.jar:"/>
    <property name="java.vm.vendor" value="Ubuntu"/>
    <property name="sun.arch.data.model" value="64"/>
    <property name="java.vendor.url" value="https://ubuntu.com/"/>
    <property name="user.timezone" value="America/Sao_Paulo"/>
    <property name="org.jboss.logging.provider" value="slf4j"/>
    <property name="os.name" value="Linux"/>
    <property name="java.vm.specification.version" value="17"/>
    <property name="sun.java.launcher" value="SUN_STANDARD"/>
    <property name="user.country" value="BR"/>
    <property name="sun.boot.library.path" value="/usr/lib/jvm/java-17-openjdk-amd64/lib"/>
    <property name="sun.java.command" value="/home/thallyssonk/Área de trabalho/CurrentProjects/TesteTecnicoWeFin/loan-service/target/surefire/surefirebooter-20240520153712644_3.jar /home/thallyssonk/Área de trabalho/CurrentProjects/TesteTecnicoWeFin/loan-service/target/surefire 2024-05-20T15-37-12_565-jvmRun1 surefire-20240520153712644_1tmp surefire_0-20240520153712644_2tmp"/>
    <property name="jdk.debug" value="release"/>
    <property name="surefire.test.class.path" value="/home/thallyssonk/Área de trabalho/CurrentProjects/TesteTecnicoWeFin/loan-service/target/test-classes:/home/thallyssonk/Área de trabalho/CurrentProjects/TesteTecnicoWeFin/loan-service/target/classes:/home/thallyssonk/.m2/repository/org/springframework/boot/spring-boot-starter-web/3.2.5/spring-boot-starter-web-3.2.5.jar:/home/thallyssonk/.m2/repository/org/springframework/boot/spring-boot-starter/3.2.5/spring-boot-starter-3.2.5.jar:/home/thallyssonk/.m2/repository/org/springframework/boot/spring-boot/3.2.5/spring-boot-3.2.5.jar:/home/thallyssonk/.m2/repository/org/springframework/boot/spring-boot-autoconfigure/3.2.5/spring-boot-autoconfigure-3.2.5.jar:/home/thallyssonk/.m2/repository/org/springframework/boot/spring-boot-starter-logging/3.2.5/spring-boot-starter-logging-3.2.5.jar:/home/thallyssonk/.m2/repository/ch/qos/logback/logback-classic/1.4.14/logback-classic-1.4.14.jar:/home/thallyssonk/.m2/repository/ch/qos/logback/logback-core/1.4.14/logback-core-1.4.14.jar:/home/thallyssonk/.m2/repository/org/apache/logging/log4j/log4j-to-slf4j/2.21.1/log4j-to-slf4j-2.21.1.jar:/home/thallyssonk/.m2/repository/org/apache/logging/log4j/log4j-api/2.21.1/log4j-api-2.21.1.jar:/home/thallyssonk/.m2/repository/org/slf4j/jul-to-slf4j/2.0.13/jul-to-slf4j-2.0.13.jar:/home/thallyssonk/.m2/repository/jakarta/annotation/jakarta.annotation-api/2.1.1/jakarta.annotation-api-2.1.1.jar:/home/thallyssonk/.m2/repository/org/yaml/snakeyaml/2.2/snakeyaml-2.2.jar:/home/thallyssonk/.m2/repository/org/springframework/boot/spring-boot-starter-json/3.2.5/spring-boot-starter-json-3.2.5.jar:/home/thallyssonk/.m2/repository/com/fasterxml/jackson/core/jackson-databind/2.15.4/jackson-databind-2.15.4.jar:/home/thallyssonk/.m2/repository/com/fasterxml/jackson/core/jackson-annotations/2.15.4/jackson-annotations-2.15.4.jar:/home/thallyssonk/.m2/repository/com/fasterxml/jackson/core/jackson-core/2.15.4/jackson-core-2.15.4.jar:/home/thallyssonk/.m2/repository/com/fasterxml/jackson/datatype/jackson-datatype-jdk8/2.15.4/jackson-datatype-jdk8-2.15.4.jar:/home/thallyssonk/.m2/repository/com/fasterxml/jackson/datatype/jackson-datatype-jsr310/2.15.4/jackson-datatype-jsr310-2.15.4.jar:/home/thallyssonk/.m2/repository/com/fasterxml/jackson/module/jackson-module-parameter-names/2.15.4/jackson-module-parameter-names-2.15.4.jar:/home/thallyssonk/.m2/repository/org/springframework/boot/spring-boot-starter-tomcat/3.2.5/spring-boot-starter-tomcat-3.2.5.jar:/home/thallyssonk/.m2/repository/org/apache/tomcat/embed/tomcat-embed-core/10.1.20/tomcat-embed-core-10.1.20.jar:/home/thallyssonk/.m2/repository/org/apache/tomcat/embed/tomcat-embed-el/10.1.20/tomcat-embed-el-10.1.20.jar:/home/thallyssonk/.m2/repository/org/apache/tomcat/embed/tomcat-embed-websocket/10.1.20/tomcat-embed-websocket-10.1.20.jar:/home/thallyssonk/.m2/repository/org/springframework/spring-web/6.1.6/spring-web-6.1.6.jar:/home/thallyssonk/.m2/repository/org/springframework/spring-beans/6.1.6/spring-beans-6.1.6.jar:/home/thallyssonk/.m2/repository/io/micrometer/micrometer-observation/1.12.5/micrometer-observation-1.12.5.jar:/home/thallyssonk/.m2/repository/io/micrometer/micrometer-commons/1.12.5/micrometer-commons-1.12.5.jar:/home/thallyssonk/.m2/repository/org/springframework/spring-webmvc/6.1.6/spring-webmvc-6.1.6.jar:/home/thallyssonk/.m2/repository/org/springframework/spring-aop/6.1.6/spring-aop-6.1.6.jar:/home/thallyssonk/.m2/repository/org/springframework/spring-context/6.1.6/spring-context-6.1.6.jar:/home/thallyssonk/.m2/repository/org/springframework/spring-expression/6.1.6/spring-expression-6.1.6.jar:/home/thallyssonk/.m2/repository/com/mysql/mysql-connector-j/8.0.33/mysql-connector-j-8.0.33.jar:/home/thallyssonk/.m2/repository/org/springframework/boot/spring-boot-starter-data-jpa/3.2.5/spring-boot-starter-data-jpa-3.2.5.jar:/home/thallyssonk/.m2/repository/org/springframework/boot/spring-boot-starter-aop/3.2.5/spring-boot-starter-aop-3.2.5.jar:/home/thallyssonk/.m2/repository/org/aspectj/aspectjweaver/1.9.22/aspectjweaver-1.9.22.jar:/home/thallyssonk/.m2/repository/org/springframework/boot/spring-boot-starter-jdbc/3.2.5/spring-boot-starter-jdbc-3.2.5.jar:/home/thallyssonk/.m2/repository/com/zaxxer/HikariCP/5.0.1/HikariCP-5.0.1.jar:/home/thallyssonk/.m2/repository/org/springframework/spring-jdbc/6.1.6/spring-jdbc-6.1.6.jar:/home/thallyssonk/.m2/repository/org/hibernate/orm/hibernate-core/6.4.4.Final/hibernate-core-6.4.4.Final.jar:/home/thallyssonk/.m2/repository/jakarta/persistence/jakarta.persistence-api/3.1.0/jakarta.persistence-api-3.1.0.jar:/home/thallyssonk/.m2/repository/jakarta/transaction/jakarta.transaction-api/2.0.1/jakarta.transaction-api-2.0.1.jar:/home/thallyssonk/.m2/repository/org/jboss/logging/jboss-logging/3.5.3.Final/jboss-logging-3.5.3.Final.jar:/home/thallyssonk/.m2/repository/org/hibernate/common/hibernate-commons-annotations/6.0.6.Final/hibernate-commons-annotations-6.0.6.Final.jar:/home/thallyssonk/.m2/repository/io/smallrye/jandex/3.1.2/jandex-3.1.2.jar:/home/thallyssonk/.m2/repository/com/fasterxml/classmate/1.6.0/classmate-1.6.0.jar:/home/thallyssonk/.m2/repository/net/bytebuddy/byte-buddy/1.14.13/byte-buddy-1.14.13.jar:/home/thallyssonk/.m2/repository/org/glassfish/jaxb/jaxb-runtime/4.0.5/jaxb-runtime-4.0.5.jar:/home/thallyssonk/.m2/repository/org/glassfish/jaxb/jaxb-core/4.0.5/jaxb-core-4.0.5.jar:/home/thallyssonk/.m2/repository/org/eclipse/angus/angus-activation/2.0.2/angus-activation-2.0.2.jar:/home/thallyssonk/.m2/repository/org/glassfish/jaxb/txw2/4.0.5/txw2-4.0.5.jar:/home/thallyssonk/.m2/repository/com/sun/istack/istack-commons-runtime/4.1.2/istack-commons-runtime-4.1.2.jar:/home/thallyssonk/.m2/repository/jakarta/inject/jakarta.inject-api/2.0.1/jakarta.inject-api-2.0.1.jar:/home/thallyssonk/.m2/repository/org/antlr/antlr4-runtime/4.13.0/antlr4-runtime-4.13.0.jar:/home/thallyssonk/.m2/repository/org/springframework/data/spring-data-jpa/3.2.5/spring-data-jpa-3.2.5.jar:/home/thallyssonk/.m2/repository/org/springframework/data/spring-data-commons/3.2.5/spring-data-commons-3.2.5.jar:/home/thallyssonk/.m2/repository/org/springframework/spring-orm/6.1.6/spring-orm-6.1.6.jar:/home/thallyssonk/.m2/repository/org/springframework/spring-tx/6.1.6/spring-tx-6.1.6.jar:/home/thallyssonk/.m2/repository/org/slf4j/slf4j-api/2.0.13/slf4j-api-2.0.13.jar:/home/thallyssonk/.m2/repository/org/springframework/spring-aspects/6.1.6/spring-aspects-6.1.6.jar:/home/thallyssonk/.m2/repository/javax/validation/validation-api/2.0.1.Final/validation-api-2.0.1.Final.jar:/home/thallyssonk/.m2/repository/org/projectlombok/lombok/1.18.32/lombok-1.18.32.jar:/home/thallyssonk/.m2/repository/org/springframework/boot/spring-boot-starter-test/3.2.5/spring-boot-starter-test-3.2.5.jar:/home/thallyssonk/.m2/repository/org/springframework/boot/spring-boot-test/3.2.5/spring-boot-test-3.2.5.jar:/home/thallyssonk/.m2/repository/org/springframework/boot/spring-boot-test-autoconfigure/3.2.5/spring-boot-test-autoconfigure-3.2.5.jar:/home/thallyssonk/.m2/repository/com/jayway/jsonpath/json-path/2.9.0/json-path-2.9.0.jar:/home/thallyssonk/.m2/repository/jakarta/xml/bind/jakarta.xml.bind-api/4.0.2/jakarta.xml.bind-api-4.0.2.jar:/home/thallyssonk/.m2/repository/jakarta/activation/jakarta.activation-api/2.1.3/jakarta.activation-api-2.1.3.jar:/home/thallyssonk/.m2/repository/net/minidev/json-smart/2.5.1/json-smart-2.5.1.jar:/home/thallyssonk/.m2/repository/net/minidev/accessors-smart/2.5.1/accessors-smart-2.5.1.jar:/home/thallyssonk/.m2/repository/org/ow2/asm/asm/9.6/asm-9.6.jar:/home/thallyssonk/.m2/repository/org/assertj/assertj-core/3.24.2/assertj-core-3.24.2.jar:/home/thallyssonk/.m2/repository/org/awaitility/awaitility/4.2.1/awaitility-4.2.1.jar:/home/thallyssonk/.m2/repository/org/hamcrest/hamcrest/2.2/hamcrest-2.2.jar:/home/thallyssonk/.m2/repository/org/junit/jupiter/junit-jupiter/5.10.2/junit-jupiter-5.10.2.jar:/home/thallyssonk/.m2/repository/org/junit/jupiter/junit-jupiter-api/5.10.2/junit-jupiter-api-5.10.2.jar:/home/thallyssonk/.m2/repository/org/opentest4j/opentest4j/1.3.0/opentest4j-1.3.0.jar:/home/thallyssonk/.m2/repository/org/junit/platform/junit-platform-commons/1.10.2/junit-platform-commons-1.10.2.jar:/home/thallyssonk/.m2/repository/org/apiguardian/apiguardian-api/1.1.2/apiguardian-api-1.1.2.jar:/home/thallyssonk/.m2/repository/org/junit/jupiter/junit-jupiter-params/5.10.2/junit-jupiter-params-5.10.2.jar:/home/thallyssonk/.m2/repository/org/junit/jupiter/junit-jupiter-engine/5.10.2/junit-jupiter-engine-5.10.2.jar:/home/thallyssonk/.m2/repository/org/junit/platform/junit-platform-engine/1.10.2/junit-platform-engine-1.10.2.jar:/home/thallyssonk/.m2/repository/org/mockito/mockito-core/5.7.0/mockito-core-5.7.0.jar:/home/thallyssonk/.m2/repository/net/bytebuddy/byte-buddy-agent/1.14.13/byte-buddy-agent-1.14.13.jar:/home/thallyssonk/.m2/repository/org/objenesis/objenesis/3.3/objenesis-3.3.jar:/home/thallyssonk/.m2/repository/org/mockito/mockito-junit-jupiter/5.7.0/mockito-junit-jupiter-5.7.0.jar:/home/thallyssonk/.m2/repository/org/skyscreamer/jsonassert/1.5.1/jsonassert-1.5.1.jar:/home/thallyssonk/.m2/repository/com/vaadin/external/google/android-json/0.0.20131108.vaadin1/android-json-0.0.20131108.vaadin1.jar:/home/thallyssonk/.m2/repository/org/springframework/spring-core/6.1.6/spring-core-6.1.6.jar:/home/thallyssonk/.m2/repository/org/springframework/spring-jcl/6.1.6/spring-jcl-6.1.6.jar:/home/thallyssonk/.m2/repository/org/springframework/spring-test/6.1.6/spring-test-6.1.6.jar:/home/thallyssonk/.m2/repository/org/xmlunit/xmlunit-core/2.9.1/xmlunit-core-2.9.1.jar:/home/thallyssonk/.m2/repository/com/datadoghq/dd-java-agent/1.34.0/dd-java-agent-1.34.0.jar:/home/thallyssonk/.m2/repository/com/datadoghq/dd-trace-api/1.34.0/dd-trace-api-1.34.0.jar:/home/thallyssonk/.m2/repository/com/datadoghq/java-dogstatsd-client/4.3.0/java-dogstatsd-client-4.3.0.jar:/home/thallyssonk/.m2/repository/com/github/jnr/jnr-unixsocket/0.36/jnr-unixsocket-0.36.jar:/home/thallyssonk/.m2/repository/com/github/jnr/jnr-ffi/2.1.16/jnr-ffi-2.1.16.jar:/home/thallyssonk/.m2/repository/com/github/jnr/jffi/1.2.23/jffi-1.2.23.jar:/home/thallyssonk/.m2/repository/com/github/jnr/jffi/1.2.23/jffi-1.2.23-native.jar:/home/thallyssonk/.m2/repository/org/ow2/asm/asm-commons/7.1/asm-commons-7.1.jar:/home/thallyssonk/.m2/repository/org/ow2/asm/asm-analysis/7.1/asm-analysis-7.1.jar:/home/thallyssonk/.m2/repository/org/ow2/asm/asm-tree/7.1/asm-tree-7.1.jar:/home/thallyssonk/.m2/repository/org/ow2/asm/asm-util/7.1/asm-util-7.1.jar:/home/thallyssonk/.m2/repository/com/github/jnr/jnr-a64asm/1.0.0/jnr-a64asm-1.0.0.jar:/home/thallyssonk/.m2/repository/com/github/jnr/jnr-x86asm/1.0.2/jnr-x86asm-1.0.2.jar:/home/thallyssonk/.m2/repository/com/github/jnr/jnr-constants/0.9.17/jnr-constants-0.9.17.jar:/home/thallyssonk/.m2/repository/com/github/jnr/jnr-enxio/0.30/jnr-enxio-0.30.jar:/home/thallyssonk/.m2/repository/com/github/jnr/jnr-posix/3.0.61/jnr-posix-3.0.61.jar:"/>
    <property name="sun.cpu.endian" value="little"/>
    <property name="user.home" value="/home/thallyssonk"/>
    <property name="user.language" value="pt"/>
    <property name="java.specification.vendor" value="Oracle Corporation"/>
    <property name="java.version.date" value="2024-04-16"/>
    <property name="java.home" value="/usr/lib/jvm/java-17-openjdk-amd64"/>
    <property name="file.separator" value="/"/>
    <property name="basedir" value="/home/thallyssonk/Área de trabalho/CurrentProjects/TesteTecnicoWeFin/loan-service"/>
    <property name="java.vm.compressedOopsMode" value="Zero based"/>
    <property name="line.separator" value="&#10;"/>
    <property name="java.specification.name" value="Java Platform API Specification"/>
    <property name="java.vm.specification.vendor" value="Oracle Corporation"/>
    <property name="FILE_LOG_CHARSET" value="UTF-8"/>
    <property name="java.awt.headless" value="true"/>
    <property name="surefire.real.class.path" value="/home/thallyssonk/Área de trabalho/CurrentProjects/TesteTecnicoWeFin/loan-service/target/surefire/surefirebooter-20240520153712644_3.jar"/>
    <property name="sun.management.compiler" value="HotSpot 64-Bit Tiered Compilers"/>
    <property name="java.runtime.version" value="17.0.11+9-Ubuntu-1"/>
    <property name="user.name" value="thallyssonk"/>
    <property name="path.separator" value=":"/>
    <property name="os.version" value="6.8.0-31-generic"/>
    <property name="java.runtime.name" value="OpenJDK Runtime Environment"/>
    <property name="file.encoding" value="UTF-8"/>
    <property name="java.vm.name" value="OpenJDK 64-Bit Server VM"/>
    <property name="localRepository" value="/home/thallyssonk/.m2/repository"/>
    <property name="java.vendor.url.bug" value="https://bugs.launchpad.net/ubuntu/+source/openjdk-17"/>
    <property name="java.io.tmpdir" value="/tmp"/>
    <property name="idea.version" value="2024.1.1"/>
    <property name="java.version" value="17.0.11"/>
    <property name="user.dir" value="/home/thallyssonk/Área de trabalho/CurrentProjects/TesteTecnicoWeFin/loan-service"/>
    <property name="os.arch" value="amd64"/>
    <property name="java.vm.specification.name" value="Java Virtual Machine Specification"/>
    <property name="PID" value="739374"/>
    <property name="CONSOLE_LOG_CHARSET" value="UTF-8"/>
    <property name="native.encoding" value="UTF-8"/>
    <property name="java.library.path" value="/usr/java/packages/lib:/usr/lib/x86_64-linux-gnu/jni:/lib/x86_64-linux-gnu:/usr/lib/x86_64-linux-gnu:/usr/lib/jni:/lib:/usr/lib"/>
    <property name="java.vm.info" value="mixed mode, sharing"/>
    <property name="java.vendor" value="Ubuntu"/>
    <property name="java.vm.version" value="17.0.11+9-Ubuntu-1"/>
    <property name="sun.io.unicode.encoding" value="UnicodeLittle"/>
    <property name="java.class.version" value="61.0"/>
    <property name="LOGGED_APPLICATION_NAME" value="[person-service] "/>
  </properties>
  <testcase name="contextLoads" classname="com.srmasset.ApplicationTests" time="0.468">
    <system-out><![CDATA[15:37:13.212 [main] INFO org.springframework.test.context.support.AnnotationConfigContextLoaderUtils -- Could not detect default configuration classes for test class [com.srmasset.ApplicationTests]: ApplicationTests does not declare any static, non-private, non-final, nested classes annotated with @Configuration.
15:37:13.318 [main] INFO org.springframework.boot.test.context.SpringBootTestContextBootstrapper -- Found @SpringBootConfiguration com.srmasset.Application for test class com.srmasset.ApplicationTests

  .   ____          _            __ _ _
 /\\ / ___'_ __ _ _(_)_ __  __ _ \ \ \ \
( ( )\___ | '_ | '_| | '_ \/ _` | \ \ \ \
 \\/  ___)| |_)| | | | | || (_| |  ) ) ) )
  '  |____| .__|_| |_|_| |_\__, | / / / /
 =========|_|==============|___/=/_/_/_/
 :: Spring Boot ::                (v3.2.5)

2024-05-20T15:37:13.776-03:00  INFO 739374 --- [person-service] [           main] com.srmasset.ApplicationTests            : Starting ApplicationTests using Java 17.0.11 with PID 739374 (started by thallyssonk in /home/thallyssonk/Área de trabalho/CurrentProjects/TesteTecnicoWeFin/loan-service)
2024-05-20T15:37:13.777-03:00 DEBUG 739374 --- [person-service] [           main] com.srmasset.ApplicationTests            : Running with Spring Boot v3.2.5, Spring v6.1.6
2024-05-20T15:37:13.778-03:00  INFO 739374 --- [person-service] [           main] com.srmasset.ApplicationTests            : No active profile set, falling back to 1 default profile: "default"
2024-05-20T15:37:13.779-03:00 DEBUG 739374 --- [person-service] [           main] o.s.boot.SpringApplication               : Loading source class com.srmasset.Application
2024-05-20T15:37:13.814-03:00 DEBUG 739374 --- [person-service] [           main] o.s.w.c.s.GenericWebApplicationContext   : Refreshing org.springframework.web.context.support.GenericWebApplicationContext@2c22a348
2024-05-20T15:37:13.831-03:00 DEBUG 739374 --- [person-service] [           main] o.s.b.f.s.DefaultListableBeanFactory     : Creating shared instance of singleton bean 'org.springframework.context.annotation.internalConfigurationAnnotationProcessor'
2024-05-20T15:37:13.840-03:00 DEBUG 739374 --- [person-service] [           main] o.s.b.f.s.DefaultListableBeanFactory     : Creating shared instance of singleton bean 'org.springframework.boot.autoconfigure.internalCachingMetadataReaderFactory'
2024-05-20T15:37:13.865-03:00 DEBUG 739374 --- [person-service] [           main] o.s.c.a.ClassPathBeanDefinitionScanner   : Identified candidate component class: file [/home/thallyssonk/Área de trabalho/CurrentProjects/TesteTecnicoWeFin/loan-service/target/classes/com/srmasset/adapters/inbound/http/InboundLoanAdapter.class]
2024-05-20T15:37:13.865-03:00 DEBUG 739374 --- [person-service] [           main] o.s.c.a.ClassPathBeanDefinitionScanner   : Identified candidate component class: file [/home/thallyssonk/Área de trabalho/CurrentProjects/TesteTecnicoWeFin/loan-service/target/classes/com/srmasset/adapters/outbound/database/OutboundLoanAdapter.class]
2024-05-20T15:37:13.866-03:00 DEBUG 739374 --- [person-service] [           main] o.s.c.a.ClassPathBeanDefinitionScanner   : Identified candidate component class: file [/home/thallyssonk/Área de trabalho/CurrentProjects/TesteTecnicoWeFin/loan-service/target/classes/com/srmasset/adapters/outbound/http/OutboundPersonAdapter.class]
2024-05-20T15:37:13.867-03:00 DEBUG 739374 --- [person-service] [           main] o.s.c.a.ClassPathBeanDefinitionScanner   : Identified candidate component class: file [/home/thallyssonk/Área de trabalho/CurrentProjects/TesteTecnicoWeFin/loan-service/target/classes/com/srmasset/domain/loan/service/LoanService.class]
2024-05-20T15:37:13.874-03:00 DEBUG 739374 --- [person-service] [           main] o.s.c.a.ClassPathBeanDefinitionScanner   : Identified candidate component class: file [/home/thallyssonk/Área de trabalho/CurrentProjects/TesteTecnicoWeFin/loan-service/target/classes/com/srmasset/ports/inbound/http/controllers/GlobalErrorHandler.class]
2024-05-20T15:37:13.880-03:00 DEBUG 739374 --- [person-service] [           main] o.s.c.a.ClassPathBeanDefinitionScanner   : Identified candidate component class: file [/home/thallyssonk/Área de trabalho/CurrentProjects/TesteTecnicoWeFin/loan-service/target/classes/com/srmasset/ports/inbound/http/controllers/LoanController.class]
2024-05-20T15:37:13.882-03:00 DEBUG 739374 --- [person-service] [           main] o.s.c.a.ClassPathBeanDefinitionScanner   : Ignored because not a concrete top-level class: file [/home/thallyssonk/Área de trabalho/CurrentProjects/TesteTecnicoWeFin/loan-service/target/classes/com/srmasset/ports/outbound/database/loan/OutboundLoanRepositoryPort.class]
2024-05-20T15:37:13.884-03:00 DEBUG 739374 --- [person-service] [           main] o.s.c.a.ClassPathBeanDefinitionScanner   : Identified candidate component class: file [/home/thallyssonk/Área de trabalho/CurrentProjects/TesteTecnicoWeFin/loan-service/target/classes/com/srmasset/ports/outbound/http/HttpClientSingleton.class]
2024-05-20T15:37:13.885-03:00 DEBUG 739374 --- [person-service] [           main] o.s.c.a.ClassPathBeanDefinitionScanner   : Identified candidate component class: file [/home/thallyssonk/Área de trabalho/CurrentProjects/TesteTecnicoWeFin/loan-service/target/classes/com/srmasset/ports/outbound/http/OutboundPersonPort.class]
2024-05-20T15:37:13.885-03:00 DEBUG 739374 --- [person-service] [           main] o.s.c.a.ClassPathBeanDefinitionScanner   : Identified candidate component class: file [/home/thallyssonk/Área de trabalho/CurrentProjects/TesteTecnicoWeFin/loan-service/target/classes/com/srmasset/ports/outbound/observability/MetricCollector.class]
2024-05-20T15:37:14.428-03:00  INFO 739374 --- [person-service] [           main] .s.d.r.c.RepositoryConfigurationDelegate : Bootstrapping Spring Data JPA repositories in DEFAULT mode.
2024-05-20T15:37:14.435-03:00 DEBUG 739374 --- [person-service] [           main] o.s.b.f.s.DefaultListableBeanFactory     : Creating shared instance of singleton bean 'org.springframework.boot.autoconfigure.AutoConfigurationPackages'
2024-05-20T15:37:14.442-03:00 DEBUG 739374 --- [person-service] [           main] o.s.b.a.AutoConfigurationPackages        : @EnableAutoConfiguration was declared on a class in the package 'com.srmasset'. Automatic @Repository and @Entity scanning is enabled.
2024-05-20T15:37:14.443-03:00 DEBUG 739374 --- [person-service] [           main] .s.d.r.c.RepositoryConfigurationDelegate : Scanning for JPA repositories in packages com.srmasset.
2024-05-20T15:37:14.454-03:00 DEBUG 739374 --- [person-service] [           main] o.s.d.r.c.RepositoryComponentProvider    : Identified candidate component class: file [/home/thallyssonk/Área de trabalho/CurrentProjects/TesteTecnicoWeFin/loan-service/target/classes/com/srmasset/ports/outbound/database/loan/OutboundLoanRepositoryPort.class]
2024-05-20T15:37:14.488-03:00  INFO 739374 --- [person-service] [           main] .s.d.r.c.RepositoryConfigurationDelegate : Finished Spring Data repository scanning in 43 ms. Found 1 JPA repository interface.
2024-05-20T15:37:14.653-03:00 DEBUG 739374 --- [person-service] [           main] o.s.b.f.s.DefaultListableBeanFactory     : Creating shared instance of singleton bean 'propertySourcesPlaceholderConfigurer'
2024-05-20T15:37:14.657-03:00 DEBUG 739374 --- [person-service] [           main] o.s.b.f.s.DefaultListableBeanFactory     : Creating shared instance of singleton bean 'org.springframework.boot.test.mock.mockito.MockitoPostProcessor'
2024-05-20T15:37:14.658-03:00 DEBUG 739374 --- [person-service] [           main] o.s.b.f.s.DefaultListableBeanFactory     : Creating shared instance of singleton bean 'emBeanDefinitionRegistrarPostProcessor'
2024-05-20T15:37:14.658-03:00 DEBUG 739374 --- [person-service] [           main] o.s.b.f.s.DefaultListableBeanFactory     : Creating shared instance of singleton bean 'org.springframework.boot.sql.init.dependency.DatabaseInitializationDependencyConfigurer$DependsOnDatabaseInitializationPostProcessor'
2024-05-20T15:37:14.703-03:00 DEBUG 739374 --- [person-service] [           main] o.s.b.f.s.DefaultListableBeanFactory     : Creating shared instance of singleton bean 'org.springframework.context.event.internalEventListenerProcessor'
2024-05-20T15:37:14.704-03:00 DEBUG 739374 --- [person-service] [           main] o.s.b.f.s.DefaultListableBeanFactory     : Creating shared instance of singleton bean 'preserveErrorControllerTargetClassPostProcessor'
2024-05-20T15:37:14.705-03:00 DEBUG 739374 --- [person-service] [           main] o.s.b.f.s.DefaultListableBeanFactory     : Creating shared instance of singleton bean 'org.springframework.context.event.internalEventListenerFactory'
2024-05-20T15:37:14.706-03:00 DEBUG 739374 --- [person-service] [           main] o.s.b.f.s.DefaultListableBeanFactory     : Creating shared instance of singleton bean 'org.springframework.transaction.config.internalTransactionalEventListenerFactory'
2024-05-20T15:37:14.710-03:00 DEBUG 739374 --- [person-service] [           main] o.s.b.f.s.DefaultListableBeanFactory     : Creating shared instance of singleton bean 'org.springframework.boot.test.mock.mockito.MockitoPostProcessor$SpyPostProcessor'
2024-05-20T15:37:14.711-03:00 DEBUG 739374 --- [person-service] [           main] o.s.b.f.s.DefaultListableBeanFactory     : Creating shared instance of singleton bean 'org.springframework.context.annotation.internalAutowiredAnnotationProcessor'
2024-05-20T15:37:14.719-03:00 DEBUG 739374 --- [person-service] [           main] o.s.b.f.s.DefaultListableBeanFactory     : Creating shared instance of singleton bean 'org.springframework.context.annotation.internalCommonAnnotationProcessor'
2024-05-20T15:37:14.723-03:00 DEBUG 739374 --- [person-service] [           main] o.s.b.f.s.DefaultListableBeanFactory     : Creating shared instance of singleton bean 'org.springframework.context.annotation.internalPersistenceAnnotationProcessor'
2024-05-20T15:37:14.723-03:00 DEBUG 739374 --- [person-service] [           main] o.s.b.f.s.DefaultListableBeanFactory     : Creating shared instance of singleton bean 'org.springframework.boot.context.properties.ConfigurationPropertiesBindingPostProcessor'
2024-05-20T15:37:14.724-03:00 DEBUG 739374 --- [person-service] [           main] o.s.b.f.s.DefaultListableBeanFactory     : Creating shared instance of singleton bean 'org.springframework.boot.context.internalConfigurationPropertiesBinder'
2024-05-20T15:37:14.726-03:00 DEBUG 739374 --- [person-service] [           main] o.s.b.f.s.DefaultListableBeanFactory     : Creating shared instance of singleton bean 'jdbcConnectionDetailsHikariBeanPostProcessor'
2024-05-20T15:37:14.731-03:00 DEBUG 739374 --- [person-service] [           main] o.s.b.f.s.DefaultListableBeanFactory     : Creating shared instance of singleton bean 'org.springframework.aop.config.internalAutoProxyCreator'
2024-05-20T15:37:14.751-03:00 DEBUG 739374 --- [person-service] [           main] o.s.b.f.s.DefaultListableBeanFactory     : Creating shared instance of singleton bean 'persistenceExceptionTranslationPostProcessor'
2024-05-20T15:37:14.762-03:00 DEBUG 739374 --- [person-service] [           main] o.s.b.f.s.DefaultListableBeanFactory     : Autowiring by type from bean name 'persistenceExceptionTranslationPostProcessor' via factory method to bean named 'environment'
2024-05-20T15:37:14.767-03:00 DEBUG 739374 --- [person-service] [           main] o.s.b.f.s.DefaultListableBeanFactory     : Creating shared instance of singleton bean 'webServerFactoryCustomizerBeanPostProcessor'
2024-05-20T15:37:14.769-03:00 DEBUG 739374 --- [person-service] [           main] o.s.b.f.s.DefaultListableBeanFactory     : Creating shared instance of singleton bean 'errorPageRegistrarBeanPostProcessor'
2024-05-20T15:37:14.769-03:00 DEBUG 739374 --- [person-service] [           main] o.s.b.f.s.DefaultListableBeanFactory     : Creating shared instance of singleton bean 'projectingArgumentResolverBeanPostProcessor'
2024-05-20T15:37:14.771-03:00 DEBUG 739374 --- [person-service] [           main] o.s.b.f.s.DefaultListableBeanFactory     : Creating shared instance of singleton bean 'org.springframework.transaction.config.internalTransactionAdvisor'
2024-05-20T15:37:14.772-03:00 DEBUG 739374 --- [person-service] [           main] o.s.b.f.s.DefaultListableBeanFactory     : Creating shared instance of singleton bean 'org.springframework.transaction.annotation.ProxyTransactionManagementConfiguration'
2024-05-20T15:37:14.790-03:00 DEBUG 739374 --- [person-service] [           main] o.s.b.f.s.DefaultListableBeanFactory     : Creating shared instance of singleton bean 'transactionAttributeSource'
2024-05-20T15:37:14.792-03:00 DEBUG 739374 --- [person-service] [           main] o.s.b.f.s.DefaultListableBeanFactory     : Creating shared instance of singleton bean 'transactionInterceptor'
2024-05-20T15:37:14.794-03:00 DEBUG 739374 --- [person-service] [           main] o.s.b.f.s.DefaultListableBeanFactory     : Autowiring by type from bean name 'transactionInterceptor' via factory method to bean named 'transactionAttributeSource'
2024-05-20T15:37:14.800-03:00 DEBUG 739374 --- [person-service] [           main] o.s.b.f.s.DefaultListableBeanFactory     : Autowiring by type from bean name 'org.springframework.transaction.config.internalTransactionAdvisor' via factory method to bean named 'transactionAttributeSource'
2024-05-20T15:37:14.801-03:00 DEBUG 739374 --- [person-service] [           main] o.s.b.f.s.DefaultListableBeanFactory     : Autowiring by type from bean name 'org.springframework.transaction.config.internalTransactionAdvisor' via factory method to bean named 'transactionInterceptor'
2024-05-20T15:37:14.828-03:00 DEBUG 739374 --- [person-service] [           main] o.s.u.c.s.UiApplicationContextUtils      : Unable to locate ThemeSource with name 'themeSource': using default [org.springframework.ui.context.support.ResourceBundleThemeSource@49cb1baf]
2024-05-20T15:37:14.829-03:00 DEBUG 739374 --- [person-service] [           main] o.s.b.f.s.DefaultListableBeanFactory     : Creating shared instance of singleton bean 'entityManagerFactory'
2024-05-20T15:37:14.830-03:00 DEBUG 739374 --- [person-service] [           main] o.s.b.f.s.DefaultListableBeanFactory     : Creating shared instance of singleton bean 'org.springframework.boot.autoconfigure.orm.jpa.HibernateJpaConfiguration'
2024-05-20T15:37:14.832-03:00 DEBUG 739374 --- [person-service] [           main] o.s.b.f.s.DefaultListableBeanFactory     : Creating shared instance of singleton bean 'dataSource'
2024-05-20T15:37:14.832-03:00 DEBUG 739374 --- [person-service] [           main] o.s.b.f.s.DefaultListableBeanFactory     : Creating shared instance of singleton bean 'org.springframework.boot.autoconfigure.jdbc.DataSourceConfiguration$Hikari'
2024-05-20T15:37:14.834-03:00 DEBUG 739374 --- [person-service] [           main] o.s.b.f.s.DefaultListableBeanFactory     : Creating shared instance of singleton bean 'spring.datasource-org.springframework.boot.autoconfigure.jdbc.DataSourceProperties'
2024-05-20T15:37:14.835-03:00 DEBUG 739374 --- [person-service] [           main] o.s.b.f.s.DefaultListableBeanFactory     : Creating shared instance of singleton bean 'org.springframework.boot.context.properties.BoundConfigurationProperties'
2024-05-20T15:37:14.856-03:00 DEBUG 739374 --- [person-service] [           main] o.s.b.f.s.DefaultListableBeanFactory     : Creating shared instance of singleton bean 'jdbcConnectionDetails'
2024-05-20T15:37:14.856-03:00 DEBUG 739374 --- [person-service] [           main] o.s.b.f.s.DefaultListableBeanFactory     : Creating shared instance of singleton bean 'org.springframework.boot.autoconfigure.jdbc.DataSourceAutoConfiguration$PooledDataSourceConfiguration'
2024-05-20T15:37:14.857-03:00 DEBUG 739374 --- [person-service] [           main] o.s.b.f.s.DefaultListableBeanFactory     : Autowiring by type from bean name 'jdbcConnectionDetails' via factory method to bean named 'spring.datasource-org.springframework.boot.autoconfigure.jdbc.DataSourceProperties'
2024-05-20T15:37:14.858-03:00 DEBUG 739374 --- [person-service] [           main] o.s.b.f.s.DefaultListableBeanFactory     : Autowiring by type from bean name 'dataSource' via factory method to bean named 'spring.datasource-org.springframework.boot.autoconfigure.jdbc.DataSourceProperties'
2024-05-20T15:37:14.858-03:00 DEBUG 739374 --- [person-service] [           main] o.s.b.f.s.DefaultListableBeanFactory     : Autowiring by type from bean name 'dataSource' via factory method to bean named 'jdbcConnectionDetails'
2024-05-20T15:37:14.861-03:00 DEBUG 739374 --- [person-service] [           main] com.zaxxer.hikari.HikariConfig           : Driver class com.mysql.cj.jdbc.Driver found in Thread context class loader jdk.internal.loader.ClassLoaders$AppClassLoader@2cdf8d8a
2024-05-20T15:37:14.885-03:00 DEBUG 739374 --- [person-service] [           main] o.s.b.f.s.DefaultListableBeanFactory     : Creating shared instance of singleton bean 'spring.jpa-org.springframework.boot.autoconfigure.orm.jpa.JpaProperties'
2024-05-20T15:37:14.890-03:00 DEBUG 739374 --- [person-service] [           main] o.s.b.f.s.DefaultListableBeanFactory     : Creating shared instance of singleton bean 'spring.jpa.hibernate-org.springframework.boot.autoconfigure.orm.jpa.HibernateProperties'
2024-05-20T15:37:14.893-03:00 DEBUG 739374 --- [person-service] [           main] o.s.b.f.s.DefaultListableBeanFactory     : Autowiring by type from bean name 'org.springframework.boot.autoconfigure.orm.jpa.HibernateJpaConfiguration' via constructor to bean named 'dataSource'
2024-05-20T15:37:14.893-03:00 DEBUG 739374 --- [person-service] [           main] o.s.b.f.s.DefaultListableBeanFactory     : Autowiring by type from bean name 'org.springframework.boot.autoconfigure.orm.jpa.HibernateJpaConfiguration' via constructor to bean named 'spring.jpa-org.springframework.boot.autoconfigure.orm.jpa.JpaProperties'
2024-05-20T15:37:14.893-03:00 DEBUG 739374 --- [person-service] [           main] o.s.b.f.s.DefaultListableBeanFactory     : Autowiring by type from bean name 'org.springframework.boot.autoconfigure.orm.jpa.HibernateJpaConfiguration' via constructor to bean named 'org.springframework.beans.factory.support.DefaultListableBeanFactory@62a8fd44'
2024-05-20T15:37:14.893-03:00 DEBUG 739374 --- [person-service] [           main] o.s.b.f.s.DefaultListableBeanFactory     : Autowiring by type from bean name 'org.springframework.boot.autoconfigure.orm.jpa.HibernateJpaConfiguration' via constructor to bean named 'spring.jpa.hibernate-org.springframework.boot.autoconfigure.orm.jpa.HibernateProperties'
2024-05-20T15:37:14.895-03:00 DEBUG 739374 --- [person-service] [           main] o.s.b.f.s.DefaultListableBeanFactory     : Creating shared instance of singleton bean 'hikariPoolDataSourceMetadataProvider'
2024-05-20T15:37:14.895-03:00 DEBUG 739374 --- [person-service] [           main] o.s.b.f.s.DefaultListableBeanFactory     : Creating shared instance of singleton bean 'org.springframework.boot.autoconfigure.jdbc.metadata.DataSourcePoolMetadataProvidersConfiguration$HikariPoolDataSourceMetadataProviderConfiguration'
2024-05-20T15:37:14.901-03:00 DEBUG 739374 --- [person-service] [           main] o.s.b.f.s.DefaultListableBeanFactory     : Creating shared instance of singleton bean 'entityManagerFactoryBuilder'
2024-05-20T15:37:14.902-03:00 DEBUG 739374 --- [person-service] [           main] o.s.b.f.s.DefaultListableBeanFactory     : Creating shared instance of singleton bean 'jpaVendorAdapter'
2024-05-20T15:37:14.912-03:00 DEBUG 739374 --- [person-service] [           main] org.jboss.logging                        : Logging Provider: org.jboss.logging.Slf4jLoggerProvider found via system property
2024-05-20T15:37:14.915-03:00 DEBUG 739374 --- [person-service] [           main] o.s.b.f.s.DefaultListableBeanFactory     : Autowiring by type from bean name 'entityManagerFactoryBuilder' via factory method to bean named 'jpaVendorAdapter'
2024-05-20T15:37:14.918-03:00 DEBUG 739374 --- [person-service] [           main] o.s.b.f.s.DefaultListableBeanFactory     : Creating shared instance of singleton bean 'persistenceManagedTypes'
2024-05-20T15:37:14.919-03:00 DEBUG 739374 --- [person-service] [           main] o.s.b.f.s.DefaultListableBeanFactory     : Autowiring by type from bean name 'persistenceManagedTypes' via factory method to bean named 'org.springframework.beans.factory.support.DefaultListableBeanFactory@62a8fd44'
2024-05-20T15:37:14.919-03:00 DEBUG 739374 --- [person-service] [           main] o.s.b.f.s.DefaultListableBeanFactory     : Autowiring by type from bean name 'persistenceManagedTypes' via factory method to bean named 'org.springframework.web.context.support.GenericWebApplicationContext@2c22a348'
2024-05-20T15:37:14.927-03:00 DEBUG 739374 --- [person-service] [           main] o.s.b.f.s.DefaultListableBeanFactory     : Autowiring by type from bean name 'entityManagerFactory' via factory method to bean named 'entityManagerFactoryBuilder'
2024-05-20T15:37:14.927-03:00 DEBUG 739374 --- [person-service] [           main] o.s.b.f.s.DefaultListableBeanFactory     : Autowiring by type from bean name 'entityManagerFactory' via factory method to bean named 'persistenceManagedTypes'
2024-05-20T15:37:14.941-03:00 DEBUG 739374 --- [person-service] [           main] j.LocalContainerEntityManagerFactoryBean : Building JPA container EntityManagerFactory for persistence unit 'default'
2024-05-20T15:37:14.958-03:00 DEBUG 739374 --- [person-service] [           main] o.hibernate.jpa.internal.util.LogHelper  : PersistenceUnitInfo [
	name: default
	persistence provider classname: null
	classloader: jdk.internal.loader.ClassLoaders$AppClassLoader@2cdf8d8a
	excludeUnlistedClasses: true
	JTA datasource: null
	Non JTA datasource: HikariDataSource (null)
	Transaction type: RESOURCE_LOCAL
	PU root URL: file:/home/thallyssonk/%c3%81rea%20de%20trabalho/CurrentProjects/TesteTecnicoWeFin/loan-service/target/test-classes/
	Shared Cache Mode: UNSPECIFIED
	Validation Mode: AUTO
	Jar files URLs []
	Managed classes names [
		com.srmasset.ports.outbound.database.loan.dao.LoanDAO
		com.srmasset.ports.outbound.database.loan.dao.PersonDAO]
	Mapping files names []
	Properties []
2024-05-20T15:37:14.969-03:00 DEBUG 739374 --- [person-service] [           main] o.h.i.internal.IntegratorServiceImpl     : Adding Integrator [org.hibernate.boot.beanvalidation.BeanValidationIntegrator].
2024-05-20T15:37:14.971-03:00 DEBUG 739374 --- [person-service] [           main] o.h.i.internal.IntegratorServiceImpl     : Adding Integrator [org.hibernate.cache.internal.CollectionCacheInvalidator].
2024-05-20T15:37:15.014-03:00  INFO 739374 --- [person-service] [           main] org.hibernate.Version                    : HHH000412: Hibernate ORM core version 6.4.4.Final
2024-05-20T15:37:15.016-03:00 DEBUG 739374 --- [person-service] [           main] org.hibernate.cfg.Environment            : HHH000206: 'hibernate.properties' not found
2024-05-20T15:37:15.044-03:00 DEBUG 739374 --- [person-service] [           main] org.hibernate.orm.idgen.factory          : Registering IdentifierGenerator strategy [uuid2] -> [org.hibernate.id.UUIDGenerator]
2024-05-20T15:37:15.045-03:00 DEBUG 739374 --- [person-service] [           main] org.hibernate.orm.idgen.factory          : Registering IdentifierGenerator strategy [guid] -> [org.hibernate.id.GUIDGenerator]
2024-05-20T15:37:15.045-03:00 DEBUG 739374 --- [person-service] [           main] org.hibernate.orm.idgen.factory          : Registering IdentifierGenerator strategy [uuid] -> [org.hibernate.id.UUIDHexGenerator]
2024-05-20T15:37:15.046-03:00 DEBUG 739374 --- [person-service] [           main] org.hibernate.orm.idgen.factory          : Registering IdentifierGenerator strategy [uuid.hex] -> [org.hibernate.id.UUIDHexGenerator]
2024-05-20T15:37:15.046-03:00 DEBUG 739374 --- [person-service] [           main] org.hibernate.orm.idgen.factory          : Registering IdentifierGenerator strategy [assigned] -> [org.hibernate.id.Assigned]
2024-05-20T15:37:15.047-03:00 DEBUG 739374 --- [person-service] [           main] org.hibernate.orm.idgen.factory          : Registering IdentifierGenerator strategy [identity] -> [org.hibernate.id.IdentityGenerator]
2024-05-20T15:37:15.047-03:00 DEBUG 739374 --- [person-service] [           main] org.hibernate.orm.idgen.factory          : Registering IdentifierGenerator strategy [select] -> [org.hibernate.id.SelectGenerator]
2024-05-20T15:37:15.048-03:00 DEBUG 739374 --- [person-service] [           main] org.hibernate.orm.idgen.factory          : Registering IdentifierGenerator strategy [sequence] -> [org.hibernate.id.enhanced.SequenceStyleGenerator]
2024-05-20T15:37:15.048-03:00 DEBUG 739374 --- [person-service] [           main] org.hibernate.orm.idgen.factory          : Registering IdentifierGenerator strategy [increment] -> [org.hibernate.id.IncrementGenerator]
2024-05-20T15:37:15.049-03:00 DEBUG 739374 --- [person-service] [           main] org.hibernate.orm.idgen.factory          : Registering IdentifierGenerator strategy [foreign] -> [org.hibernate.id.ForeignGenerator]
2024-05-20T15:37:15.049-03:00 DEBUG 739374 --- [person-service] [           main] org.hibernate.orm.idgen.factory          : Registering IdentifierGenerator strategy [enhanced-sequence] -> [org.hibernate.id.enhanced.SequenceStyleGenerator]
2024-05-20T15:37:15.050-03:00 DEBUG 739374 --- [person-service] [           main] org.hibernate.orm.idgen.factory          : Registering IdentifierGenerator strategy [enhanced-table] -> [org.hibernate.id.enhanced.TableGenerator]
2024-05-20T15:37:15.055-03:00 DEBUG 739374 --- [person-service] [           main] o.h.c.internal.RegionFactoryInitiator    : Cannot default RegionFactory based on registered strategies as `[]` RegionFactory strategies were registered
2024-05-20T15:37:15.056-03:00  INFO 739374 --- [person-service] [           main] o.h.c.internal.RegionFactoryInitiator    : HHH000026: Second-level cache disabled
2024-05-20T15:37:15.124-03:00 DEBUG 739374 --- [person-service] [           main] org.hibernate.type.BasicTypeRegistry     : Adding type registration boolean -> org.hibernate.type.BasicTypeReference@364b1061
2024-05-20T15:37:15.125-03:00 DEBUG 739374 --- [person-service] [           main] org.hibernate.type.BasicTypeRegistry     : Adding type registration boolean -> org.hibernate.type.BasicTypeReference@364b1061
2024-05-20T15:37:15.125-03:00 DEBUG 739374 --- [person-service] [           main] org.hibernate.type.BasicTypeRegistry     : Adding type registration java.lang.Boolean -> org.hibernate.type.BasicTypeReference@364b1061
2024-05-20T15:37:15.125-03:00 DEBUG 739374 --- [person-service] [           main] org.hibernate.type.BasicTypeRegistry     : Adding type registration numeric_boolean -> org.hibernate.type.BasicTypeReference@50fdf44f
2024-05-20T15:37:15.125-03:00 DEBUG 739374 --- [person-service] [           main] org.hibernate.type.BasicTypeRegistry     : Adding type registration org.hibernate.type.NumericBooleanConverter -> org.hibernate.type.BasicTypeReference@50fdf44f
2024-05-20T15:37:15.125-03:00 DEBUG 739374 --- [person-service] [           main] org.hibernate.type.BasicTypeRegistry     : Adding type registration true_false -> org.hibernate.type.BasicTypeReference@172f4514
2024-05-20T15:37:15.125-03:00 DEBUG 739374 --- [person-service] [           main] org.hibernate.type.BasicTypeRegistry     : Adding type registration org.hibernate.type.TrueFalseConverter -> org.hibernate.type.BasicTypeReference@172f4514
2024-05-20T15:37:15.125-03:00 DEBUG 739374 --- [person-service] [           main] org.hibernate.type.BasicTypeRegistry     : Adding type registration yes_no -> org.hibernate.type.BasicTypeReference@7df6d663
2024-05-20T15:37:15.125-03:00 DEBUG 739374 --- [person-service] [           main] org.hibernate.type.BasicTypeRegistry     : Adding type registration org.hibernate.type.YesNoConverter -> org.hibernate.type.BasicTypeReference@7df6d663
2024-05-20T15:37:15.126-03:00 DEBUG 739374 --- [person-service] [           main] org.hibernate.type.BasicTypeRegistry     : Adding type registration byte -> org.hibernate.type.BasicTypeReference@13d019a4
2024-05-20T15:37:15.126-03:00 DEBUG 739374 --- [person-service] [           main] org.hibernate.type.BasicTypeRegistry     : Adding type registration byte -> org.hibernate.type.BasicTypeReference@13d019a4
2024-05-20T15:37:15.126-03:00 DEBUG 739374 --- [person-service] [           main] org.hibernate.type.BasicTypeRegistry     : Adding type registration java.lang.Byte -> org.hibernate.type.BasicTypeReference@13d019a4
2024-05-20T15:37:15.126-03:00 DEBUG 739374 --- [person-service] [           main] org.hibernate.type.BasicTypeRegistry     : Adding type registration binary -> org.hibernate.type.BasicTypeReference@2c30c81d
2024-05-20T15:37:15.126-03:00 DEBUG 739374 --- [person-service] [           main] org.hibernate.type.BasicTypeRegistry     : Adding type registration byte[] -> org.hibernate.type.BasicTypeReference@2c30c81d
2024-05-20T15:37:15.126-03:00 DEBUG 739374 --- [person-service] [           main] org.hibernate.type.BasicTypeRegistry     : Adding type registration [B -> org.hibernate.type.BasicTypeReference@2c30c81d
2024-05-20T15:37:15.126-03:00 DEBUG 739374 --- [person-service] [           main] org.hibernate.type.BasicTypeRegistry     : Adding type registration binary_wrapper -> org.hibernate.type.BasicTypeReference@415a3f6a
2024-05-20T15:37:15.126-03:00 DEBUG 739374 --- [person-service] [           main] org.hibernate.type.BasicTypeRegistry     : Adding type registration wrapper-binary -> org.hibernate.type.BasicTypeReference@415a3f6a
2024-05-20T15:37:15.126-03:00 DEBUG 739374 --- [person-service] [           main] org.hibernate.type.BasicTypeRegistry     : Adding type registration image -> org.hibernate.type.BasicTypeReference@a54acec
2024-05-20T15:37:15.127-03:00 DEBUG 739374 --- [person-service] [           main] org.hibernate.type.BasicTypeRegistry     : Adding type registration blob -> org.hibernate.type.BasicTypeReference@19da993b
2024-05-20T15:37:15.127-03:00 DEBUG 739374 --- [person-service] [           main] org.hibernate.type.BasicTypeRegistry     : Adding type registration java.sql.Blob -> org.hibernate.type.BasicTypeReference@19da993b
2024-05-20T15:37:15.127-03:00 DEBUG 739374 --- [person-service] [           main] org.hibernate.type.BasicTypeRegistry     : Adding type registration materialized_blob -> org.hibernate.type.BasicTypeReference@3380ca3d
2024-05-20T15:37:15.127-03:00 DEBUG 739374 --- [person-service] [           main] org.hibernate.type.BasicTypeRegistry     : Adding type registration materialized_blob_wrapper -> org.hibernate.type.BasicTypeReference@23310248
2024-05-20T15:37:15.127-03:00 DEBUG 739374 --- [person-service] [           main] org.hibernate.type.BasicTypeRegistry     : Adding type registration short -> org.hibernate.type.BasicTypeReference@c2df90e
2024-05-20T15:37:15.127-03:00 DEBUG 739374 --- [person-service] [           main] org.hibernate.type.BasicTypeRegistry     : Adding type registration short -> org.hibernate.type.BasicTypeReference@c2df90e
2024-05-20T15:37:15.127-03:00 DEBUG 739374 --- [person-service] [           main] org.hibernate.type.BasicTypeRegistry     : Adding type registration java.lang.Short -> org.hibernate.type.BasicTypeReference@c2df90e
2024-05-20T15:37:15.127-03:00 DEBUG 739374 --- [person-service] [           main] org.hibernate.type.BasicTypeRegistry     : Adding type registration integer -> org.hibernate.type.BasicTypeReference@41f3aaf1
2024-05-20T15:37:15.128-03:00 DEBUG 739374 --- [person-service] [           main] org.hibernate.type.BasicTypeRegistry     : Adding type registration int -> org.hibernate.type.BasicTypeReference@41f3aaf1
2024-05-20T15:37:15.128-03:00 DEBUG 739374 --- [person-service] [           main] org.hibernate.type.BasicTypeRegistry     : Adding type registration java.lang.Integer -> org.hibernate.type.BasicTypeReference@41f3aaf1
2024-05-20T15:37:15.128-03:00 DEBUG 739374 --- [person-service] [           main] org.hibernate.type.BasicTypeRegistry     : Adding type registration long -> org.hibernate.type.BasicTypeReference@741741d0
2024-05-20T15:37:15.128-03:00 DEBUG 739374 --- [person-service] [           main] org.hibernate.type.BasicTypeRegistry     : Adding type registration long -> org.hibernate.type.BasicTypeReference@741741d0
2024-05-20T15:37:15.128-03:00 DEBUG 739374 --- [person-service] [           main] org.hibernate.type.BasicTypeRegistry     : Adding type registration java.lang.Long -> org.hibernate.type.BasicTypeReference@741741d0
2024-05-20T15:37:15.128-03:00 DEBUG 739374 --- [person-service] [           main] org.hibernate.type.BasicTypeRegistry     : Adding type registration float -> org.hibernate.type.BasicTypeReference@5f9f3e58
2024-05-20T15:37:15.128-03:00 DEBUG 739374 --- [person-service] [           main] org.hibernate.type.BasicTypeRegistry     : Adding type registration float -> org.hibernate.type.BasicTypeReference@5f9f3e58
2024-05-20T15:37:15.128-03:00 DEBUG 739374 --- [person-service] [           main] org.hibernate.type.BasicTypeRegistry     : Adding type registration java.lang.Float -> org.hibernate.type.BasicTypeReference@5f9f3e58
2024-05-20T15:37:15.129-03:00 DEBUG 739374 --- [person-service] [           main] org.hibernate.type.BasicTypeRegistry     : Adding type registration double -> org.hibernate.type.BasicTypeReference@3c19592c
2024-05-20T15:37:15.129-03:00 DEBUG 739374 --- [person-service] [           main] org.hibernate.type.BasicTypeRegistry     : Adding type registration double -> org.hibernate.type.BasicTypeReference@3c19592c
2024-05-20T15:37:15.129-03:00 DEBUG 739374 --- [person-service] [           main] org.hibernate.type.BasicTypeRegistry     : Adding type registration java.lang.Double -> org.hibernate.type.BasicTypeReference@3c19592c
2024-05-20T15:37:15.129-03:00 DEBUG 739374 --- [person-service] [           main] org.hibernate.type.BasicTypeRegistry     : Adding type registration big_integer -> org.hibernate.type.BasicTypeReference@60e1d87c
2024-05-20T15:37:15.129-03:00 DEBUG 739374 --- [person-service] [           main] org.hibernate.type.BasicTypeRegistry     : Adding type registration java.math.BigInteger -> org.hibernate.type.BasicTypeReference@60e1d87c
2024-05-20T15:37:15.129-03:00 DEBUG 739374 --- [person-service] [           main] org.hibernate.type.BasicTypeRegistry     : Adding type registration big_decimal -> org.hibernate.type.BasicTypeReference@2eb60c71
2024-05-20T15:37:15.129-03:00 DEBUG 739374 --- [person-service] [           main] org.hibernate.type.BasicTypeRegistry     : Adding type registration java.math.BigDecimal -> org.hibernate.type.BasicTypeReference@2eb60c71
2024-05-20T15:37:15.129-03:00 DEBUG 739374 --- [person-service] [           main] org.hibernate.type.BasicTypeRegistry     : Adding type registration character -> org.hibernate.type.BasicTypeReference@87d9a01
2024-05-20T15:37:15.129-03:00 DEBUG 739374 --- [person-service] [           main] org.hibernate.type.BasicTypeRegistry     : Adding type registration char -> org.hibernate.type.BasicTypeReference@87d9a01
2024-05-20T15:37:15.129-03:00 DEBUG 739374 --- [person-service] [           main] org.hibernate.type.BasicTypeRegistry     : Adding type registration java.lang.Character -> org.hibernate.type.BasicTypeReference@87d9a01
2024-05-20T15:37:15.130-03:00 DEBUG 739374 --- [person-service] [           main] org.hibernate.type.BasicTypeRegistry     : Adding type registration character_nchar -> org.hibernate.type.BasicTypeReference@7e5b621b
2024-05-20T15:37:15.130-03:00 DEBUG 739374 --- [person-service] [           main] org.hibernate.type.BasicTypeRegistry     : Adding type registration string -> org.hibernate.type.BasicTypeReference@10177794
2024-05-20T15:37:15.130-03:00 DEBUG 739374 --- [person-service] [           main] org.hibernate.type.BasicTypeRegistry     : Adding type registration java.lang.String -> org.hibernate.type.BasicTypeReference@10177794
2024-05-20T15:37:15.130-03:00 DEBUG 739374 --- [person-service] [           main] org.hibernate.type.BasicTypeRegistry     : Adding type registration nstring -> org.hibernate.type.BasicTypeReference@e5c2463
2024-05-20T15:37:15.130-03:00 DEBUG 739374 --- [person-service] [           main] org.hibernate.type.BasicTypeRegistry     : Adding type registration characters -> org.hibernate.type.BasicTypeReference@6a950a3b
2024-05-20T15:37:15.130-03:00 DEBUG 739374 --- [person-service] [           main] org.hibernate.type.BasicTypeRegistry     : Adding type registration char[] -> org.hibernate.type.BasicTypeReference@6a950a3b
2024-05-20T15:37:15.130-03:00 DEBUG 739374 --- [person-service] [           main] org.hibernate.type.BasicTypeRegistry     : Adding type registration [C -> org.hibernate.type.BasicTypeReference@6a950a3b
2024-05-20T15:37:15.130-03:00 DEBUG 739374 --- [person-service] [           main] org.hibernate.type.BasicTypeRegistry     : Adding type registration wrapper-characters -> org.hibernate.type.BasicTypeReference@4f7be6c8
2024-05-20T15:37:15.130-03:00 DEBUG 739374 --- [person-service] [           main] org.hibernate.type.BasicTypeRegistry     : Adding type registration text -> org.hibernate.type.BasicTypeReference@647b9364
2024-05-20T15:37:15.130-03:00 DEBUG 739374 --- [person-service] [           main] org.hibernate.type.BasicTypeRegistry     : Adding type registration ntext -> org.hibernate.type.BasicTypeReference@b6bccb4
2024-05-20T15:37:15.130-03:00 DEBUG 739374 --- [person-service] [           main] org.hibernate.type.BasicTypeRegistry     : Adding type registration clob -> org.hibernate.type.BasicTypeReference@49edcb30
2024-05-20T15:37:15.131-03:00 DEBUG 739374 --- [person-service] [           main] org.hibernate.type.BasicTypeRegistry     : Adding type registration java.sql.Clob -> org.hibernate.type.BasicTypeReference@49edcb30
2024-05-20T15:37:15.131-03:00 DEBUG 739374 --- [person-service] [           main] org.hibernate.type.BasicTypeRegistry     : Adding type registration nclob -> org.hibernate.type.BasicTypeReference@59303963
2024-05-20T15:37:15.131-03:00 DEBUG 739374 --- [person-service] [           main] org.hibernate.type.BasicTypeRegistry     : Adding type registration java.sql.NClob -> org.hibernate.type.BasicTypeReference@59303963
2024-05-20T15:37:15.131-03:00 DEBUG 739374 --- [person-service] [           main] org.hibernate.type.BasicTypeRegistry     : Adding type registration materialized_clob -> org.hibernate.type.BasicTypeReference@61e86192
2024-05-20T15:37:15.131-03:00 DEBUG 739374 --- [person-service] [           main] org.hibernate.type.BasicTypeRegistry     : Adding type registration materialized_clob_char_array -> org.hibernate.type.BasicTypeReference@34330f77
2024-05-20T15:37:15.131-03:00 DEBUG 739374 --- [person-service] [           main] org.hibernate.type.BasicTypeRegistry     : Adding type registration materialized_clob_character_array -> org.hibernate.type.BasicTypeReference@1320e68a
2024-05-20T15:37:15.131-03:00 DEBUG 739374 --- [person-service] [           main] org.hibernate.type.BasicTypeRegistry     : Adding type registration materialized_nclob -> org.hibernate.type.BasicTypeReference@4b033eac
2024-05-20T15:37:15.131-03:00 DEBUG 739374 --- [person-service] [           main] org.hibernate.type.BasicTypeRegistry     : Adding type registration materialized_nclob_character_array -> org.hibernate.type.BasicTypeReference@69c532af
2024-05-20T15:37:15.131-03:00 DEBUG 739374 --- [person-service] [           main] org.hibernate.type.BasicTypeRegistry     : Adding type registration materialized_nclob_char_array -> org.hibernate.type.BasicTypeReference@45a1d057
2024-05-20T15:37:15.132-03:00 DEBUG 739374 --- [person-service] [           main] org.hibernate.type.BasicTypeRegistry     : Adding type registration Duration -> org.hibernate.type.BasicTypeReference@51a16adf
2024-05-20T15:37:15.132-03:00 DEBUG 739374 --- [person-service] [           main] org.hibernate.type.BasicTypeRegistry     : Adding type registration java.time.Duration -> org.hibernate.type.BasicTypeReference@51a16adf
2024-05-20T15:37:15.132-03:00 DEBUG 739374 --- [person-service] [           main] org.hibernate.type.BasicTypeRegistry     : Adding type registration LocalDateTime -> org.hibernate.type.BasicTypeReference@385d819
2024-05-20T15:37:15.132-03:00 DEBUG 739374 --- [person-service] [           main] org.hibernate.type.BasicTypeRegistry     : Adding type registration java.time.LocalDateTime -> org.hibernate.type.BasicTypeReference@385d819
2024-05-20T15:37:15.132-03:00 DEBUG 739374 --- [person-service] [           main] org.hibernate.type.BasicTypeRegistry     : Adding type registration LocalDate -> org.hibernate.type.BasicTypeReference@4315c28c
2024-05-20T15:37:15.132-03:00 DEBUG 739374 --- [person-service] [           main] org.hibernate.type.BasicTypeRegistry     : Adding type registration java.time.LocalDate -> org.hibernate.type.BasicTypeReference@4315c28c
2024-05-20T15:37:15.132-03:00 DEBUG 739374 --- [person-service] [           main] org.hibernate.type.BasicTypeRegistry     : Adding type registration LocalTime -> org.hibernate.type.BasicTypeReference@8fd91d1
2024-05-20T15:37:15.132-03:00 DEBUG 739374 --- [person-service] [           main] org.hibernate.type.BasicTypeRegistry     : Adding type registration java.time.LocalTime -> org.hibernate.type.BasicTypeReference@8fd91d1
2024-05-20T15:37:15.132-03:00 DEBUG 739374 --- [person-service] [           main] org.hibernate.type.BasicTypeRegistry     : Adding type registration OffsetDateTime -> org.hibernate.type.BasicTypeReference@52d0f583
2024-05-20T15:37:15.132-03:00 DEBUG 739374 --- [person-service] [           main] org.hibernate.type.BasicTypeRegistry     : Adding type registration java.time.OffsetDateTime -> org.hibernate.type.BasicTypeReference@52d0f583
2024-05-20T15:37:15.133-03:00 DEBUG 739374 --- [person-service] [           main] org.hibernate.type.BasicTypeRegistry     : Adding type registration OffsetDateTimeWithTimezone -> org.hibernate.type.BasicTypeReference@7fb8bad0
2024-05-20T15:37:15.133-03:00 DEBUG 739374 --- [person-service] [           main] org.hibernate.type.BasicTypeRegistry     : Adding type registration OffsetDateTimeWithoutTimezone -> org.hibernate.type.BasicTypeReference@12d40609
2024-05-20T15:37:15.133-03:00 DEBUG 739374 --- [person-service] [           main] org.hibernate.type.BasicTypeRegistry     : Adding type registration OffsetTime -> org.hibernate.type.BasicTypeReference@76437e9b
2024-05-20T15:37:15.133-03:00 DEBUG 739374 --- [person-service] [           main] org.hibernate.type.BasicTypeRegistry     : Adding type registration java.time.OffsetTime -> org.hibernate.type.BasicTypeReference@76437e9b
2024-05-20T15:37:15.133-03:00 DEBUG 739374 --- [person-service] [           main] org.hibernate.type.BasicTypeRegistry     : Adding type registration OffsetTimeUtc -> org.hibernate.type.BasicTypeReference@236ae13d
2024-05-20T15:37:15.133-03:00 DEBUG 739374 --- [person-service] [           main] org.hibernate.type.BasicTypeRegistry     : Adding type registration OffsetTimeWithTimezone -> org.hibernate.type.BasicTypeReference@193eb1ba
2024-05-20T15:37:15.133-03:00 DEBUG 739374 --- [person-service] [           main] org.hibernate.type.BasicTypeRegistry     : Adding type registration OffsetTimeWithoutTimezone -> org.hibernate.type.BasicTypeReference@2be818da
2024-05-20T15:37:15.133-03:00 DEBUG 739374 --- [person-service] [           main] org.hibernate.type.BasicTypeRegistry     : Adding type registration ZonedDateTime -> org.hibernate.type.BasicTypeReference@46320c9a
2024-05-20T15:37:15.133-03:00 DEBUG 739374 --- [person-service] [           main] org.hibernate.type.BasicTypeRegistry     : Adding type registration java.time.ZonedDateTime -> org.hibernate.type.BasicTypeReference@46320c9a
2024-05-20T15:37:15.133-03:00 DEBUG 739374 --- [person-service] [           main] org.hibernate.type.BasicTypeRegistry     : Adding type registration ZonedDateTimeWithTimezone -> org.hibernate.type.BasicTypeReference@32256e68
2024-05-20T15:37:15.133-03:00 DEBUG 739374 --- [person-service] [           main] org.hibernate.type.BasicTypeRegistry     : Adding type registration ZonedDateTimeWithoutTimezone -> org.hibernate.type.BasicTypeReference@5e7abaf7
2024-05-20T15:37:15.134-03:00 DEBUG 739374 --- [person-service] [           main] org.hibernate.type.BasicTypeRegistry     : Adding type registration date -> org.hibernate.type.BasicTypeReference@353f472a
2024-05-20T15:37:15.134-03:00 DEBUG 739374 --- [person-service] [           main] org.hibernate.type.BasicTypeRegistry     : Adding type registration java.sql.Date -> org.hibernate.type.BasicTypeReference@353f472a
2024-05-20T15:37:15.134-03:00 DEBUG 739374 --- [person-service] [           main] org.hibernate.type.BasicTypeRegistry     : Adding type registration time -> org.hibernate.type.BasicTypeReference@63bfdbcb
2024-05-20T15:37:15.134-03:00 DEBUG 739374 --- [person-service] [           main] org.hibernate.type.BasicTypeRegistry     : Adding type registration java.sql.Time -> org.hibernate.type.BasicTypeReference@63bfdbcb
2024-05-20T15:37:15.134-03:00 DEBUG 739374 --- [person-service] [           main] org.hibernate.type.BasicTypeRegistry     : Adding type registration timestamp -> org.hibernate.type.BasicTypeReference@7af0affa
2024-05-20T15:37:15.134-03:00 DEBUG 739374 --- [person-service] [           main] org.hibernate.type.BasicTypeRegistry     : Adding type registration java.sql.Timestamp -> org.hibernate.type.BasicTypeReference@7af0affa
2024-05-20T15:37:15.134-03:00 DEBUG 739374 --- [person-service] [           main] org.hibernate.type.BasicTypeRegistry     : Adding type registration java.util.Date -> org.hibernate.type.BasicTypeReference@7af0affa
2024-05-20T15:37:15.134-03:00 DEBUG 739374 --- [person-service] [           main] org.hibernate.type.BasicTypeRegistry     : Adding type registration calendar -> org.hibernate.type.BasicTypeReference@71560f51
2024-05-20T15:37:15.134-03:00 DEBUG 739374 --- [person-service] [           main] org.hibernate.type.BasicTypeRegistry     : Adding type registration java.util.Calendar -> org.hibernate.type.BasicTypeReference@71560f51
2024-05-20T15:37:15.134-03:00 DEBUG 739374 --- [person-service] [           main] org.hibernate.type.BasicTypeRegistry     : Adding type registration java.util.GregorianCalendar -> org.hibernate.type.BasicTypeReference@71560f51
2024-05-20T15:37:15.134-03:00 DEBUG 739374 --- [person-service] [           main] org.hibernate.type.BasicTypeRegistry     : Adding type registration calendar_date -> org.hibernate.type.BasicTypeReference@3e1f1046
2024-05-20T15:37:15.134-03:00 DEBUG 739374 --- [person-service] [           main] org.hibernate.type.BasicTypeRegistry     : Adding type registration calendar_time -> org.hibernate.type.BasicTypeReference@23e3f5cd
2024-05-20T15:37:15.135-03:00 DEBUG 739374 --- [person-service] [           main] org.hibernate.type.BasicTypeRegistry     : Adding type registration instant -> org.hibernate.type.BasicTypeReference@5c931134
2024-05-20T15:37:15.135-03:00 DEBUG 739374 --- [person-service] [           main] org.hibernate.type.BasicTypeRegistry     : Adding type registration java.time.Instant -> org.hibernate.type.BasicTypeReference@5c931134
2024-05-20T15:37:15.135-03:00 DEBUG 739374 --- [person-service] [           main] org.hibernate.type.BasicTypeRegistry     : Adding type registration uuid -> org.hibernate.type.BasicTypeReference@1d7eb170
2024-05-20T15:37:15.135-03:00 DEBUG 739374 --- [person-service] [           main] org.hibernate.type.BasicTypeRegistry     : Adding type registration java.util.UUID -> org.hibernate.type.BasicTypeReference@1d7eb170
2024-05-20T15:37:15.135-03:00 DEBUG 739374 --- [person-service] [           main] org.hibernate.type.BasicTypeRegistry     : Adding type registration pg-uuid -> org.hibernate.type.BasicTypeReference@1d7eb170
2024-05-20T15:37:15.135-03:00 DEBUG 739374 --- [person-service] [           main] org.hibernate.type.BasicTypeRegistry     : Adding type registration uuid-binary -> org.hibernate.type.BasicTypeReference@5b251fb9
2024-05-20T15:37:15.135-03:00 DEBUG 739374 --- [person-service] [           main] org.hibernate.type.BasicTypeRegistry     : Adding type registration uuid-char -> org.hibernate.type.BasicTypeReference@67d4c48d
2024-05-20T15:37:15.135-03:00 DEBUG 739374 --- [person-service] [           main] org.hibernate.type.BasicTypeRegistry     : Adding type registration class -> org.hibernate.type.BasicTypeReference@230a73f2
2024-05-20T15:37:15.135-03:00 DEBUG 739374 --- [person-service] [           main] org.hibernate.type.BasicTypeRegistry     : Adding type registration java.lang.Class -> org.hibernate.type.BasicTypeReference@230a73f2
2024-05-20T15:37:15.135-03:00 DEBUG 739374 --- [person-service] [           main] org.hibernate.type.BasicTypeRegistry     : Adding type registration currency -> org.hibernate.type.BasicTypeReference@4b97b3d2
2024-05-20T15:37:15.135-03:00 DEBUG 739374 --- [person-service] [           main] org.hibernate.type.BasicTypeRegistry     : Adding type registration Currency -> org.hibernate.type.BasicTypeReference@4b97b3d2
2024-05-20T15:37:15.135-03:00 DEBUG 739374 --- [person-service] [           main] org.hibernate.type.BasicTypeRegistry     : Adding type registration java.util.Currency -> org.hibernate.type.BasicTypeReference@4b97b3d2
2024-05-20T15:37:15.136-03:00 DEBUG 739374 --- [person-service] [           main] org.hibernate.type.BasicTypeRegistry     : Adding type registration locale -> org.hibernate.type.BasicTypeReference@383cb5ce
2024-05-20T15:37:15.136-03:00 DEBUG 739374 --- [person-service] [           main] org.hibernate.type.BasicTypeRegistry     : Adding type registration java.util.Locale -> org.hibernate.type.BasicTypeReference@383cb5ce
2024-05-20T15:37:15.136-03:00 DEBUG 739374 --- [person-service] [           main] org.hibernate.type.BasicTypeRegistry     : Adding type registration serializable -> org.hibernate.type.BasicTypeReference@798deee8
2024-05-20T15:37:15.136-03:00 DEBUG 739374 --- [person-service] [           main] org.hibernate.type.BasicTypeRegistry     : Adding type registration java.io.Serializable -> org.hibernate.type.BasicTypeReference@798deee8
2024-05-20T15:37:15.136-03:00 DEBUG 739374 --- [person-service] [           main] org.hibernate.type.BasicTypeRegistry     : Adding type registration timezone -> org.hibernate.type.BasicTypeReference@96897c8
2024-05-20T15:37:15.136-03:00 DEBUG 739374 --- [person-service] [           main] org.hibernate.type.BasicTypeRegistry     : Adding type registration java.util.TimeZone -> org.hibernate.type.BasicTypeReference@96897c8
2024-05-20T15:37:15.136-03:00 DEBUG 739374 --- [person-service] [           main] org.hibernate.type.BasicTypeRegistry     : Adding type registration ZoneOffset -> org.hibernate.type.BasicTypeReference@7f97bc14
2024-05-20T15:37:15.136-03:00 DEBUG 739374 --- [person-service] [           main] org.hibernate.type.BasicTypeRegistry     : Adding type registration java.time.ZoneOffset -> org.hibernate.type.BasicTypeReference@7f97bc14
2024-05-20T15:37:15.136-03:00 DEBUG 739374 --- [person-service] [           main] org.hibernate.type.BasicTypeRegistry     : Adding type registration url -> org.hibernate.type.BasicTypeReference@22d8f4ed
2024-05-20T15:37:15.136-03:00 DEBUG 739374 --- [person-service] [           main] org.hibernate.type.BasicTypeRegistry     : Adding type registration java.net.URL -> org.hibernate.type.BasicTypeReference@22d8f4ed
2024-05-20T15:37:15.136-03:00 DEBUG 739374 --- [person-service] [           main] org.hibernate.type.BasicTypeRegistry     : Adding type registration vector -> org.hibernate.type.BasicTypeReference@3434a4f0
2024-05-20T15:37:15.136-03:00 DEBUG 739374 --- [person-service] [           main] org.hibernate.type.BasicTypeRegistry     : Adding type registration row_version -> org.hibernate.type.BasicTypeReference@79afa369
2024-05-20T15:37:15.141-03:00 DEBUG 739374 --- [person-service] [           main] org.hibernate.type.BasicTypeRegistry     : Adding type registration object -> org.hibernate.type.JavaObjectType@15c6027d
2024-05-20T15:37:15.142-03:00 DEBUG 739374 --- [person-service] [           main] org.hibernate.type.BasicTypeRegistry     : Adding type registration java.lang.Object -> org.hibernate.type.JavaObjectType@15c6027d
2024-05-20T15:37:15.143-03:00 DEBUG 739374 --- [person-service] [           main] org.hibernate.type.BasicTypeRegistry     : Adding type registration null -> org.hibernate.type.NullType@28e8888d
2024-05-20T15:37:15.143-03:00 DEBUG 739374 --- [person-service] [           main] org.hibernate.type.BasicTypeRegistry     : Adding type registration imm_date -> org.hibernate.type.BasicTypeReference@1e98b788
2024-05-20T15:37:15.143-03:00 DEBUG 739374 --- [person-service] [           main] org.hibernate.type.BasicTypeRegistry     : Adding type registration imm_time -> org.hibernate.type.BasicTypeReference@794eeaf8
2024-05-20T15:37:15.143-03:00 DEBUG 739374 --- [person-service] [           main] org.hibernate.type.BasicTypeRegistry     : Adding type registration imm_timestamp -> org.hibernate.type.BasicTypeReference@37c5284a
2024-05-20T15:37:15.144-03:00 DEBUG 739374 --- [person-service] [           main] org.hibernate.type.BasicTypeRegistry     : Adding type registration imm_calendar -> org.hibernate.type.BasicTypeReference@5b8572df
2024-05-20T15:37:15.144-03:00 DEBUG 739374 --- [person-service] [           main] org.hibernate.type.BasicTypeRegistry     : Adding type registration imm_calendar_date -> org.hibernate.type.BasicTypeReference@7aaad0
2024-05-20T15:37:15.144-03:00 DEBUG 739374 --- [person-service] [           main] org.hibernate.type.BasicTypeRegistry     : Adding type registration imm_calendar_time -> org.hibernate.type.BasicTypeReference@eed890d
2024-05-20T15:37:15.144-03:00 DEBUG 739374 --- [person-service] [           main] org.hibernate.type.BasicTypeRegistry     : Adding type registration imm_binary -> org.hibernate.type.BasicTypeReference@10f477e2
2024-05-20T15:37:15.144-03:00 DEBUG 739374 --- [person-service] [           main] org.hibernate.type.BasicTypeRegistry     : Adding type registration imm_serializable -> org.hibernate.type.BasicTypeReference@6097fca9
2024-05-20T15:37:15.149-03:00 DEBUG 739374 --- [person-service] [           main] o.h.boot.internal.BootstrapContextImpl   : Injecting JPA temp ClassLoader [org.springframework.instrument.classloading.SimpleThrowawayClassLoader@62ade015] into BootstrapContext; was [null]
2024-05-20T15:37:15.150-03:00 DEBUG 739374 --- [person-service] [           main] o.h.boot.internal.ClassLoaderAccessImpl  : ClassLoaderAccessImpl#injectTempClassLoader(org.springframework.instrument.classloading.SimpleThrowawayClassLoader@62ade015) [was null]
2024-05-20T15:37:15.150-03:00 DEBUG 739374 --- [person-service] [           main] o.h.boot.internal.BootstrapContextImpl   : Injecting ScanEnvironment [org.hibernate.jpa.boot.internal.StandardJpaScanEnvironmentImpl@738a5848] into BootstrapContext; was [null]
2024-05-20T15:37:15.151-03:00 DEBUG 739374 --- [person-service] [           main] o.h.boot.internal.BootstrapContextImpl   : Injecting ScanOptions [org.hibernate.boot.archive.scan.internal.StandardScanOptions@487cd177] into BootstrapContext; was [org.hibernate.boot.archive.scan.internal.StandardScanOptions@324b6a56]
2024-05-20T15:37:15.320-03:00  INFO 739374 --- [person-service] [           main] o.s.o.j.p.SpringPersistenceUnitInfo      : No LoadTimeWeaver setup: ignoring JPA class transformer
2024-05-20T15:37:15.320-03:00 DEBUG 739374 --- [person-service] [           main] o.h.boot.internal.BootstrapContextImpl   : Injecting JPA temp ClassLoader [null] into BootstrapContext; was [org.springframework.instrument.classloading.SimpleThrowawayClassLoader@62ade015]
2024-05-20T15:37:15.320-03:00 DEBUG 739374 --- [person-service] [           main] o.h.boot.internal.ClassLoaderAccessImpl  : ClassLoaderAccessImpl#injectTempClassLoader(null) [was org.springframework.instrument.classloading.SimpleThrowawayClassLoader@62ade015]
2024-05-20T15:37:15.347-03:00  WARN 739374 --- [person-service] [           main] org.hibernate.orm.deprecation            : HHH90000025: MySQL8Dialect does not need to be specified explicitly using 'hibernate.dialect' (remove the property setting and it will be selected by default)
2024-05-20T15:37:15.349-03:00 DEBUG 739374 --- [person-service] [           main] org.hibernate.orm.dialect                : HHH035001: Using dialect: org.hibernate.dialect.MySQL8Dialect, version: 8.0
2024-05-20T15:37:15.349-03:00  WARN 739374 --- [person-service] [           main] org.hibernate.orm.deprecation            : HHH90000026: MySQL8Dialect has been deprecated; use org.hibernate.dialect.MySQLDialect instead
2024-05-20T15:37:15.358-03:00 DEBUG 739374 --- [person-service] [           main] o.h.e.j.env.spi.IdentifierHelperBuilder  : IdentifierCaseStrategy for both quoted and unquoted identifiers was set to the same strategy [MIXED]; that will likely lead to problems in schema update and validation if using quoted identifiers
2024-05-20T15:37:15.363-03:00 DEBUG 739374 --- [person-service] [           main] org.hibernate.orm.jdbc.lob               : HHH10010002: Disabling contextual LOB creation as connection was null
2024-05-20T15:37:15.373-03:00 DEBUG 739374 --- [person-service] [           main] o.h.t.d.sql.spi.DdlTypeRegistry          : addDescriptor(12, org.hibernate.type.descriptor.sql.internal.CapacityDependentDdlType@1537c744) replaced previous registration(org.hibernate.type.descriptor.sql.internal.CapacityDependentDdlType@37314843)
2024-05-20T15:37:15.374-03:00 DEBUG 739374 --- [person-service] [           main] o.h.t.d.sql.spi.DdlTypeRegistry          : addDescriptor(-9, org.hibernate.type.descriptor.sql.internal.CapacityDependentDdlType@50122012) replaced previous registration(org.hibernate.type.descriptor.sql.internal.CapacityDependentDdlType@569348e1)
2024-05-20T15:37:15.374-03:00 DEBUG 739374 --- [person-service] [           main] o.h.t.d.sql.spi.DdlTypeRegistry          : addDescriptor(-3, org.hibernate.type.descriptor.sql.internal.CapacityDependentDdlType@7db5b890) replaced previous registration(org.hibernate.type.descriptor.sql.internal.CapacityDependentDdlType@407b8435)
2024-05-20T15:37:15.374-03:00 DEBUG 739374 --- [person-service] [           main] o.h.t.d.sql.spi.DdlTypeRegistry          : addDescriptor(4003, org.hibernate.type.descriptor.sql.internal.DdlTypeImpl@1282e98) replaced previous registration(org.hibernate.type.descriptor.sql.internal.DdlTypeImpl@4db0ba1c)
2024-05-20T15:37:15.375-03:00 DEBUG 739374 --- [person-service] [           main] o.h.t.d.sql.spi.DdlTypeRegistry          : addDescriptor(4001, org.hibernate.type.descriptor.sql.internal.DdlTypeImpl@1d91fa02) replaced previous registration(org.hibernate.type.descriptor.sql.internal.DdlTypeImpl@1578fa9)
2024-05-20T15:37:15.375-03:00 DEBUG 739374 --- [person-service] [           main] o.h.t.d.sql.spi.DdlTypeRegistry          : addDescriptor(4002, org.hibernate.type.descriptor.sql.internal.DdlTypeImpl@414b2df5) replaced previous registration(org.hibernate.type.descriptor.sql.internal.DdlTypeImpl@9e30f9a)
2024-05-20T15:37:15.375-03:00 DEBUG 739374 --- [person-service] [           main] o.h.t.d.sql.spi.DdlTypeRegistry          : addDescriptor(2004, org.hibernate.type.descriptor.sql.internal.CapacityDependentDdlType@1b30a54e) replaced previous registration(org.hibernate.type.descriptor.sql.internal.DdlTypeImpl@26275b46)
2024-05-20T15:37:15.375-03:00 DEBUG 739374 --- [person-service] [           main] o.h.t.d.sql.spi.DdlTypeRegistry          : addDescriptor(2005, org.hibernate.type.descriptor.sql.internal.CapacityDependentDdlType@3e9beef2) replaced previous registration(org.hibernate.type.descriptor.sql.internal.DdlTypeImpl@2f15a964)
2024-05-20T15:37:15.375-03:00 DEBUG 739374 --- [person-service] [           main] o.h.t.d.sql.spi.DdlTypeRegistry          : addDescriptor(2011, org.hibernate.type.descriptor.sql.internal.CapacityDependentDdlType@3111631d) replaced previous registration(org.hibernate.type.descriptor.sql.internal.DdlTypeImpl@2d70f312)
2024-05-20T15:37:15.377-03:00 DEBUG 739374 --- [person-service] [           main] o.h.t.d.jdbc.spi.JdbcTypeRegistry        : addDescriptor(NCharTypeDescriptor) replaced previous registration(CharTypeDescriptor)
2024-05-20T15:37:15.377-03:00 DEBUG 739374 --- [person-service] [           main] o.h.t.d.jdbc.spi.JdbcTypeRegistry        : addDescriptor(NVarcharTypeDescriptor) replaced previous registration(VarcharTypeDescriptor)
2024-05-20T15:37:15.378-03:00 DEBUG 739374 --- [person-service] [           main] o.h.t.d.jdbc.spi.JdbcTypeRegistry        : addDescriptor(LongNVarcharTypeDescriptor) replaced previous registration(LongVarcharTypeDescriptor)
2024-05-20T15:37:15.379-03:00 DEBUG 739374 --- [person-service] [           main] o.h.t.d.jdbc.spi.JdbcTypeRegistry        : addDescriptor(NClobTypeDescriptor(DEFAULT)) replaced previous registration(ClobTypeDescriptor(DEFAULT))
2024-05-20T15:37:15.379-03:00 DEBUG 739374 --- [person-service] [           main] o.h.t.d.jdbc.spi.JdbcTypeRegistry        : addDescriptor(2005, ClobTypeDescriptor(STREAM_BINDING)) replaced previous registration(ClobTypeDescriptor(DEFAULT))
2024-05-20T15:37:15.389-03:00 DEBUG 739374 --- [person-service] [           main] org.hibernate.type.BasicTypeRegistry     : Adding type registration null -> org.hibernate.type.NullType@5e2a6991
2024-05-20T15:37:15.389-03:00 DEBUG 739374 --- [person-service] [           main] org.hibernate.type.BasicTypeRegistry     : Type registration key [null] overrode previous entry : `org.hibernate.type.NullType@28e8888d`
2024-05-20T15:37:15.392-03:00 DEBUG 739374 --- [person-service] [           main] org.hibernate.type.BasicTypeRegistry     : Adding type registration org.hibernate.type.DurationType -> basicType@1(java.time.Duration,3015)
2024-05-20T15:37:15.393-03:00 DEBUG 739374 --- [person-service] [           main] org.hibernate.type.BasicTypeRegistry     : Adding type registration Duration -> basicType@1(java.time.Duration,3015)
2024-05-20T15:37:15.393-03:00 DEBUG 739374 --- [person-service] [           main] org.hibernate.type.BasicTypeRegistry     : Adding type registration java.time.Duration -> basicType@1(java.time.Duration,3015)
2024-05-20T15:37:15.396-03:00 DEBUG 739374 --- [person-service] [           main] org.hibernate.type.BasicTypeRegistry     : Adding type registration org.hibernate.type.OffsetDateTimeType -> basicType@2(java.time.OffsetDateTime,3003)
2024-05-20T15:37:15.396-03:00 DEBUG 739374 --- [person-service] [           main] org.hibernate.type.BasicTypeRegistry     : Adding type registration OffsetDateTime -> basicType@2(java.time.OffsetDateTime,3003)
2024-05-20T15:37:15.396-03:00 DEBUG 739374 --- [person-service] [           main] org.hibernate.type.BasicTypeRegistry     : Adding type registration java.time.OffsetDateTime -> basicType@2(java.time.OffsetDateTime,3003)
2024-05-20T15:37:15.396-03:00 DEBUG 739374 --- [person-service] [           main] org.hibernate.type.BasicTypeRegistry     : Adding type registration org.hibernate.type.ZonedDateTimeType -> basicType@3(java.time.ZonedDateTime,3003)
2024-05-20T15:37:15.396-03:00 DEBUG 739374 --- [person-service] [           main] org.hibernate.type.BasicTypeRegistry     : Adding type registration ZonedDateTime -> basicType@3(java.time.ZonedDateTime,3003)
2024-05-20T15:37:15.396-03:00 DEBUG 739374 --- [person-service] [           main] org.hibernate.type.BasicTypeRegistry     : Adding type registration java.time.ZonedDateTime -> basicType@3(java.time.ZonedDateTime,3003)
2024-05-20T15:37:15.397-03:00 DEBUG 739374 --- [person-service] [           main] org.hibernate.type.BasicTypeRegistry     : Adding type registration org.hibernate.type.OffsetTimeType -> basicType@4(java.time.OffsetTime,3007)
2024-05-20T15:37:15.397-03:00 DEBUG 739374 --- [person-service] [           main] org.hibernate.type.BasicTypeRegistry     : Adding type registration OffsetTime -> basicType@4(java.time.OffsetTime,3007)
2024-05-20T15:37:15.397-03:00 DEBUG 739374 --- [person-service] [           main] org.hibernate.type.BasicTypeRegistry     : Adding type registration java.time.OffsetTime -> basicType@4(java.time.OffsetTime,3007)
2024-05-20T15:37:15.398-03:00 DEBUG 739374 --- [person-service] [           main] o.h.type.spi.TypeConfiguration$Scope     : Scoping TypeConfiguration [org.hibernate.type.spi.TypeConfiguration@33bdd01] to MetadataBuildingContext [org.hibernate.boot.internal.MetadataBuildingContextRootImpl@159ac15f]
2024-05-20T15:37:15.427-03:00 DEBUG 739374 --- [person-service] [           main] o.h.boot.model.relational.Namespace      : Created database namespace [logicalName=Name{catalog=null, schema=null}, physicalName=Name{catalog=null, schema=null}]
2024-05-20T15:37:15.446-03:00 DEBUG 739374 --- [person-service] [           main] o.h.boot.model.internal.EntityBinder     : Binding entity from annotated class: com.srmasset.ports.outbound.database.loan.dao.LoanDAO
2024-05-20T15:37:15.453-03:00 DEBUG 739374 --- [person-service] [           main] o.h.boot.model.internal.EntityBinder     : Import with entity name LoanDAO
2024-05-20T15:37:15.460-03:00 DEBUG 739374 --- [person-service] [           main] o.h.boot.model.internal.EntityBinder     : Bind entity com.srmasset.ports.outbound.database.loan.dao.LoanDAO on table loan
2024-05-20T15:37:15.466-03:00 DEBUG 739374 --- [person-service] [           main] o.h.boot.model.internal.AnnotatedColumn  : Binding column: AnnotatedDiscriminatorColumn(column='DTYPE')
2024-05-20T15:37:15.483-03:00 DEBUG 739374 --- [person-service] [           main] o.h.boot.model.internal.AnnotatedColumn  : Binding column: AnnotatedColumn(column='ID')
2024-05-20T15:37:15.484-03:00 DEBUG 739374 --- [person-service] [           main] o.h.boot.internal.ClassLoaderAccessImpl  : Not known whether passed class name [com.srmasset.ports.outbound.database.loan.dao.LoanDAO] is safe
2024-05-20T15:37:15.484-03:00 DEBUG 739374 --- [person-service] [           main] o.h.boot.internal.ClassLoaderAccessImpl  : No temp ClassLoader provided; using live ClassLoader for loading potentially unsafe class : com.srmasset.ports.outbound.database.loan.dao.LoanDAO
2024-05-20T15:37:15.487-03:00 DEBUG 739374 --- [person-service] [           main] o.h.boot.model.internal.PropertyBinder   : MetadataSourceProcessor property id with lazy=false
2024-05-20T15:37:15.490-03:00 DEBUG 739374 --- [person-service] [           main] o.h.b.m.internal.AbstractPropertyHolder  : Attempting to locate auto-apply AttributeConverter for property [com.srmasset.ports.outbound.database.loan.dao.LoanDAO:id]
2024-05-20T15:37:15.493-03:00 DEBUG 739374 --- [person-service] [           main] o.h.b.model.internal.BasicValueBinder    : building BasicValue for id
2024-05-20T15:37:15.495-03:00 DEBUG 739374 --- [person-service] [           main] org.hibernate.mapping.BasicValue         : Skipping column re-registration: loan.id
2024-05-20T15:37:15.496-03:00 DEBUG 739374 --- [person-service] [           main] o.h.boot.model.internal.PropertyBinder   : Building property id
2024-05-20T15:37:15.499-03:00 DEBUG 739374 --- [person-service] [           main] o.h.boot.model.internal.BinderHelper     : #makeIdGenerator(BasicValue([Column(id)]), id, identity, , ...)
2024-05-20T15:37:15.502-03:00 DEBUG 739374 --- [person-service] [           main] o.h.boot.model.internal.AnnotatedColumn  : Binding column: AnnotatedColumn()
2024-05-20T15:37:15.502-03:00 DEBUG 739374 --- [person-service] [           main] o.h.boot.model.internal.PropertyBinder   : MetadataSourceProcessor property creationDate with lazy=false
2024-05-20T15:37:15.502-03:00 DEBUG 739374 --- [person-service] [           main] o.h.b.m.internal.AbstractPropertyHolder  : Attempting to locate auto-apply AttributeConverter for property [com.srmasset.ports.outbound.database.loan.dao.LoanDAO:creationDate]
2024-05-20T15:37:15.502-03:00 DEBUG 739374 --- [person-service] [           main] o.h.b.model.internal.BasicValueBinder    : building BasicValue for creationDate
2024-05-20T15:37:15.502-03:00 DEBUG 739374 --- [person-service] [           main] org.hibernate.mapping.BasicValue         : Skipping column re-registration: loan.creation_date
2024-05-20T15:37:15.503-03:00 DEBUG 739374 --- [person-service] [           main] o.h.boot.model.internal.PropertyBinder   : Building property creationDate
2024-05-20T15:37:15.504-03:00 DEBUG 739374 --- [person-service] [           main] o.h.boot.model.internal.AnnotatedColumn  : Binding column: AnnotatedColumn(column='NUMBER_OF_INSTALLMENTS')
2024-05-20T15:37:15.505-03:00 DEBUG 739374 --- [person-service] [           main] o.h.boot.model.internal.PropertyBinder   : MetadataSourceProcessor property numberOfInstallments with lazy=false
2024-05-20T15:37:15.505-03:00 DEBUG 739374 --- [person-service] [           main] o.h.b.m.internal.AbstractPropertyHolder  : Attempting to locate auto-apply AttributeConverter for property [com.srmasset.ports.outbound.database.loan.dao.LoanDAO:numberOfInstallments]
2024-05-20T15:37:15.505-03:00 DEBUG 739374 --- [person-service] [           main] o.h.b.model.internal.BasicValueBinder    : building BasicValue for numberOfInstallments
2024-05-20T15:37:15.505-03:00 DEBUG 739374 --- [person-service] [           main] org.hibernate.mapping.BasicValue         : Skipping column re-registration: loan.number_of_installments
2024-05-20T15:37:15.505-03:00 DEBUG 739374 --- [person-service] [           main] o.h.boot.model.internal.PropertyBinder   : Building property numberOfInstallments
2024-05-20T15:37:15.506-03:00 DEBUG 739374 --- [person-service] [           main] o.h.boot.model.internal.AnnotatedColumn  : Binding column: AnnotatedColumn(column='PAYMENT_STATUS')
2024-05-20T15:37:15.506-03:00 DEBUG 739374 --- [person-service] [           main] o.h.boot.model.internal.PropertyBinder   : MetadataSourceProcessor property paymentStatus with lazy=false
2024-05-20T15:37:15.506-03:00 DEBUG 739374 --- [person-service] [           main] o.h.b.m.internal.AbstractPropertyHolder  : Attempting to locate auto-apply AttributeConverter for property [com.srmasset.ports.outbound.database.loan.dao.LoanDAO:paymentStatus]
2024-05-20T15:37:15.506-03:00 DEBUG 739374 --- [person-service] [           main] o.h.b.model.internal.BasicValueBinder    : building BasicValue for paymentStatus
2024-05-20T15:37:15.506-03:00 DEBUG 739374 --- [person-service] [           main] org.hibernate.mapping.BasicValue         : Skipping column re-registration: loan.payment_status
2024-05-20T15:37:15.506-03:00 DEBUG 739374 --- [person-service] [           main] o.h.boot.model.internal.PropertyBinder   : Building property paymentStatus
2024-05-20T15:37:15.508-03:00 DEBUG 739374 --- [person-service] [           main] o.h.boot.model.internal.AnnotatedColumn  : Binding column: AnnotatedJoinColumn(column='PERSON_ID')
2024-05-20T15:37:15.509-03:00 DEBUG 739374 --- [person-service] [           main] o.h.boot.model.internal.AnnotatedColumn  : Binding column: AnnotatedColumn()
2024-05-20T15:37:15.513-03:00 DEBUG 739374 --- [person-service] [           main] o.h.boot.model.internal.PropertyBinder   : Building property person
2024-05-20T15:37:15.514-03:00 DEBUG 739374 --- [person-service] [           main] o.h.boot.model.internal.AnnotatedColumn  : Binding column: AnnotatedColumn(column='LOAN_VALUE')
2024-05-20T15:37:15.514-03:00 DEBUG 739374 --- [person-service] [           main] o.h.boot.model.internal.PropertyBinder   : MetadataSourceProcessor property value with lazy=false
2024-05-20T15:37:15.514-03:00 DEBUG 739374 --- [person-service] [           main] o.h.b.m.internal.AbstractPropertyHolder  : Attempting to locate auto-apply AttributeConverter for property [com.srmasset.ports.outbound.database.loan.dao.LoanDAO:value]
2024-05-20T15:37:15.514-03:00 DEBUG 739374 --- [person-service] [           main] o.h.b.model.internal.BasicValueBinder    : building BasicValue for value
2024-05-20T15:37:15.515-03:00 DEBUG 739374 --- [person-service] [           main] org.hibernate.mapping.BasicValue         : Skipping column re-registration: loan.loan_value
2024-05-20T15:37:15.515-03:00 DEBUG 739374 --- [person-service] [           main] o.h.boot.model.internal.PropertyBinder   : Building property value
2024-05-20T15:37:15.516-03:00 DEBUG 739374 --- [person-service] [           main] o.h.b.r.c.i.ClassLoaderServiceImpl       : HHH000194: Package not found or wo package-info.java: com.srmasset.ports.outbound.database.loan.dao
2024-05-20T15:37:15.519-03:00 DEBUG 739374 --- [person-service] [           main] o.h.boot.model.internal.EntityBinder     : Binding entity from annotated class: com.srmasset.ports.outbound.database.loan.dao.PersonDAO
2024-05-20T15:37:15.520-03:00 DEBUG 739374 --- [person-service] [           main] o.h.boot.model.internal.EntityBinder     : Import with entity name PersonDAO
2024-05-20T15:37:15.520-03:00 DEBUG 739374 --- [person-service] [           main] o.h.boot.model.internal.EntityBinder     : Bind entity com.srmasset.ports.outbound.database.loan.dao.PersonDAO on table person
2024-05-20T15:37:15.520-03:00 DEBUG 739374 --- [person-service] [           main] o.h.boot.model.internal.AnnotatedColumn  : Binding column: AnnotatedDiscriminatorColumn(column='DTYPE')
2024-05-20T15:37:15.521-03:00 DEBUG 739374 --- [person-service] [           main] o.h.boot.model.internal.AnnotatedColumn  : Binding column: AnnotatedColumn(column='ID')
2024-05-20T15:37:15.521-03:00 DEBUG 739374 --- [person-service] [           main] o.h.boot.internal.ClassLoaderAccessImpl  : Not known whether passed class name [com.srmasset.ports.outbound.database.loan.dao.PersonDAO] is safe
2024-05-20T15:37:15.521-03:00 DEBUG 739374 --- [person-service] [           main] o.h.boot.internal.ClassLoaderAccessImpl  : No temp ClassLoader provided; using live ClassLoader for loading potentially unsafe class : com.srmasset.ports.outbound.database.loan.dao.PersonDAO
2024-05-20T15:37:15.521-03:00 DEBUG 739374 --- [person-service] [           main] o.h.boot.model.internal.PropertyBinder   : MetadataSourceProcessor property id with lazy=false
2024-05-20T15:37:15.521-03:00 DEBUG 739374 --- [person-service] [           main] o.h.b.m.internal.AbstractPropertyHolder  : Attempting to locate auto-apply AttributeConverter for property [com.srmasset.ports.outbound.database.loan.dao.PersonDAO:id]
2024-05-20T15:37:15.522-03:00 DEBUG 739374 --- [person-service] [           main] o.h.b.model.internal.BasicValueBinder    : building BasicValue for id
2024-05-20T15:37:15.522-03:00 DEBUG 739374 --- [person-service] [           main] org.hibernate.mapping.BasicValue         : Skipping column re-registration: person.id
2024-05-20T15:37:15.522-03:00 DEBUG 739374 --- [person-service] [           main] o.h.boot.model.internal.PropertyBinder   : Building property id
2024-05-20T15:37:15.522-03:00 DEBUG 739374 --- [person-service] [           main] o.h.boot.model.internal.BinderHelper     : #makeIdGenerator(BasicValue([Column(id)]), id, identity, , ...)
2024-05-20T15:37:15.522-03:00 DEBUG 739374 --- [person-service] [           main] o.h.b.r.c.i.ClassLoaderServiceImpl       : HHH000194: Package not found or wo package-info.java: com.srmasset.ports.outbound.database.loan.dao
2024-05-20T15:37:15.524-03:00 DEBUG 739374 --- [person-service] [           main] o.h.b.model.internal.BasicValueBinder    : Starting `BasicValueBinder#fillSimpleValue` for id
2024-05-20T15:37:15.525-03:00 DEBUG 739374 --- [person-service] [           main] o.h.b.model.internal.BasicValueBinder    : Starting `BasicValueBinder#fillSimpleValue` for creationDate
2024-05-20T15:37:15.525-03:00 DEBUG 739374 --- [person-service] [           main] o.h.b.model.internal.BasicValueBinder    : Starting `BasicValueBinder#fillSimpleValue` for numberOfInstallments
2024-05-20T15:37:15.525-03:00 DEBUG 739374 --- [person-service] [           main] o.h.b.model.internal.BasicValueBinder    : Starting `BasicValueBinder#fillSimpleValue` for paymentStatus
2024-05-20T15:37:15.526-03:00 DEBUG 739374 --- [person-service] [           main] o.h.b.model.internal.BasicValueBinder    : Starting `BasicValueBinder#fillSimpleValue` for value
2024-05-20T15:37:15.526-03:00 DEBUG 739374 --- [person-service] [           main] o.h.b.model.internal.BasicValueBinder    : Starting `BasicValueBinder#fillSimpleValue` for id
2024-05-20T15:37:15.530-03:00 DEBUG 739374 --- [person-service] [           main] org.hibernate.mapping.PrimaryKey         : Forcing column [id] to be non-null as it is part of the primary key for table [loan]
2024-05-20T15:37:15.531-03:00 DEBUG 739374 --- [person-service] [           main] org.hibernate.mapping.PrimaryKey         : Forcing column [id] to be non-null as it is part of the primary key for table [person]
2024-05-20T15:37:15.532-03:00 DEBUG 739374 --- [person-service] [           main] o.h.b.i.InFlightMetadataCollectorImpl    : Resolving reference to class: com.srmasset.ports.outbound.database.loan.dao.PersonDAO
2024-05-20T15:37:15.549-03:00 DEBUG 739374 --- [person-service] [           main] o.h.b.i.InFlightMetadataCollectorImpl    : Resolving reference to class: com.srmasset.ports.outbound.database.loan.dao.PersonDAO
2024-05-20T15:37:15.589-03:00 DEBUG 739374 --- [person-service] [           main] o.hibernate.internal.SessionFactoryImpl  : Building session factory
2024-05-20T15:37:15.647-03:00 DEBUG 739374 --- [person-service] [           main] .h.s.i.SessionFactoryServiceRegistryImpl : EventListenerRegistry access via ServiceRegistry is deprecated.  Use `sessionFactory.getEventEngine().getListenerRegistry()` instead
2024-05-20T15:37:15.649-03:00 DEBUG 739374 --- [person-service] [           main] o.hibernate.internal.SessionFactoryImpl  : Instantiating SessionFactory with settings: {java.specification.version=17, hibernate.resource.beans.container=org.springframework.orm.hibernate5.SpringBeanContainer@5834198f, hibernate.connection.handling_mode=DELAYED_ACQUISITION_AND_HOLD, sun.jnu.encoding=UTF-8, hibernate.dialect=org.hibernate.dialect.MySQL8Dialect, hibernate.implicit_naming_strategy=org.springframework.boot.orm.jpa.hibernate.SpringImplicitNamingStrategy, java.class.path=/home/thallyssonk/Área de trabalho/CurrentProjects/TesteTecnicoWeFin/loan-service/target/test-classes:/home/thallyssonk/Área de trabalho/CurrentProjects/TesteTecnicoWeFin/loan-service/target/classes:/home/thallyssonk/.m2/repository/org/springframework/boot/spring-boot-starter-web/3.2.5/spring-boot-starter-web-3.2.5.jar:/home/thallyssonk/.m2/repository/org/springframework/boot/spring-boot-starter/3.2.5/spring-boot-starter-3.2.5.jar:/home/thallyssonk/.m2/repository/org/springframework/boot/spring-boot/3.2.5/spring-boot-3.2.5.jar:/home/thallyssonk/.m2/repository/org/springframework/boot/spring-boot-autoconfigure/3.2.5/spring-boot-autoconfigure-3.2.5.jar:/home/thallyssonk/.m2/repository/org/springframework/boot/spring-boot-starter-logging/3.2.5/spring-boot-starter-logging-3.2.5.jar:/home/thallyssonk/.m2/repository/ch/qos/logback/logback-classic/1.4.14/logback-classic-1.4.14.jar:/home/thallyssonk/.m2/repository/ch/qos/logback/logback-core/1.4.14/logback-core-1.4.14.jar:/home/thallyssonk/.m2/repository/org/apache/logging/log4j/log4j-to-slf4j/2.21.1/log4j-to-slf4j-2.21.1.jar:/home/thallyssonk/.m2/repository/org/apache/logging/log4j/log4j-api/2.21.1/log4j-api-2.21.1.jar:/home/thallyssonk/.m2/repository/org/slf4j/jul-to-slf4j/2.0.13/jul-to-slf4j-2.0.13.jar:/home/thallyssonk/.m2/repository/jakarta/annotation/jakarta.annotation-api/2.1.1/jakarta.annotation-api-2.1.1.jar:/home/thallyssonk/.m2/repository/org/yaml/snakeyaml/2.2/snakeyaml-2.2.jar:/home/thallyssonk/.m2/repository/org/springframework/boot/spring-boot-starter-json/3.2.5/spring-boot-starter-json-3.2.5.jar:/home/thallyssonk/.m2/repository/com/fasterxml/jackson/core/jackson-databind/2.15.4/jackson-databind-2.15.4.jar:/home/thallyssonk/.m2/repository/com/fasterxml/jackson/core/jackson-annotations/2.15.4/jackson-annotations-2.15.4.jar:/home/thallyssonk/.m2/repository/com/fasterxml/jackson/core/jackson-core/2.15.4/jackson-core-2.15.4.jar:/home/thallyssonk/.m2/repository/com/fasterxml/jackson/datatype/jackson-datatype-jdk8/2.15.4/jackson-datatype-jdk8-2.15.4.jar:/home/thallyssonk/.m2/repository/com/fasterxml/jackson/datatype/jackson-datatype-jsr310/2.15.4/jackson-datatype-jsr310-2.15.4.jar:/home/thallyssonk/.m2/repository/com/fasterxml/jackson/module/jackson-module-parameter-names/2.15.4/jackson-module-parameter-names-2.15.4.jar:/home/thallyssonk/.m2/repository/org/springframework/boot/spring-boot-starter-tomcat/3.2.5/spring-boot-starter-tomcat-3.2.5.jar:/home/thallyssonk/.m2/repository/org/apache/tomcat/embed/tomcat-embed-core/10.1.20/tomcat-embed-core-10.1.20.jar:/home/thallyssonk/.m2/repository/org/apache/tomcat/embed/tomcat-embed-el/10.1.20/tomcat-embed-el-10.1.20.jar:/home/thallyssonk/.m2/repository/org/apache/tomcat/embed/tomcat-embed-websocket/10.1.20/tomcat-embed-websocket-10.1.20.jar:/home/thallyssonk/.m2/repository/org/springframework/spring-web/6.1.6/spring-web-6.1.6.jar:/home/thallyssonk/.m2/repository/org/springframework/spring-beans/6.1.6/spring-beans-6.1.6.jar:/home/thallyssonk/.m2/repository/io/micrometer/micrometer-observation/1.12.5/micrometer-observation-1.12.5.jar:/home/thallyssonk/.m2/repository/io/micrometer/micrometer-commons/1.12.5/micrometer-commons-1.12.5.jar:/home/thallyssonk/.m2/repository/org/springframework/spring-webmvc/6.1.6/spring-webmvc-6.1.6.jar:/home/thallyssonk/.m2/repository/org/springframework/spring-aop/6.1.6/spring-aop-6.1.6.jar:/home/thallyssonk/.m2/repository/org/springframework/spring-context/6.1.6/spring-context-6.1.6.jar:/home/thallyssonk/.m2/repository/org/springframework/spring-expression/6.1.6/spring-expression-6.1.6.jar:/home/thallyssonk/.m2/repository/com/mysql/mysql-connector-j/8.0.33/mysql-connector-j-8.0.33.jar:/home/thallyssonk/.m2/repository/org/springframework/boot/spring-boot-starter-data-jpa/3.2.5/spring-boot-starter-data-jpa-3.2.5.jar:/home/thallyssonk/.m2/repository/org/springframework/boot/spring-boot-starter-aop/3.2.5/spring-boot-starter-aop-3.2.5.jar:/home/thallyssonk/.m2/repository/org/aspectj/aspectjweaver/1.9.22/aspectjweaver-1.9.22.jar:/home/thallyssonk/.m2/repository/org/springframework/boot/spring-boot-starter-jdbc/3.2.5/spring-boot-starter-jdbc-3.2.5.jar:/home/thallyssonk/.m2/repository/com/zaxxer/HikariCP/5.0.1/HikariCP-5.0.1.jar:/home/thallyssonk/.m2/repository/org/springframework/spring-jdbc/6.1.6/spring-jdbc-6.1.6.jar:/home/thallyssonk/.m2/repository/org/hibernate/orm/hibernate-core/6.4.4.Final/hibernate-core-6.4.4.Final.jar:/home/thallyssonk/.m2/repository/jakarta/persistence/jakarta.persistence-api/3.1.0/jakarta.persistence-api-3.1.0.jar:/home/thallyssonk/.m2/repository/jakarta/transaction/jakarta.transaction-api/2.0.1/jakarta.transaction-api-2.0.1.jar:/home/thallyssonk/.m2/repository/org/jboss/logging/jboss-logging/3.5.3.Final/jboss-logging-3.5.3.Final.jar:/home/thallyssonk/.m2/repository/org/hibernate/common/hibernate-commons-annotations/6.0.6.Final/hibernate-commons-annotations-6.0.6.Final.jar:/home/thallyssonk/.m2/repository/io/smallrye/jandex/3.1.2/jandex-3.1.2.jar:/home/thallyssonk/.m2/repository/com/fasterxml/classmate/1.6.0/classmate-1.6.0.jar:/home/thallyssonk/.m2/repository/net/bytebuddy/byte-buddy/1.14.13/byte-buddy-1.14.13.jar:/home/thallyssonk/.m2/repository/org/glassfish/jaxb/jaxb-runtime/4.0.5/jaxb-runtime-4.0.5.jar:/home/thallyssonk/.m2/repository/org/glassfish/jaxb/jaxb-core/4.0.5/jaxb-core-4.0.5.jar:/home/thallyssonk/.m2/repository/org/eclipse/angus/angus-activation/2.0.2/angus-activation-2.0.2.jar:/home/thallyssonk/.m2/repository/org/glassfish/jaxb/txw2/4.0.5/txw2-4.0.5.jar:/home/thallyssonk/.m2/repository/com/sun/istack/istack-commons-runtime/4.1.2/istack-commons-runtime-4.1.2.jar:/home/thallyssonk/.m2/repository/jakarta/inject/jakarta.inject-api/2.0.1/jakarta.inject-api-2.0.1.jar:/home/thallyssonk/.m2/repository/org/antlr/antlr4-runtime/4.13.0/antlr4-runtime-4.13.0.jar:/home/thallyssonk/.m2/repository/org/springframework/data/spring-data-jpa/3.2.5/spring-data-jpa-3.2.5.jar:/home/thallyssonk/.m2/repository/org/springframework/data/spring-data-commons/3.2.5/spring-data-commons-3.2.5.jar:/home/thallyssonk/.m2/repository/org/springframework/spring-orm/6.1.6/spring-orm-6.1.6.jar:/home/thallyssonk/.m2/repository/org/springframework/spring-tx/6.1.6/spring-tx-6.1.6.jar:/home/thallyssonk/.m2/repository/org/slf4j/slf4j-api/2.0.13/slf4j-api-2.0.13.jar:/home/thallyssonk/.m2/repository/org/springframework/spring-aspects/6.1.6/spring-aspects-6.1.6.jar:/home/thallyssonk/.m2/repository/javax/validation/validation-api/2.0.1.Final/validation-api-2.0.1.Final.jar:/home/thallyssonk/.m2/repository/org/projectlombok/lombok/1.18.32/lombok-1.18.32.jar:/home/thallyssonk/.m2/repository/org/springframework/boot/spring-boot-starter-test/3.2.5/spring-boot-starter-test-3.2.5.jar:/home/thallyssonk/.m2/repository/org/springframework/boot/spring-boot-test/3.2.5/spring-boot-test-3.2.5.jar:/home/thallyssonk/.m2/repository/org/springframework/boot/spring-boot-test-autoconfigure/3.2.5/spring-boot-test-autoconfigure-3.2.5.jar:/home/thallyssonk/.m2/repository/com/jayway/jsonpath/json-path/2.9.0/json-path-2.9.0.jar:/home/thallyssonk/.m2/repository/jakarta/xml/bind/jakarta.xml.bind-api/4.0.2/jakarta.xml.bind-api-4.0.2.jar:/home/thallyssonk/.m2/repository/jakarta/activation/jakarta.activation-api/2.1.3/jakarta.activation-api-2.1.3.jar:/home/thallyssonk/.m2/repository/net/minidev/json-smart/2.5.1/json-smart-2.5.1.jar:/home/thallyssonk/.m2/repository/net/minidev/accessors-smart/2.5.1/accessors-smart-2.5.1.jar:/home/thallyssonk/.m2/repository/org/ow2/asm/asm/9.6/asm-9.6.jar:/home/thallyssonk/.m2/repository/org/assertj/assertj-core/3.24.2/assertj-core-3.24.2.jar:/home/thallyssonk/.m2/repository/org/awaitility/awaitility/4.2.1/awaitility-4.2.1.jar:/home/thallyssonk/.m2/repository/org/hamcrest/hamcrest/2.2/hamcrest-2.2.jar:/home/thallyssonk/.m2/repository/org/junit/jupiter/junit-jupiter/5.10.2/junit-jupiter-5.10.2.jar:/home/thallyssonk/.m2/repository/org/junit/jupiter/junit-jupiter-api/5.10.2/junit-jupiter-api-5.10.2.jar:/home/thallyssonk/.m2/repository/org/opentest4j/opentest4j/1.3.0/opentest4j-1.3.0.jar:/home/thallyssonk/.m2/repository/org/junit/platform/junit-platform-commons/1.10.2/junit-platform-commons-1.10.2.jar:/home/thallyssonk/.m2/repository/org/apiguardian/apiguardian-api/1.1.2/apiguardian-api-1.1.2.jar:/home/thallyssonk/.m2/repository/org/junit/jupiter/junit-jupiter-params/5.10.2/junit-jupiter-params-5.10.2.jar:/home/thallyssonk/.m2/repository/org/junit/jupiter/junit-jupiter-engine/5.10.2/junit-jupiter-engine-5.10.2.jar:/home/thallyssonk/.m2/repository/org/junit/platform/junit-platform-engine/1.10.2/junit-platform-engine-1.10.2.jar:/home/thallyssonk/.m2/repository/org/mockito/mockito-core/5.7.0/mockito-core-5.7.0.jar:/home/thallyssonk/.m2/repository/net/bytebuddy/byte-buddy-agent/1.14.13/byte-buddy-agent-1.14.13.jar:/home/thallyssonk/.m2/repository/org/objenesis/objenesis/3.3/objenesis-3.3.jar:/home/thallyssonk/.m2/repository/org/mockito/mockito-junit-jupiter/5.7.0/mockito-junit-jupiter-5.7.0.jar:/home/thallyssonk/.m2/repository/org/skyscreamer/jsonassert/1.5.1/jsonassert-1.5.1.jar:/home/thallyssonk/.m2/repository/com/vaadin/external/google/android-json/0.0.20131108.vaadin1/android-json-0.0.20131108.vaadin1.jar:/home/thallyssonk/.m2/repository/org/springframework/spring-core/6.1.6/spring-core-6.1.6.jar:/home/thallyssonk/.m2/repository/org/springframework/spring-jcl/6.1.6/spring-jcl-6.1.6.jar:/home/thallyssonk/.m2/repository/org/springframework/spring-test/6.1.6/spring-test-6.1.6.jar:/home/thallyssonk/.m2/repository/org/xmlunit/xmlunit-core/2.9.1/xmlunit-core-2.9.1.jar:/home/thallyssonk/.m2/repository/com/datadoghq/dd-java-agent/1.34.0/dd-java-agent-1.34.0.jar:/home/thallyssonk/.m2/repository/com/datadoghq/dd-trace-api/1.34.0/dd-trace-api-1.34.0.jar:/home/thallyssonk/.m2/repository/com/datadoghq/java-dogstatsd-client/4.3.0/java-dogstatsd-client-4.3.0.jar:/home/thallyssonk/.m2/repository/com/github/jnr/jnr-unixsocket/0.36/jnr-unixsocket-0.36.jar:/home/thallyssonk/.m2/repository/com/github/jnr/jnr-ffi/2.1.16/jnr-ffi-2.1.16.jar:/home/thallyssonk/.m2/repository/com/github/jnr/jffi/1.2.23/jffi-1.2.23.jar:/home/thallyssonk/.m2/repository/com/github/jnr/jffi/1.2.23/jffi-1.2.23-native.jar:/home/thallyssonk/.m2/repository/org/ow2/asm/asm-commons/7.1/asm-commons-7.1.jar:/home/thallyssonk/.m2/repository/org/ow2/asm/asm-analysis/7.1/asm-analysis-7.1.jar:/home/thallyssonk/.m2/repository/org/ow2/asm/asm-tree/7.1/asm-tree-7.1.jar:/home/thallyssonk/.m2/repository/org/ow2/asm/asm-util/7.1/asm-util-7.1.jar:/home/thallyssonk/.m2/repository/com/github/jnr/jnr-a64asm/1.0.0/jnr-a64asm-1.0.0.jar:/home/thallyssonk/.m2/repository/com/github/jnr/jnr-x86asm/1.0.2/jnr-x86asm-1.0.2.jar:/home/thallyssonk/.m2/repository/com/github/jnr/jnr-constants/0.9.17/jnr-constants-0.9.17.jar:/home/thallyssonk/.m2/repository/com/github/jnr/jnr-enxio/0.30/jnr-enxio-0.30.jar:/home/thallyssonk/.m2/repository/com/github/jnr/jnr-posix/3.0.61/jnr-posix-3.0.61.jar:, java.vm.vendor=Ubuntu, sun.arch.data.model=64, java.vendor.url=https://ubuntu.com/, user.timezone=America/Sao_Paulo, jakarta.persistence.sharedCache.mode=UNSPECIFIED, org.jboss.logging.provider=slf4j, java.vm.specification.version=17, os.name=Linux, jakarta.persistence.nonJtaDataSource=HikariDataSource (null), sun.java.launcher=SUN_STANDARD, user.country=BR, sun.boot.library.path=/usr/lib/jvm/java-17-openjdk-amd64/lib, sun.java.command=/home/thallyssonk/Área de trabalho/CurrentProjects/TesteTecnicoWeFin/loan-service/target/surefire/surefirebooter-20240520153712644_3.jar /home/thallyssonk/Área de trabalho/CurrentProjects/TesteTecnicoWeFin/loan-service/target/surefire 2024-05-20T15-37-12_565-jvmRun1 surefire-20240520153712644_1tmp surefire_0-20240520153712644_2tmp, javax.persistence.nonJtaDataSource=HikariDataSource (null), hibernate.transaction.jta.platform=org.hibernate.engine.transaction.jta.platform.internal.NoJtaPlatform@4eb63dc8, jdk.debug=release, surefire.test.class.path=/home/thallyssonk/Área de trabalho/CurrentProjects/TesteTecnicoWeFin/loan-service/target/test-classes:/home/thallyssonk/Área de trabalho/CurrentProjects/TesteTecnicoWeFin/loan-service/target/classes:/home/thallyssonk/.m2/repository/org/springframework/boot/spring-boot-starter-web/3.2.5/spring-boot-starter-web-3.2.5.jar:/home/thallyssonk/.m2/repository/org/springframework/boot/spring-boot-starter/3.2.5/spring-boot-starter-3.2.5.jar:/home/thallyssonk/.m2/repository/org/springframework/boot/spring-boot/3.2.5/spring-boot-3.2.5.jar:/home/thallyssonk/.m2/repository/org/springframework/boot/spring-boot-autoconfigure/3.2.5/spring-boot-autoconfigure-3.2.5.jar:/home/thallyssonk/.m2/repository/org/springframework/boot/spring-boot-starter-logging/3.2.5/spring-boot-starter-logging-3.2.5.jar:/home/thallyssonk/.m2/repository/ch/qos/logback/logback-classic/1.4.14/logback-classic-1.4.14.jar:/home/thallyssonk/.m2/repository/ch/qos/logback/logback-core/1.4.14/logback-core-1.4.14.jar:/home/thallyssonk/.m2/repository/org/apache/logging/log4j/log4j-to-slf4j/2.21.1/log4j-to-slf4j-2.21.1.jar:/home/thallyssonk/.m2/repository/org/apache/logging/log4j/log4j-api/2.21.1/log4j-api-2.21.1.jar:/home/thallyssonk/.m2/repository/org/slf4j/jul-to-slf4j/2.0.13/jul-to-slf4j-2.0.13.jar:/home/thallyssonk/.m2/repository/jakarta/annotation/jakarta.annotation-api/2.1.1/jakarta.annotation-api-2.1.1.jar:/home/thallyssonk/.m2/repository/org/yaml/snakeyaml/2.2/snakeyaml-2.2.jar:/home/thallyssonk/.m2/repository/org/springframework/boot/spring-boot-starter-json/3.2.5/spring-boot-starter-json-3.2.5.jar:/home/thallyssonk/.m2/repository/com/fasterxml/jackson/core/jackson-databind/2.15.4/jackson-databind-2.15.4.jar:/home/thallyssonk/.m2/repository/com/fasterxml/jackson/core/jackson-annotations/2.15.4/jackson-annotations-2.15.4.jar:/home/thallyssonk/.m2/repository/com/fasterxml/jackson/core/jackson-core/2.15.4/jackson-core-2.15.4.jar:/home/thallyssonk/.m2/repository/com/fasterxml/jackson/datatype/jackson-datatype-jdk8/2.15.4/jackson-datatype-jdk8-2.15.4.jar:/home/thallyssonk/.m2/repository/com/fasterxml/jackson/datatype/jackson-datatype-jsr310/2.15.4/jackson-datatype-jsr310-2.15.4.jar:/home/thallyssonk/.m2/repository/com/fasterxml/jackson/module/jackson-module-parameter-names/2.15.4/jackson-module-parameter-names-2.15.4.jar:/home/thallyssonk/.m2/repository/org/springframework/boot/spring-boot-starter-tomcat/3.2.5/spring-boot-starter-tomcat-3.2.5.jar:/home/thallyssonk/.m2/repository/org/apache/tomcat/embed/tomcat-embed-core/10.1.20/tomcat-embed-core-10.1.20.jar:/home/thallyssonk/.m2/repository/org/apache/tomcat/embed/tomcat-embed-el/10.1.20/tomcat-embed-el-10.1.20.jar:/home/thallyssonk/.m2/repository/org/apache/tomcat/embed/tomcat-embed-websocket/10.1.20/tomcat-embed-websocket-10.1.20.jar:/home/thallyssonk/.m2/repository/org/springframework/spring-web/6.1.6/spring-web-6.1.6.jar:/home/thallyssonk/.m2/repository/org/springframework/spring-beans/6.1.6/spring-beans-6.1.6.jar:/home/thallyssonk/.m2/repository/io/micrometer/micrometer-observation/1.12.5/micrometer-observation-1.12.5.jar:/home/thallyssonk/.m2/repository/io/micrometer/micrometer-commons/1.12.5/micrometer-commons-1.12.5.jar:/home/thallyssonk/.m2/repository/org/springframework/spring-webmvc/6.1.6/spring-webmvc-6.1.6.jar:/home/thallyssonk/.m2/repository/org/springframework/spring-aop/6.1.6/spring-aop-6.1.6.jar:/home/thallyssonk/.m2/repository/org/springframework/spring-context/6.1.6/spring-context-6.1.6.jar:/home/thallyssonk/.m2/repository/org/springframework/spring-expression/6.1.6/spring-expression-6.1.6.jar:/home/thallyssonk/.m2/repository/com/mysql/mysql-connector-j/8.0.33/mysql-connector-j-8.0.33.jar:/home/thallyssonk/.m2/repository/org/springframework/boot/spring-boot-starter-data-jpa/3.2.5/spring-boot-starter-data-jpa-3.2.5.jar:/home/thallyssonk/.m2/repository/org/springframework/boot/spring-boot-starter-aop/3.2.5/spring-boot-starter-aop-3.2.5.jar:/home/thallyssonk/.m2/repository/org/aspectj/aspectjweaver/1.9.22/aspectjweaver-1.9.22.jar:/home/thallyssonk/.m2/repository/org/springframework/boot/spring-boot-starter-jdbc/3.2.5/spring-boot-starter-jdbc-3.2.5.jar:/home/thallyssonk/.m2/repository/com/zaxxer/HikariCP/5.0.1/HikariCP-5.0.1.jar:/home/thallyssonk/.m2/repository/org/springframework/spring-jdbc/6.1.6/spring-jdbc-6.1.6.jar:/home/thallyssonk/.m2/repository/org/hibernate/orm/hibernate-core/6.4.4.Final/hibernate-core-6.4.4.Final.jar:/home/thallyssonk/.m2/repository/jakarta/persistence/jakarta.persistence-api/3.1.0/jakarta.persistence-api-3.1.0.jar:/home/thallyssonk/.m2/repository/jakarta/transaction/jakarta.transaction-api/2.0.1/jakarta.transaction-api-2.0.1.jar:/home/thallyssonk/.m2/repository/org/jboss/logging/jboss-logging/3.5.3.Final/jboss-logging-3.5.3.Final.jar:/home/thallyssonk/.m2/repository/org/hibernate/common/hibernate-commons-annotations/6.0.6.Final/hibernate-commons-annotations-6.0.6.Final.jar:/home/thallyssonk/.m2/repository/io/smallrye/jandex/3.1.2/jandex-3.1.2.jar:/home/thallyssonk/.m2/repository/com/fasterxml/classmate/1.6.0/classmate-1.6.0.jar:/home/thallyssonk/.m2/repository/net/bytebuddy/byte-buddy/1.14.13/byte-buddy-1.14.13.jar:/home/thallyssonk/.m2/repository/org/glassfish/jaxb/jaxb-runtime/4.0.5/jaxb-runtime-4.0.5.jar:/home/thallyssonk/.m2/repository/org/glassfish/jaxb/jaxb-core/4.0.5/jaxb-core-4.0.5.jar:/home/thallyssonk/.m2/repository/org/eclipse/angus/angus-activation/2.0.2/angus-activation-2.0.2.jar:/home/thallyssonk/.m2/repository/org/glassfish/jaxb/txw2/4.0.5/txw2-4.0.5.jar:/home/thallyssonk/.m2/repository/com/sun/istack/istack-commons-runtime/4.1.2/istack-commons-runtime-4.1.2.jar:/home/thallyssonk/.m2/repository/jakarta/inject/jakarta.inject-api/2.0.1/jakarta.inject-api-2.0.1.jar:/home/thallyssonk/.m2/repository/org/antlr/antlr4-runtime/4.13.0/antlr4-runtime-4.13.0.jar:/home/thallyssonk/.m2/repository/org/springframework/data/spring-data-jpa/3.2.5/spring-data-jpa-3.2.5.jar:/home/thallyssonk/.m2/repository/org/springframework/data/spring-data-commons/3.2.5/spring-data-commons-3.2.5.jar:/home/thallyssonk/.m2/repository/org/springframework/spring-orm/6.1.6/spring-orm-6.1.6.jar:/home/thallyssonk/.m2/repository/org/springframework/spring-tx/6.1.6/spring-tx-6.1.6.jar:/home/thallyssonk/.m2/repository/org/slf4j/slf4j-api/2.0.13/slf4j-api-2.0.13.jar:/home/thallyssonk/.m2/repository/org/springframework/spring-aspects/6.1.6/spring-aspects-6.1.6.jar:/home/thallyssonk/.m2/repository/javax/validation/validation-api/2.0.1.Final/validation-api-2.0.1.Final.jar:/home/thallyssonk/.m2/repository/org/projectlombok/lombok/1.18.32/lombok-1.18.32.jar:/home/thallyssonk/.m2/repository/org/springframework/boot/spring-boot-starter-test/3.2.5/spring-boot-starter-test-3.2.5.jar:/home/thallyssonk/.m2/repository/org/springframework/boot/spring-boot-test/3.2.5/spring-boot-test-3.2.5.jar:/home/thallyssonk/.m2/repository/org/springframework/boot/spring-boot-test-autoconfigure/3.2.5/spring-boot-test-autoconfigure-3.2.5.jar:/home/thallyssonk/.m2/repository/com/jayway/jsonpath/json-path/2.9.0/json-path-2.9.0.jar:/home/thallyssonk/.m2/repository/jakarta/xml/bind/jakarta.xml.bind-api/4.0.2/jakarta.xml.bind-api-4.0.2.jar:/home/thallyssonk/.m2/repository/jakarta/activation/jakarta.activation-api/2.1.3/jakarta.activation-api-2.1.3.jar:/home/thallyssonk/.m2/repository/net/minidev/json-smart/2.5.1/json-smart-2.5.1.jar:/home/thallyssonk/.m2/repository/net/minidev/accessors-smart/2.5.1/accessors-smart-2.5.1.jar:/home/thallyssonk/.m2/repository/org/ow2/asm/asm/9.6/asm-9.6.jar:/home/thallyssonk/.m2/repository/org/assertj/assertj-core/3.24.2/assertj-core-3.24.2.jar:/home/thallyssonk/.m2/repository/org/awaitility/awaitility/4.2.1/awaitility-4.2.1.jar:/home/thallyssonk/.m2/repository/org/hamcrest/hamcrest/2.2/hamcrest-2.2.jar:/home/thallyssonk/.m2/repository/org/junit/jupiter/junit-jupiter/5.10.2/junit-jupiter-5.10.2.jar:/home/thallyssonk/.m2/repository/org/junit/jupiter/junit-jupiter-api/5.10.2/junit-jupiter-api-5.10.2.jar:/home/thallyssonk/.m2/repository/org/opentest4j/opentest4j/1.3.0/opentest4j-1.3.0.jar:/home/thallyssonk/.m2/repository/org/junit/platform/junit-platform-commons/1.10.2/junit-platform-commons-1.10.2.jar:/home/thallyssonk/.m2/repository/org/apiguardian/apiguardian-api/1.1.2/apiguardian-api-1.1.2.jar:/home/thallyssonk/.m2/repository/org/junit/jupiter/junit-jupiter-params/5.10.2/junit-jupiter-params-5.10.2.jar:/home/thallyssonk/.m2/repository/org/junit/jupiter/junit-jupiter-engine/5.10.2/junit-jupiter-engine-5.10.2.jar:/home/thallyssonk/.m2/repository/org/junit/platform/junit-platform-engine/1.10.2/junit-platform-engine-1.10.2.jar:/home/thallyssonk/.m2/repository/org/mockito/mockito-core/5.7.0/mockito-core-5.7.0.jar:/home/thallyssonk/.m2/repository/net/bytebuddy/byte-buddy-agent/1.14.13/byte-buddy-agent-1.14.13.jar:/home/thallyssonk/.m2/repository/org/objenesis/objenesis/3.3/objenesis-3.3.jar:/home/thallyssonk/.m2/repository/org/mockito/mockito-junit-jupiter/5.7.0/mockito-junit-jupiter-5.7.0.jar:/home/thallyssonk/.m2/repository/org/skyscreamer/jsonassert/1.5.1/jsonassert-1.5.1.jar:/home/thallyssonk/.m2/repository/com/vaadin/external/google/android-json/0.0.20131108.vaadin1/android-json-0.0.20131108.vaadin1.jar:/home/thallyssonk/.m2/repository/org/springframework/spring-core/6.1.6/spring-core-6.1.6.jar:/home/thallyssonk/.m2/repository/org/springframework/spring-jcl/6.1.6/spring-jcl-6.1.6.jar:/home/thallyssonk/.m2/repository/org/springframework/spring-test/6.1.6/spring-test-6.1.6.jar:/home/thallyssonk/.m2/repository/org/xmlunit/xmlunit-core/2.9.1/xmlunit-core-2.9.1.jar:/home/thallyssonk/.m2/repository/com/datadoghq/dd-java-agent/1.34.0/dd-java-agent-1.34.0.jar:/home/thallyssonk/.m2/repository/com/datadoghq/dd-trace-api/1.34.0/dd-trace-api-1.34.0.jar:/home/thallyssonk/.m2/repository/com/datadoghq/java-dogstatsd-client/4.3.0/java-dogstatsd-client-4.3.0.jar:/home/thallyssonk/.m2/repository/com/github/jnr/jnr-unixsocket/0.36/jnr-unixsocket-0.36.jar:/home/thallyssonk/.m2/repository/com/github/jnr/jnr-ffi/2.1.16/jnr-ffi-2.1.16.jar:/home/thallyssonk/.m2/repository/com/github/jnr/jffi/1.2.23/jffi-1.2.23.jar:/home/thallyssonk/.m2/repository/com/github/jnr/jffi/1.2.23/jffi-1.2.23-native.jar:/home/thallyssonk/.m2/repository/org/ow2/asm/asm-commons/7.1/asm-commons-7.1.jar:/home/thallyssonk/.m2/repository/org/ow2/asm/asm-analysis/7.1/asm-analysis-7.1.jar:/home/thallyssonk/.m2/repository/org/ow2/asm/asm-tree/7.1/asm-tree-7.1.jar:/home/thallyssonk/.m2/repository/org/ow2/asm/asm-util/7.1/asm-util-7.1.jar:/home/thallyssonk/.m2/repository/com/github/jnr/jnr-a64asm/1.0.0/jnr-a64asm-1.0.0.jar:/home/thallyssonk/.m2/repository/com/github/jnr/jnr-x86asm/1.0.2/jnr-x86asm-1.0.2.jar:/home/thallyssonk/.m2/repository/com/github/jnr/jnr-constants/0.9.17/jnr-constants-0.9.17.jar:/home/thallyssonk/.m2/repository/com/github/jnr/jnr-enxio/0.30/jnr-enxio-0.30.jar:/home/thallyssonk/.m2/repository/com/github/jnr/jnr-posix/3.0.61/jnr-posix-3.0.61.jar:, sun.cpu.endian=little, hibernate.cdi.extensions=true, user.home=/home/thallyssonk, user.language=pt, java.specification.vendor=Oracle Corporation, java.version.date=2024-04-16, java.home=/usr/lib/jvm/java-17-openjdk-amd64, file.separator=/, basedir=/home/thallyssonk/Área de trabalho/CurrentProjects/TesteTecnicoWeFin/loan-service, java.vm.compressedOopsMode=Zero based, line.separator=
, hibernate.persistenceUnitName=default, java.specification.name=Java Platform API Specification, java.vm.specification.vendor=Oracle Corporation, FILE_LOG_CHARSET=UTF-8, hibernate.transaction.coordinator_class=class org.hibernate.resource.transaction.backend.jdbc.internal.JdbcResourceLocalTransactionCoordinatorBuilderImpl, java.awt.headless=true, surefire.real.class.path=/home/thallyssonk/Área de trabalho/CurrentProjects/TesteTecnicoWeFin/loan-service/target/surefire/surefirebooter-20240520153712644_3.jar, jakarta.persistence.validation.mode=AUTO, sun.management.compiler=HotSpot 64-Bit Tiered Compilers, java.runtime.version=17.0.11+9-Ubuntu-1, user.name=thallyssonk, path.separator=:, os.version=6.8.0-31-generic, java.runtime.name=OpenJDK Runtime Environment, file.encoding=UTF-8, java.vm.name=OpenJDK 64-Bit Server VM, hibernate.show_sql=true, localRepository=/home/thallyssonk/.m2/repository, java.vendor.url.bug=https://bugs.launchpad.net/ubuntu/+source/openjdk-17, java.io.tmpdir=/tmp, idea.version=2024.1.1, java.version=17.0.11, hibernate.physical_naming_strategy=org.hibernate.boot.model.naming.CamelCaseToUnderscoresNamingStrategy, user.dir=/home/thallyssonk/Área de trabalho/CurrentProjects/TesteTecnicoWeFin/loan-service, os.arch=amd64, java.vm.specification.name=Java Virtual Machine Specification, PID=739374, CONSOLE_LOG_CHARSET=UTF-8, hibernate.boot.CfgXmlAccessService.key=org.hibernate.boot.registry.StandardServiceRegistryBuilder$1@402d6012, native.encoding=UTF-8, java.library.path=/usr/java/packages/lib:/usr/lib/x86_64-linux-gnu/jni:/lib/x86_64-linux-gnu:/usr/lib/x86_64-linux-gnu:/usr/lib/jni:/lib:/usr/lib, java.vendor=Ubuntu, java.vm.info=mixed mode, sharing, hibernate.temp.use_jdbc_metadata_defaults=false, java.vm.version=17.0.11+9-Ubuntu-1, sun.io.unicode.encoding=UnicodeLittle, hibernate.archive.scanner=org.hibernate.boot.archive.scan.internal.DisabledScanner, hibernate.connection.datasource=HikariDataSource (null), java.class.version=61.0, LOGGED_APPLICATION_NAME=[person-service] }
2024-05-20T15:37:15.657-03:00 DEBUG 739374 --- [person-service] [           main] o.hibernate.internal.SessionFactoryImpl  : Session factory constructed with filter configurations : {}
2024-05-20T15:37:15.666-03:00 DEBUG 739374 --- [person-service] [           main] .h.t.s.s.SchemaManagementToolCoordinator : No schema actions specified for contributor `orm`; doing nothing
2024-05-20T15:37:15.736-03:00 DEBUG 739374 --- [person-service] [           main] o.h.q.sqm.function.SqmFunctionRegistry   : Registered SqmFunctionTemplate [NamedSqmFunctionTemplate(max)] under max; prior registration was null
2024-05-20T15:37:15.736-03:00 DEBUG 739374 --- [person-service] [           main] o.h.q.sqm.function.SqmFunctionRegistry   : Registered SqmFunctionTemplate [NamedSqmFunctionTemplate(min)] under min; prior registration was null
2024-05-20T15:37:15.736-03:00 DEBUG 739374 --- [person-service] [           main] o.h.q.sqm.function.SqmFunctionRegistry   : Registered SqmFunctionTemplate [NamedSqmFunctionTemplate(sum)] under sum; prior registration was null
2024-05-20T15:37:15.737-03:00 DEBUG 739374 --- [person-service] [           main] o.h.q.sqm.function.SqmFunctionRegistry   : Registered SqmFunctionTemplate [NamedSqmFunctionTemplate(avg)] under avg; prior registration was null
2024-05-20T15:37:15.738-03:00 DEBUG 739374 --- [person-service] [           main] o.h.q.sqm.function.SqmFunctionRegistry   : Registered SqmFunctionTemplate [org.hibernate.dialect.function.CountFunction@1fc1c7e] under count; prior registration was null
2024-05-20T15:37:15.739-03:00 DEBUG 739374 --- [person-service] [           main] o.h.q.sqm.function.SqmFunctionRegistry   : Registered SqmFunctionTemplate [org.hibernate.dialect.function.EveryAnyEmulation@37e55819] under every; prior registration was null
2024-05-20T15:37:15.740-03:00 DEBUG 739374 --- [person-service] [           main] o.h.q.sqm.function.SqmFunctionRegistry   : Registered SqmFunctionTemplate [org.hibernate.dialect.function.EveryAnyEmulation@2bdcfcf] under any; prior registration was null
2024-05-20T15:37:15.740-03:00 DEBUG 739374 --- [person-service] [           main] o.h.q.sqm.function.SqmFunctionRegistry   : Registered SqmFunctionTemplate [NamedSqmFunctionTemplate(floor)] under floor; prior registration was null
2024-05-20T15:37:15.740-03:00 DEBUG 739374 --- [person-service] [           main] o.h.q.sqm.function.SqmFunctionRegistry   : Registered SqmFunctionTemplate [NamedSqmFunctionTemplate(ceiling)] under ceiling; prior registration was null
2024-05-20T15:37:15.740-03:00 DEBUG 739374 --- [person-service] [           main] o.h.q.sqm.function.SqmFunctionRegistry   : Registered SqmFunctionTemplate [NamedSqmFunctionTemplate(mod)] under mod; prior registration was null
2024-05-20T15:37:15.740-03:00 DEBUG 739374 --- [person-service] [           main] o.h.q.sqm.function.SqmFunctionRegistry   : Registered SqmFunctionTemplate [NamedSqmFunctionTemplate(abs)] under abs; prior registration was null
2024-05-20T15:37:15.740-03:00 DEBUG 739374 --- [person-service] [           main] o.h.q.sqm.function.SqmFunctionRegistry   : Registered SqmFunctionTemplate [NamedSqmFunctionTemplate(sign)] under sign; prior registration was null
2024-05-20T15:37:15.741-03:00 DEBUG 739374 --- [person-service] [           main] o.h.q.sqm.function.SqmFunctionRegistry   : Registered SqmFunctionTemplate [NamedSqmFunctionTemplate(sqrt)] under sqrt; prior registration was null
2024-05-20T15:37:15.741-03:00 DEBUG 739374 --- [person-service] [           main] o.h.q.sqm.function.SqmFunctionRegistry   : Registered SqmFunctionTemplate [NamedSqmFunctionTemplate(ln)] under ln; prior registration was null
2024-05-20T15:37:15.741-03:00 DEBUG 739374 --- [person-service] [           main] o.h.q.sqm.function.SqmFunctionRegistry   : Registered SqmFunctionTemplate [NamedSqmFunctionTemplate(exp)] under exp; prior registration was null
2024-05-20T15:37:15.741-03:00 DEBUG 739374 --- [person-service] [           main] o.h.q.sqm.function.SqmFunctionRegistry   : Registered SqmFunctionTemplate [NamedSqmFunctionTemplate(power)] under power; prior registration was null
2024-05-20T15:37:15.741-03:00 DEBUG 739374 --- [person-service] [           main] o.h.q.sqm.function.SqmFunctionRegistry   : Registered SqmFunctionTemplate [NamedSqmFunctionTemplate(round)] under round; prior registration was null
2024-05-20T15:37:15.741-03:00 DEBUG 739374 --- [person-service] [           main] o.h.q.sqm.function.SqmFunctionRegistry   : Registered SqmFunctionTemplate [NamedSqmFunctionTemplate(sin)] under sin; prior registration was null
2024-05-20T15:37:15.741-03:00 DEBUG 739374 --- [person-service] [           main] o.h.q.sqm.function.SqmFunctionRegistry   : Registered SqmFunctionTemplate [NamedSqmFunctionTemplate(cos)] under cos; prior registration was null
2024-05-20T15:37:15.742-03:00 DEBUG 739374 --- [person-service] [           main] o.h.q.sqm.function.SqmFunctionRegistry   : Registered SqmFunctionTemplate [NamedSqmFunctionTemplate(tan)] under tan; prior registration was null
2024-05-20T15:37:15.742-03:00 DEBUG 739374 --- [person-service] [           main] o.h.q.sqm.function.SqmFunctionRegistry   : Registered SqmFunctionTemplate [NamedSqmFunctionTemplate(asin)] under asin; prior registration was null
2024-05-20T15:37:15.742-03:00 DEBUG 739374 --- [person-service] [           main] o.h.q.sqm.function.SqmFunctionRegistry   : Registered SqmFunctionTemplate [NamedSqmFunctionTemplate(acos)] under acos; prior registration was null
2024-05-20T15:37:15.742-03:00 DEBUG 739374 --- [person-service] [           main] o.h.q.sqm.function.SqmFunctionRegistry   : Registered SqmFunctionTemplate [NamedSqmFunctionTemplate(atan)] under atan; prior registration was null
2024-05-20T15:37:15.742-03:00 DEBUG 739374 --- [person-service] [           main] o.h.q.sqm.function.SqmFunctionRegistry   : Registered SqmFunctionTemplate [NamedSqmFunctionTemplate(atan2)] under atan2; prior registration was null
2024-05-20T15:37:15.744-03:00 DEBUG 739374 --- [person-service] [           main] o.h.q.sqm.function.SqmFunctionRegistry   : Registered SqmFunctionTemplate [org.hibernate.query.sqm.function.PatternBasedSqmFunctionDescriptor@7019d619] under sinh; prior registration was null
2024-05-20T15:37:15.744-03:00 DEBUG 739374 --- [person-service] [           main] o.h.q.sqm.function.SqmFunctionRegistry   : Registered SqmFunctionTemplate [org.hibernate.query.sqm.function.PatternBasedSqmFunctionDescriptor@2a5c6b76] under cosh; prior registration was null
2024-05-20T15:37:15.744-03:00 DEBUG 739374 --- [person-service] [           main] o.h.q.sqm.function.SqmFunctionRegistry   : Registered SqmFunctionTemplate [org.hibernate.query.sqm.function.PatternBasedSqmFunctionDescriptor@ff1f465] under tanh; prior registration was null
2024-05-20T15:37:15.744-03:00 DEBUG 739374 --- [person-service] [           main] o.h.q.sqm.function.SqmFunctionRegistry   : Registered SqmFunctionTemplate [org.hibernate.query.sqm.function.PatternBasedSqmFunctionDescriptor@3d88ce0e] under pi; prior registration was null
2024-05-20T15:37:15.745-03:00 DEBUG 739374 --- [person-service] [           main] o.h.q.sqm.function.SqmFunctionRegistry   : Registered SqmFunctionTemplate [org.hibernate.query.sqm.function.PatternBasedSqmFunctionDescriptor@31f7eb8] under log; prior registration was null
2024-05-20T15:37:15.745-03:00 DEBUG 739374 --- [person-service] [           main] o.h.q.sqm.function.SqmFunctionRegistry   : Registered SqmFunctionTemplate [NamedSqmFunctionTemplate(coalesce)] under coalesce; prior registration was null
2024-05-20T15:37:15.745-03:00 DEBUG 739374 --- [person-service] [           main] o.h.q.sqm.function.SqmFunctionRegistry   : Registered SqmFunctionTemplate [NamedSqmFunctionTemplate(nullif)] under nullif; prior registration was null
2024-05-20T15:37:15.745-03:00 DEBUG 739374 --- [person-service] [           main] o.h.q.sqm.function.SqmFunctionRegistry   : Registered SqmFunctionTemplate [NamedSqmFunctionTemplate(left)] under left; prior registration was null
2024-05-20T15:37:15.745-03:00 DEBUG 739374 --- [person-service] [           main] o.h.q.sqm.function.SqmFunctionRegistry   : Registered SqmFunctionTemplate [NamedSqmFunctionTemplate(right)] under right; prior registration was null
2024-05-20T15:37:15.745-03:00 DEBUG 739374 --- [person-service] [           main] o.h.q.sqm.function.SqmFunctionRegistry   : Registered SqmFunctionTemplate [NamedSqmFunctionTemplate(replace)] under replace; prior registration was null
2024-05-20T15:37:15.746-03:00 DEBUG 739374 --- [person-service] [           main] o.h.q.sqm.function.SqmFunctionRegistry   : Registered SqmFunctionTemplate [NamedSqmFunctionTemplate(concat)] under concat; prior registration was null
2024-05-20T15:37:15.746-03:00 DEBUG 739374 --- [person-service] [           main] o.h.q.sqm.function.SqmFunctionRegistry   : Registered SqmFunctionTemplate [NamedSqmFunctionTemplate(lower)] under lower; prior registration was null
2024-05-20T15:37:15.746-03:00 DEBUG 739374 --- [person-service] [           main] o.h.q.sqm.function.SqmFunctionRegistry   : Registered SqmFunctionTemplate [NamedSqmFunctionTemplate(upper)] under upper; prior registration was null
2024-05-20T15:37:15.746-03:00 DEBUG 739374 --- [person-service] [           main] o.h.q.sqm.function.SqmFunctionRegistry   : Registered SqmFunctionTemplate [NamedSqmFunctionTemplate(substring)] under substring; prior registration was null
2024-05-20T15:37:15.746-03:00 DEBUG 739374 --- [person-service] [           main] o.h.q.sqm.function.SqmFunctionRegistry   : Registered SqmFunctionTemplate [NamedSqmFunctionTemplate(locate)] under locate; prior registration was null
2024-05-20T15:37:15.746-03:00 DEBUG 739374 --- [person-service] [           main] o.h.q.sqm.function.SqmFunctionRegistry   : Registered SqmFunctionTemplate [NamedSqmFunctionTemplate(character_length)] under character_length; prior registration was null
2024-05-20T15:37:15.746-03:00 DEBUG 739374 --- [person-service] [           main] o.h.q.sqm.function.SqmFunctionRegistry   : Registering alternate key : length -> character_length
2024-05-20T15:37:15.747-03:00 DEBUG 739374 --- [person-service] [           main] o.h.q.sqm.function.SqmFunctionRegistry   : Registered SqmFunctionTemplate [org.hibernate.dialect.function.LocatePositionEmulation@156324b] under position; prior registration was null
2024-05-20T15:37:15.749-03:00 DEBUG 739374 --- [person-service] [           main] o.h.q.sqm.function.SqmFunctionRegistry   : Registered SqmFunctionTemplate [org.hibernate.dialect.function.InsertSubstringOverlayEmulation@2a425cf5] under overlay; prior registration was null
2024-05-20T15:37:15.750-03:00 DEBUG 739374 --- [person-service] [           main] o.h.q.sqm.function.SqmFunctionRegistry   : Registered SqmFunctionTemplate [org.hibernate.dialect.function.TrimFunction@1de73d37] under trim; prior registration was null
2024-05-20T15:37:15.753-03:00 DEBUG 739374 --- [person-service] [           main] o.h.q.sqm.function.SqmFunctionRegistry   : Registered SqmFunctionTemplate [org.hibernate.dialect.function.CastFunction@71139e77] under cast; prior registration was null
2024-05-20T15:37:15.754-03:00 DEBUG 739374 --- [person-service] [           main] o.h.q.sqm.function.SqmFunctionRegistry   : Registered SqmFunctionTemplate [org.hibernate.query.sqm.function.PatternBasedSqmFunctionDescriptor@4de91056] under collate; prior registration was null
2024-05-20T15:37:15.755-03:00 DEBUG 739374 --- [person-service] [           main] o.h.q.sqm.function.SqmFunctionRegistry   : Registered SqmFunctionTemplate [org.hibernate.dialect.function.ExtractFunction@7e2c6fd6] under extract; prior registration was null
2024-05-20T15:37:15.755-03:00 DEBUG 739374 --- [person-service] [           main] o.h.q.sqm.function.SqmFunctionRegistry   : Registered SqmFunctionTemplate [NamedSqmFunctionTemplate(least)] under least; prior registration was null
2024-05-20T15:37:15.755-03:00 DEBUG 739374 --- [person-service] [           main] o.h.q.sqm.function.SqmFunctionRegistry   : Registered SqmFunctionTemplate [NamedSqmFunctionTemplate(greatest)] under greatest; prior registration was null
2024-05-20T15:37:15.756-03:00 DEBUG 739374 --- [person-service] [           main] o.h.q.sqm.function.SqmFunctionRegistry   : Registered SqmFunctionTemplate [org.hibernate.dialect.function.CoalesceIfnullEmulation@6113a26f] under ifnull; prior registration was null
2024-05-20T15:37:15.757-03:00 DEBUG 739374 --- [person-service] [           main] o.h.q.sqm.function.SqmFunctionRegistry   : Registered SqmFunctionTemplate [NamedSqmFunctionTemplate(lpad)] under lpad; prior registration was null
2024-05-20T15:37:15.757-03:00 DEBUG 739374 --- [person-service] [           main] o.h.q.sqm.function.SqmFunctionRegistry   : Registered SqmFunctionTemplate [NamedSqmFunctionTemplate(rpad)] under rpad; prior registration was null
2024-05-20T15:37:15.758-03:00 DEBUG 739374 --- [person-service] [           main] o.h.q.sqm.function.SqmFunctionRegistry   : Registered SqmFunctionTemplate [org.hibernate.dialect.function.LpadRpadPadEmulation@b70fa38] under pad; prior registration was null
2024-05-20T15:37:15.759-03:00 DEBUG 739374 --- [person-service] [           main] o.h.q.sqm.function.SqmFunctionRegistry   : Registered SqmFunctionTemplate [org.hibernate.dialect.function.CastStrEmulation@64757d56] under str; prior registration was null
2024-05-20T15:37:15.764-03:00 DEBUG 739374 --- [person-service] [           main] o.h.q.sqm.function.SqmFunctionRegistry   : Registered SqmFunctionTemplate [org.hibernate.dialect.function.FormatFunction@24a8e40d] under format; prior registration was null
2024-05-20T15:37:15.766-03:00 DEBUG 739374 --- [person-service] [           main] o.h.q.sqm.function.SqmFunctionRegistry   : Registered SqmFunctionTemplate [org.hibernate.dialect.function.TimestampaddFunction@66ab924] under timestampadd; prior registration was null
2024-05-20T15:37:15.767-03:00 DEBUG 739374 --- [person-service] [           main] o.h.q.sqm.function.SqmFunctionRegistry   : Registered SqmFunctionTemplate [org.hibernate.dialect.function.TimestampdiffFunction@5403431a] under timestampdiff; prior registration was null
2024-05-20T15:37:15.768-03:00 DEBUG 739374 --- [person-service] [           main] o.h.q.sqm.function.SqmFunctionRegistry   : Registering alternate key : dateadd -> timestampadd
2024-05-20T15:37:15.768-03:00 DEBUG 739374 --- [person-service] [           main] o.h.q.sqm.function.SqmFunctionRegistry   : Registering alternate key : datediff -> timestampdiff
2024-05-20T15:37:15.768-03:00 DEBUG 739374 --- [person-service] [           main] o.h.q.sqm.function.SqmFunctionRegistry   : Registered SqmFunctionTemplate [org.hibernate.dialect.function.CurrentFunction@386e9fd8] under current_date; prior registration was null
2024-05-20T15:37:15.768-03:00 DEBUG 739374 --- [person-service] [           main] o.h.q.sqm.function.SqmFunctionRegistry   : Registered SqmFunctionTemplate [org.hibernate.dialect.function.CurrentFunction@618f627b] under current_time; prior registration was null
2024-05-20T15:37:15.769-03:00 DEBUG 739374 --- [person-service] [           main] o.h.q.sqm.function.SqmFunctionRegistry   : Registered SqmFunctionTemplate [org.hibernate.dialect.function.CurrentFunction@10745a02] under current_timestamp; prior registration was null
2024-05-20T15:37:15.769-03:00 DEBUG 739374 --- [person-service] [           main] o.h.q.sqm.function.SqmFunctionRegistry   : Registering alternate key : current date -> current_date
2024-05-20T15:37:15.769-03:00 DEBUG 739374 --- [person-service] [           main] o.h.q.sqm.function.SqmFunctionRegistry   : Registering alternate key : current time -> current_time
2024-05-20T15:37:15.769-03:00 DEBUG 739374 --- [person-service] [           main] o.h.q.sqm.function.SqmFunctionRegistry   : Registering alternate key : current timestamp -> current_timestamp
2024-05-20T15:37:15.769-03:00 DEBUG 739374 --- [person-service] [           main] o.h.q.sqm.function.SqmFunctionRegistry   : Registered SqmFunctionTemplate [org.hibernate.dialect.function.CurrentFunction@3e2d8623] under local_date; prior registration was null
2024-05-20T15:37:15.769-03:00 DEBUG 739374 --- [person-service] [           main] o.h.q.sqm.function.SqmFunctionRegistry   : Registered SqmFunctionTemplate [org.hibernate.dialect.function.CurrentFunction@72715e61] under local_time; prior registration was null
2024-05-20T15:37:15.769-03:00 DEBUG 739374 --- [person-service] [           main] o.h.q.sqm.function.SqmFunctionRegistry   : Registered SqmFunctionTemplate [org.hibernate.dialect.function.CurrentFunction@68f776ee] under local_datetime; prior registration was null
2024-05-20T15:37:15.769-03:00 DEBUG 739374 --- [person-service] [           main] o.h.q.sqm.function.SqmFunctionRegistry   : Registered SqmFunctionTemplate [org.hibernate.dialect.function.CurrentFunction@5a6195b8] under offset_datetime; prior registration was null
2024-05-20T15:37:15.769-03:00 DEBUG 739374 --- [person-service] [           main] o.h.q.sqm.function.SqmFunctionRegistry   : Registering alternate key : local date -> local_date
2024-05-20T15:37:15.769-03:00 DEBUG 739374 --- [person-service] [           main] o.h.q.sqm.function.SqmFunctionRegistry   : Registering alternate key : local time -> local_time
2024-05-20T15:37:15.770-03:00 DEBUG 739374 --- [person-service] [           main] o.h.q.sqm.function.SqmFunctionRegistry   : Registering alternate key : local datetime -> local_datetime
2024-05-20T15:37:15.770-03:00 DEBUG 739374 --- [person-service] [           main] o.h.q.sqm.function.SqmFunctionRegistry   : Registering alternate key : offset datetime -> offset_datetime
2024-05-20T15:37:15.770-03:00 DEBUG 739374 --- [person-service] [           main] o.h.q.sqm.function.SqmFunctionRegistry   : Registered SqmFunctionTemplate [org.hibernate.dialect.function.CurrentFunction@8af1c49] under instant; prior registration was null
2024-05-20T15:37:15.770-03:00 DEBUG 739374 --- [person-service] [           main] o.h.q.sqm.function.SqmFunctionRegistry   : Registering alternate key : current_instant -> instant
2024-05-20T15:37:15.771-03:00 DEBUG 739374 --- [person-service] [           main] o.h.q.sqm.function.SqmFunctionRegistry   : Registered SqmFunctionTemplate [org.hibernate.dialect.function.SqlFunction@5611bba] under sql; prior registration was null
2024-05-20T15:37:15.771-03:00 DEBUG 739374 --- [person-service] [           main] o.h.q.sqm.function.SqmFunctionRegistry   : Registered SqmFunctionTemplate [NamedSqmFunctionTemplate(soundex)] under soundex; prior registration was null
2024-05-20T15:37:15.771-03:00 DEBUG 739374 --- [person-service] [           main] o.h.q.sqm.function.SqmFunctionRegistry   : Registered SqmFunctionTemplate [NamedSqmFunctionTemplate(radians)] under radians; prior registration was null
2024-05-20T15:37:15.771-03:00 DEBUG 739374 --- [person-service] [           main] o.h.q.sqm.function.SqmFunctionRegistry   : Registered SqmFunctionTemplate [NamedSqmFunctionTemplate(degrees)] under degrees; prior registration was null
2024-05-20T15:37:15.771-03:00 DEBUG 739374 --- [person-service] [           main] o.h.q.sqm.function.SqmFunctionRegistry   : Registered SqmFunctionTemplate [NamedSqmFunctionTemplate(cot)] under cot; prior registration was null
2024-05-20T15:37:15.771-03:00 DEBUG 739374 --- [person-service] [           main] o.h.q.sqm.function.SqmFunctionRegistry   : Registered SqmFunctionTemplate [NamedSqmFunctionTemplate(log)] under log; prior registration was org.hibernate.query.sqm.function.PatternBasedSqmFunctionDescriptor@31f7eb8
2024-05-20T15:37:15.772-03:00 DEBUG 739374 --- [person-service] [           main] o.h.q.sqm.function.SqmFunctionRegistry   : Registered SqmFunctionTemplate [NamedSqmFunctionTemplate(log2)] under log2; prior registration was null
2024-05-20T15:37:15.772-03:00 DEBUG 739374 --- [person-service] [           main] o.h.q.sqm.function.SqmFunctionRegistry   : Registered SqmFunctionTemplate [NamedSqmFunctionTemplate(log10)] under log10; prior registration was null
2024-05-20T15:37:15.772-03:00 DEBUG 739374 --- [person-service] [           main] o.h.q.sqm.function.SqmFunctionRegistry   : Registered SqmFunctionTemplate [NamedSqmFunctionTemplate(ltrim)] under ltrim; prior registration was null
2024-05-20T15:37:15.772-03:00 DEBUG 739374 --- [person-service] [           main] o.h.q.sqm.function.SqmFunctionRegistry   : Registered SqmFunctionTemplate [NamedSqmFunctionTemplate(rtrim)] under rtrim; prior registration was null
2024-05-20T15:37:15.772-03:00 DEBUG 739374 --- [person-service] [           main] o.h.q.sqm.function.SqmFunctionRegistry   : Registered SqmFunctionTemplate [NamedSqmFunctionTemplate(octet_length)] under octet_length; prior registration was null
2024-05-20T15:37:15.772-03:00 DEBUG 739374 --- [person-service] [           main] o.h.q.sqm.function.SqmFunctionRegistry   : Registered SqmFunctionTemplate [NamedSqmFunctionTemplate(reverse)] under reverse; prior registration was null
2024-05-20T15:37:15.772-03:00 DEBUG 739374 --- [person-service] [           main] o.h.q.sqm.function.SqmFunctionRegistry   : Registered SqmFunctionTemplate [NamedSqmFunctionTemplate(space)] under space; prior registration was null
2024-05-20T15:37:15.772-03:00 DEBUG 739374 --- [person-service] [           main] o.h.q.sqm.function.SqmFunctionRegistry   : Registered SqmFunctionTemplate [NamedSqmFunctionTemplate(repeat)] under repeat; prior registration was null
2024-05-20T15:37:15.773-03:00 DEBUG 739374 --- [person-service] [           main] o.h.q.sqm.function.SqmFunctionRegistry   : Registered SqmFunctionTemplate [org.hibernate.query.sqm.function.MultipatternSqmFunctionDescriptor@5464b97c] under lpad; prior registration was NamedSqmFunctionTemplate(lpad)
2024-05-20T15:37:15.774-03:00 DEBUG 739374 --- [person-service] [           main] o.h.q.sqm.function.SqmFunctionRegistry   : Registered SqmFunctionTemplate [org.hibernate.query.sqm.function.MultipatternSqmFunctionDescriptor@3355168] under rpad; prior registration was NamedSqmFunctionTemplate(rpad)
2024-05-20T15:37:15.774-03:00 DEBUG 739374 --- [person-service] [           main] o.h.q.sqm.function.SqmFunctionRegistry   : Registered SqmFunctionTemplate [NamedSqmFunctionTemplate(md5)] under md5; prior registration was null
2024-05-20T15:37:15.774-03:00 DEBUG 739374 --- [person-service] [           main] o.h.q.sqm.function.SqmFunctionRegistry   : Registered SqmFunctionTemplate [NamedSqmFunctionTemplate(day)] under day; prior registration was null
2024-05-20T15:37:15.774-03:00 DEBUG 739374 --- [person-service] [           main] o.h.q.sqm.function.SqmFunctionRegistry   : Registered SqmFunctionTemplate [NamedSqmFunctionTemplate(month)] under month; prior registration was null
2024-05-20T15:37:15.774-03:00 DEBUG 739374 --- [person-service] [           main] o.h.q.sqm.function.SqmFunctionRegistry   : Registered SqmFunctionTemplate [NamedSqmFunctionTemplate(year)] under year; prior registration was null
2024-05-20T15:37:15.774-03:00 DEBUG 739374 --- [person-service] [           main] o.h.q.sqm.function.SqmFunctionRegistry   : Registered SqmFunctionTemplate [NamedSqmFunctionTemplate(hour)] under hour; prior registration was null
2024-05-20T15:37:15.774-03:00 DEBUG 739374 --- [person-service] [           main] o.h.q.sqm.function.SqmFunctionRegistry   : Registered SqmFunctionTemplate [NamedSqmFunctionTemplate(minute)] under minute; prior registration was null
2024-05-20T15:37:15.774-03:00 DEBUG 739374 --- [person-service] [           main] o.h.q.sqm.function.SqmFunctionRegistry   : Registered SqmFunctionTemplate [NamedSqmFunctionTemplate(second)] under second; prior registration was null
2024-05-20T15:37:15.774-03:00 DEBUG 739374 --- [person-service] [           main] o.h.q.sqm.function.SqmFunctionRegistry   : Registered SqmFunctionTemplate [NamedSqmFunctionTemplate(microsecond)] under microsecond; prior registration was null
2024-05-20T15:37:15.774-03:00 DEBUG 739374 --- [person-service] [           main] o.h.q.sqm.function.SqmFunctionRegistry   : Registered SqmFunctionTemplate [NamedSqmFunctionTemplate(dayofweek)] under dayofweek; prior registration was null
2024-05-20T15:37:15.774-03:00 DEBUG 739374 --- [person-service] [           main] o.h.q.sqm.function.SqmFunctionRegistry   : Registered SqmFunctionTemplate [NamedSqmFunctionTemplate(dayofmonth)] under dayofmonth; prior registration was null
2024-05-20T15:37:15.775-03:00 DEBUG 739374 --- [person-service] [           main] o.h.q.sqm.function.SqmFunctionRegistry   : Registering alternate key : day -> dayofmonth
2024-05-20T15:37:15.775-03:00 DEBUG 739374 --- [person-service] [           main] o.h.q.sqm.function.SqmFunctionRegistry   : Registered SqmFunctionTemplate [NamedSqmFunctionTemplate(dayofyear)] under dayofyear; prior registration was null
2024-05-20T15:37:15.775-03:00 DEBUG 739374 --- [person-service] [           main] o.h.q.sqm.function.SqmFunctionRegistry   : Registered SqmFunctionTemplate [NamedSqmFunctionTemplate(week)] under week; prior registration was null
2024-05-20T15:37:15.775-03:00 DEBUG 739374 --- [person-service] [           main] o.h.q.sqm.function.SqmFunctionRegistry   : Registered SqmFunctionTemplate [NamedSqmFunctionTemplate(quarter)] under quarter; prior registration was null
2024-05-20T15:37:15.775-03:00 DEBUG 739374 --- [person-service] [           main] o.h.q.sqm.function.SqmFunctionRegistry   : Registered SqmFunctionTemplate [NamedSqmFunctionTemplate(monthname)] under monthname; prior registration was null
2024-05-20T15:37:15.775-03:00 DEBUG 739374 --- [person-service] [           main] o.h.q.sqm.function.SqmFunctionRegistry   : Registered SqmFunctionTemplate [NamedSqmFunctionTemplate(dayname)] under dayname; prior registration was null
2024-05-20T15:37:15.775-03:00 DEBUG 739374 --- [person-service] [           main] o.h.q.sqm.function.SqmFunctionRegistry   : Registered SqmFunctionTemplate [NamedSqmFunctionTemplate(last_day)] under last_day; prior registration was null
2024-05-20T15:37:15.775-03:00 DEBUG 739374 --- [person-service] [           main] o.h.q.sqm.function.SqmFunctionRegistry   : Registered SqmFunctionTemplate [NamedSqmFunctionTemplate(date)] under date; prior registration was null
2024-05-20T15:37:15.775-03:00 DEBUG 739374 --- [person-service] [           main] o.h.q.sqm.function.SqmFunctionRegistry   : Registered SqmFunctionTemplate [NamedSqmFunctionTemplate(timestamp)] under timestamp; prior registration was null
2024-05-20T15:37:15.775-03:00 DEBUG 739374 --- [person-service] [           main] o.h.q.sqm.function.SqmFunctionRegistry   : Registered SqmFunctionTemplate [NamedSqmFunctionTemplate(time)] under time; prior registration was null
2024-05-20T15:37:15.775-03:00 DEBUG 739374 --- [person-service] [           main] o.h.q.sqm.function.SqmFunctionRegistry   : Registered SqmFunctionTemplate [NamedSqmFunctionTemplate(utc_date)] under utc_date; prior registration was null
2024-05-20T15:37:15.776-03:00 DEBUG 739374 --- [person-service] [           main] o.h.q.sqm.function.SqmFunctionRegistry   : Registered SqmFunctionTemplate [NamedSqmFunctionTemplate(utc_time)] under utc_time; prior registration was null
2024-05-20T15:37:15.776-03:00 DEBUG 739374 --- [person-service] [           main] o.h.q.sqm.function.SqmFunctionRegistry   : Registered SqmFunctionTemplate [NamedSqmFunctionTemplate(utc_timestamp)] under utc_timestamp; prior registration was null
2024-05-20T15:37:15.776-03:00 DEBUG 739374 --- [person-service] [           main] o.h.q.sqm.function.SqmFunctionRegistry   : Registered SqmFunctionTemplate [NamedSqmFunctionTemplate(rand)] under rand; prior registration was null
2024-05-20T15:37:15.776-03:00 DEBUG 739374 --- [person-service] [           main] o.h.q.sqm.function.SqmFunctionRegistry   : Registered SqmFunctionTemplate [NamedSqmFunctionTemplate(crc32)] under crc32; prior registration was null
2024-05-20T15:37:15.776-03:00 DEBUG 739374 --- [person-service] [           main] o.h.q.sqm.function.SqmFunctionRegistry   : Registered SqmFunctionTemplate [NamedSqmFunctionTemplate(sha1)] under sha1; prior registration was null
2024-05-20T15:37:15.776-03:00 DEBUG 739374 --- [person-service] [           main] o.h.q.sqm.function.SqmFunctionRegistry   : Registered SqmFunctionTemplate [NamedSqmFunctionTemplate(sha2)] under sha2; prior registration was null
2024-05-20T15:37:15.776-03:00 DEBUG 739374 --- [person-service] [           main] o.h.q.sqm.function.SqmFunctionRegistry   : Registered SqmFunctionTemplate [NamedSqmFunctionTemplate(sha)] under sha; prior registration was null
2024-05-20T15:37:15.776-03:00 DEBUG 739374 --- [person-service] [           main] o.h.q.sqm.function.SqmFunctionRegistry   : Registered SqmFunctionTemplate [NamedSqmFunctionTemplate(bit_length)] under bit_length; prior registration was null
2024-05-20T15:37:15.776-03:00 DEBUG 739374 --- [person-service] [           main] o.h.q.sqm.function.SqmFunctionRegistry   : Registered SqmFunctionTemplate [NamedSqmFunctionTemplate(octet_length)] under octet_length; prior registration was NamedSqmFunctionTemplate(octet_length)
2024-05-20T15:37:15.776-03:00 DEBUG 739374 --- [person-service] [           main] o.h.q.sqm.function.SqmFunctionRegistry   : Registered SqmFunctionTemplate [NamedSqmFunctionTemplate(ascii)] under ascii; prior registration was null
2024-05-20T15:37:15.777-03:00 DEBUG 739374 --- [person-service] [           main] o.h.q.sqm.function.SqmFunctionRegistry   : Registered SqmFunctionTemplate [NamedSqmFunctionTemplate(instr)] under instr; prior registration was null
2024-05-20T15:37:15.777-03:00 DEBUG 739374 --- [person-service] [           main] o.h.q.sqm.function.SqmFunctionRegistry   : Registered SqmFunctionTemplate [NamedSqmFunctionTemplate(substr)] under substr; prior registration was null
2024-05-20T15:37:15.777-03:00 DEBUG 739374 --- [person-service] [           main] o.h.q.sqm.function.SqmFunctionRegistry   : Registered SqmFunctionTemplate [org.hibernate.query.sqm.function.PatternBasedSqmFunctionDescriptor@2f07930a] under position; prior registration was org.hibernate.dialect.function.LocatePositionEmulation@156324b
2024-05-20T15:37:15.777-03:00 DEBUG 739374 --- [person-service] [           main] o.h.q.sqm.function.SqmFunctionRegistry   : Registered SqmFunctionTemplate [NamedSqmFunctionTemplate(curtime)] under curtime; prior registration was null
2024-05-20T15:37:15.777-03:00 DEBUG 739374 --- [person-service] [           main] o.h.q.sqm.function.SqmFunctionRegistry   : Registered SqmFunctionTemplate [NamedSqmFunctionTemplate(curdate)] under curdate; prior registration was null
2024-05-20T15:37:15.777-03:00 DEBUG 739374 --- [person-service] [           main] o.h.q.sqm.function.SqmFunctionRegistry   : Registered SqmFunctionTemplate [NamedSqmFunctionTemplate(now)] under now; prior registration was null
2024-05-20T15:37:15.783-03:00 DEBUG 739374 --- [person-service] [           main] o.h.q.sqm.function.SqmFunctionRegistry   : Registered SqmFunctionTemplate [org.hibernate.dialect.function.TruncFunction@5a51336a] under trunc; prior registration was null
2024-05-20T15:37:15.784-03:00 DEBUG 739374 --- [person-service] [           main] o.h.q.sqm.function.SqmFunctionRegistry   : Registering alternate key : truncate -> trunc
2024-05-20T15:37:15.784-03:00 DEBUG 739374 --- [person-service] [           main] o.h.q.sqm.function.SqmFunctionRegistry   : Registered SqmFunctionTemplate [NamedSqmFunctionTemplate(insert)] under insert; prior registration was null
2024-05-20T15:37:15.784-03:00 DEBUG 739374 --- [person-service] [           main] o.h.q.sqm.function.SqmFunctionRegistry   : Registered SqmFunctionTemplate [org.hibernate.query.sqm.function.PatternBasedSqmFunctionDescriptor@4d8056bf] under bitand; prior registration was null
2024-05-20T15:37:15.784-03:00 DEBUG 739374 --- [person-service] [           main] o.h.q.sqm.function.SqmFunctionRegistry   : Registered SqmFunctionTemplate [org.hibernate.query.sqm.function.PatternBasedSqmFunctionDescriptor@42211e04] under bitor; prior registration was null
2024-05-20T15:37:15.784-03:00 DEBUG 739374 --- [person-service] [           main] o.h.q.sqm.function.SqmFunctionRegistry   : Registered SqmFunctionTemplate [org.hibernate.query.sqm.function.PatternBasedSqmFunctionDescriptor@6233c6c2] under bitxor; prior registration was null
2024-05-20T15:37:15.784-03:00 DEBUG 739374 --- [person-service] [           main] o.h.q.sqm.function.SqmFunctionRegistry   : Registered SqmFunctionTemplate [org.hibernate.query.sqm.function.PatternBasedSqmFunctionDescriptor@312a738d] under bitnot; prior registration was null
2024-05-20T15:37:15.784-03:00 DEBUG 739374 --- [person-service] [           main] o.h.q.sqm.function.SqmFunctionRegistry   : Registered SqmFunctionTemplate [NamedSqmFunctionTemplate(bit_and)] under bit_and; prior registration was null
2024-05-20T15:37:15.785-03:00 DEBUG 739374 --- [person-service] [           main] o.h.q.sqm.function.SqmFunctionRegistry   : Registered SqmFunctionTemplate [NamedSqmFunctionTemplate(bit_or)] under bit_or; prior registration was null
2024-05-20T15:37:15.785-03:00 DEBUG 739374 --- [person-service] [           main] o.h.q.sqm.function.SqmFunctionRegistry   : Registered SqmFunctionTemplate [NamedSqmFunctionTemplate(stddev)] under stddev; prior registration was null
2024-05-20T15:37:15.785-03:00 DEBUG 739374 --- [person-service] [           main] o.h.q.sqm.function.SqmFunctionRegistry   : Registered SqmFunctionTemplate [NamedSqmFunctionTemplate(stddev_pop)] under stddev_pop; prior registration was null
2024-05-20T15:37:15.785-03:00 DEBUG 739374 --- [person-service] [           main] o.h.q.sqm.function.SqmFunctionRegistry   : Registered SqmFunctionTemplate [NamedSqmFunctionTemplate(stddev_samp)] under stddev_samp; prior registration was null
2024-05-20T15:37:15.785-03:00 DEBUG 739374 --- [person-service] [           main] o.h.q.sqm.function.SqmFunctionRegistry   : Registered SqmFunctionTemplate [NamedSqmFunctionTemplate(variance)] under variance; prior registration was null
2024-05-20T15:37:15.785-03:00 DEBUG 739374 --- [person-service] [           main] o.h.q.sqm.function.SqmFunctionRegistry   : Registered SqmFunctionTemplate [NamedSqmFunctionTemplate(var_pop)] under var_pop; prior registration was null
2024-05-20T15:37:15.785-03:00 DEBUG 739374 --- [person-service] [           main] o.h.q.sqm.function.SqmFunctionRegistry   : Registered SqmFunctionTemplate [NamedSqmFunctionTemplate(var_samp)] under var_samp; prior registration was null
2024-05-20T15:37:15.785-03:00 DEBUG 739374 --- [person-service] [           main] o.h.q.sqm.function.SqmFunctionRegistry   : Registered SqmFunctionTemplate [NamedSqmFunctionTemplate(datediff)] under datediff; prior registration was null
2024-05-20T15:37:15.785-03:00 DEBUG 739374 --- [person-service] [           main] o.h.q.sqm.function.SqmFunctionRegistry   : Registered SqmFunctionTemplate [NamedSqmFunctionTemplate(adddate)] under adddate; prior registration was null
2024-05-20T15:37:15.785-03:00 DEBUG 739374 --- [person-service] [           main] o.h.q.sqm.function.SqmFunctionRegistry   : Registered SqmFunctionTemplate [NamedSqmFunctionTemplate(subdate)] under subdate; prior registration was null
2024-05-20T15:37:15.785-03:00 DEBUG 739374 --- [person-service] [           main] o.h.q.sqm.function.SqmFunctionRegistry   : Registered SqmFunctionTemplate [NamedSqmFunctionTemplate(addtime)] under addtime; prior registration was null
2024-05-20T15:37:15.785-03:00 DEBUG 739374 --- [person-service] [           main] o.h.q.sqm.function.SqmFunctionRegistry   : Registered SqmFunctionTemplate [NamedSqmFunctionTemplate(subtime)] under subtime; prior registration was null
2024-05-20T15:37:15.786-03:00 DEBUG 739374 --- [person-service] [           main] o.h.q.sqm.function.SqmFunctionRegistry   : Registered SqmFunctionTemplate [org.hibernate.dialect.function.FormatFunction@7e50eeb9] under format; prior registration was org.hibernate.dialect.function.FormatFunction@24a8e40d
2024-05-20T15:37:15.786-03:00 DEBUG 739374 --- [person-service] [           main] o.h.q.sqm.function.SqmFunctionRegistry   : Registered SqmFunctionTemplate [NamedSqmFunctionTemplate(makedate)] under makedate; prior registration was null
2024-05-20T15:37:15.786-03:00 DEBUG 739374 --- [person-service] [           main] o.h.q.sqm.function.SqmFunctionRegistry   : Registered SqmFunctionTemplate [NamedSqmFunctionTemplate(maketime)] under maketime; prior registration was null
2024-05-20T15:37:15.786-03:00 DEBUG 739374 --- [person-service] [           main] o.h.q.sqm.function.SqmFunctionRegistry   : Registered SqmFunctionTemplate [NamedSqmFunctionTemplate(localtime)] under localtime; prior registration was null
2024-05-20T15:37:15.786-03:00 DEBUG 739374 --- [person-service] [           main] o.h.q.sqm.function.SqmFunctionRegistry   : Registered SqmFunctionTemplate [NamedSqmFunctionTemplate(localtimestamp)] under localtimestamp; prior registration was null
2024-05-20T15:37:15.786-03:00 DEBUG 739374 --- [person-service] [           main] o.h.q.sqm.function.SqmFunctionRegistry   : Registered SqmFunctionTemplate [NamedSqmFunctionTemplate(localtime)] under local_time; prior registration was org.hibernate.dialect.function.CurrentFunction@72715e61
2024-05-20T15:37:15.786-03:00 DEBUG 739374 --- [person-service] [           main] o.h.q.sqm.function.SqmFunctionRegistry   : Registered SqmFunctionTemplate [NamedSqmFunctionTemplate(localtimestamp)] under local_datetime; prior registration was org.hibernate.dialect.function.CurrentFunction@68f776ee
2024-05-20T15:37:15.787-03:00 DEBUG 739374 --- [person-service] [           main] o.h.q.sqm.function.SqmFunctionRegistry   : Registered SqmFunctionTemplate [NamedSqmFunctionTemplate(localtime)] under localtime; prior registration was NamedSqmFunctionTemplate(localtime)
2024-05-20T15:37:15.787-03:00 DEBUG 739374 --- [person-service] [           main] o.h.q.sqm.function.SqmFunctionRegistry   : Registered SqmFunctionTemplate [org.hibernate.query.sqm.function.PatternBasedSqmFunctionDescriptor@34cb0e49] under pi; prior registration was org.hibernate.query.sqm.function.PatternBasedSqmFunctionDescriptor@3d88ce0e
2024-05-20T15:37:15.787-03:00 DEBUG 739374 --- [person-service] [           main] o.h.q.sqm.function.SqmFunctionRegistry   : Registered SqmFunctionTemplate [org.hibernate.query.sqm.function.PatternBasedSqmFunctionDescriptor@48b2dbc4] under chr; prior registration was null
2024-05-20T15:37:15.787-03:00 DEBUG 739374 --- [person-service] [           main] o.h.q.sqm.function.SqmFunctionRegistry   : Registering alternate key : char -> chr
2024-05-20T15:37:15.787-03:00 DEBUG 739374 --- [person-service] [           main] o.h.q.sqm.function.SqmFunctionRegistry   : Registered SqmFunctionTemplate [org.hibernate.query.sqm.function.PatternBasedSqmFunctionDescriptor@2a667f44] under sysdate; prior registration was null
2024-05-20T15:37:15.789-03:00 DEBUG 739374 --- [person-service] [           main] o.h.q.sqm.function.SqmFunctionRegistry   : Registered SqmFunctionTemplate [org.hibernate.dialect.function.ListaggGroupConcatEmulation@7858d31d] under listagg; prior registration was null
2024-05-20T15:37:15.792-03:00 DEBUG 739374 --- [person-service] [           main] org.hibernate.HQL_FUNCTIONS              : abs(NUMERIC arg)
2024-05-20T15:37:15.792-03:00 DEBUG 739374 --- [person-service] [           main] org.hibernate.HQL_FUNCTIONS              : Double acos(NUMERIC arg)
2024-05-20T15:37:15.792-03:00 DEBUG 739374 --- [person-service] [           main] org.hibernate.HQL_FUNCTIONS              : adddate(DATE datetime, INTEGER days)
2024-05-20T15:37:15.792-03:00 DEBUG 739374 --- [person-service] [           main] org.hibernate.HQL_FUNCTIONS              : addtime(TIME datetime, TIME time)
2024-05-20T15:37:15.793-03:00 DEBUG 739374 --- [person-service] [           main] org.hibernate.HQL_FUNCTIONS              : Boolean any(BOOLEAN arg)
2024-05-20T15:37:15.793-03:00 DEBUG 739374 --- [person-service] [           main] org.hibernate.HQL_FUNCTIONS              : Integer ascii(STRING arg)
2024-05-20T15:37:15.793-03:00 DEBUG 739374 --- [person-service] [           main] org.hibernate.HQL_FUNCTIONS              : Double asin(NUMERIC arg)
2024-05-20T15:37:15.793-03:00 DEBUG 739374 --- [person-service] [           main] org.hibernate.HQL_FUNCTIONS              : Double atan(NUMERIC arg)
2024-05-20T15:37:15.793-03:00 DEBUG 739374 --- [person-service] [           main] org.hibernate.HQL_FUNCTIONS              : Double atan2(NUMERIC arg0, NUMERIC arg1)
2024-05-20T15:37:15.793-03:00 DEBUG 739374 --- [person-service] [           main] org.hibernate.HQL_FUNCTIONS              : avg(arg)
2024-05-20T15:37:15.794-03:00 DEBUG 739374 --- [person-service] [           main] org.hibernate.HQL_FUNCTIONS              : bit_and(arg)
2024-05-20T15:37:15.794-03:00 DEBUG 739374 --- [person-service] [           main] org.hibernate.HQL_FUNCTIONS              : Integer bit_length(STRING_OR_CLOB arg)
2024-05-20T15:37:15.794-03:00 DEBUG 739374 --- [person-service] [           main] org.hibernate.HQL_FUNCTIONS              : bit_or(arg)
2024-05-20T15:37:15.794-03:00 DEBUG 739374 --- [person-service] [           main] org.hibernate.HQL_FUNCTIONS              : bitand(arg0, arg1)
2024-05-20T15:37:15.794-03:00 DEBUG 739374 --- [person-service] [           main] org.hibernate.HQL_FUNCTIONS              : bitnot(arg)
2024-05-20T15:37:15.794-03:00 DEBUG 739374 --- [person-service] [           main] org.hibernate.HQL_FUNCTIONS              : bitor(arg0, arg1)
2024-05-20T15:37:15.794-03:00 DEBUG 739374 --- [person-service] [           main] org.hibernate.HQL_FUNCTIONS              : bitxor(arg0, arg1)
2024-05-20T15:37:15.794-03:00 DEBUG 739374 --- [person-service] [           main] org.hibernate.HQL_FUNCTIONS              : cast(arg as Type)
2024-05-20T15:37:15.794-03:00 DEBUG 739374 --- [person-service] [           main] org.hibernate.HQL_FUNCTIONS              : ceiling(NUMERIC arg)
2024-05-20T15:37:15.794-03:00 DEBUG 739374 --- [person-service] [           main] org.hibernate.HQL_FUNCTIONS              : Character char(INTEGER arg)
2024-05-20T15:37:15.795-03:00 DEBUG 739374 --- [person-service] [           main] org.hibernate.HQL_FUNCTIONS              : Integer character_length(STRING_OR_CLOB arg)
2024-05-20T15:37:15.795-03:00 DEBUG 739374 --- [person-service] [           main] org.hibernate.HQL_FUNCTIONS              : Character chr(INTEGER arg)
2024-05-20T15:37:15.795-03:00 DEBUG 739374 --- [person-service] [           main] org.hibernate.HQL_FUNCTIONS              : coalesce(arg0[, arg1[, ...]])
2024-05-20T15:37:15.795-03:00 DEBUG 739374 --- [person-service] [           main] org.hibernate.HQL_FUNCTIONS              : String collate(STRING string as COLLATION collation)
2024-05-20T15:37:15.795-03:00 DEBUG 739374 --- [person-service] [           main] org.hibernate.HQL_FUNCTIONS              : String concat(STRING string0[, STRING string1[, ...]])
2024-05-20T15:37:15.795-03:00 DEBUG 739374 --- [person-service] [           main] org.hibernate.HQL_FUNCTIONS              : Double cos(NUMERIC arg)
2024-05-20T15:37:15.795-03:00 DEBUG 739374 --- [person-service] [           main] org.hibernate.HQL_FUNCTIONS              : Double cosh(NUMERIC arg)
2024-05-20T15:37:15.795-03:00 DEBUG 739374 --- [person-service] [           main] org.hibernate.HQL_FUNCTIONS              : Double cot(NUMERIC arg)
2024-05-20T15:37:15.796-03:00 DEBUG 739374 --- [person-service] [           main] org.hibernate.HQL_FUNCTIONS              : Long count([distinct ]{arg|*})
2024-05-20T15:37:15.796-03:00 DEBUG 739374 --- [person-service] [           main] org.hibernate.HQL_FUNCTIONS              : Integer crc32(arg)
2024-05-20T15:37:15.796-03:00 DEBUG 739374 --- [person-service] [           main] org.hibernate.HQL_FUNCTIONS              : Date curdate()
2024-05-20T15:37:15.796-03:00 DEBUG 739374 --- [person-service] [           main] org.hibernate.HQL_FUNCTIONS              : Date current date
2024-05-20T15:37:15.796-03:00 DEBUG 739374 --- [person-service] [           main] org.hibernate.HQL_FUNCTIONS              : Time current time
2024-05-20T15:37:15.796-03:00 DEBUG 739374 --- [person-service] [           main] org.hibernate.HQL_FUNCTIONS              : Timestamp current timestamp
2024-05-20T15:37:15.796-03:00 DEBUG 739374 --- [person-service] [           main] org.hibernate.HQL_FUNCTIONS              : Date current_date
2024-05-20T15:37:15.796-03:00 DEBUG 739374 --- [person-service] [           main] org.hibernate.HQL_FUNCTIONS              : Instant current_instant
2024-05-20T15:37:15.796-03:00 DEBUG 739374 --- [person-service] [           main] org.hibernate.HQL_FUNCTIONS              : Time current_time
2024-05-20T15:37:15.796-03:00 DEBUG 739374 --- [person-service] [           main] org.hibernate.HQL_FUNCTIONS              : Timestamp current_timestamp
2024-05-20T15:37:15.796-03:00 DEBUG 739374 --- [person-service] [           main] org.hibernate.HQL_FUNCTIONS              : Time curtime()
2024-05-20T15:37:15.796-03:00 DEBUG 739374 --- [person-service] [           main] org.hibernate.HQL_FUNCTIONS              : Date date(arg)
2024-05-20T15:37:15.797-03:00 DEBUG 739374 --- [person-service] [           main] org.hibernate.HQL_FUNCTIONS              : dateadd(TEMPORAL_UNIT field, INTEGER magnitude, TEMPORAL datetime)
2024-05-20T15:37:15.797-03:00 DEBUG 739374 --- [person-service] [           main] org.hibernate.HQL_FUNCTIONS              : Integer datediff(DATE end, DATE start)
2024-05-20T15:37:15.797-03:00 DEBUG 739374 --- [person-service] [           main] org.hibernate.HQL_FUNCTIONS              : Integer day(DATE arg)
2024-05-20T15:37:15.797-03:00 DEBUG 739374 --- [person-service] [           main] org.hibernate.HQL_FUNCTIONS              : String dayname(DATE arg)
2024-05-20T15:37:15.797-03:00 DEBUG 739374 --- [person-service] [           main] org.hibernate.HQL_FUNCTIONS              : Integer dayofmonth(DATE arg)
2024-05-20T15:37:15.797-03:00 DEBUG 739374 --- [person-service] [           main] org.hibernate.HQL_FUNCTIONS              : Integer dayofweek(DATE arg)
2024-05-20T15:37:15.797-03:00 DEBUG 739374 --- [person-service] [           main] org.hibernate.HQL_FUNCTIONS              : Integer dayofyear(DATE arg)
2024-05-20T15:37:15.797-03:00 DEBUG 739374 --- [person-service] [           main] org.hibernate.HQL_FUNCTIONS              : Double degrees(NUMERIC arg)
2024-05-20T15:37:15.797-03:00 DEBUG 739374 --- [person-service] [           main] org.hibernate.HQL_FUNCTIONS              : Boolean every(BOOLEAN arg)
2024-05-20T15:37:15.797-03:00 DEBUG 739374 --- [person-service] [           main] org.hibernate.HQL_FUNCTIONS              : Double exp(NUMERIC arg)
2024-05-20T15:37:15.797-03:00 DEBUG 739374 --- [person-service] [           main] org.hibernate.HQL_FUNCTIONS              : extract(TEMPORAL_UNIT field from TEMPORAL arg)
2024-05-20T15:37:15.797-03:00 DEBUG 739374 --- [person-service] [           main] org.hibernate.HQL_FUNCTIONS              : floor(NUMERIC arg)
2024-05-20T15:37:15.798-03:00 DEBUG 739374 --- [person-service] [           main] org.hibernate.HQL_FUNCTIONS              : String format(TEMPORAL datetime as STRING pattern)
2024-05-20T15:37:15.798-03:00 DEBUG 739374 --- [person-service] [           main] org.hibernate.HQL_FUNCTIONS              : greatest(COMPARABLE arg0, COMPARABLE arg1[, arg2[, ...]])
2024-05-20T15:37:15.798-03:00 DEBUG 739374 --- [person-service] [           main] org.hibernate.HQL_FUNCTIONS              : Integer hour(TIME arg)
2024-05-20T15:37:15.798-03:00 DEBUG 739374 --- [person-service] [           main] org.hibernate.HQL_FUNCTIONS              : ifnull(arg0, arg1)
2024-05-20T15:37:15.798-03:00 DEBUG 739374 --- [person-service] [           main] org.hibernate.HQL_FUNCTIONS              : String insert(STRING string, INTEGER start, INTEGER length, STRING replacement)
2024-05-20T15:37:15.798-03:00 DEBUG 739374 --- [person-service] [           main] org.hibernate.HQL_FUNCTIONS              : Instant instant
2024-05-20T15:37:15.798-03:00 DEBUG 739374 --- [person-service] [           main] org.hibernate.HQL_FUNCTIONS              : Integer instr(STRING string, STRING pattern[, INTEGER start[, INTEGER occurrence]])
2024-05-20T15:37:15.798-03:00 DEBUG 739374 --- [person-service] [           main] org.hibernate.HQL_FUNCTIONS              : Date last_day(DATE arg)
2024-05-20T15:37:15.798-03:00 DEBUG 739374 --- [person-service] [           main] org.hibernate.HQL_FUNCTIONS              : least(COMPARABLE arg0, COMPARABLE arg1[, arg2[, ...]])
2024-05-20T15:37:15.798-03:00 DEBUG 739374 --- [person-service] [           main] org.hibernate.HQL_FUNCTIONS              : String left(STRING string, INTEGER length)
2024-05-20T15:37:15.799-03:00 DEBUG 739374 --- [person-service] [           main] org.hibernate.HQL_FUNCTIONS              : Integer length(STRING_OR_CLOB arg)
2024-05-20T15:37:15.799-03:00 DEBUG 739374 --- [person-service] [           main] org.hibernate.HQL_FUNCTIONS              : String listagg(STRING arg0, STRING arg1)
2024-05-20T15:37:15.799-03:00 DEBUG 739374 --- [person-service] [           main] org.hibernate.HQL_FUNCTIONS              : Double ln(NUMERIC arg)
2024-05-20T15:37:15.799-03:00 DEBUG 739374 --- [person-service] [           main] org.hibernate.HQL_FUNCTIONS              : LocalDate local date
2024-05-20T15:37:15.799-03:00 DEBUG 739374 --- [person-service] [           main] org.hibernate.HQL_FUNCTIONS              : LocalDateTime local datetime
2024-05-20T15:37:15.799-03:00 DEBUG 739374 --- [person-service] [           main] org.hibernate.HQL_FUNCTIONS              : LocalTime local time
2024-05-20T15:37:15.799-03:00 DEBUG 739374 --- [person-service] [           main] org.hibernate.HQL_FUNCTIONS              : LocalDate local_date
2024-05-20T15:37:15.799-03:00 DEBUG 739374 --- [person-service] [           main] org.hibernate.HQL_FUNCTIONS              : LocalDateTime local_datetime
2024-05-20T15:37:15.799-03:00 DEBUG 739374 --- [person-service] [           main] org.hibernate.HQL_FUNCTIONS              : LocalTime local_time
2024-05-20T15:37:15.799-03:00 DEBUG 739374 --- [person-service] [           main] org.hibernate.HQL_FUNCTIONS              : Timestamp localtime
2024-05-20T15:37:15.799-03:00 DEBUG 739374 --- [person-service] [           main] org.hibernate.HQL_FUNCTIONS              : Timestamp localtimestamp
2024-05-20T15:37:15.799-03:00 DEBUG 739374 --- [person-service] [           main] org.hibernate.HQL_FUNCTIONS              : Integer locate(STRING pattern, STRING string[, INTEGER start])
2024-05-20T15:37:15.800-03:00 DEBUG 739374 --- [person-service] [           main] org.hibernate.HQL_FUNCTIONS              : Double log(NUMERIC arg0[, NUMERIC arg1])
2024-05-20T15:37:15.800-03:00 DEBUG 739374 --- [person-service] [           main] org.hibernate.HQL_FUNCTIONS              : Double log10(NUMERIC arg)
2024-05-20T15:37:15.800-03:00 DEBUG 739374 --- [person-service] [           main] org.hibernate.HQL_FUNCTIONS              : Double log2(NUMERIC arg)
2024-05-20T15:37:15.800-03:00 DEBUG 739374 --- [person-service] [           main] org.hibernate.HQL_FUNCTIONS              : String lower(STRING string)
2024-05-20T15:37:15.800-03:00 DEBUG 739374 --- [person-service] [           main] org.hibernate.HQL_FUNCTIONS              : String lpad(string, length[, padding])
2024-05-20T15:37:15.800-03:00 DEBUG 739374 --- [person-service] [           main] org.hibernate.HQL_FUNCTIONS              : String ltrim(STRING string[, STRING characters])
2024-05-20T15:37:15.800-03:00 DEBUG 739374 --- [person-service] [           main] org.hibernate.HQL_FUNCTIONS              : Date makedate(INTEGER year, INTEGER dayofyear)
2024-05-20T15:37:15.800-03:00 DEBUG 739374 --- [person-service] [           main] org.hibernate.HQL_FUNCTIONS              : Time maketime(INTEGER hour, INTEGER min, INTEGER sec)
2024-05-20T15:37:15.800-03:00 DEBUG 739374 --- [person-service] [           main] org.hibernate.HQL_FUNCTIONS              : max(COMPARABLE arg)
2024-05-20T15:37:15.800-03:00 DEBUG 739374 --- [person-service] [           main] org.hibernate.HQL_FUNCTIONS              : String md5(arg)
2024-05-20T15:37:15.800-03:00 DEBUG 739374 --- [person-service] [           main] org.hibernate.HQL_FUNCTIONS              : Integer microsecond(TIME arg)
2024-05-20T15:37:15.800-03:00 DEBUG 739374 --- [person-service] [           main] org.hibernate.HQL_FUNCTIONS              : min(COMPARABLE arg)
2024-05-20T15:37:15.800-03:00 DEBUG 739374 --- [person-service] [           main] org.hibernate.HQL_FUNCTIONS              : Integer minute(TIME arg)
2024-05-20T15:37:15.801-03:00 DEBUG 739374 --- [person-service] [           main] org.hibernate.HQL_FUNCTIONS              : Integer mod(INTEGER arg0, INTEGER arg1)
2024-05-20T15:37:15.801-03:00 DEBUG 739374 --- [person-service] [           main] org.hibernate.HQL_FUNCTIONS              : Integer month(DATE arg)
2024-05-20T15:37:15.801-03:00 DEBUG 739374 --- [person-service] [           main] org.hibernate.HQL_FUNCTIONS              : String monthname(DATE arg)
2024-05-20T15:37:15.801-03:00 DEBUG 739374 --- [person-service] [           main] org.hibernate.HQL_FUNCTIONS              : Timestamp now()
2024-05-20T15:37:15.801-03:00 DEBUG 739374 --- [person-service] [           main] org.hibernate.HQL_FUNCTIONS              : nullif(arg0, arg1)
2024-05-20T15:37:15.801-03:00 DEBUG 739374 --- [person-service] [           main] org.hibernate.HQL_FUNCTIONS              : Integer octet_length(STRING_OR_CLOB arg)
2024-05-20T15:37:15.801-03:00 DEBUG 739374 --- [person-service] [           main] org.hibernate.HQL_FUNCTIONS              : OffsetDateTime offset datetime
2024-05-20T15:37:15.801-03:00 DEBUG 739374 --- [person-service] [           main] org.hibernate.HQL_FUNCTIONS              : OffsetDateTime offset_datetime
2024-05-20T15:37:15.801-03:00 DEBUG 739374 --- [person-service] [           main] org.hibernate.HQL_FUNCTIONS              : String overlay(STRING string placing STRING replacement from INTEGER start[ for INTEGER length])
2024-05-20T15:37:15.801-03:00 DEBUG 739374 --- [person-service] [           main] org.hibernate.HQL_FUNCTIONS              : String pad(STRING string with INTEGER length {leading|trailing}[ STRING character])
2024-05-20T15:37:15.801-03:00 DEBUG 739374 --- [person-service] [           main] org.hibernate.HQL_FUNCTIONS              : Double pi
2024-05-20T15:37:15.801-03:00 DEBUG 739374 --- [person-service] [           main] org.hibernate.HQL_FUNCTIONS              : Integer position(STRING pattern in STRING string)
2024-05-20T15:37:15.802-03:00 DEBUG 739374 --- [person-service] [           main] org.hibernate.HQL_FUNCTIONS              : Double power(NUMERIC arg0, NUMERIC arg1)
2024-05-20T15:37:15.802-03:00 DEBUG 739374 --- [person-service] [           main] org.hibernate.HQL_FUNCTIONS              : Integer quarter(DATE arg)
2024-05-20T15:37:15.802-03:00 DEBUG 739374 --- [person-service] [           main] org.hibernate.HQL_FUNCTIONS              : Double radians(NUMERIC arg)
2024-05-20T15:37:15.802-03:00 DEBUG 739374 --- [person-service] [           main] org.hibernate.HQL_FUNCTIONS              : Double rand([INTEGER seed])
2024-05-20T15:37:15.802-03:00 DEBUG 739374 --- [person-service] [           main] org.hibernate.HQL_FUNCTIONS              : String repeat(STRING string, INTEGER times)
2024-05-20T15:37:15.802-03:00 DEBUG 739374 --- [person-service] [           main] org.hibernate.HQL_FUNCTIONS              : String replace(STRING string, STRING pattern, STRING replacement)
2024-05-20T15:37:15.802-03:00 DEBUG 739374 --- [person-service] [           main] org.hibernate.HQL_FUNCTIONS              : String reverse(STRING arg)
2024-05-20T15:37:15.802-03:00 DEBUG 739374 --- [person-service] [           main] org.hibernate.HQL_FUNCTIONS              : String right(STRING string, INTEGER length)
2024-05-20T15:37:15.802-03:00 DEBUG 739374 --- [person-service] [           main] org.hibernate.HQL_FUNCTIONS              : round(NUMERIC number[, INTEGER places])
2024-05-20T15:37:15.802-03:00 DEBUG 739374 --- [person-service] [           main] org.hibernate.HQL_FUNCTIONS              : String rpad(string, length[, padding])
2024-05-20T15:37:15.802-03:00 DEBUG 739374 --- [person-service] [           main] org.hibernate.HQL_FUNCTIONS              : String rtrim(STRING string[, STRING characters])
2024-05-20T15:37:15.802-03:00 DEBUG 739374 --- [person-service] [           main] org.hibernate.HQL_FUNCTIONS              : Integer second(TIME arg)
2024-05-20T15:37:15.802-03:00 DEBUG 739374 --- [person-service] [           main] org.hibernate.HQL_FUNCTIONS              : String sha(arg)
2024-05-20T15:37:15.803-03:00 DEBUG 739374 --- [person-service] [           main] org.hibernate.HQL_FUNCTIONS              : String sha1(arg)
2024-05-20T15:37:15.803-03:00 DEBUG 739374 --- [person-service] [           main] org.hibernate.HQL_FUNCTIONS              : String sha2(arg0, arg1)
2024-05-20T15:37:15.803-03:00 DEBUG 739374 --- [person-service] [           main] org.hibernate.HQL_FUNCTIONS              : Integer sign(NUMERIC arg)
2024-05-20T15:37:15.803-03:00 DEBUG 739374 --- [person-service] [           main] org.hibernate.HQL_FUNCTIONS              : Double sin(NUMERIC arg)
2024-05-20T15:37:15.803-03:00 DEBUG 739374 --- [person-service] [           main] org.hibernate.HQL_FUNCTIONS              : Double sinh(NUMERIC arg)
2024-05-20T15:37:15.803-03:00 DEBUG 739374 --- [person-service] [           main] org.hibernate.HQL_FUNCTIONS              : String soundex(arg)
2024-05-20T15:37:15.803-03:00 DEBUG 739374 --- [person-service] [           main] org.hibernate.HQL_FUNCTIONS              : String space(INTEGER arg)
2024-05-20T15:37:15.803-03:00 DEBUG 739374 --- [person-service] [           main] org.hibernate.HQL_FUNCTIONS              : Object sql
2024-05-20T15:37:15.803-03:00 DEBUG 739374 --- [person-service] [           main] org.hibernate.HQL_FUNCTIONS              : Double sqrt(NUMERIC arg)
2024-05-20T15:37:15.803-03:00 DEBUG 739374 --- [person-service] [           main] org.hibernate.HQL_FUNCTIONS              : Double stddev(NUMERIC arg)
2024-05-20T15:37:15.803-03:00 DEBUG 739374 --- [person-service] [           main] org.hibernate.HQL_FUNCTIONS              : Double stddev_pop(NUMERIC arg)
2024-05-20T15:37:15.804-03:00 DEBUG 739374 --- [person-service] [           main] org.hibernate.HQL_FUNCTIONS              : Double stddev_samp(NUMERIC arg)
2024-05-20T15:37:15.804-03:00 DEBUG 739374 --- [person-service] [           main] org.hibernate.HQL_FUNCTIONS              : String str(arg)
2024-05-20T15:37:15.804-03:00 DEBUG 739374 --- [person-service] [           main] org.hibernate.HQL_FUNCTIONS              : subdate(DATE datetime, INTEGER days)
2024-05-20T15:37:15.804-03:00 DEBUG 739374 --- [person-service] [           main] org.hibernate.HQL_FUNCTIONS              : String substr(STRING string, INTEGER start[, INTEGER length])
2024-05-20T15:37:15.804-03:00 DEBUG 739374 --- [person-service] [           main] org.hibernate.HQL_FUNCTIONS              : String substring(STRING string{ from|,} INTEGER start[{ for|,} INTEGER length])
2024-05-20T15:37:15.804-03:00 DEBUG 739374 --- [person-service] [           main] org.hibernate.HQL_FUNCTIONS              : subtime(TIME datetime, TIME time)
2024-05-20T15:37:15.804-03:00 DEBUG 739374 --- [person-service] [           main] org.hibernate.HQL_FUNCTIONS              : sum(arg)
2024-05-20T15:37:15.804-03:00 DEBUG 739374 --- [person-service] [           main] org.hibernate.HQL_FUNCTIONS              : Timestamp sysdate()
2024-05-20T15:37:15.804-03:00 DEBUG 739374 --- [person-service] [           main] org.hibernate.HQL_FUNCTIONS              : Double tan(NUMERIC arg)
2024-05-20T15:37:15.804-03:00 DEBUG 739374 --- [person-service] [           main] org.hibernate.HQL_FUNCTIONS              : Double tanh(NUMERIC arg)
2024-05-20T15:37:15.804-03:00 DEBUG 739374 --- [person-service] [           main] org.hibernate.HQL_FUNCTIONS              : String time(arg)
2024-05-20T15:37:15.805-03:00 DEBUG 739374 --- [person-service] [           main] org.hibernate.HQL_FUNCTIONS              : Timestamp timestamp(arg0[, arg1])
2024-05-20T15:37:15.805-03:00 DEBUG 739374 --- [person-service] [           main] org.hibernate.HQL_FUNCTIONS              : timestampadd(TEMPORAL_UNIT field, INTEGER magnitude, TEMPORAL datetime)
2024-05-20T15:37:15.805-03:00 DEBUG 739374 --- [person-service] [           main] org.hibernate.HQL_FUNCTIONS              : basicType@5(java.lang.Long,-5)|basicType@19(java.lang.Double,8) timestampdiff(TEMPORAL_UNIT field, TEMPORAL start, TEMPORAL end)
2024-05-20T15:37:15.805-03:00 DEBUG 739374 --- [person-service] [           main] org.hibernate.HQL_FUNCTIONS              : String trim([[{leading|trailing|both} ][STRING arg0 ]from] STRING arg1)
2024-05-20T15:37:15.805-03:00 DEBUG 739374 --- [person-service] [           main] org.hibernate.HQL_FUNCTIONS              : trunc( ... )
2024-05-20T15:37:15.805-03:00 DEBUG 739374 --- [person-service] [           main] org.hibernate.HQL_FUNCTIONS              : truncate( ... )
2024-05-20T15:37:15.806-03:00 DEBUG 739374 --- [person-service] [           main] org.hibernate.HQL_FUNCTIONS              : String upper(STRING string)
2024-05-20T15:37:15.806-03:00 DEBUG 739374 --- [person-service] [           main] org.hibernate.HQL_FUNCTIONS              : Date utc_date
2024-05-20T15:37:15.806-03:00 DEBUG 739374 --- [person-service] [           main] org.hibernate.HQL_FUNCTIONS              : Time utc_time
2024-05-20T15:37:15.806-03:00 DEBUG 739374 --- [person-service] [           main] org.hibernate.HQL_FUNCTIONS              : Timestamp utc_timestamp
2024-05-20T15:37:15.806-03:00 DEBUG 739374 --- [person-service] [           main] org.hibernate.HQL_FUNCTIONS              : Double var_pop(NUMERIC arg)
2024-05-20T15:37:15.806-03:00 DEBUG 739374 --- [person-service] [           main] org.hibernate.HQL_FUNCTIONS              : Double var_samp(NUMERIC arg)
2024-05-20T15:37:15.806-03:00 DEBUG 739374 --- [person-service] [           main] org.hibernate.HQL_FUNCTIONS              : Double variance(NUMERIC arg)
2024-05-20T15:37:15.806-03:00 DEBUG 739374 --- [person-service] [           main] org.hibernate.HQL_FUNCTIONS              : Integer week(DATE arg)
2024-05-20T15:37:15.806-03:00 DEBUG 739374 --- [person-service] [           main] org.hibernate.HQL_FUNCTIONS              : Integer year(DATE arg)
2024-05-20T15:37:15.813-03:00 DEBUG 739374 --- [person-service] [           main] org.hibernate.orm.query.plan.cache       : Starting QueryInterpretationCache(2048)
2024-05-20T15:37:15.869-03:00 DEBUG 739374 --- [person-service] [           main] .h.s.i.SessionFactoryServiceRegistryImpl : EventListenerRegistry access via ServiceRegistry is deprecated.  Use `sessionFactory.getEventEngine().getListenerRegistry()` instead
2024-05-20T15:37:15.873-03:00 DEBUG 739374 --- [person-service] [           main] h.e.i.EntityCopyObserverFactoryInitiator : Configured EntityCopyObserver strategy: disallow
2024-05-20T15:37:15.926-03:00 DEBUG 739374 --- [person-service] [           main] org.hibernate.ormbytecode.interceptor    : To-one property `com.srmasset.ports.outbound.database.loan.dao.LoanDAO#person` was mapped with LAZY + NO_PROXY but the class was not enhanced
2024-05-20T15:37:15.926-03:00 DEBUG 739374 --- [person-service] [           main] org.hibernate.ormbytecode.interceptor    : To-one property `com.srmasset.ports.outbound.database.loan.dao.LoanDAO#person` was mapped with LAZY + NO_PROXY but the class was not enhanced
2024-05-20T15:37:15.927-03:00 DEBUG 739374 --- [person-service] [           main] o.h.boot.internal.ClassLoaderAccessImpl  : Not known whether passed class name [com.srmasset.ports.outbound.database.loan.dao.LoanDAO] is safe
2024-05-20T15:37:15.927-03:00 DEBUG 739374 --- [person-service] [           main] o.h.boot.internal.ClassLoaderAccessImpl  : No temp ClassLoader provided; using live ClassLoader for loading potentially unsafe class : com.srmasset.ports.outbound.database.loan.dao.LoanDAO
2024-05-20T15:37:16.079-03:00 DEBUG 739374 --- [person-service] [           main] o.h.b.i.bytebuddy.BytecodeProviderImpl   : HHH000513: Unable to create the ReflectionOptimizer for [com.srmasset.ports.outbound.database.loan.dao.LoanDAO]: private accessor [creationDate]
2024-05-20T15:37:16.083-03:00 DEBUG 739374 --- [person-service] [           main] org.hibernate.ormbytecode.interceptor    : To-one property `com.srmasset.ports.outbound.database.loan.dao.LoanDAO#person` was mapped with LAZY + NO_PROXY but the class was not enhanced
2024-05-20T15:37:16.105-03:00 DEBUG 739374 --- [person-service] [           main] o.h.boot.internal.ClassLoaderAccessImpl  : Not known whether passed class name [com.srmasset.ports.outbound.database.loan.dao.PersonDAO] is safe
2024-05-20T15:37:16.105-03:00 DEBUG 739374 --- [person-service] [           main] o.h.boot.internal.ClassLoaderAccessImpl  : No temp ClassLoader provided; using live ClassLoader for loading potentially unsafe class : com.srmasset.ports.outbound.database.loan.dao.PersonDAO
2024-05-20T15:37:16.144-03:00 DEBUG 739374 --- [person-service] [           main] o.hibernate.orm.model.mapping.creation   : Starting post-init callbacks
2024-05-20T15:37:16.145-03:00 DEBUG 739374 --- [person-service] [           main] o.hibernate.orm.model.mapping.creation   : Starting PostInitCallbackEntry : To-one key - NavigableRole[com.srmasset.ports.outbound.database.loan.dao.LoanDAO.person]
2024-05-20T15:37:16.147-03:00 DEBUG 739374 --- [person-service] [           main] o.hibernate.orm.model.mapping.creation   : Starting PostInitCallbackEntry : Entity(com.srmasset.ports.outbound.database.loan.dao.LoanDAO) `staticFetchableList` generator
2024-05-20T15:37:16.147-03:00 DEBUG 739374 --- [person-service] [           main] o.hibernate.orm.model.mapping.creation   : Starting PostInitCallbackEntry : Entity(com.srmasset.ports.outbound.database.loan.dao.PersonDAO) `staticFetchableList` generator
2024-05-20T15:37:16.198-03:00 DEBUG 739374 --- [person-service] [           main] org.hibernate.orm.sql.ast.create         : Created new SQL alias : ld1_0
2024-05-20T15:37:16.199-03:00 DEBUG 739374 --- [person-service] [           main] org.hibernate.orm.sql.ast.create         : Registration of TableGroup [StandardTableGroup(com.srmasset.ports.outbound.database.loan.dao.LoanDAO)] with identifierForTableGroup [com.srmasset.ports.outbound.database.loan.dao.LoanDAO] for NavigablePath [com.srmasset.ports.outbound.database.loan.dao.LoanDAO] 
2024-05-20T15:37:16.206-03:00 DEBUG 739374 --- [person-service] [           main] org.hibernate.orm.sql.ast.create         : Registration of TableGroup [org.hibernate.sql.ast.tree.from.LazyTableGroup@75f65d54] with identifierForTableGroup [com.srmasset.ports.outbound.database.loan.dao.LoanDAO.person] for NavigablePath [com.srmasset.ports.outbound.database.loan.dao.LoanDAO.person] 
2024-05-20T15:37:16.207-03:00 DEBUG 739374 --- [person-service] [           main] org.hibernate.orm.sql.ast.create         : Created new SQL alias : p1_0
2024-05-20T15:37:16.213-03:00 DEBUG 739374 --- [person-service] [           main] org.hibernate.orm.results.graph.AST      : DomainResult Graph:
 \-EntityResultImpl [com.srmasset.ports.outbound.database.loan.dao.LoanDAO]
 |  +-BasicFetch [com.srmasset.ports.outbound.database.loan.dao.LoanDAO.creationDate]
 |  +-BasicFetch [com.srmasset.ports.outbound.database.loan.dao.LoanDAO.numberOfInstallments]
 |  +-BasicFetch [com.srmasset.ports.outbound.database.loan.dao.LoanDAO.paymentStatus]
 |  +-EntityFetchJoinedImpl [com.srmasset.ports.outbound.database.loan.dao.LoanDAO.person]
 |  \-BasicFetch [com.srmasset.ports.outbound.database.loan.dao.LoanDAO.value]

2024-05-20T15:37:16.216-03:00 DEBUG 739374 --- [person-service] [           main] org.hibernate.orm.sql.ast.tree           : SQL AST Tree:
    SelectStatement {
      FromClause {
        StandardTableGroup (ld1 : com.srmasset.ports.outbound.database.loan.dao.LoanDAO) {
          primaryTableReference : loan as ld1_0
          TableGroupJoins {
             join LazyTableGroup (p1 : com.srmasset.ports.outbound.database.loan.dao.LoanDAO.person) {
              primaryTableReference : person as p1_0
            }
          }
        }
      }
    }

2024-05-20T15:37:16.221-03:00 DEBUG 739374 --- [person-service] [           main] o.h.p.entity.AbstractEntityPersister     : Static SQL for entity: com.srmasset.ports.outbound.database.loan.dao.LoanDAO
2024-05-20T15:37:16.222-03:00 DEBUG 739374 --- [person-service] [           main] o.h.p.entity.AbstractEntityPersister     :  Version select: select id from loan where id=?
2024-05-20T15:37:16.222-03:00 DEBUG 739374 --- [person-service] [           main] o.h.p.entity.AbstractEntityPersister     :  Insert (0): insert into loan (creation_date,number_of_installments,payment_status,person_id,loan_value) values (?,?,?,?,?)
2024-05-20T15:37:16.222-03:00 DEBUG 739374 --- [person-service] [           main] o.h.p.entity.AbstractEntityPersister     :  Update (0): update loan set creation_date=?,number_of_installments=?,payment_status=?,person_id=?,loan_value=? where id=?
2024-05-20T15:37:16.222-03:00 DEBUG 739374 --- [person-service] [           main] o.h.p.entity.AbstractEntityPersister     :  Delete (0): delete from loan where id=?
2024-05-20T15:37:16.222-03:00 DEBUG 739374 --- [person-service] [           main] org.hibernate.orm.sql.ast.create         : Created new SQL alias : pd1_0
2024-05-20T15:37:16.222-03:00 DEBUG 739374 --- [person-service] [           main] org.hibernate.orm.sql.ast.create         : Registration of TableGroup [StandardTableGroup(com.srmasset.ports.outbound.database.loan.dao.PersonDAO)] with identifierForTableGroup [com.srmasset.ports.outbound.database.loan.dao.PersonDAO] for NavigablePath [com.srmasset.ports.outbound.database.loan.dao.PersonDAO] 
2024-05-20T15:37:16.222-03:00 DEBUG 739374 --- [person-service] [           main] org.hibernate.orm.results.graph.AST      : DomainResult Graph:
 \-EntityResultImpl [com.srmasset.ports.outbound.database.loan.dao.PersonDAO]

2024-05-20T15:37:16.222-03:00 DEBUG 739374 --- [person-service] [           main] org.hibernate.orm.sql.ast.tree           : SQL AST Tree:
    SelectStatement {
      FromClause {
        StandardTableGroup (pd1 : com.srmasset.ports.outbound.database.loan.dao.PersonDAO) {
          primaryTableReference : person as pd1_0
        }
      }
    }

2024-05-20T15:37:16.222-03:00 DEBUG 739374 --- [person-service] [           main] o.h.p.entity.AbstractEntityPersister     : Static SQL for entity: com.srmasset.ports.outbound.database.loan.dao.PersonDAO
2024-05-20T15:37:16.222-03:00 DEBUG 739374 --- [person-service] [           main] o.h.p.entity.AbstractEntityPersister     :  Version select: select id from person where id=?
2024-05-20T15:37:16.222-03:00 DEBUG 739374 --- [person-service] [           main] o.h.p.entity.AbstractEntityPersister     :  Insert (0): insert into person values ( )
2024-05-20T15:37:16.222-03:00 DEBUG 739374 --- [person-service] [           main] o.h.p.entity.AbstractEntityPersister     :  Delete (0): delete from person where id=?
2024-05-20T15:37:16.247-03:00  INFO 739374 --- [person-service] [           main] o.h.e.t.j.p.i.JtaPlatformInitiator       : HHH000489: No JTA platform available (set 'hibernate.transaction.jta.platform' to enable JTA platform integration)
2024-05-20T15:37:16.247-03:00 DEBUG 739374 --- [person-service] [           main] o.h.type.spi.TypeConfiguration$Scope     : Scoping TypeConfiguration [org.hibernate.type.spi.TypeConfiguration@33bdd01] to SessionFactoryImplementor [org.hibernate.internal.SessionFactoryImpl@391b01c5]
2024-05-20T15:37:16.248-03:00 DEBUG 739374 --- [person-service] [           main] o.h.query.named.NamedObjectRepository    : Checking 0 named HQL queries
2024-05-20T15:37:16.248-03:00 DEBUG 739374 --- [person-service] [           main] o.h.query.named.NamedObjectRepository    : Checking 0 named SQL queries
2024-05-20T15:37:16.248-03:00 DEBUG 739374 --- [person-service] [           main] .h.t.s.s.SchemaManagementToolCoordinator : No schema actions specified for contributor `orm`; doing nothing
2024-05-20T15:37:16.248-03:00 DEBUG 739374 --- [person-service] [           main] .h.t.s.s.SchemaManagementToolCoordinator : No actions found; doing nothing
2024-05-20T15:37:16.249-03:00 DEBUG 739374 --- [person-service] [           main] o.h.internal.SessionFactoryRegistry      : Initializing SessionFactoryRegistry : org.hibernate.internal.SessionFactoryRegistry@71687d8f
2024-05-20T15:37:16.249-03:00 DEBUG 739374 --- [person-service] [           main] o.h.internal.SessionFactoryRegistry      : Registering SessionFactory: 90060ef0-0c7d-4c03-a1b3-e3fb0004d04a (<unnamed>)
2024-05-20T15:37:16.249-03:00 DEBUG 739374 --- [person-service] [           main] o.h.internal.SessionFactoryRegistry      : Not binding SessionFactory to JNDI, no JNDI name configured
2024-05-20T15:37:16.249-03:00 DEBUG 739374 --- [person-service] [           main] o.hibernate.internal.SessionFactoryImpl  : Instantiated SessionFactory
2024-05-20T15:37:16.249-03:00  INFO 739374 --- [person-service] [           main] j.LocalContainerEntityManagerFactoryBean : Initialized JPA EntityManagerFactory for persistence unit 'default'
2024-05-20T15:37:16.253-03:00 DEBUG 739374 --- [person-service] [           main] o.s.b.f.s.DefaultListableBeanFactory     : Creating shared instance of singleton bean 'application'
2024-05-20T15:37:16.254-03:00 DEBUG 739374 --- [person-service] [           main] o.s.b.f.s.DefaultListableBeanFactory     : Creating shared instance of singleton bean 'inboundLoanAdapter'
2024-05-20T15:37:16.257-03:00 DEBUG 739374 --- [person-service] [           main] o.s.b.f.s.DefaultListableBeanFactory     : Creating shared instance of singleton bean 'outboundPersonAdapter'
2024-05-20T15:37:16.258-03:00 DEBUG 739374 --- [person-service] [           main] o.s.b.f.s.DefaultListableBeanFactory     : Creating shared instance of singleton bean 'outboundPersonPort'
2024-05-20T15:37:16.259-03:00 DEBUG 739374 --- [person-service] [           main] o.s.c.e.PropertySourcesPropertyResolver  : Found key 'ports.outbound.http.person.url' in PropertySource 'environmentProperties' with value of type String
2024-05-20T15:37:16.260-03:00 DEBUG 739374 --- [person-service] [           main] o.s.b.f.s.DefaultListableBeanFactory     : Creating shared instance of singleton bean 'httpClientSingleton'
2024-05-20T15:37:16.261-03:00 DEBUG 739374 --- [person-service] [           main] o.s.c.e.PropertySourcesPropertyResolver  : Found key 'ports.outbound.http.connect-timeout' in PropertySource 'environmentProperties' with value of type String
2024-05-20T15:37:16.262-03:00 DEBUG 739374 --- [person-service] [           main] o.s.c.e.PropertySourcesPropertyResolver  : Found key 'ports.outbound.http.read-timeout' in PropertySource 'environmentProperties' with value of type String
2024-05-20T15:37:16.324-03:00 DEBUG 739374 --- [person-service] [           main] jdk.event.security                       : X509Certificate: Alg:SHA256withRSA, Serial:4fd22b8ff564c8339e4f345866237060, Subject:CN=UCA Extended Validation Root, O=UniTrust, C=CN, Issuer:CN=UCA Extended Validation Root, O=UniTrust, C=CN, Key type:RSA, Length:4096, Cert Id:649181271, Valid from:12/03/2015 21:00, Valid until:30/12/2038 21:00
2024-05-20T15:37:16.325-03:00 DEBUG 739374 --- [person-service] [           main] jdk.event.security                       : X509Certificate: Alg:SHA256withRSA, Serial:92b888dbb08ac163, Subject:CN=CA Disig Root R2, O=Disig a.s., L=Bratislava, C=SK, Issuer:CN=CA Disig Root R2, O=Disig a.s., L=Bratislava, C=SK, Key type:RSA, Length:4096, Cert Id:747175721, Valid from:19/07/2012 06:15, Valid until:19/07/2042 06:15
2024-05-20T15:37:16.326-03:00 DEBUG 739374 --- [person-service] [           main] jdk.event.security                       : X509Certificate: Alg:SHA384withRSA, Serial:6d8c1446b1a60aee, Subject:CN=AffirmTrust Premium, O=AffirmTrust, C=US, Issuer:CN=AffirmTrust Premium, O=AffirmTrust, C=US, Key type:RSA, Length:4096, Cert Id:-2130283955, Valid from:29/01/2010 12:10, Valid until:31/12/2040 11:10
2024-05-20T15:37:16.328-03:00 DEBUG 739374 --- [person-service] [           main] jdk.event.security                       : X509Certificate: Alg:SHA384withECDSA, Serial:212a560caeda0cab4045bf2ba22d3aea, Subject:CN=OISTE WISeKey Global Root GC CA, OU=OISTE Foundation Endorsed, O=WISeKey, C=CH, Issuer:CN=OISTE WISeKey Global Root GC CA, OU=OISTE Foundation Endorsed, O=WISeKey, C=CH, Key type:EC, Length:384, Cert Id:-1513165457, Valid from:09/05/2017 06:48, Valid until:09/05/2042 06:58
2024-05-20T15:37:16.329-03:00 DEBUG 739374 --- [person-service] [           main] jdk.event.security                       : X509Certificate: Alg:SHA256withRSA, Serial:d9b5437fafa9390f000000005565ad58, Subject:CN=Entrust Root Certification Authority - G4, OU="(c) 2015 Entrust, Inc. - for authorized use only", OU=See www.entrust.net/legal-terms, O="Entrust, Inc.", C=US, Issuer:CN=Entrust Root Certification Authority - G4, OU="(c) 2015 Entrust, Inc. - for authorized use only", OU=See www.entrust.net/legal-terms, O="Entrust, Inc.", C=US, Key type:RSA, Length:4096, Cert Id:1368037548, Valid from:27/05/2015 08:11, Valid until:27/12/2037 08:41
2024-05-20T15:37:16.330-03:00 DEBUG 739374 --- [person-service] [           main] jdk.event.security                       : X509Certificate: Alg:SHA256withRSA, Serial:5416bf3b7e3995718dd1aa00a5860d2b8f7a054e, Subject:CN=CommScope Public Trust RSA Root-02, O=CommScope, C=US, Issuer:CN=CommScope Public Trust RSA Root-02, O=CommScope, C=US, Key type:RSA, Length:4096, Cert Id:1341146455, Valid from:28/04/2021 14:16, Valid until:28/04/2046 14:16
2024-05-20T15:37:16.332-03:00 DEBUG 739374 --- [person-service] [           main] jdk.event.security                       : X509Certificate: Alg:SHA1withRSA, Serial:5ec3b7a6437fa4e0, Subject:C=ES, O=ACCV, OU=PKIACCV, CN=ACCVRAIZ1, Issuer:C=ES, O=ACCV, OU=PKIACCV, CN=ACCVRAIZ1, Key type:RSA, Length:4096, Cert Id:-592111236, Valid from:05/05/2011 06:37, Valid until:31/12/2030 06:37
2024-05-20T15:37:16.333-03:00 DEBUG 739374 --- [person-service] [           main] jdk.event.security                       : X509Certificate: Alg:SHA256withRSA, Serial:0, Subject:OU=Security Communication RootCA2, O="SECOM Trust Systems CO.,LTD.", C=JP, Issuer:OU=Security Communication RootCA2, O="SECOM Trust Systems CO.,LTD.", C=JP, Key type:RSA, Length:2048, Cert Id:1521072570, Valid from:29/05/2009 02:00, Valid until:29/05/2029 02:00
2024-05-20T15:37:16.334-03:00 DEBUG 739374 --- [person-service] [           main] jdk.event.security                       : X509Certificate: Alg:SHA256withRSA, Serial:8e0ff94b907168653354f4d44439b7e0, Subject:CN=Certainly Root R1, O=Certainly, C=US, Issuer:CN=Certainly Root R1, O=Certainly, C=US, Key type:RSA, Length:4096, Cert Id:-2039008761, Valid from:31/03/2021 21:00, Valid until:31/03/2046 21:00
2024-05-20T15:37:16.335-03:00 DEBUG 739374 --- [person-service] [           main] jdk.event.security                       : X509Certificate: Alg:SHA1withRSA, Serial:50946cec18ead59c4dd597ef758fa0ad, Subject:CN=XRamp Global Certification Authority, O=XRamp Security Services Inc, OU=www.xrampsecurity.com, C=US, Issuer:CN=XRamp Global Certification Authority, O=XRamp Security Services Inc, OU=www.xrampsecurity.com, C=US, Key type:RSA, Length:2048, Cert Id:-952474086, Valid from:01/11/2004 14:14, Valid until:01/01/2035 02:37
2024-05-20T15:37:16.336-03:00 DEBUG 739374 --- [person-service] [           main] jdk.event.security                       : X509Certificate: Alg:SHA1withRSA, Serial:75622a4e8d48a894df413c8f0f8eaa5, Subject:CN=Secure Global CA, O=SecureTrust Corporation, C=US, Issuer:CN=Secure Global CA, O=SecureTrust Corporation, C=US, Key type:RSA, Length:2048, Cert Id:-1476772975, Valid from:07/11/2006 17:42, Valid until:31/12/2029 16:52
2024-05-20T15:37:16.336-03:00 DEBUG 739374 --- [person-service] [           main] jdk.event.security                       : X509Certificate: Alg:SHA384withRSA, Serial:8f9b478a8fa7eda6a333789de7ccf8a, Subject:CN=DigiCert TLS RSA4096 Root G5, O="DigiCert, Inc.", C=US, Issuer:CN=DigiCert TLS RSA4096 Root G5, O="DigiCert, Inc.", C=US, Key type:RSA, Length:4096, Cert Id:165956757, Valid from:14/01/2021 21:00, Valid until:14/01/2046 20:59
2024-05-20T15:37:16.337-03:00 DEBUG 739374 --- [person-service] [           main] jdk.event.security                       : X509Certificate: Alg:SHA384withRSA, Serial:203e5aec58d04251aab1125aa, Subject:CN=GTS Root R2, O=Google Trust Services LLC, C=US, Issuer:CN=GTS Root R2, O=Google Trust Services LLC, C=US, Key type:RSA, Length:4096, Cert Id:948387669, Valid from:21/06/2016 21:00, Valid until:21/06/2036 21:00
2024-05-20T15:37:16.338-03:00 DEBUG 739374 --- [person-service] [           main] jdk.event.security                       : X509Certificate: Alg:SHA384withECDSA, Serial:66f23daf87de8bb14aea0c573101c2ec, Subject:CN=Microsoft ECC Root Certificate Authority 2017, O=Microsoft Corporation, C=US, Issuer:CN=Microsoft ECC Root Certificate Authority 2017, O=Microsoft Corporation, C=US, Key type:EC, Length:384, Cert Id:-1054206011, Valid from:18/12/2019 20:06, Valid until:18/07/2042 20:16
2024-05-20T15:37:16.339-03:00 DEBUG 739374 --- [person-service] [           main] jdk.event.security                       : X509Certificate: Alg:SHA1withRSA, Serial:200605167002, Subject:OU=certSIGN ROOT CA, O=certSIGN, C=RO, Issuer:OU=certSIGN ROOT CA, O=certSIGN, C=RO, Key type:RSA, Length:2048, Cert Id:-289960676, Valid from:04/07/2006 14:20, Valid until:04/07/2031 14:20
2024-05-20T15:37:16.340-03:00 DEBUG 739374 --- [person-service] [           main] jdk.event.security                       : X509Certificate: Alg:SHA384withRSA, Serial:194301ea20bddf5c5332ab1434471f8d6504d0d, Subject:CN=NAVER Global Root Certification Authority, O=NAVER BUSINESS PLATFORM Corp., C=KR, Issuer:CN=NAVER Global Root Certification Authority, O=NAVER BUSINESS PLATFORM Corp., C=KR, Key type:RSA, Length:4096, Cert Id:1777546867, Valid from:18/08/2017 05:58, Valid until:18/08/2037 20:59
2024-05-20T15:37:16.341-03:00 DEBUG 739374 --- [person-service] [           main] jdk.event.security                       : X509Certificate: Alg:SHA256withRSA, Serial:0, Subject:CN=Go Daddy Root Certificate Authority - G2, O="GoDaddy.com, Inc.", L=Scottsdale, ST=Arizona, C=US, Issuer:CN=Go Daddy Root Certificate Authority - G2, O="GoDaddy.com, Inc.", L=Scottsdale, ST=Arizona, C=US, Key type:RSA, Length:2048, Cert Id:439600313, Valid from:31/08/2009 21:00, Valid until:31/12/2037 20:59
2024-05-20T15:37:16.341-03:00 DEBUG 739374 --- [person-service] [           main] jdk.event.security                       : X509Certificate: Alg:SHA384withECDSA, Serial:11d2bbba336ed4bce62468c50d841d98e843, Subject:CN=GlobalSign Root E46, O=GlobalSign nv-sa, C=BE, Issuer:CN=GlobalSign Root E46, O=GlobalSign nv-sa, C=BE, Key type:EC, Length:384, Cert Id:-889363391, Valid from:19/03/2019 21:00, Valid until:19/03/2046 21:00
2024-05-20T15:37:16.342-03:00 DEBUG 739374 --- [person-service] [           main] jdk.event.security                       : X509Certificate: Alg:SHA384withECDSA, Serial:5f0241d77a877c4c03a3ac968dfbffd0, Subject:CN=D-TRUST EV Root CA 1 2020, O=D-Trust GmbH, C=DE, Issuer:CN=D-TRUST EV Root CA 1 2020, O=D-Trust GmbH, C=DE, Key type:EC, Length:384, Cert Id:238735896, Valid from:11/02/2020 07:00, Valid until:11/02/2035 06:59
2024-05-20T15:37:16.344-03:00 DEBUG 739374 --- [person-service] [           main] jdk.event.security                       : X509Certificate: Alg:SHA256withRSA, Serial:2ef59b0228a7db7affd5a3a9eebd03a0cf126a1d, Subject:CN=QuoVadis Root CA 3 G3, O=QuoVadis Limited, C=BM, Issuer:CN=QuoVadis Root CA 3 G3, O=QuoVadis Limited, C=BM, Key type:RSA, Length:4096, Cert Id:-705622991, Valid from:12/01/2012 18:26, Valid until:12/01/2042 17:26
2024-05-20T15:37:16.345-03:00 DEBUG 739374 --- [person-service] [           main] jdk.event.security                       : X509Certificate: Alg:SHA256withRSA, Serial:1, Subject:CN=TUBITAK Kamu SM SSL Kok Sertifikasi - Surum 1, OU=Kamu Sertifikasyon Merkezi - Kamu SM, O=Turkiye Bilimsel ve Teknolojik Arastirma Kurumu - TUBITAK, L=Gebze - Kocaeli, C=TR, Issuer:CN=TUBITAK Kamu SM SSL Kok Sertifikasi - Surum 1, OU=Kamu Sertifikasyon Merkezi - Kamu SM, O=Turkiye Bilimsel ve Teknolojik Arastirma Kurumu - TUBITAK, L=Gebze - Kocaeli, C=TR, Key type:RSA, Length:2048, Cert Id:1093603654, Valid from:25/11/2013 06:25, Valid until:25/10/2043 05:25
2024-05-20T15:37:16.346-03:00 DEBUG 739374 --- [person-service] [           main] jdk.event.security                       : X509Certificate: Alg:SHA256withRSA, Serial:cae91b89f155030da3e6416dc4e3a6e1, Subject:CN=Certigna Root CA, OU=0002 48146308100036, O=Dhimyotis, C=FR, Issuer:CN=Certigna Root CA, OU=0002 48146308100036, O=Dhimyotis, C=FR, Key type:RSA, Length:4096, Cert Id:356684591, Valid from:01/10/2013 05:32, Valid until:01/10/2033 05:32
2024-05-20T15:37:16.347-03:00 DEBUG 739374 --- [person-service] [           main] jdk.event.security                       : X509Certificate: Alg:SHA256withRSA, Serial:dd3e3bc6cf96bb1, Subject:CN=ANF Secure Server Root CA, OU=ANF CA Raiz, O=ANF Autoridad de Certificacion, C=ES, SERIALNUMBER=G63287510, Issuer:CN=ANF Secure Server Root CA, OU=ANF CA Raiz, O=ANF Autoridad de Certificacion, C=ES, SERIALNUMBER=G63287510, Key type:RSA, Length:4096, Cert Id:-841649695, Valid from:04/09/2019 07:00, Valid until:30/08/2039 07:00
2024-05-20T15:37:16.348-03:00 DEBUG 739374 --- [person-service] [           main] jdk.event.security                       : X509Certificate: Alg:SHA384withRSA, Serial:59b1b579e8e2132e23907bda777755c, Subject:CN=DigiCert Trusted Root G4, OU=www.digicert.com, O=DigiCert Inc, C=US, Issuer:CN=DigiCert Trusted Root G4, OU=www.digicert.com, O=DigiCert Inc, C=US, Key type:RSA, Length:4096, Cert Id:1057369358, Valid from:01/08/2013 09:00, Valid until:15/01/2038 09:00
2024-05-20T15:37:16.349-03:00 DEBUG 739374 --- [person-service] [           main] jdk.event.security                       : X509Certificate: Alg:SHA384withECDSA, Serial:67749d8d77d83b6adb22f4ff59e2bfce, Subject:CN=HARICA TLS ECC Root CA 2021, O=Hellenic Academic and Research Institutions CA, C=GR, Issuer:CN=HARICA TLS ECC Root CA 2021, O=Hellenic Academic and Research Institutions CA, C=GR, Key type:EC, Length:384, Cert Id:-693932344, Valid from:19/02/2021 08:01, Valid until:13/02/2045 08:01
2024-05-20T15:37:16.350-03:00 DEBUG 739374 --- [person-service] [           main] jdk.event.security                       : X509Certificate: Alg:SHA256withRSA, Serial:33af1e6a711a9a0bb2864b11d09fae5, Subject:CN=DigiCert Global Root G2, OU=www.digicert.com, O=DigiCert Inc, C=US, Issuer:CN=DigiCert Global Root G2, OU=www.digicert.com, O=DigiCert Inc, C=US, Key type:RSA, Length:2048, Cert Id:1136084297, Valid from:01/08/2013 09:00, Valid until:15/01/2038 09:00
2024-05-20T15:37:16.351-03:00 DEBUG 739374 --- [person-service] [           main] jdk.event.security                       : X509Certificate: Alg:SHA1withRSA, Serial:1, Subject:CN=AAA Certificate Services, O=Comodo CA Limited, L=Salford, ST=Greater Manchester, C=GB, Issuer:CN=AAA Certificate Services, O=Comodo CA Limited, L=Salford, ST=Greater Manchester, C=GB, Key type:RSA, Length:2048, Cert Id:-1197580894, Valid from:31/12/2003 22:00, Valid until:31/12/2028 20:59
2024-05-20T15:37:16.351-03:00 DEBUG 739374 --- [person-service] [           main] jdk.event.security                       : X509Certificate: Alg:SHA384withECDSA, Serial:6e6abc59aa53be983967a2d26ba43be66d1cd6da, Subject:CN=vTrus ECC Root CA, O="iTrusChina Co.,Ltd.", C=CN, Issuer:CN=vTrus ECC Root CA, O="iTrusChina Co.,Ltd.", C=CN, Key type:EC, Length:384, Cert Id:268503342, Valid from:31/07/2018 04:26, Valid until:31/07/2043 04:26
2024-05-20T15:37:16.352-03:00 DEBUG 739374 --- [person-service] [           main] jdk.event.security                       : X509Certificate: Alg:SHA256withRSA, Serial:4000000000121585308a2, Subject:CN=GlobalSign, O=GlobalSign, OU=GlobalSign Root CA - R3, Issuer:CN=GlobalSign, O=GlobalSign, OU=GlobalSign Root CA - R3, Key type:RSA, Length:2048, Cert Id:733875591, Valid from:18/03/2009 07:00, Valid until:18/03/2029 07:00
2024-05-20T15:37:16.353-03:00 DEBUG 739374 --- [person-service] [           main] jdk.event.security                       : X509Certificate: Alg:SHA256withRSA, Serial:2, Subject:CN=Buypass Class 3 Root CA, O=Buypass AS-983163327, C=NO, Issuer:CN=Buypass Class 3 Root CA, O=Buypass AS-983163327, C=NO, Key type:RSA, Length:4096, Cert Id:1264269967, Valid from:26/10/2010 06:28, Valid until:26/10/2040 05:28
2024-05-20T15:37:16.354-03:00 DEBUG 739374 --- [person-service] [           main] jdk.event.security                       : X509Certificate: Alg:SHA384withECDSA, Serial:788f275c81125220a504d02dddba73f4, Subject:CN=Certum EC-384 CA, OU=Certum Certification Authority, O=Asseco Data Systems S.A., C=PL, Issuer:CN=Certum EC-384 CA, OU=Certum Certification Authority, O=Asseco Data Systems S.A., C=PL, Key type:EC, Length:384, Cert Id:994586241, Valid from:26/03/2018 04:24, Valid until:26/03/2043 04:24
2024-05-20T15:37:16.355-03:00 DEBUG 739374 --- [person-service] [           main] jdk.event.security                       : X509Certificate: Alg:SHA384withECDSA, Serial:2c17087d642ac0fe85185906cfb44aeb, Subject:CN=BJCA Global Root CA2, O=BEIJING CERTIFICATE AUTHORITY, C=CN, Issuer:CN=BJCA Global Root CA2, O=BEIJING CERTIFICATE AUTHORITY, C=CN, Key type:EC, Length:384, Cert Id:1781225575, Valid from:19/12/2019 00:18, Valid until:12/12/2044 00:18
2024-05-20T15:37:16.356-03:00 DEBUG 739374 --- [person-service] [           main] jdk.event.security                       : X509Certificate: Alg:SHA1withRSA, Serial:4e812d8a8265e00b02ee3e350246e53d, Subject:CN=COMODO Certification Authority, O=COMODO CA Limited, L=Salford, ST=Greater Manchester, C=GB, Issuer:CN=COMODO Certification Authority, O=COMODO CA Limited, L=Salford, ST=Greater Manchester, C=GB, Key type:RSA, Length:2048, Cert Id:904304908, Valid from:30/11/2006 22:00, Valid until:31/12/2029 20:59
2024-05-20T15:37:16.357-03:00 DEBUG 739374 --- [person-service] [           main] jdk.event.security                       : X509Certificate: Alg:SHA384withECDSA, Serial:41d29dd172eaeea780c12c6ce92f8752, Subject:CN=ISRG Root X2, O=Internet Security Research Group, C=US, Issuer:CN=ISRG Root X2, O=Internet Security Research Group, C=US, Key type:EC, Length:384, Cert Id:-896325052, Valid from:03/09/2020 21:00, Valid until:17/09/2040 13:00
2024-05-20T15:37:16.357-03:00 DEBUG 739374 --- [person-service] [           main] jdk.event.security                       : X509Certificate: Alg:SHA256withRSA, Serial:1675f27d6fe7ae3e4acbe095b059e, Subject:CN=Telia Root CA v2, O=Telia Finland Oyj, C=FI, Issuer:CN=Telia Root CA v2, O=Telia Finland Oyj, C=FI, Key type:RSA, Length:4096, Cert Id:-821903320, Valid from:29/11/2018 09:55, Valid until:29/11/2043 08:55
2024-05-20T15:37:16.358-03:00 DEBUG 739374 --- [person-service] [           main] jdk.event.security                       : X509Certificate: Alg:SHA1withRSA, Serial:444c0, Subject:CN=Certum Trusted Network CA, OU=Certum Certification Authority, O=Unizeto Technologies S.A., C=PL, Issuer:CN=Certum Trusted Network CA, OU=Certum Certification Authority, O=Unizeto Technologies S.A., C=PL, Key type:RSA, Length:2048, Cert Id:2014002193, Valid from:22/10/2008 10:07, Valid until:31/12/2029 09:07
2024-05-20T15:37:16.359-03:00 DEBUG 739374 --- [person-service] [           main] jdk.event.security                       : X509Certificate: Alg:SHA256withRSA, Serial:39ca931cef43f3c68e93c7f46489387e, Subject:CN=HARICA TLS RSA Root CA 2021, O=Hellenic Academic and Research Institutions CA, C=GR, Issuer:CN=HARICA TLS RSA Root CA 2021, O=Hellenic Academic and Research Institutions CA, C=GR, Key type:RSA, Length:4096, Cert Id:1709624614, Valid from:19/02/2021 07:55, Valid until:13/02/2045 07:55
2024-05-20T15:37:16.360-03:00 DEBUG 739374 --- [person-service] [           main] jdk.event.security                       : X509Certificate: Alg:SHA256withRSA, Serial:66c9fcf99bf8c0a39e2f0788a43e696365bca, Subject:CN=Amazon Root CA 1, O=Amazon, C=US, Issuer:CN=Amazon Root CA 1, O=Amazon, C=US, Key type:RSA, Length:2048, Cert Id:-1472444962, Valid from:25/05/2015 21:00, Valid until:16/01/2038 21:00
2024-05-20T15:37:16.361-03:00 DEBUG 739374 --- [person-service] [           main] jdk.event.security                       : X509Certificate: Alg:SHA1withRSA, Serial:20000b9, Subject:CN=Baltimore CyberTrust Root, OU=CyberTrust, O=Baltimore, C=IE, Issuer:CN=Baltimore CyberTrust Root, OU=CyberTrust, O=Baltimore, C=IE, Key type:RSA, Length:2048, Cert Id:1425294543, Valid from:12/05/2000 15:46, Valid until:12/05/2025 20:59
2024-05-20T15:37:16.362-03:00 DEBUG 739374 --- [person-service] [           main] jdk.event.security                       : X509Certificate: Alg:SHA256withRSA, Serial:1302d5e2404c92468616675db4bbbbb26b3efc13, Subject:CN=TunTrust Root CA, O=Agence Nationale de Certification Electronique, C=TN, Issuer:CN=TunTrust Root CA, O=Agence Nationale de Certification Electronique, C=TN, Key type:RSA, Length:4096, Cert Id:1973181427, Valid from:26/04/2019 05:57, Valid until:26/04/2044 05:57
2024-05-20T15:37:16.363-03:00 DEBUG 739374 --- [person-service] [           main] jdk.event.security                       : X509Certificate: Alg:SHA1withRSA, Serial:cf08e5c0816a5ad427ff0eb271859d0, Subject:CN=SecureTrust CA, O=SecureTrust Corporation, C=US, Issuer:CN=SecureTrust CA, O=SecureTrust Corporation, C=US, Key type:RSA, Length:2048, Cert Id:2034155325, Valid from:07/11/2006 17:31, Valid until:31/12/2029 16:40
2024-05-20T15:37:16.364-03:00 DEBUG 739374 --- [person-service] [           main] jdk.event.security                       : X509Certificate: Alg:SHA1withRSA, Serial:5c6, Subject:CN=QuoVadis Root CA 3, O=QuoVadis Limited, C=BM, Issuer:CN=QuoVadis Root CA 3, O=QuoVadis Limited, C=BM, Key type:RSA, Length:4096, Cert Id:1470392860, Valid from:24/11/2006 17:11, Valid until:24/11/2031 16:06
2024-05-20T15:37:16.364-03:00 DEBUG 739374 --- [person-service] [           main] jdk.event.security                       : X509Certificate: Alg:SHA384withECDSA, Serial:7b71b68256b8127c9ca8, Subject:CN=emSign ECC Root CA - C3, O=eMudhra Inc, OU=emSign PKI, C=US, Issuer:CN=emSign ECC Root CA - C3, O=eMudhra Inc, OU=emSign PKI, C=US, Key type:EC, Length:384, Cert Id:-948456756, Valid from:18/02/2018 15:30, Valid until:18/02/2043 15:30
2024-05-20T15:37:16.365-03:00 DEBUG 739374 --- [person-service] [           main] jdk.event.security                       : X509Certificate: Alg:SHA256withRSA, Serial:3e034981751674318e4cabd5c5902996c53910dd, Subject:CN=CommScope Public Trust RSA Root-01, O=CommScope, C=US, Issuer:CN=CommScope Public Trust RSA Root-01, O=CommScope, C=US, Key type:RSA, Length:4096, Cert Id:-1020105141, Valid from:28/04/2021 13:45, Valid until:28/04/2046 13:45
2024-05-20T15:37:16.366-03:00 DEBUG 739374 --- [person-service] [           main] jdk.event.security                       : X509Certificate: Alg:SHA384withRSA, Serial:45e6bb038333c3856548e6ff4551, Subject:CN=GlobalSign, O=GlobalSign, OU=GlobalSign Root CA - R6, Issuer:CN=GlobalSign, O=GlobalSign, OU=GlobalSign Root CA - R6, Key type:RSA, Length:4096, Cert Id:-506627753, Valid from:09/12/2014 22:00, Valid until:09/12/2034 21:00
2024-05-20T15:37:16.367-03:00 DEBUG 739374 --- [person-service] [           main] jdk.event.security                       : X509Certificate: Alg:SHA256withRSA, Serial:a0142800000014523c844b500000002, Subject:CN=IdenTrust Commercial Root CA 1, O=IdenTrust, C=US, Issuer:CN=IdenTrust Commercial Root CA 1, O=IdenTrust, C=US, Key type:RSA, Length:4096, Cert Id:1232565210, Valid from:16/01/2014 16:12, Valid until:16/01/2034 15:12
2024-05-20T15:37:16.368-03:00 DEBUG 739374 --- [person-service] [           main] jdk.event.security                       : X509Certificate: Alg:SHA256withRSA, Serial:8165f8a4ca5ec00c99340dfc4c6ae23b81c5aa4, Subject:CN=Hongkong Post Root CA 3, O=Hongkong Post, L=Hong Kong, ST=Hong Kong, C=HK, Issuer:CN=Hongkong Post Root CA 3, O=Hongkong Post, L=Hong Kong, ST=Hong Kong, C=HK, Key type:RSA, Length:4096, Cert Id:-901951080, Valid from:02/06/2017 23:29, Valid until:02/06/2042 23:29
2024-05-20T15:37:16.368-03:00 DEBUG 739374 --- [person-service] [           main] jdk.event.security                       : X509Certificate: Alg:SHA1withRSA, Serial:ce7e0e517d846fe8fe560fc1bf03039, Subject:CN=DigiCert Assured ID Root CA, OU=www.digicert.com, O=DigiCert Inc, C=US, Issuer:CN=DigiCert Assured ID Root CA, OU=www.digicert.com, O=DigiCert Inc, C=US, Key type:RSA, Length:2048, Cert Id:-860404528, Valid from:09/11/2006 22:00, Valid until:09/11/2031 21:00
2024-05-20T15:37:16.369-03:00 DEBUG 739374 --- [person-service] [           main] jdk.event.security                       : X509Certificate: Alg:SHA384withECDSA, Serial:ba15afa1ddfa0b54944afcd24a06cec, Subject:CN=DigiCert Assured ID Root G3, OU=www.digicert.com, O=DigiCert Inc, C=US, Issuer:CN=DigiCert Assured ID Root G3, OU=www.digicert.com, O=DigiCert Inc, C=US, Key type:EC, Length:384, Cert Id:-645537245, Valid from:01/08/2013 09:00, Valid until:15/01/2038 09:00
2024-05-20T15:37:16.370-03:00 DEBUG 739374 --- [person-service] [           main] jdk.event.security                       : X509Certificate: Alg:SHA1withRSA, Serial:15c8bd65475cafb897005ee406d2bc9d, Subject:OU=ePKI Root Certification Authority, O="Chunghwa Telecom Co., Ltd.", C=TW, Issuer:OU=ePKI Root Certification Authority, O="Chunghwa Telecom Co., Ltd.", C=TW, Key type:RSA, Length:4096, Cert Id:-662636137, Valid from:20/12/2004 00:31, Valid until:19/12/2034 23:31
2024-05-20T15:37:16.370-03:00 DEBUG 739374 --- [person-service] [           main] jdk.event.security                       : X509Certificate: Alg:SHA1withRSA, Serial:0, Subject:OU=Security Communication RootCA1, O=SECOM Trust.net, C=JP, Issuer:OU=Security Communication RootCA1, O=SECOM Trust.net, C=JP, Key type:RSA, Length:2048, Cert Id:1802358121, Valid from:30/09/2003 01:20, Valid until:30/09/2023 01:20
2024-05-20T15:37:16.371-03:00 DEBUG 739374 --- [person-service] [           main] jdk.event.security                       : X509Certificate: Alg:SHA256withECDSA, Serial:75e6dfcbc1685ba8, Subject:CN=SSL.com Root Certification Authority ECC, O=SSL Corporation, L=Houston, ST=Texas, C=US, Issuer:CN=SSL.com Root Certification Authority ECC, O=SSL Corporation, L=Houston, ST=Texas, C=US, Key type:EC, Length:384, Cert Id:-1368293613, Valid from:12/02/2016 16:14, Valid until:12/02/2041 15:14
2024-05-20T15:37:16.372-03:00 DEBUG 739374 --- [person-service] [           main] jdk.event.security                       : X509Certificate: Alg:SHA384withECDSA, Serial:3cf607a968700eda8b84, Subject:CN=emSign ECC Root CA - G3, O=eMudhra Technologies Limited, OU=emSign PKI, C=IN, Issuer:CN=emSign ECC Root CA - G3, O=eMudhra Technologies Limited, OU=emSign PKI, C=IN, Key type:EC, Length:384, Cert Id:-462931589, Valid from:18/02/2018 15:30, Valid until:18/02/2043 15:30
2024-05-20T15:37:16.373-03:00 DEBUG 739374 --- [person-service] [           main] jdk.event.security                       : X509Certificate: Alg:SHA256withRSA, Serial:56b629cd34bc78f6, Subject:CN=SSL.com EV Root Certification Authority RSA R2, O=SSL Corporation, L=Houston, ST=Texas, C=US, Issuer:CN=SSL.com EV Root Certification Authority RSA R2, O=SSL Corporation, L=Houston, ST=Texas, C=US, Key type:RSA, Length:4096, Cert Id:1381862403, Valid from:31/05/2017 15:14, Valid until:30/05/2042 15:14
2024-05-20T15:37:16.373-03:00 DEBUG 739374 --- [person-service] [           main] jdk.event.security                       : X509Certificate: Alg:SHA256withRSA, Serial:5a4bbd5afb4f8a5bfa65e5, Subject:CN=GLOBALTRUST 2020, O=e-commerce monitoring GmbH, C=AT, Issuer:CN=GLOBALTRUST 2020, O=e-commerce monitoring GmbH, C=AT, Key type:RSA, Length:4096, Cert Id:-522246883, Valid from:09/02/2020 21:00, Valid until:09/06/2040 21:00
2024-05-20T15:37:16.374-03:00 DEBUG 739374 --- [person-service] [           main] jdk.event.security                       : X509Certificate: Alg:SHA384withRSA, Serial:758dfd8bae7c0700faa925a7e1c7ad14, Subject:CN=Sectigo Public Server Authentication Root R46, O=Sectigo Limited, C=GB, Issuer:CN=Sectigo Public Server Authentication Root R46, O=Sectigo Limited, C=GB, Key type:RSA, Length:4096, Cert Id:-488315127, Valid from:21/03/2021 21:00, Valid until:21/03/2046 20:59
2024-05-20T15:37:16.375-03:00 DEBUG 739374 --- [person-service] [           main] jdk.event.security                       : X509Certificate: Alg:SHA384withRSA, Serial:203e5936f31b01349886ba217, Subject:CN=GTS Root R1, O=Google Trust Services LLC, C=US, Issuer:CN=GTS Root R1, O=Google Trust Services LLC, C=US, Key type:RSA, Length:4096, Cert Id:657172038, Valid from:21/06/2016 21:00, Valid until:21/06/2036 21:00
2024-05-20T15:37:16.376-03:00 DEBUG 739374 --- [person-service] [           main] jdk.event.security                       : X509Certificate: Alg:SHA384withECDSA, Serial:66c9fd7c1bb104c2943e5717b7b2cc81ac10e, Subject:CN=Amazon Root CA 4, O=Amazon, C=US, Issuer:CN=Amazon Root CA 4, O=Amazon, C=US, Key type:EC, Length:384, Cert Id:-1654272513, Valid from:25/05/2015 21:00, Valid until:25/05/2040 21:00
2024-05-20T15:37:16.376-03:00 DEBUG 739374 --- [person-service] [           main] jdk.event.security                       : X509Certificate: Alg:SHA384withECDSA, Serial:605949e0262ebb55f90a778a71f94ad86c, Subject:CN=GlobalSign, O=GlobalSign, OU=GlobalSign ECC Root CA - R5, Issuer:CN=GlobalSign, O=GlobalSign, OU=GlobalSign ECC Root CA - R5, Key type:EC, Length:384, Cert Id:1997048439, Valid from:12/11/2012 22:00, Valid until:19/01/2038 00:14
2024-05-20T15:37:16.377-03:00 DEBUG 739374 --- [person-service] [           main] jdk.event.security                       : X509Certificate: Alg:SHA384withECDSA, Serial:3d983ba6663d9063f77e26573804ef00, Subject:C=DE, O=Atos, CN=Atos TrustedRoot Root CA ECC TLS 2021, Issuer:C=DE, O=Atos, CN=Atos TrustedRoot Root CA ECC TLS 2021, Key type:EC, Length:384, Cert Id:-1147749653, Valid from:22/04/2021 06:26, Valid until:17/04/2041 06:26
2024-05-20T15:37:16.378-03:00 DEBUG 739374 --- [person-service] [           main] jdk.event.security                       : X509Certificate: Alg:SHA256withECDSA, Serial:d6a5f083f285c3e5195df5d, Subject:CN=Trustwave Global ECC P256 Certification Authority, O="Trustwave Holdings, Inc.", L=Chicago, ST=Illinois, C=US, Issuer:CN=Trustwave Global ECC P256 Certification Authority, O="Trustwave Holdings, Inc.", L=Chicago, ST=Illinois, C=US, Key type:EC, Length:256, Cert Id:948272517, Valid from:23/08/2017 16:35, Valid until:23/08/2042 16:35
2024-05-20T15:37:16.378-03:00 DEBUG 739374 --- [person-service] [           main] jdk.event.security                       : X509Certificate: Alg:SHA384withECDSA, Serial:28fd99604147a6013aca147b1feff96808835d7d, Subject:CN=CommScope Public Trust ECC Root-02, O=CommScope, C=US, Issuer:CN=CommScope Public Trust ECC Root-02, O=CommScope, C=US, Key type:EC, Length:384, Cert Id:1468864844, Valid from:28/04/2021 14:44, Valid until:28/04/2046 14:44
2024-05-20T15:37:16.379-03:00 DEBUG 739374 --- [person-service] [           main] jdk.event.security                       : X509Certificate: Alg:SHA1withRSA, Serial:0, Subject:OU=Go Daddy Class 2 Certification Authority, O="The Go Daddy Group, Inc.", C=US, Issuer:OU=Go Daddy Class 2 Certification Authority, O="The Go Daddy Group, Inc.", C=US, Key type:RSA, Length:2048, Cert Id:-271444299, Valid from:29/06/2004 14:06, Valid until:29/06/2034 14:06
2024-05-20T15:37:16.380-03:00 DEBUG 739374 --- [person-service] [           main] jdk.event.security                       : X509Certificate: Alg:SHA256withRSA, Serial:983f3, Subject:CN=D-TRUST Root Class 3 CA 2 2009, O=D-Trust GmbH, C=DE, Issuer:CN=D-TRUST Root Class 3 CA 2 2009, O=D-Trust GmbH, C=DE, Key type:RSA, Length:2048, Cert Id:1430153102, Valid from:05/11/2009 06:35, Valid until:05/11/2029 05:35
2024-05-20T15:37:16.380-03:00 DEBUG 739374 --- [person-service] [           main] jdk.event.security                       : X509Certificate: Alg:SHA1withRSA, Serial:4f1bd42f54bb2f4b, Subject:CN=SwissSign Silver CA - G2, O=SwissSign AG, C=CH, Issuer:CN=SwissSign Silver CA - G2, O=SwissSign AG, C=CH, Key type:RSA, Length:4096, Cert Id:126726124, Valid from:25/10/2006 05:32, Valid until:25/10/2036 05:32
2024-05-20T15:37:16.381-03:00 DEBUG 739374 --- [person-service] [           main] jdk.event.security                       : X509Certificate: Alg:SHA512withRSA, Serial:1ebf5950b8c980374c06f7eb554fb5ed, Subject:CN=Certum Trusted Root CA, OU=Certum Certification Authority, O=Asseco Data Systems S.A., C=PL, Issuer:CN=Certum Trusted Root CA, OU=Certum Certification Authority, O=Asseco Data Systems S.A., C=PL, Key type:RSA, Length:4096, Cert Id:-774327051, Valid from:16/03/2018 09:10, Valid until:16/03/2043 09:10
2024-05-20T15:37:16.382-03:00 DEBUG 739374 --- [person-service] [           main] jdk.event.security                       : X509Certificate: Alg:SHA256withRSA, Serial:7777062726a9b17c, Subject:CN=AffirmTrust Commercial, O=AffirmTrust, C=US, Issuer:CN=AffirmTrust Commercial, O=AffirmTrust, C=US, Key type:RSA, Length:2048, Cert Id:630485644, Valid from:29/01/2010 12:06, Valid until:31/12/2030 11:06
2024-05-20T15:37:16.383-03:00 DEBUG 739374 --- [person-service] [           main] jdk.event.security                       : X509Certificate: Alg:SHA256withECDSA, Serial:0, Subject:CN=Hellenic Academic and Research Institutions ECC RootCA 2015, O=Hellenic Academic and Research Institutions Cert. Authority, L=Athens, C=GR, Issuer:CN=Hellenic Academic and Research Institutions ECC RootCA 2015, O=Hellenic Academic and Research Institutions Cert. Authority, L=Athens, C=GR, Key type:EC, Length:384, Cert Id:513613456, Valid from:07/07/2015 07:37, Valid until:30/06/2040 07:37
2024-05-20T15:37:16.383-03:00 DEBUG 739374 --- [person-service] [           main] jdk.event.security                       : X509Certificate: Alg:SHA256withRSA, Serial:78585f2ead2c194be3370735341328b596d46593, Subject:CN=QuoVadis Root CA 1 G3, O=QuoVadis Limited, C=BM, Issuer:CN=QuoVadis Root CA 1 G3, O=QuoVadis Limited, C=BM, Key type:RSA, Length:4096, Cert Id:-762436034, Valid from:12/01/2012 15:27, Valid until:12/01/2042 14:27
2024-05-20T15:37:16.384-03:00 DEBUG 739374 --- [person-service] [           main] jdk.event.security                       : X509Certificate: Alg:SHA256withRSA, Serial:556f65e3b4d9906a1b09d16c3ec06c20, Subject:CN=BJCA Global Root CA1, O=BEIJING CERTIFICATE AUTHORITY, C=CN, Issuer:CN=BJCA Global Root CA1, O=BEIJING CERTIFICATE AUTHORITY, C=CN, Key type:RSA, Length:4096, Cert Id:-1889263367, Valid from:19/12/2019 00:16, Valid until:12/12/2044 00:16
2024-05-20T15:37:16.384-03:00 DEBUG 739374 --- [person-service] [           main] jdk.event.security                       : X509Certificate: Alg:SHA256withRSA, Serial:8210cfb0d240e3594463e0bb63828b00, Subject:CN=ISRG Root X1, O=Internet Security Research Group, C=US, Issuer:CN=ISRG Root X1, O=Internet Security Research Group, C=US, Key type:RSA, Length:4096, Cert Id:1521974916, Valid from:04/06/2015 08:04, Valid until:04/06/2035 08:04
2024-05-20T15:37:16.385-03:00 DEBUG 739374 --- [person-service] [           main] jdk.event.security                       : X509Certificate: Alg:SHA384withECDSA, Serial:7cc98f2b84d7dfea0fc9659ad34b4d96, Subject:CN=D-TRUST BR Root CA 1 2020, O=D-Trust GmbH, C=DE, Issuer:CN=D-TRUST BR Root CA 1 2020, O=D-Trust GmbH, C=DE, Key type:EC, Length:384, Cert Id:-83817738, Valid from:11/02/2020 06:45, Valid until:11/02/2035 06:44
2024-05-20T15:37:16.386-03:00 DEBUG 739374 --- [person-service] [           main] jdk.event.security                       : X509Certificate: Alg:SHA256withRSA, Serial:b0b75a16485fbfe1cbf58bd719e67d, Subject:CN=Izenpe.com, O=IZENPE S.A., C=ES, Issuer:CN=Izenpe.com, O=IZENPE S.A., C=ES, Key type:RSA, Length:4096, Cert Id:-1845580984, Valid from:13/12/2007 11:08, Valid until:13/12/2037 05:27
2024-05-20T15:37:16.387-03:00 DEBUG 739374 --- [person-service] [           main] jdk.event.security                       : X509Certificate: Alg:SHA1withRSA, Serial:1, Subject:CN=SecureSign RootCA11, O="Japan Certification Services, Inc.", C=JP, Issuer:CN=SecureSign RootCA11, O="Japan Certification Services, Inc.", C=JP, Key type:RSA, Length:2048, Cert Id:2079057034, Valid from:08/04/2009 01:56, Valid until:08/04/2029 01:56
2024-05-20T15:37:16.387-03:00 DEBUG 739374 --- [person-service] [           main] jdk.event.security                       : X509Certificate: Alg:SHA256withRSA, Serial:1, Subject:CN=T-TeleSec GlobalRoot Class 3, OU=T-Systems Trust Center, O=T-Systems Enterprise Services GmbH, C=DE, Issuer:CN=T-TeleSec GlobalRoot Class 3, OU=T-Systems Trust Center, O=T-Systems Enterprise Services GmbH, C=DE, Key type:RSA, Length:2048, Cert Id:1894096264, Valid from:01/10/2008 07:29, Valid until:01/10/2033 20:59
2024-05-20T15:37:16.388-03:00 DEBUG 739374 --- [person-service] [           main] jdk.event.security                       : X509Certificate: Alg:SHA384withRSA, Serial:1ed397095fd8b4b347701eaabe7f45b3, Subject:CN=Microsoft RSA Root Certificate Authority 2017, O=Microsoft Corporation, C=US, Issuer:CN=Microsoft RSA Root Certificate Authority 2017, O=Microsoft Corporation, C=US, Key type:RSA, Length:4096, Cert Id:-1446618248, Valid from:18/12/2019 19:51, Valid until:18/07/2042 20:00
2024-05-20T15:37:16.389-03:00 DEBUG 739374 --- [person-service] [           main] jdk.event.security                       : X509Certificate: Alg:SHA384withECDSA, Serial:203e5c068ef631a9c72905052, Subject:CN=GTS Root R4, O=Google Trust Services LLC, C=US, Issuer:CN=GTS Root R4, O=Google Trust Services LLC, C=US, Key type:EC, Length:384, Cert Id:1326433111, Valid from:21/06/2016 21:00, Valid until:21/06/2036 21:00
2024-05-20T15:37:16.389-03:00 DEBUG 739374 --- [person-service] [           main] jdk.event.security                       : X509Certificate: Alg:SHA384withECDSA, Serial:d65d9bb378812eeb, Subject:CN=Security Communication ECC RootCA1, O="SECOM Trust Systems CO.,LTD.", C=JP, Issuer:CN=Security Communication ECC RootCA1, O="SECOM Trust Systems CO.,LTD.", C=JP, Key type:EC, Length:384, Cert Id:2131361491, Valid from:16/06/2016 02:15, Valid until:18/01/2038 02:15
2024-05-20T15:37:16.390-03:00 DEBUG 739374 --- [person-service] [           main] jdk.event.security                       : X509Certificate: Alg:SHA256withRSA, Serial:a0142800000014523cf467c00000002, Subject:CN=IdenTrust Public Sector Root CA 1, O=IdenTrust, C=US, Issuer:CN=IdenTrust Public Sector Root CA 1, O=IdenTrust, C=US, Key type:RSA, Length:4096, Cert Id:2123370772, Valid from:16/01/2014 15:53, Valid until:16/01/2034 14:53
2024-05-20T15:37:16.391-03:00 DEBUG 739374 --- [person-service] [           main] jdk.event.security                       : X509Certificate: Alg:SHA384withRSA, Serial:53d5cfe619930bfb2b0512d8c22aa2a4, Subject:C=DE, O=Atos, CN=Atos TrustedRoot Root CA RSA TLS 2021, Issuer:C=DE, O=Atos, CN=Atos TrustedRoot Root CA RSA TLS 2021, Key type:RSA, Length:4096, Cert Id:-1322384443, Valid from:22/04/2021 06:21, Valid until:17/04/2041 06:21
2024-05-20T15:37:16.391-03:00 DEBUG 739374 --- [person-service] [           main] jdk.event.security                       : X509Certificate: Alg:SHA384withECDSA, Serial:4f2364b88e97639ec65381c1764ecb2a7415d6d7, Subject:CN=TrustAsia Global Root CA G4, O="TrustAsia Technologies, Inc.", C=CN, Issuer:CN=TrustAsia Global Root CA G4, O="TrustAsia Technologies, Inc.", C=CN, Key type:EC, Length:384, Cert Id:-1127247637, Valid from:19/05/2021 23:10, Valid until:18/05/2046 23:10
2024-05-20T15:37:16.392-03:00 DEBUG 739374 --- [person-service] [           main] jdk.event.security                       : X509Certificate: Alg:SHA256withRSA, Serial:3e8a5d07ec55d232d5b7e3b65f01eb2ddce4d6e4, Subject:CN=SZAFIR ROOT CA2, O=Krajowa Izba Rozliczeniowa S.A., C=PL, Issuer:CN=SZAFIR ROOT CA2, O=Krajowa Izba Rozliczeniowa S.A., C=PL, Key type:RSA, Length:2048, Cert Id:381279303, Valid from:19/10/2015 05:43, Valid until:19/10/2035 04:43
2024-05-20T15:37:16.392-03:00 DEBUG 739374 --- [person-service] [           main] jdk.event.security                       : X509Certificate: Alg:SHA256withRSA, Serial:aecf00bac4cf32f843b2, Subject:CN=emSign Root CA - C1, O=eMudhra Inc, OU=emSign PKI, C=US, Issuer:CN=emSign Root CA - C1, O=eMudhra Inc, OU=emSign PKI, C=US, Key type:RSA, Length:2048, Cert Id:-1268863356, Valid from:18/02/2018 15:30, Valid until:18/02/2043 15:30
2024-05-20T15:37:16.393-03:00 DEBUG 739374 --- [person-service] [           main] jdk.event.security                       : X509Certificate: Alg:SHA256withECDSA, Serial:15448ef21fd97590df5040a, Subject:CN=e-Szigno Root CA 2017, OID.2.5.4.97=VATHU-23584497, O=Microsec Ltd., L=Budapest, C=HU, Issuer:CN=e-Szigno Root CA 2017, OID.2.5.4.97=VATHU-23584497, O=Microsec Ltd., L=Budapest, C=HU, Key type:EC, Length:256, Cert Id:-991173715, Valid from:22/08/2017 09:07, Valid until:22/08/2042 09:07
2024-05-20T15:37:16.394-03:00 DEBUG 739374 --- [person-service] [           main] jdk.event.security                       : X509Certificate: Alg:SHA256withRSA, Serial:184accd6, Subject:CN=CFCA EV ROOT, O=China Financial Certification Authority, C=CN, Issuer:CN=CFCA EV ROOT, O=China Financial Certification Authority, C=CN, Key type:RSA, Length:4096, Cert Id:551407782, Valid from:08/08/2012 00:07, Valid until:31/12/2029 00:07
2024-05-20T15:37:16.395-03:00 DEBUG 739374 --- [person-service] [           main] jdk.event.security                       : X509Certificate: Alg:SHA256withRSA, Serial:2dddacce629794a143e8b0cd766a5e60, Subject:CN=HiPKI Root CA - G1, O="Chunghwa Telecom Co., Ltd.", C=TW, Issuer:CN=HiPKI Root CA - G1, O="Chunghwa Telecom Co., Ltd.", C=TW, Key type:RSA, Length:4096, Cert Id:-2016358144, Valid from:22/02/2019 06:46, Valid until:31/12/2037 12:59
2024-05-20T15:37:16.396-03:00 DEBUG 739374 --- [person-service] [           main] jdk.event.security                       : X509Certificate: Alg:SHA256withRSA, Serial:4a538c28, Subject:CN=Entrust Root Certification Authority - G2, OU="(c) 2009 Entrust, Inc. - for authorized use only", OU=See www.entrust.net/legal-terms, O="Entrust, Inc.", C=US, Issuer:CN=Entrust Root Certification Authority - G2, OU="(c) 2009 Entrust, Inc. - for authorized use only", OU=See www.entrust.net/legal-terms, O="Entrust, Inc.", C=US, Key type:RSA, Length:2048, Cert Id:1936920337, Valid from:07/07/2009 14:25, Valid until:07/12/2030 14:55
2024-05-20T15:37:16.396-03:00 DEBUG 739374 --- [person-service] [           main] jdk.event.security                       : X509Certificate: Alg:SHA1withRSA, Serial:509, Subject:CN=QuoVadis Root CA 2, O=QuoVadis Limited, C=BM, Issuer:CN=QuoVadis Root CA 2, O=QuoVadis Limited, C=BM, Key type:RSA, Length:4096, Cert Id:338250116, Valid from:24/11/2006 16:27, Valid until:24/11/2031 15:23
2024-05-20T15:37:16.397-03:00 DEBUG 739374 --- [person-service] [           main] jdk.event.security                       : X509Certificate: Alg:SHA256withRSA, Serial:31f5e4620c6c58edd6d8, Subject:CN=emSign Root CA - G1, O=eMudhra Technologies Limited, OU=emSign PKI, C=IN, Issuer:CN=emSign Root CA - G1, O=eMudhra Technologies Limited, OU=emSign PKI, C=IN, Key type:RSA, Length:2048, Cert Id:392709196, Valid from:18/02/2018 15:30, Valid until:18/02/2043 15:30
2024-05-20T15:37:16.398-03:00 DEBUG 739374 --- [person-service] [           main] jdk.event.security                       : X509Certificate: Alg:SHA256withRSA, Serial:5c33cb622c5fb332, Subject:C=DE, O=Atos, CN=Atos TrustedRoot 2011, Issuer:C=DE, O=Atos, CN=Atos TrustedRoot 2011, Key type:RSA, Length:2048, Cert Id:-28528624, Valid from:07/07/2011 11:58, Valid until:31/12/2030 20:59
2024-05-20T15:37:16.398-03:00 DEBUG 739374 --- [person-service] [           main] jdk.event.security                       : X509Certificate: Alg:SHA1withRSA, Serial:2ac5c266a0b409b8f0b79f2ae462577, Subject:CN=DigiCert High Assurance EV Root CA, OU=www.digicert.com, O=DigiCert Inc, C=US, Issuer:CN=DigiCert High Assurance EV Root CA, OU=www.digicert.com, O=DigiCert Inc, C=US, Key type:RSA, Length:2048, Cert Id:-1410680354, Valid from:09/11/2006 22:00, Valid until:09/11/2031 21:00
2024-05-20T15:37:16.399-03:00 DEBUG 739374 --- [person-service] [           main] jdk.event.security                       : X509Certificate: Alg:SHA256withRSA, Serial:0, Subject:CN=Starfield Root Certificate Authority - G2, O="Starfield Technologies, Inc.", L=Scottsdale, ST=Arizona, C=US, Issuer:CN=Starfield Root Certificate Authority - G2, O="Starfield Technologies, Inc.", L=Scottsdale, ST=Arizona, C=US, Key type:RSA, Length:2048, Cert Id:-1026641587, Valid from:31/08/2009 21:00, Valid until:31/12/2037 20:59
2024-05-20T15:37:16.399-03:00 DEBUG 739374 --- [person-service] [           main] jdk.event.security                       : X509Certificate: Alg:SHA256withRSA, Serial:b931c3ad63967ea6723bfc3af9af44b, Subject:CN=DigiCert Assured ID Root G2, OU=www.digicert.com, O=DigiCert Inc, C=US, Issuer:CN=DigiCert Assured ID Root G2, OU=www.digicert.com, O=DigiCert Inc, C=US, Key type:RSA, Length:2048, Cert Id:-385398383, Valid from:01/08/2013 09:00, Valid until:15/01/2038 09:00
2024-05-20T15:37:16.400-03:00 DEBUG 739374 --- [person-service] [           main] jdk.event.security                       : X509Certificate: Alg:SHA384withECDSA, Serial:62f6326ce5c4e3685c1b62dd9c2e9d95, Subject:CN=AC RAIZ FNMT-RCM SERVIDORES SEGUROS, OID.2.5.4.97=VATES-Q2826004J, OU=Ceres, O=FNMT-RCM, C=ES, Issuer:CN=AC RAIZ FNMT-RCM SERVIDORES SEGUROS, OID.2.5.4.97=VATES-Q2826004J, OU=Ceres, O=FNMT-RCM, C=ES, Key type:EC, Length:384, Cert Id:246315697, Valid from:20/12/2018 07:37, Valid until:20/12/2043 06:37
2024-05-20T15:37:16.401-03:00 DEBUG 739374 --- [person-service] [           main] jdk.event.security                       : X509Certificate: Alg:SHA256withRSA, Serial:983f4, Subject:CN=D-TRUST Root Class 3 CA 2 EV 2009, O=D-Trust GmbH, C=DE, Issuer:CN=D-TRUST Root Class 3 CA 2 EV 2009, O=D-Trust GmbH, C=DE, Key type:RSA, Length:2048, Cert Id:971313728, Valid from:05/11/2009 06:50, Valid until:05/11/2029 05:50
2024-05-20T15:37:16.402-03:00 DEBUG 739374 --- [person-service] [           main] jdk.event.security                       : X509Certificate: Alg:SHA256withRSA, Serial:0, Subject:CN=Starfield Services Root Certificate Authority - G2, O="Starfield Technologies, Inc.", L=Scottsdale, ST=Arizona, C=US, Issuer:CN=Starfield Services Root Certificate Authority - G2, O="Starfield Technologies, Inc.", L=Scottsdale, ST=Arizona, C=US, Key type:RSA, Length:2048, Cert Id:1964785574, Valid from:31/08/2009 21:00, Valid until:31/12/2037 20:59
2024-05-20T15:37:16.402-03:00 DEBUG 739374 --- [person-service] [           main] jdk.event.security                       : X509Certificate: Alg:SHA384withECDSA, Serial:1f47afaa62007050544c019e9b63992a, Subject:CN=COMODO ECC Certification Authority, O=COMODO CA Limited, L=Salford, ST=Greater Manchester, C=GB, Issuer:CN=COMODO ECC Certification Authority, O=COMODO CA Limited, L=Salford, ST=Greater Manchester, C=GB, Key type:EC, Length:384, Cert Id:1146488932, Valid from:05/03/2008 21:00, Valid until:18/01/2038 20:59
2024-05-20T15:37:16.403-03:00 DEBUG 739374 --- [person-service] [           main] jdk.event.security                       : X509Certificate: Alg:SHA384withECDSA, Serial:7497258ac73f7a54, Subject:CN=AffirmTrust Premium ECC, O=AffirmTrust, C=US, Issuer:CN=AffirmTrust Premium ECC, O=AffirmTrust, C=US, Key type:EC, Length:384, Cert Id:-2080363786, Valid from:29/01/2010 12:20, Valid until:31/12/2040 11:20
2024-05-20T15:37:16.404-03:00 DEBUG 739374 --- [person-service] [           main] jdk.event.security                       : X509Certificate: Alg:SHA384withECDSA, Serial:a68b79290000000050d091f9, Subject:CN=Entrust Root Certification Authority - EC1, OU="(c) 2012 Entrust, Inc. - for authorized use only", OU=See www.entrust.net/legal-terms, O="Entrust, Inc.", C=US, Issuer:CN=Entrust Root Certification Authority - EC1, OU="(c) 2012 Entrust, Inc. - for authorized use only", OU=See www.entrust.net/legal-terms, O="Entrust, Inc.", C=US, Key type:EC, Length:384, Cert Id:924514073, Valid from:18/12/2012 13:25, Valid until:18/12/2037 12:55
2024-05-20T15:37:16.404-03:00 DEBUG 739374 --- [person-service] [           main] jdk.event.security                       : X509Certificate: Alg:SHA1withRSA, Serial:0, Subject:OU=Starfield Class 2 Certification Authority, O="Starfield Technologies, Inc.", C=US, Issuer:OU=Starfield Class 2 Certification Authority, O="Starfield Technologies, Inc.", C=US, Key type:RSA, Length:2048, Cert Id:1825617644, Valid from:29/06/2004 14:39, Valid until:29/06/2034 14:39
2024-05-20T15:37:16.405-03:00 DEBUG 739374 --- [person-service] [           main] jdk.event.security                       : X509Certificate: Alg:SHA256withECDSA, Serial:66c9fd5749736663f3b0b9ad9e89e7603f24a, Subject:CN=Amazon Root CA 3, O=Amazon, C=US, Issuer:CN=Amazon Root CA 3, O=Amazon, C=US, Key type:EC, Length:256, Cert Id:-1562287523, Valid from:25/05/2015 21:00, Valid until:25/05/2040 21:00
2024-05-20T15:37:16.406-03:00 DEBUG 739374 --- [person-service] [           main] jdk.event.security                       : X509Certificate: Alg:SHA256withRSA, Serial:0, Subject:CN=Hellenic Academic and Research Institutions RootCA 2015, O=Hellenic Academic and Research Institutions Cert. Authority, L=Athens, C=GR, Issuer:CN=Hellenic Academic and Research Institutions RootCA 2015, O=Hellenic Academic and Research Institutions Cert. Authority, L=Athens, C=GR, Key type:RSA, Length:4096, Cert Id:-802976731, Valid from:07/07/2015 07:11, Valid until:30/06/2040 07:11
2024-05-20T15:37:16.406-03:00 DEBUG 739374 --- [person-service] [           main] jdk.event.security                       : X509Certificate: Alg:SHA1withRSA, Serial:95be16a0f72e46f17b398272fa8bcd96, Subject:CN=TeliaSonera Root CA v1, O=TeliaSonera, Issuer:CN=TeliaSonera Root CA v1, O=TeliaSonera, Key type:RSA, Length:4096, Cert Id:1495358374, Valid from:18/10/2007 10:00, Valid until:18/10/2032 09:00
2024-05-20T15:37:16.407-03:00 DEBUG 739374 --- [person-service] [           main] jdk.event.security                       : X509Certificate: Alg:SHA256withRSA, Serial:1b70e9d2ffae6c71, Subject:CN=Autoridad de Certificacion Firmaprofesional CIF A62634068, C=ES, Issuer:CN=Autoridad de Certificacion Firmaprofesional CIF A62634068, C=ES, Key type:RSA, Length:4096, Cert Id:-1766730314, Valid from:23/09/2014 12:22, Valid until:05/05/2036 12:22
2024-05-20T15:37:16.408-03:00 DEBUG 739374 --- [person-service] [           main] jdk.event.security                       : X509Certificate: Alg:SHA256withRSA, Serial:cbe, Subject:CN=TWCA Global Root CA, OU=Root CA, O=TAIWAN-CA, C=TW, Issuer:CN=TWCA Global Root CA, OU=Root CA, O=TAIWAN-CA, C=TW, Key type:RSA, Length:4096, Cert Id:861175838, Valid from:27/06/2012 03:28, Valid until:31/12/2030 12:59
2024-05-20T15:37:16.409-03:00 DEBUG 739374 --- [person-service] [           main] jdk.event.security                       : X509Certificate: Alg:SHA256withECDSA, Serial:203e57ef53f93fda50921b2a6, Subject:CN=GlobalSign, O=GlobalSign, OU=GlobalSign ECC Root CA - R4, Issuer:CN=GlobalSign, O=GlobalSign, OU=GlobalSign ECC Root CA - R4, Key type:EC, Length:256, Cert Id:-516970517, Valid from:12/11/2012 22:00, Valid until:19/01/2038 00:14
2024-05-20T15:37:16.410-03:00 DEBUG 739374 --- [person-service] [           main] jdk.event.security                       : X509Certificate: Alg:SHA384withECDSA, Serial:62533b1470333275cf98d9ab9bfccf8, Subject:CN=Certainly Root E1, O=Certainly, C=US, Issuer:CN=Certainly Root E1, O=Certainly, C=US, Key type:EC, Length:384, Cert Id:792571453, Valid from:31/03/2021 21:00, Valid until:31/03/2046 21:00
2024-05-20T15:37:16.410-03:00 DEBUG 739374 --- [person-service] [           main] jdk.event.security                       : X509Certificate: Alg:SHA384withECDSA, Serial:5c8b99c55a94c5d27156decd8980cc26, Subject:CN=USERTrust ECC Certification Authority, O=The USERTRUST Network, L=Jersey City, ST=New Jersey, C=US, Issuer:CN=USERTrust ECC Certification Authority, O=The USERTRUST Network, L=Jersey City, ST=New Jersey, C=US, Key type:EC, Length:384, Cert Id:-965679910, Valid from:31/01/2010 22:00, Valid until:18/01/2038 20:59
2024-05-20T15:37:16.411-03:00 DEBUG 739374 --- [person-service] [           main] jdk.event.security                       : X509Certificate: Alg:SHA256withECDSA, Serial:2c299c5b16ed0595, Subject:CN=SSL.com EV Root Certification Authority ECC, O=SSL Corporation, L=Houston, ST=Texas, C=US, Issuer:CN=SSL.com EV Root Certification Authority ECC, O=SSL Corporation, L=Houston, ST=Texas, C=US, Key type:EC, Length:384, Cert Id:1789254518, Valid from:12/02/2016 16:15, Valid until:12/02/2041 15:15
2024-05-20T15:37:16.411-03:00 DEBUG 739374 --- [person-service] [           main] jdk.event.security                       : X509Certificate: Alg:SHA384withECDSA, Serial:43708277cf4d5d34f1caae322f37f7f47f75a09e, Subject:CN=CommScope Public Trust ECC Root-01, O=CommScope, C=US, Issuer:CN=CommScope Public Trust ECC Root-01, O=CommScope, C=US, Key type:EC, Length:384, Cert Id:-1762588238, Valid from:28/04/2021 14:35, Valid until:28/04/2046 14:35
2024-05-20T15:37:16.412-03:00 DEBUG 739374 --- [person-service] [           main] jdk.event.security                       : X509Certificate: Alg:SHA384withECDSA, Serial:9e09365acf7d9c8b93e1c0b042a2ef3, Subject:CN=DigiCert TLS ECC P384 Root G5, O="DigiCert, Inc.", C=US, Issuer:CN=DigiCert TLS ECC P384 Root G5, O="DigiCert, Inc.", C=US, Key type:EC, Length:384, Cert Id:-354195278, Valid from:14/01/2021 21:00, Valid until:14/01/2046 20:59
2024-05-20T15:37:16.413-03:00 DEBUG 739374 --- [person-service] [           main] jdk.event.security                       : X509Certificate: Alg:SHA384withECDSA, Serial:42f2ccda1b6937445f15fe752810b8f4, Subject:CN=Sectigo Public Server Authentication Root E46, O=Sectigo Limited, C=GB, Issuer:CN=Sectigo Public Server Authentication Root E46, O=Sectigo Limited, C=GB, Key type:EC, Length:384, Cert Id:-505582027, Valid from:21/03/2021 21:00, Valid until:21/03/2046 20:59
2024-05-20T15:37:16.413-03:00 DEBUG 739374 --- [person-service] [           main] jdk.event.security                       : X509Certificate: Alg:SHA384withECDSA, Serial:8bd85976c9927a48068473b, Subject:CN=Trustwave Global ECC P384 Certification Authority, O="Trustwave Holdings, Inc.", L=Chicago, ST=Illinois, C=US, Issuer:CN=Trustwave Global ECC P384 Certification Authority, O="Trustwave Holdings, Inc.", L=Chicago, ST=Illinois, C=US, Key type:EC, Length:384, Cert Id:-1993924923, Valid from:23/08/2017 16:36, Valid until:23/08/2042 16:36
2024-05-20T15:37:16.414-03:00 DEBUG 739374 --- [person-service] [           main] jdk.event.security                       : X509Certificate: Alg:SHA256withRSA, Serial:5ddfb1da5aa3ed5dbe5a6520650390ef, Subject:CN=UCA Global G2 Root, O=UniTrust, C=CN, Issuer:CN=UCA Global G2 Root, O=UniTrust, C=CN, Key type:RSA, Length:4096, Cert Id:1844967193, Valid from:10/03/2016 21:00, Valid until:30/12/2040 21:00
2024-05-20T15:37:16.414-03:00 DEBUG 739374 --- [person-service] [           main] jdk.event.security                       : X509Certificate: Alg:SHA256withRSA, Serial:76b1205274f0858746b3f8231af6c2c0, Subject:CN=OISTE WISeKey Global Root GB CA, OU=OISTE Foundation Endorsed, O=WISeKey, C=CH, Issuer:CN=OISTE WISeKey Global Root GB CA, OU=OISTE Foundation Endorsed, O=WISeKey, C=CH, Key type:RSA, Length:2048, Cert Id:-613481516, Valid from:01/12/2014 13:00, Valid until:01/12/2039 12:10
2024-05-20T15:37:16.415-03:00 DEBUG 739374 --- [person-service] [           main] jdk.event.security                       : X509Certificate: Alg:SHA384withRSA, Serial:4caaf9cadb636fe01ff74ed85b03869d, Subject:CN=COMODO RSA Certification Authority, O=COMODO CA Limited, L=Salford, ST=Greater Manchester, C=GB, Issuer:CN=COMODO RSA Certification Authority, O=COMODO CA Limited, L=Salford, ST=Greater Manchester, C=GB, Key type:RSA, Length:4096, Cert Id:1769425049, Valid from:18/01/2010 22:00, Valid until:18/01/2038 20:59
2024-05-20T15:37:16.416-03:00 DEBUG 739374 --- [person-service] [           main] jdk.event.security                       : X509Certificate: Alg:SHA1withRSA, Serial:40000000001154b5ac394, Subject:CN=GlobalSign Root CA, OU=Root CA, O=GlobalSign nv-sa, C=BE, Issuer:CN=GlobalSign Root CA, OU=Root CA, O=GlobalSign nv-sa, C=BE, Key type:RSA, Length:2048, Cert Id:536948034, Valid from:01/09/1998 09:00, Valid until:28/01/2028 09:00
2024-05-20T15:37:16.416-03:00 DEBUG 739374 --- [person-service] [           main] jdk.event.security                       : X509Certificate: Alg:SHA256withRSA, Serial:445734245b81899b35f2ceb82b3b5ba726f07528, Subject:CN=QuoVadis Root CA 2 G3, O=QuoVadis Limited, C=BM, Issuer:CN=QuoVadis Root CA 2 G3, O=QuoVadis Limited, C=BM, Key type:RSA, Length:4096, Cert Id:696763521, Valid from:12/01/2012 16:59, Valid until:12/01/2042 15:59
2024-05-20T15:37:16.417-03:00 DEBUG 739374 --- [person-service] [           main] jdk.event.security                       : X509Certificate: Alg:SHA384withRSA, Serial:e17c3740fd1bfe67, Subject:CN=Security Communication RootCA3, O="SECOM Trust Systems CO.,LTD.", C=JP, Issuer:CN=Security Communication RootCA3, O="SECOM Trust Systems CO.,LTD.", C=JP, Key type:RSA, Length:4096, Cert Id:-490273538, Valid from:16/06/2016 03:17, Valid until:18/01/2038 03:17
2024-05-20T15:37:16.418-03:00 DEBUG 739374 --- [person-service] [           main] jdk.event.security                       : X509Certificate: Alg:SHA384withRSA, Serial:1fd6d30fca3ca51a81bbc640e35032d, Subject:CN=USERTrust RSA Certification Authority, O=The USERTRUST Network, L=Jersey City, ST=New Jersey, C=US, Issuer:CN=USERTrust RSA Certification Authority, O=The USERTRUST Network, L=Jersey City, ST=New Jersey, C=US, Key type:RSA, Length:4096, Cert Id:-347365895, Valid from:31/01/2010 22:00, Valid until:18/01/2038 20:59
2024-05-20T15:37:16.419-03:00 DEBUG 739374 --- [person-service] [           main] jdk.event.security                       : X509Certificate: Alg:SHA1withRSA, Serial:456b5054, Subject:CN=Entrust Root Certification Authority, OU="(c) 2006 Entrust, Inc.", OU=www.entrust.net/CPS is incorporated by reference, O="Entrust, Inc.", C=US, Issuer:CN=Entrust Root Certification Authority, OU="(c) 2006 Entrust, Inc.", OU=www.entrust.net/CPS is incorporated by reference, O="Entrust, Inc.", C=US, Key type:RSA, Length:2048, Cert Id:-1261404096, Valid from:27/11/2006 18:23, Valid until:27/11/2026 17:53
2024-05-20T15:37:16.420-03:00 DEBUG 739374 --- [person-service] [           main] jdk.event.security                       : X509Certificate: Alg:SHA256withRSA, Serial:7b2c9bd316803299, Subject:CN=SSL.com Root Certification Authority RSA, O=SSL Corporation, L=Houston, ST=Texas, C=US, Issuer:CN=SSL.com Root Certification Authority RSA, O=SSL Corporation, L=Houston, ST=Texas, C=US, Key type:RSA, Length:4096, Cert Id:156725711, Valid from:12/02/2016 15:39, Valid until:12/02/2041 14:39
2024-05-20T15:37:16.421-03:00 DEBUG 739374 --- [person-service] [           main] jdk.event.security                       : X509Certificate: Alg:SHA1withRSA, Serial:fedce3010fc948ff, Subject:CN=Certigna, O=Dhimyotis, C=FR, Issuer:CN=Certigna, O=Dhimyotis, C=FR, Key type:RSA, Length:2048, Cert Id:-788091456, Valid from:29/06/2007 12:13, Valid until:29/06/2027 12:13
2024-05-20T15:37:16.421-03:00 DEBUG 739374 --- [person-service] [           main] jdk.event.security                       : X509Certificate: Alg:SHA256withRSA, Serial:7d0997fef047ea7a, Subject:CN=GDCA TrustAUTH R5 ROOT, O="GUANG DONG CERTIFICATE AUTHORITY CO.,LTD.", C=CN, Issuer:CN=GDCA TrustAUTH R5 ROOT, O="GUANG DONG CERTIFICATE AUTHORITY CO.,LTD.", C=CN, Key type:RSA, Length:4096, Cert Id:494136981, Valid from:26/11/2014 03:13, Valid until:31/12/2040 12:59
2024-05-20T15:37:16.422-03:00 DEBUG 739374 --- [person-service] [           main] jdk.event.security                       : X509Certificate: Alg:SHA256withRSA, Serial:1, Subject:CN=T-TeleSec GlobalRoot Class 2, OU=T-Systems Trust Center, O=T-Systems Enterprise Services GmbH, C=DE, Issuer:CN=T-TeleSec GlobalRoot Class 2, OU=T-Systems Trust Center, O=T-Systems Enterprise Services GmbH, C=DE, Key type:RSA, Length:2048, Cert Id:-1238464039, Valid from:01/10/2008 07:40, Valid until:01/10/2033 20:59
2024-05-20T15:37:16.422-03:00 DEBUG 739374 --- [person-service] [           main] jdk.event.security                       : X509Certificate: Alg:SHA384withECDSA, Serial:203e5b882eb20f825276d3d66, Subject:CN=GTS Root R3, O=Google Trust Services LLC, C=US, Issuer:CN=GTS Root R3, O=Google Trust Services LLC, C=US, Key type:EC, Length:384, Cert Id:1163081155, Valid from:21/06/2016 21:00, Valid until:21/06/2036 21:00
2024-05-20T15:37:16.423-03:00 DEBUG 739374 --- [person-service] [           main] jdk.event.security                       : X509Certificate: Alg:SHA1withRSA, Serial:7c4f04391cd4992d, Subject:CN=AffirmTrust Networking, O=AffirmTrust, C=US, Issuer:CN=AffirmTrust Networking, O=AffirmTrust, C=US, Key type:RSA, Length:2048, Cert Id:651670175, Valid from:29/01/2010 12:08, Valid until:31/12/2030 11:08
2024-05-20T15:37:16.424-03:00 DEBUG 739374 --- [person-service] [           main] jdk.event.security                       : X509Certificate: Alg:SHA256withRSA, Serial:c27e43044e473f19, Subject:EMAILADDRESS=info@e-szigno.hu, CN=Microsec e-Szigno Root CA 2009, O=Microsec Ltd., L=Budapest, C=HU, Issuer:EMAILADDRESS=info@e-szigno.hu, CN=Microsec e-Szigno Root CA 2009, O=Microsec Ltd., L=Budapest, C=HU, Key type:RSA, Length:2048, Cert Id:-1903950012, Valid from:16/06/2009 08:30, Valid until:30/12/2029 08:30
2024-05-20T15:37:16.425-03:00 DEBUG 739374 --- [person-service] [           main] jdk.event.security                       : X509Certificate: Alg:SHA384withECDSA, Serial:1403f5abfb378b17405be243b2a5d1c4, Subject:CN=SSL.com TLS ECC Root CA 2022, O=SSL Corporation, C=US, Issuer:CN=SSL.com TLS ECC Root CA 2022, O=SSL Corporation, C=US, Key type:EC, Length:384, Cert Id:683561703, Valid from:25/08/2022 13:33, Valid until:19/08/2046 13:33
2024-05-20T15:37:16.425-03:00 DEBUG 739374 --- [person-service] [           main] jdk.event.security                       : X509Certificate: Alg:SHA256withRSA, Serial:6fbedaad73bd0840e28b4dbed4f75b91, Subject:CN=SSL.com TLS RSA Root CA 2022, O=SSL Corporation, C=US, Issuer:CN=SSL.com TLS RSA Root CA 2022, O=SSL Corporation, C=US, Key type:RSA, Length:4096, Cert Id:556880013, Valid from:25/08/2022 13:34, Valid until:19/08/2046 13:34
2024-05-20T15:37:16.426-03:00 DEBUG 739374 --- [person-service] [           main] jdk.event.security                       : X509Certificate: Alg:SHA256withRSA, Serial:43e37113d8b359145db7ce8cfd35fd6fbc058d45, Subject:CN=vTrus Root CA, O="iTrusChina Co.,Ltd.", C=CN, Issuer:CN=vTrus Root CA, O="iTrusChina Co.,Ltd.", C=CN, Key type:RSA, Length:4096, Cert Id:-1825883750, Valid from:31/07/2018 04:24, Valid until:31/07/2043 04:24
2024-05-20T15:37:16.427-03:00 DEBUG 739374 --- [person-service] [           main] jdk.event.security                       : X509Certificate: Alg:SHA512withRSA, Serial:21d6d04a4f250fc93237fcaa5e128de9, Subject:CN=Certum Trusted Network CA 2, OU=Certum Certification Authority, O=Unizeto Technologies S.A., C=PL, Issuer:CN=Certum Trusted Network CA 2, OU=Certum Certification Authority, O=Unizeto Technologies S.A., C=PL, Key type:RSA, Length:4096, Cert Id:1983350452, Valid from:06/10/2011 05:39, Valid until:06/10/2046 05:39
2024-05-20T15:37:16.429-03:00 DEBUG 739374 --- [person-service] [           main] jdk.event.security                       : X509Certificate: Alg:SHA256withRSA, Serial:49412ce40010, Subject:CN=NetLock Arany (Class Gold) Főtanúsítvány, OU=Tanúsítványkiadók (Certification Services), O=NetLock Kft., L=Budapest, C=HU, Issuer:CN=NetLock Arany (Class Gold) Főtanúsítvány, OU=Tanúsítványkiadók (Certification Services), O=NetLock Kft., L=Budapest, C=HU, Key type:RSA, Length:2048, Cert Id:58541246, Valid from:11/12/2008 13:08, Valid until:06/12/2028 12:08
2024-05-20T15:37:16.430-03:00 DEBUG 739374 --- [person-service] [           main] jdk.event.security                       : X509Certificate: Alg:SHA384withRSA, Serial:64f60e6577616aab3bb4ea8584bbb189b871930f, Subject:CN=TrustAsia Global Root CA G3, O="TrustAsia Technologies, Inc.", C=CN, Issuer:CN=TrustAsia Global Root CA G3, O="TrustAsia Technologies, Inc.", C=CN, Key type:RSA, Length:4096, Cert Id:-766524011, Valid from:19/05/2021 23:10, Valid until:18/05/2046 23:10
2024-05-20T15:37:16.431-03:00 DEBUG 739374 --- [person-service] [           main] jdk.event.security                       : X509Certificate: Alg:SHA1withRSA, Serial:3863def8, Subject:CN=Entrust.net Certification Authority (2048), OU=(c) 1999 Entrust.net Limited, OU=www.entrust.net/CPS_2048 incorp. by ref. (limits liab.), O=Entrust.net, Issuer:CN=Entrust.net Certification Authority (2048), OU=(c) 1999 Entrust.net Limited, OU=www.entrust.net/CPS_2048 incorp. by ref. (limits liab.), O=Entrust.net, Key type:RSA, Length:2048, Cert Id:-328536082, Valid from:24/12/1999 15:50, Valid until:24/07/2029 11:15
2024-05-20T15:37:16.432-03:00 DEBUG 739374 --- [person-service] [           main] jdk.event.security                       : X509Certificate: Alg:SHA256withRSA, Serial:5d938d306736c8061d1ac754846907, Subject:OU=AC RAIZ FNMT-RCM, O=FNMT-RCM, C=ES, Issuer:OU=AC RAIZ FNMT-RCM, O=FNMT-RCM, C=ES, Key type:RSA, Length:4096, Cert Id:1555523573, Valid from:29/10/2008 13:59, Valid until:31/12/2029 21:00
2024-05-20T15:37:16.433-03:00 DEBUG 739374 --- [person-service] [           main] jdk.event.security                       : X509Certificate: Alg:SHA384withRSA, Serial:11d2bbb9d723189e405f0a9d2dd0df2567d1, Subject:CN=GlobalSign Root R46, O=GlobalSign nv-sa, C=BE, Issuer:CN=GlobalSign Root R46, O=GlobalSign nv-sa, C=BE, Key type:RSA, Length:4096, Cert Id:1275948927, Valid from:19/03/2019 21:00, Valid until:19/03/2046 21:00
2024-05-20T15:37:16.433-03:00 DEBUG 739374 --- [person-service] [           main] jdk.event.security                       : X509Certificate: Alg:SHA1withRSA, Serial:1, Subject:CN=TWCA Root Certification Authority, OU=Root CA, O=TAIWAN-CA, C=TW, Issuer:CN=TWCA Root Certification Authority, OU=Root CA, O=TAIWAN-CA, C=TW, Key type:RSA, Length:2048, Cert Id:-1642094263, Valid from:28/08/2008 04:24, Valid until:31/12/2030 12:59
2024-05-20T15:37:16.434-03:00 DEBUG 739374 --- [person-service] [           main] jdk.event.security                       : X509Certificate: Alg:SHA1withRSA, Serial:83be056904246b1a1756ac95991c74a, Subject:CN=DigiCert Global Root CA, OU=www.digicert.com, O=DigiCert Inc, C=US, Issuer:CN=DigiCert Global Root CA, OU=www.digicert.com, O=DigiCert Inc, C=US, Key type:RSA, Length:2048, Cert Id:1341898239, Valid from:09/11/2006 22:00, Valid until:09/11/2031 21:00
2024-05-20T15:37:16.434-03:00 DEBUG 739374 --- [person-service] [           main] jdk.event.security                       : X509Certificate: Alg:SHA384withECDSA, Serial:55556bcf25ea43535c3a40fd5ab4572, Subject:CN=DigiCert Global Root G3, OU=www.digicert.com, O=DigiCert Inc, C=US, Issuer:CN=DigiCert Global Root G3, OU=www.digicert.com, O=DigiCert Inc, C=US, Key type:EC, Length:384, Cert Id:-795968543, Valid from:01/08/2013 09:00, Valid until:15/01/2038 09:00
2024-05-20T15:37:16.435-03:00 DEBUG 739374 --- [person-service] [           main] jdk.event.security                       : X509Certificate: Alg:SHA256withRSA, Serial:2, Subject:CN=Buypass Class 2 Root CA, O=Buypass AS-983163327, C=NO, Issuer:CN=Buypass Class 2 Root CA, O=Buypass AS-983163327, C=NO, Key type:RSA, Length:4096, Cert Id:969960563, Valid from:26/10/2010 06:38, Valid until:26/10/2040 05:38
2024-05-20T15:37:16.436-03:00 DEBUG 739374 --- [person-service] [           main] jdk.event.security                       : X509Certificate: Alg:SHA256withRSA, Serial:5f70e86da49f346352ebab2, Subject:CN=Trustwave Global Certification Authority, O="Trustwave Holdings, Inc.", L=Chicago, ST=Illinois, C=US, Issuer:CN=Trustwave Global Certification Authority, O="Trustwave Holdings, Inc.", L=Chicago, ST=Illinois, C=US, Key type:RSA, Length:4096, Cert Id:416366836, Valid from:23/08/2017 16:34, Valid until:23/08/2042 16:34
2024-05-20T15:37:16.437-03:00 DEBUG 739374 --- [person-service] [           main] jdk.event.security                       : X509Certificate: Alg:SHA256withRSA, Serial:570a119742c4e3cc, Subject:CN=Actalis Authentication Root CA, O=Actalis S.p.A./03358520967, L=Milan, C=IT, Issuer:CN=Actalis Authentication Root CA, O=Actalis S.p.A./03358520967, L=Milan, C=IT, Key type:RSA, Length:4096, Cert Id:1729119956, Valid from:22/09/2011 08:22, Valid until:22/09/2030 08:22
2024-05-20T15:37:16.437-03:00 DEBUG 739374 --- [person-service] [           main] jdk.event.security                       : X509Certificate: Alg:SHA1withRSA, Serial:bb401c43f55e4fb0, Subject:CN=SwissSign Gold CA - G2, O=SwissSign AG, C=CH, Issuer:CN=SwissSign Gold CA - G2, O=SwissSign AG, C=CH, Key type:RSA, Length:4096, Cert Id:1516221943, Valid from:25/10/2006 05:30, Valid until:25/10/2036 05:30
2024-05-20T15:37:16.438-03:00 DEBUG 739374 --- [person-service] [           main] jdk.event.security                       : X509Certificate: Alg:SHA384withRSA, Serial:66c9fd29635869f0a0fe58678f85b26bb8a37, Subject:CN=Amazon Root CA 2, O=Amazon, C=US, Issuer:CN=Amazon Root CA 2, O=Amazon, C=US, Key type:RSA, Length:4096, Cert Id:-1766132388, Valid from:25/05/2015 21:00, Valid until:25/05/2040 21:00
2024-05-20T15:37:16.439-03:00 DEBUG 739374 --- [person-service] [           main] jdk.event.security                       : X509Certificate: Alg:SHA256withRSA, Serial:110034b64ec6362d36, Subject:OU=certSIGN ROOT CA G2, O=CERTSIGN SA, C=RO, Issuer:OU=certSIGN ROOT CA G2, O=CERTSIGN SA, C=RO, Key type:RSA, Length:4096, Cert Id:-2113880430, Valid from:06/02/2017 07:27, Valid until:06/02/2042 06:27
2024-05-20T15:37:16.445-03:00 DEBUG 739374 --- [person-service] [           main] jdk.internal.httpclient.debug            : [main] [174ms] HttpClientImpl(1) proxySelector is sun.net.spi.DefaultProxySelector@1479ed5a (user-supplied=false)
2024-05-20T15:37:16.471-03:00 DEBUG 739374 --- [person-service] [SelectorManager] jdk.internal.httpclient.debug            : [HttpClient-1-SelectorManager] [200ms] HttpClientImpl(1) next timeout: 0
2024-05-20T15:37:16.471-03:00 DEBUG 739374 --- [person-service] [SelectorManager] jdk.internal.httpclient.debug            : [HttpClient-1-SelectorManager] [201ms] HttpClientImpl(1) next expired: 0
2024-05-20T15:37:16.471-03:00 DEBUG 739374 --- [person-service] [SelectorManager] jdk.internal.httpclient.debug            : [HttpClient-1-SelectorManager] [201ms] HttpClientImpl(1) Next deadline is 3000
2024-05-20T15:37:16.471-03:00 DEBUG 739374 --- [person-service] [           main] o.s.b.f.s.DefaultListableBeanFactory     : Creating shared instance of singleton bean 'jacksonObjectMapper'
2024-05-20T15:37:16.471-03:00 DEBUG 739374 --- [person-service] [           main] o.s.b.f.s.DefaultListableBeanFactory     : Creating shared instance of singleton bean 'org.springframework.boot.autoconfigure.jackson.JacksonAutoConfiguration$JacksonObjectMapperConfiguration'
2024-05-20T15:37:16.472-03:00 DEBUG 739374 --- [person-service] [           main] o.s.b.f.s.DefaultListableBeanFactory     : Creating shared instance of singleton bean 'org.springframework.boot.autoconfigure.jackson.JacksonAutoConfiguration$JacksonObjectMapperBuilderConfiguration'
2024-05-20T15:37:16.473-03:00 DEBUG 739374 --- [person-service] [           main] o.s.b.f.s.DefaultListableBeanFactory     : Creating shared instance of singleton bean 'standardJacksonObjectMapperBuilderCustomizer'
2024-05-20T15:37:16.473-03:00 DEBUG 739374 --- [person-service] [           main] o.s.b.f.s.DefaultListableBeanFactory     : Creating shared instance of singleton bean 'org.springframework.boot.autoconfigure.jackson.JacksonAutoConfiguration$Jackson2ObjectMapperBuilderCustomizerConfiguration'
2024-05-20T15:37:16.474-03:00 DEBUG 739374 --- [person-service] [           main] o.s.b.f.s.DefaultListableBeanFactory     : Creating shared instance of singleton bean 'spring.jackson-org.springframework.boot.autoconfigure.jackson.JacksonProperties'
2024-05-20T15:37:16.478-03:00 DEBUG 739374 --- [person-service] [           main] o.s.b.f.s.DefaultListableBeanFactory     : Autowiring by type from bean name 'standardJacksonObjectMapperBuilderCustomizer' via factory method to bean named 'spring.jackson-org.springframework.boot.autoconfigure.jackson.JacksonProperties'
2024-05-20T15:37:16.479-03:00 DEBUG 739374 --- [person-service] [           main] o.s.b.f.s.DefaultListableBeanFactory     : Creating shared instance of singleton bean 'parameterNamesModule'
2024-05-20T15:37:16.479-03:00 DEBUG 739374 --- [person-service] [           main] o.s.b.f.s.DefaultListableBeanFactory     : Creating shared instance of singleton bean 'org.springframework.boot.autoconfigure.jackson.JacksonAutoConfiguration$ParameterNamesModuleConfiguration'
2024-05-20T15:37:16.484-03:00 DEBUG 739374 --- [person-service] [           main] o.s.b.f.s.DefaultListableBeanFactory     : Creating shared instance of singleton bean 'jsonMixinModule'
2024-05-20T15:37:16.484-03:00 DEBUG 739374 --- [person-service] [           main] o.s.b.f.s.DefaultListableBeanFactory     : Creating shared instance of singleton bean 'org.springframework.boot.autoconfigure.jackson.JacksonAutoConfiguration$JacksonMixinConfiguration'
2024-05-20T15:37:16.485-03:00 DEBUG 739374 --- [person-service] [           main] o.s.b.f.s.DefaultListableBeanFactory     : Creating shared instance of singleton bean 'jsonMixinModuleEntries'
2024-05-20T15:37:16.486-03:00 DEBUG 739374 --- [person-service] [           main] o.s.b.f.s.DefaultListableBeanFactory     : Autowiring by type from bean name 'jsonMixinModuleEntries' via factory method to bean named 'org.springframework.web.context.support.GenericWebApplicationContext@2c22a348'
2024-05-20T15:37:16.492-03:00 DEBUG 739374 --- [person-service] [           main] o.s.b.f.s.DefaultListableBeanFactory     : Autowiring by type from bean name 'jsonMixinModule' via factory method to bean named 'org.springframework.web.context.support.GenericWebApplicationContext@2c22a348'
2024-05-20T15:37:16.492-03:00 DEBUG 739374 --- [person-service] [           main] o.s.b.f.s.DefaultListableBeanFactory     : Autowiring by type from bean name 'jsonMixinModule' via factory method to bean named 'jsonMixinModuleEntries'
2024-05-20T15:37:16.493-03:00 DEBUG 739374 --- [person-service] [           main] o.s.b.f.s.DefaultListableBeanFactory     : Creating shared instance of singleton bean 'jsonComponentModule'
2024-05-20T15:37:16.494-03:00 DEBUG 739374 --- [person-service] [           main] o.s.b.f.s.DefaultListableBeanFactory     : Creating shared instance of singleton bean 'org.springframework.boot.autoconfigure.jackson.JacksonAutoConfiguration'
2024-05-20T15:37:16.498-03:00 DEBUG 739374 --- [person-service] [           main] o.s.b.f.s.DefaultListableBeanFactory     : Creating shared instance of singleton bean 'jacksonGeoModule'
2024-05-20T15:37:16.498-03:00 DEBUG 739374 --- [person-service] [           main] o.s.b.f.s.DefaultListableBeanFactory     : Creating shared instance of singleton bean 'org.springframework.data.web.config.SpringDataJacksonConfiguration'
2024-05-20T15:37:16.501-03:00 DEBUG 739374 --- [person-service] [           main] o.s.b.f.s.DefaultListableBeanFactory     : Creating shared instance of singleton bean 'pageModule'
2024-05-20T15:37:16.503-03:00 DEBUG 739374 --- [person-service] [           main] o.s.b.f.s.DefaultListableBeanFactory     : Autowiring by type from bean name 'jacksonObjectMapperBuilder' via factory method to bean named 'org.springframework.web.context.support.GenericWebApplicationContext@2c22a348'
2024-05-20T15:37:16.503-03:00 DEBUG 739374 --- [person-service] [           main] o.s.b.f.s.DefaultListableBeanFactory     : Autowiring by type from bean name 'jacksonObjectMapperBuilder' via factory method to bean named 'standardJacksonObjectMapperBuilderCustomizer'
2024-05-20T15:37:16.506-03:00 DEBUG 739374 --- [person-service] [           main] o.s.b.f.s.DefaultListableBeanFactory     : Autowiring by type from bean name 'jacksonObjectMapper' via factory method to bean named 'jacksonObjectMapperBuilder'
2024-05-20T15:37:16.522-03:00 DEBUG 739374 --- [person-service] [           main] o.s.b.f.s.DefaultListableBeanFactory     : Creating shared instance of singleton bean 'metricCollector'
2024-05-20T15:37:16.523-03:00 DEBUG 739374 --- [person-service] [           main] o.s.c.e.PropertySourcesPropertyResolver  : Found key 'spring.application.name' in PropertySource 'environmentProperties' with value of type String
2024-05-20T15:37:16.523-03:00 DEBUG 739374 --- [person-service] [           main] o.s.c.e.PropertySourcesPropertyResolver  : Found key 'datadog.agent.host' in PropertySource 'environmentProperties' with value of type String
2024-05-20T15:37:16.524-03:00 DEBUG 739374 --- [person-service] [           main] o.s.c.e.PropertySourcesPropertyResolver  : Found key 'datadog.agent.port' in PropertySource 'environmentProperties' with value of type String
2024-05-20T15:37:16.555-03:00 DEBUG 739374 --- [person-service] [           main] o.s.b.f.s.DefaultListableBeanFactory     : Creating shared instance of singleton bean 'loanService'
2024-05-20T15:37:16.557-03:00 DEBUG 739374 --- [person-service] [           main] o.s.b.f.s.DefaultListableBeanFactory     : Creating shared instance of singleton bean 'outboundLoanAdapter'
2024-05-20T15:37:16.558-03:00 DEBUG 739374 --- [person-service] [           main] o.s.b.f.s.DefaultListableBeanFactory     : Creating shared instance of singleton bean 'outboundLoanRepositoryPort'
2024-05-20T15:37:16.570-03:00 DEBUG 739374 --- [person-service] [           main] o.s.b.f.s.DefaultListableBeanFactory     : Creating shared instance of singleton bean 'jpa.named-queries#0'
2024-05-20T15:37:16.574-03:00 DEBUG 739374 --- [person-service] [           main] o.s.b.f.s.DefaultListableBeanFactory     : Creating shared instance of singleton bean 'jpa.OutboundLoanRepositoryPort.fragments#0'
2024-05-20T15:37:16.578-03:00 DEBUG 739374 --- [person-service] [           main] o.s.b.f.s.DefaultListableBeanFactory     : Creating shared instance of singleton bean 'jpaSharedEM_entityManagerFactory'
2024-05-20T15:37:16.614-03:00 DEBUG 739374 --- [person-service] [           main] o.s.b.f.s.DefaultListableBeanFactory     : Creating shared instance of singleton bean 'jpaMappingContext'
2024-05-20T15:37:16.615-03:00 DEBUG 739374 --- [person-service] [           main] .c.JpaMetamodelMappingContextFactoryBean : Initializing JpaMetamodelMappingContext…
2024-05-20T15:37:16.631-03:00 DEBUG 739374 --- [person-service] [           main] .c.JpaMetamodelMappingContextFactoryBean : Finished initializing JpaMetamodelMappingContext
2024-05-20T15:37:16.654-03:00 DEBUG 739374 --- [person-service] [           main] tor$SharedEntityManagerInvocationHandler : Creating new EntityManager for shared EntityManager invocation
2024-05-20T15:37:16.682-03:00 DEBUG 739374 --- [person-service] [           main] o.h.stat.internal.StatisticsInitiator    : Statistics initialized [enabled=false]
2024-05-20T15:37:16.686-03:00 DEBUG 739374 --- [person-service] [           main] tor$SharedEntityManagerInvocationHandler : Creating new EntityManager for shared EntityManager invocation
2024-05-20T15:37:16.722-03:00 DEBUG 739374 --- [person-service] [           main] o.s.d.r.c.s.RepositoryFactorySupport     : Initializing repository instance for com.srmasset.ports.outbound.database.loan.OutboundLoanRepositoryPort…
2024-05-20T15:37:16.737-03:00 DEBUG 739374 --- [person-service] [           main] tor$SharedEntityManagerInvocationHandler : Creating new EntityManager for shared EntityManager invocation
2024-05-20T15:37:16.763-03:00 DEBUG 739374 --- [person-service] [           main] o.s.d.r.c.s.RepositoryFactorySupport     : Finished creation of repository instance for com.srmasset.ports.outbound.database.loan.OutboundLoanRepositoryPort.
2024-05-20T15:37:16.769-03:00 DEBUG 739374 --- [person-service] [           main] o.s.b.f.s.DefaultListableBeanFactory     : Creating shared instance of singleton bean 'globalErrorHandler'
2024-05-20T15:37:16.784-03:00 DEBUG 739374 --- [person-service] [           main] o.s.b.f.s.DefaultListableBeanFactory     : Creating shared instance of singleton bean 'loanController'
2024-05-20T15:37:16.788-03:00 DEBUG 739374 --- [person-service] [           main] o.s.b.f.s.DefaultListableBeanFactory     : Creating shared instance of singleton bean 'org.springframework.boot.autoconfigure.context.PropertyPlaceholderAutoConfiguration'
2024-05-20T15:37:16.789-03:00 DEBUG 739374 --- [person-service] [           main] o.s.b.f.s.DefaultListableBeanFactory     : Creating shared instance of singleton bean 'org.springframework.boot.autoconfigure.ssl.SslAutoConfiguration'
2024-05-20T15:37:16.790-03:00 DEBUG 739374 --- [person-service] [           main] o.s.b.f.s.DefaultListableBeanFactory     : Creating shared instance of singleton bean 'spring.ssl-org.springframework.boot.autoconfigure.ssl.SslProperties'
2024-05-20T15:37:16.793-03:00 DEBUG 739374 --- [person-service] [           main] o.s.b.f.s.DefaultListableBeanFactory     : Autowiring by type from bean name 'org.springframework.boot.autoconfigure.ssl.SslAutoConfiguration' via constructor to bean named 'spring.ssl-org.springframework.boot.autoconfigure.ssl.SslProperties'
2024-05-20T15:37:16.794-03:00 DEBUG 739374 --- [person-service] [           main] o.s.b.f.s.DefaultListableBeanFactory     : Creating shared instance of singleton bean 'fileWatcher'
2024-05-20T15:37:16.796-03:00 DEBUG 739374 --- [person-service] [           main] o.s.b.f.s.DefaultListableBeanFactory     : Creating shared instance of singleton bean 'sslPropertiesSslBundleRegistrar'
2024-05-20T15:37:16.797-03:00 DEBUG 739374 --- [person-service] [           main] o.s.b.f.s.DefaultListableBeanFactory     : Autowiring by type from bean name 'sslPropertiesSslBundleRegistrar' via factory method to bean named 'fileWatcher'
2024-05-20T15:37:16.799-03:00 DEBUG 739374 --- [person-service] [           main] o.s.b.f.s.DefaultListableBeanFactory     : Creating shared instance of singleton bean 'sslBundleRegistry'
2024-05-20T15:37:16.812-03:00 DEBUG 739374 --- [person-service] [           main] o.s.b.f.s.DefaultListableBeanFactory     : Creating shared instance of singleton bean 'org.springframework.boot.context.properties.EnableConfigurationPropertiesRegistrar.methodValidationExcludeFilter'
2024-05-20T15:37:16.814-03:00 DEBUG 739374 --- [person-service] [           main] o.s.b.f.s.DefaultListableBeanFactory     : Creating shared instance of singleton bean 'org.springframework.boot.autoconfigure.websocket.servlet.WebSocketServletAutoConfiguration$TomcatWebSocketConfiguration'
2024-05-20T15:37:16.816-03:00 DEBUG 739374 --- [person-service] [           main] o.s.b.f.s.DefaultListableBeanFactory     : Creating shared instance of singleton bean 'websocketServletWebServerCustomizer'
2024-05-20T15:37:16.821-03:00 DEBUG 739374 --- [person-service] [           main] o.s.b.f.s.DefaultListableBeanFactory     : Creating shared instance of singleton bean 'org.springframework.boot.autoconfigure.websocket.servlet.WebSocketServletAutoConfiguration'
2024-05-20T15:37:16.822-03:00 DEBUG 739374 --- [person-service] [           main] o.s.b.f.s.DefaultListableBeanFactory     : Creating shared instance of singleton bean 'org.springframework.boot.autoconfigure.web.servlet.ServletWebServerFactoryConfiguration$EmbeddedTomcat'
2024-05-20T15:37:16.822-03:00 DEBUG 739374 --- [person-service] [           main] o.s.b.f.s.DefaultListableBeanFactory     : Creating shared instance of singleton bean 'tomcatServletWebServerFactory'
2024-05-20T15:37:16.840-03:00 DEBUG 739374 --- [person-service] [           main] o.a.catalina.core.AprLifecycleListener   : The Apache Tomcat Native library could not be found using names [tcnative-2, libtcnative-2, tcnative-1, libtcnative-1] on the java.library.path [/usr/java/packages/lib:/usr/lib/x86_64-linux-gnu/jni:/lib/x86_64-linux-gnu:/usr/lib/x86_64-linux-gnu:/usr/lib/jni:/lib:/usr/lib]. The errors reported were [Can't load library: /home/thallyssonk/Área de trabalho/CurrentProjects/TesteTecnicoWeFin/loan-service/bin/libtcnative-2.so, Can't load library: /home/thallyssonk/Área de trabalho/CurrentProjects/TesteTecnicoWeFin/loan-service/bin/liblibtcnative-2.so, Can't load library: /home/thallyssonk/Área de trabalho/CurrentProjects/TesteTecnicoWeFin/loan-service/bin/libtcnative-1.so, Can't load library: /home/thallyssonk/Área de trabalho/CurrentProjects/TesteTecnicoWeFin/loan-service/bin/liblibtcnative-1.so, no tcnative-2 in java.library.path: /usr/java/packages/lib:/usr/lib/x86_64-linux-gnu/jni:/lib/x86_64-linux-gnu:/usr/lib/x86_64-linux-gnu:/usr/lib/jni:/lib:/usr/lib, no libtcnative-2 in java.library.path: /usr/java/packages/lib:/usr/lib/x86_64-linux-gnu/jni:/lib/x86_64-linux-gnu:/usr/lib/x86_64-linux-gnu:/usr/lib/jni:/lib:/usr/lib, no tcnative-1 in java.library.path: /usr/java/packages/lib:/usr/lib/x86_64-linux-gnu/jni:/lib/x86_64-linux-gnu:/usr/lib/x86_64-linux-gnu:/usr/lib/jni:/lib:/usr/lib, no libtcnative-1 in java.library.path: /usr/java/packages/lib:/usr/lib/x86_64-linux-gnu/jni:/lib/x86_64-linux-gnu:/usr/lib/x86_64-linux-gnu:/usr/lib/jni:/lib:/usr/lib]

org.apache.tomcat.jni.LibraryNotFoundError: Can't load library: /home/thallyssonk/Área de trabalho/CurrentProjects/TesteTecnicoWeFin/loan-service/bin/libtcnative-2.so, Can't load library: /home/thallyssonk/Área de trabalho/CurrentProjects/TesteTecnicoWeFin/loan-service/bin/liblibtcnative-2.so, Can't load library: /home/thallyssonk/Área de trabalho/CurrentProjects/TesteTecnicoWeFin/loan-service/bin/libtcnative-1.so, Can't load library: /home/thallyssonk/Área de trabalho/CurrentProjects/TesteTecnicoWeFin/loan-service/bin/liblibtcnative-1.so, no tcnative-2 in java.library.path: /usr/java/packages/lib:/usr/lib/x86_64-linux-gnu/jni:/lib/x86_64-linux-gnu:/usr/lib/x86_64-linux-gnu:/usr/lib/jni:/lib:/usr/lib, no libtcnative-2 in java.library.path: /usr/java/packages/lib:/usr/lib/x86_64-linux-gnu/jni:/lib/x86_64-linux-gnu:/usr/lib/x86_64-linux-gnu:/usr/lib/jni:/lib:/usr/lib, no tcnative-1 in java.library.path: /usr/java/packages/lib:/usr/lib/x86_64-linux-gnu/jni:/lib/x86_64-linux-gnu:/usr/lib/x86_64-linux-gnu:/usr/lib/jni:/lib:/usr/lib, no libtcnative-1 in java.library.path: /usr/java/packages/lib:/usr/lib/x86_64-linux-gnu/jni:/lib/x86_64-linux-gnu:/usr/lib/x86_64-linux-gnu:/usr/lib/jni:/lib:/usr/lib
	at org.apache.tomcat.jni.Library.<init>(Library.java:91) ~[tomcat-embed-core-10.1.20.jar:10.1.20]
	at org.apache.tomcat.jni.Library.initialize(Library.java:147) ~[tomcat-embed-core-10.1.20.jar:10.1.20]
	at org.apache.catalina.core.AprLifecycleListener.init(AprLifecycleListener.java:189) ~[tomcat-embed-core-10.1.20.jar:10.1.20]
	at org.apache.catalina.core.AprLifecycleListener.isAprAvailable(AprLifecycleListener.java:106) ~[tomcat-embed-core-10.1.20.jar:10.1.20]
	at org.springframework.boot.web.embedded.tomcat.TomcatServletWebServerFactory.getDefaultServerLifecycleListeners(TomcatServletWebServerFactory.java:189) ~[spring-boot-3.2.5.jar:3.2.5]
	at org.springframework.boot.web.embedded.tomcat.TomcatServletWebServerFactory.<init>(TomcatServletWebServerFactory.java:136) ~[spring-boot-3.2.5.jar:3.2.5]
	at org.springframework.boot.autoconfigure.web.servlet.ServletWebServerFactoryConfiguration$EmbeddedTomcat.tomcatServletWebServerFactory(ServletWebServerFactoryConfiguration.java:73) ~[spring-boot-autoconfigure-3.2.5.jar:3.2.5]
	at java.base/jdk.internal.reflect.NativeMethodAccessorImpl.invoke0(Native Method) ~[na:na]
	at java.base/jdk.internal.reflect.NativeMethodAccessorImpl.invoke(NativeMethodAccessorImpl.java:77) ~[na:na]
	at java.base/jdk.internal.reflect.DelegatingMethodAccessorImpl.invoke(DelegatingMethodAccessorImpl.java:43) ~[na:na]
	at java.base/java.lang.reflect.Method.invoke(Method.java:568) ~[na:na]
	at org.springframework.beans.factory.support.SimpleInstantiationStrategy.instantiate(SimpleInstantiationStrategy.java:140) ~[spring-beans-6.1.6.jar:6.1.6]
	at org.springframework.beans.factory.support.ConstructorResolver.instantiate(ConstructorResolver.java:644) ~[spring-beans-6.1.6.jar:6.1.6]
	at org.springframework.beans.factory.support.ConstructorResolver.instantiateUsingFactoryMethod(ConstructorResolver.java:636) ~[spring-beans-6.1.6.jar:6.1.6]
	at org.springframework.beans.factory.support.AbstractAutowireCapableBeanFactory.instantiateUsingFactoryMethod(AbstractAutowireCapableBeanFactory.java:1335) ~[spring-beans-6.1.6.jar:6.1.6]
	at org.springframework.beans.factory.support.AbstractAutowireCapableBeanFactory.createBeanInstance(AbstractAutowireCapableBeanFactory.java:1165) ~[spring-beans-6.1.6.jar:6.1.6]
	at org.springframework.beans.factory.support.AbstractAutowireCapableBeanFactory.doCreateBean(AbstractAutowireCapableBeanFactory.java:562) ~[spring-beans-6.1.6.jar:6.1.6]
	at org.springframework.beans.factory.support.AbstractAutowireCapableBeanFactory.createBean(AbstractAutowireCapableBeanFactory.java:522) ~[spring-beans-6.1.6.jar:6.1.6]
	at org.springframework.beans.factory.support.AbstractBeanFactory.lambda$doGetBean$0(AbstractBeanFactory.java:326) ~[spring-beans-6.1.6.jar:6.1.6]
	at org.springframework.beans.factory.support.DefaultSingletonBeanRegistry.getSingleton(DefaultSingletonBeanRegistry.java:234) ~[spring-beans-6.1.6.jar:6.1.6]
	at org.springframework.beans.factory.support.AbstractBeanFactory.doGetBean(AbstractBeanFactory.java:324) ~[spring-beans-6.1.6.jar:6.1.6]
	at org.springframework.beans.factory.support.AbstractBeanFactory.getBean(AbstractBeanFactory.java:200) ~[spring-beans-6.1.6.jar:6.1.6]
	at org.springframework.beans.factory.support.DefaultListableBeanFactory.preInstantiateSingletons(DefaultListableBeanFactory.java:975) ~[spring-beans-6.1.6.jar:6.1.6]
	at org.springframework.context.support.AbstractApplicationContext.finishBeanFactoryInitialization(AbstractApplicationContext.java:962) ~[spring-context-6.1.6.jar:6.1.6]
	at org.springframework.context.support.AbstractApplicationContext.refresh(AbstractApplicationContext.java:624) ~[spring-context-6.1.6.jar:6.1.6]
	at org.springframework.boot.SpringApplication.refresh(SpringApplication.java:754) ~[spring-boot-3.2.5.jar:3.2.5]
	at org.springframework.boot.SpringApplication.refreshContext(SpringApplication.java:456) ~[spring-boot-3.2.5.jar:3.2.5]
	at org.springframework.boot.SpringApplication.run(SpringApplication.java:334) ~[spring-boot-3.2.5.jar:3.2.5]
	at org.springframework.boot.test.context.SpringBootContextLoader.lambda$loadContext$3(SpringBootContextLoader.java:137) ~[spring-boot-test-3.2.5.jar:3.2.5]
	at org.springframework.util.function.ThrowingSupplier.get(ThrowingSupplier.java:58) ~[spring-core-6.1.6.jar:6.1.6]
	at org.springframework.util.function.ThrowingSupplier.get(ThrowingSupplier.java:46) ~[spring-core-6.1.6.jar:6.1.6]
	at org.springframework.boot.SpringApplication.withHook(SpringApplication.java:1454) ~[spring-boot-3.2.5.jar:3.2.5]
	at org.springframework.boot.test.context.SpringBootContextLoader$ContextLoaderHook.run(SpringBootContextLoader.java:553) ~[spring-boot-test-3.2.5.jar:3.2.5]
	at org.springframework.boot.test.context.SpringBootContextLoader.loadContext(SpringBootContextLoader.java:137) ~[spring-boot-test-3.2.5.jar:3.2.5]
	at org.springframework.boot.test.context.SpringBootContextLoader.loadContext(SpringBootContextLoader.java:108) ~[spring-boot-test-3.2.5.jar:3.2.5]
	at org.springframework.test.context.cache.DefaultCacheAwareContextLoaderDelegate.loadContextInternal(DefaultCacheAwareContextLoaderDelegate.java:225) ~[spring-test-6.1.6.jar:6.1.6]
	at org.springframework.test.context.cache.DefaultCacheAwareContextLoaderDelegate.loadContext(DefaultCacheAwareContextLoaderDelegate.java:152) ~[spring-test-6.1.6.jar:6.1.6]
	at org.springframework.test.context.support.DefaultTestContext.getApplicationContext(DefaultTestContext.java:130) ~[spring-test-6.1.6.jar:6.1.6]
	at org.springframework.test.context.web.ServletTestExecutionListener.setUpRequestContextIfNecessary(ServletTestExecutionListener.java:191) ~[spring-test-6.1.6.jar:6.1.6]
	at org.springframework.test.context.web.ServletTestExecutionListener.prepareTestInstance(ServletTestExecutionListener.java:130) ~[spring-test-6.1.6.jar:6.1.6]
	at org.springframework.test.context.TestContextManager.prepareTestInstance(TestContextManager.java:260) ~[spring-test-6.1.6.jar:6.1.6]
	at org.springframework.test.context.junit.jupiter.SpringExtension.postProcessTestInstance(SpringExtension.java:163) ~[spring-test-6.1.6.jar:6.1.6]
	at org.junit.jupiter.engine.descriptor.ClassBasedTestDescriptor.lambda$invokeTestInstancePostProcessors$10(ClassBasedTestDescriptor.java:378) ~[junit-jupiter-engine-5.10.2.jar:5.10.2]
	at org.junit.jupiter.engine.descriptor.ClassBasedTestDescriptor.executeAndMaskThrowable(ClassBasedTestDescriptor.java:383) ~[junit-jupiter-engine-5.10.2.jar:5.10.2]
	at org.junit.jupiter.engine.descriptor.ClassBasedTestDescriptor.lambda$invokeTestInstancePostProcessors$11(ClassBasedTestDescriptor.java:378) ~[junit-jupiter-engine-5.10.2.jar:5.10.2]
	at java.base/java.util.stream.ReferencePipeline$3$1.accept(ReferencePipeline.java:197) ~[na:na]
	at java.base/java.util.stream.ReferencePipeline$2$1.accept(ReferencePipeline.java:179) ~[na:na]
	at java.base/java.util.ArrayList$ArrayListSpliterator.forEachRemaining(ArrayList.java:1625) ~[na:na]
	at java.base/java.util.stream.AbstractPipeline.copyInto(AbstractPipeline.java:509) ~[na:na]
	at java.base/java.util.stream.AbstractPipeline.wrapAndCopyInto(AbstractPipeline.java:499) ~[na:na]
	at java.base/java.util.stream.StreamSpliterators$WrappingSpliterator.forEachRemaining(StreamSpliterators.java:310) ~[na:na]
	at java.base/java.util.stream.Streams$ConcatSpliterator.forEachRemaining(Streams.java:735) ~[na:na]
	at java.base/java.util.stream.Streams$ConcatSpliterator.forEachRemaining(Streams.java:734) ~[na:na]
	at java.base/java.util.stream.ReferencePipeline$Head.forEach(ReferencePipeline.java:762) ~[na:na]
	at org.junit.jupiter.engine.descriptor.ClassBasedTestDescriptor.invokeTestInstancePostProcessors(ClassBasedTestDescriptor.java:377) ~[junit-jupiter-engine-5.10.2.jar:5.10.2]
	at org.junit.jupiter.engine.descriptor.ClassBasedTestDescriptor.lambda$instantiateAndPostProcessTestInstance$6(ClassBasedTestDescriptor.java:290) ~[junit-jupiter-engine-5.10.2.jar:5.10.2]
	at org.junit.platform.engine.support.hierarchical.ThrowableCollector.execute(ThrowableCollector.java:73) ~[junit-platform-engine-1.10.2.jar:1.10.2]
	at org.junit.jupiter.engine.descriptor.ClassBasedTestDescriptor.instantiateAndPostProcessTestInstance(ClassBasedTestDescriptor.java:289) ~[junit-jupiter-engine-5.10.2.jar:5.10.2]
	at org.junit.jupiter.engine.descriptor.ClassBasedTestDescriptor.lambda$testInstancesProvider$4(ClassBasedTestDescriptor.java:279) ~[junit-jupiter-engine-5.10.2.jar:5.10.2]
	at java.base/java.util.Optional.orElseGet(Optional.java:364) ~[na:na]
	at org.junit.jupiter.engine.descriptor.ClassBasedTestDescriptor.lambda$testInstancesProvider$5(ClassBasedTestDescriptor.java:278) ~[junit-jupiter-engine-5.10.2.jar:5.10.2]
	at org.junit.jupiter.engine.execution.TestInstancesProvider.getTestInstances(TestInstancesProvider.java:31) ~[junit-jupiter-engine-5.10.2.jar:5.10.2]
	at org.junit.jupiter.engine.descriptor.TestMethodTestDescriptor.lambda$prepare$0(TestMethodTestDescriptor.java:106) ~[junit-jupiter-engine-5.10.2.jar:5.10.2]
	at org.junit.platform.engine.support.hierarchical.ThrowableCollector.execute(ThrowableCollector.java:73) ~[junit-platform-engine-1.10.2.jar:1.10.2]
	at org.junit.jupiter.engine.descriptor.TestMethodTestDescriptor.prepare(TestMethodTestDescriptor.java:105) ~[junit-jupiter-engine-5.10.2.jar:5.10.2]
	at org.junit.jupiter.engine.descriptor.TestMethodTestDescriptor.prepare(TestMethodTestDescriptor.java:69) ~[junit-jupiter-engine-5.10.2.jar:5.10.2]
	at org.junit.platform.engine.support.hierarchical.NodeTestTask.lambda$prepare$2(NodeTestTask.java:123) ~[junit-platform-engine-1.10.2.jar:1.10.2]
	at org.junit.platform.engine.support.hierarchical.ThrowableCollector.execute(ThrowableCollector.java:73) ~[junit-platform-engine-1.10.2.jar:1.10.2]
	at org.junit.platform.engine.support.hierarchical.NodeTestTask.prepare(NodeTestTask.java:123) ~[junit-platform-engine-1.10.2.jar:1.10.2]
	at org.junit.platform.engine.support.hierarchical.NodeTestTask.execute(NodeTestTask.java:90) ~[junit-platform-engine-1.10.2.jar:1.10.2]
	at java.base/java.util.ArrayList.forEach(ArrayList.java:1511) ~[na:na]
	at org.junit.platform.engine.support.hierarchical.SameThreadHierarchicalTestExecutorService.invokeAll(SameThreadHierarchicalTestExecutorService.java:41) ~[junit-platform-engine-1.10.2.jar:1.10.2]
	at org.junit.platform.engine.support.hierarchical.NodeTestTask.lambda$executeRecursively$6(NodeTestTask.java:155) ~[junit-platform-engine-1.10.2.jar:1.10.2]
	at org.junit.platform.engine.support.hierarchical.ThrowableCollector.execute(ThrowableCollector.java:73) ~[junit-platform-engine-1.10.2.jar:1.10.2]
	at org.junit.platform.engine.support.hierarchical.NodeTestTask.lambda$executeRecursively$8(NodeTestTask.java:141) ~[junit-platform-engine-1.10.2.jar:1.10.2]
	at org.junit.platform.engine.support.hierarchical.Node.around(Node.java:137) ~[junit-platform-engine-1.10.2.jar:1.10.2]
	at org.junit.platform.engine.support.hierarchical.NodeTestTask.lambda$executeRecursively$9(NodeTestTask.java:139) ~[junit-platform-engine-1.10.2.jar:1.10.2]
	at org.junit.platform.engine.support.hierarchical.ThrowableCollector.execute(ThrowableCollector.java:73) ~[junit-platform-engine-1.10.2.jar:1.10.2]
	at org.junit.platform.engine.support.hierarchical.NodeTestTask.executeRecursively(NodeTestTask.java:138) ~[junit-platform-engine-1.10.2.jar:1.10.2]
	at org.junit.platform.engine.support.hierarchical.NodeTestTask.execute(NodeTestTask.java:95) ~[junit-platform-engine-1.10.2.jar:1.10.2]
	at java.base/java.util.ArrayList.forEach(ArrayList.java:1511) ~[na:na]
	at org.junit.platform.engine.support.hierarchical.SameThreadHierarchicalTestExecutorService.invokeAll(SameThreadHierarchicalTestExecutorService.java:41) ~[junit-platform-engine-1.10.2.jar:1.10.2]
	at org.junit.platform.engine.support.hierarchical.NodeTestTask.lambda$executeRecursively$6(NodeTestTask.java:155) ~[junit-platform-engine-1.10.2.jar:1.10.2]
	at org.junit.platform.engine.support.hierarchical.ThrowableCollector.execute(ThrowableCollector.java:73) ~[junit-platform-engine-1.10.2.jar:1.10.2]
	at org.junit.platform.engine.support.hierarchical.NodeTestTask.lambda$executeRecursively$8(NodeTestTask.java:141) ~[junit-platform-engine-1.10.2.jar:1.10.2]
	at org.junit.platform.engine.support.hierarchical.Node.around(Node.java:137) ~[junit-platform-engine-1.10.2.jar:1.10.2]
	at org.junit.platform.engine.support.hierarchical.NodeTestTask.lambda$executeRecursively$9(NodeTestTask.java:139) ~[junit-platform-engine-1.10.2.jar:1.10.2]
	at org.junit.platform.engine.support.hierarchical.ThrowableCollector.execute(ThrowableCollector.java:73) ~[junit-platform-engine-1.10.2.jar:1.10.2]
	at org.junit.platform.engine.support.hierarchical.NodeTestTask.executeRecursively(NodeTestTask.java:138) ~[junit-platform-engine-1.10.2.jar:1.10.2]
	at org.junit.platform.engine.support.hierarchical.NodeTestTask.execute(NodeTestTask.java:95) ~[junit-platform-engine-1.10.2.jar:1.10.2]
	at org.junit.platform.engine.support.hierarchical.SameThreadHierarchicalTestExecutorService.submit(SameThreadHierarchicalTestExecutorService.java:35) ~[junit-platform-engine-1.10.2.jar:1.10.2]
	at org.junit.platform.engine.support.hierarchical.HierarchicalTestExecutor.execute(HierarchicalTestExecutor.java:57) ~[junit-platform-engine-1.10.2.jar:1.10.2]
	at org.junit.platform.engine.support.hierarchical.HierarchicalTestEngine.execute(HierarchicalTestEngine.java:54) ~[junit-platform-engine-1.10.2.jar:1.10.2]
	at org.junit.platform.launcher.core.EngineExecutionOrchestrator.execute(EngineExecutionOrchestrator.java:198) ~[junit-platform-launcher-1.10.2.jar:1.10.2]
	at org.junit.platform.launcher.core.EngineExecutionOrchestrator.execute(EngineExecutionOrchestrator.java:169) ~[junit-platform-launcher-1.10.2.jar:1.10.2]
	at org.junit.platform.launcher.core.EngineExecutionOrchestrator.execute(EngineExecutionOrchestrator.java:93) ~[junit-platform-launcher-1.10.2.jar:1.10.2]
	at org.junit.platform.launcher.core.EngineExecutionOrchestrator.lambda$execute$0(EngineExecutionOrchestrator.java:58) ~[junit-platform-launcher-1.10.2.jar:1.10.2]
	at org.junit.platform.launcher.core.EngineExecutionOrchestrator.withInterceptedStreams(EngineExecutionOrchestrator.java:141) ~[junit-platform-launcher-1.10.2.jar:1.10.2]
	at org.junit.platform.launcher.core.EngineExecutionOrchestrator.execute(EngineExecutionOrchestrator.java:57) ~[junit-platform-launcher-1.10.2.jar:1.10.2]
	at org.junit.platform.launcher.core.DefaultLauncher.execute(DefaultLauncher.java:103) ~[junit-platform-launcher-1.10.2.jar:1.10.2]
	at org.junit.platform.launcher.core.DefaultLauncher.execute(DefaultLauncher.java:85) ~[junit-platform-launcher-1.10.2.jar:1.10.2]
	at org.junit.platform.launcher.core.DelegatingLauncher.execute(DelegatingLauncher.java:47) ~[junit-platform-launcher-1.10.2.jar:1.10.2]
	at org.apache.maven.surefire.junitplatform.LazyLauncher.execute(LazyLauncher.java:56) ~[surefire-junit-platform-3.1.2.jar:3.1.2]
	at org.apache.maven.surefire.junitplatform.JUnitPlatformProvider.execute(JUnitPlatformProvider.java:184) ~[surefire-junit-platform-3.1.2.jar:3.1.2]
	at org.apache.maven.surefire.junitplatform.JUnitPlatformProvider.invokeAllTests(JUnitPlatformProvider.java:148) ~[surefire-junit-platform-3.1.2.jar:3.1.2]
	at org.apache.maven.surefire.junitplatform.JUnitPlatformProvider.invoke(JUnitPlatformProvider.java:122) ~[surefire-junit-platform-3.1.2.jar:3.1.2]
	at org.apache.maven.surefire.booter.ForkedBooter.runSuitesInProcess(ForkedBooter.java:385) ~[surefire-booter-3.1.2.jar:3.1.2]
	at org.apache.maven.surefire.booter.ForkedBooter.execute(ForkedBooter.java:162) ~[surefire-booter-3.1.2.jar:3.1.2]
	at org.apache.maven.surefire.booter.ForkedBooter.run(ForkedBooter.java:507) ~[surefire-booter-3.1.2.jar:3.1.2]
	at org.apache.maven.surefire.booter.ForkedBooter.main(ForkedBooter.java:495) ~[surefire-booter-3.1.2.jar:3.1.2]

2024-05-20T15:37:16.856-03:00 DEBUG 739374 --- [person-service] [           main] o.s.b.f.s.DefaultListableBeanFactory     : Creating shared instance of singleton bean 'servletWebServerFactoryCustomizer'
2024-05-20T15:37:16.856-03:00 DEBUG 739374 --- [person-service] [           main] o.s.b.f.s.DefaultListableBeanFactory     : Creating shared instance of singleton bean 'org.springframework.boot.autoconfigure.web.servlet.ServletWebServerFactoryAutoConfiguration'
2024-05-20T15:37:16.857-03:00 DEBUG 739374 --- [person-service] [           main] o.s.b.f.s.DefaultListableBeanFactory     : Creating shared instance of singleton bean 'server-org.springframework.boot.autoconfigure.web.ServerProperties'
2024-05-20T15:37:16.864-03:00 DEBUG 739374 --- [person-service] [           main] o.s.b.f.s.DefaultListableBeanFactory     : Autowiring by type from bean name 'servletWebServerFactoryCustomizer' via factory method to bean named 'server-org.springframework.boot.autoconfigure.web.ServerProperties'
2024-05-20T15:37:16.865-03:00 DEBUG 739374 --- [person-service] [           main] o.s.b.f.s.DefaultListableBeanFactory     : Creating shared instance of singleton bean 'tomcatServletWebServerFactoryCustomizer'
2024-05-20T15:37:16.865-03:00 DEBUG 739374 --- [person-service] [           main] o.s.b.f.s.DefaultListableBeanFactory     : Autowiring by type from bean name 'tomcatServletWebServerFactoryCustomizer' via factory method to bean named 'server-org.springframework.boot.autoconfigure.web.ServerProperties'
2024-05-20T15:37:16.866-03:00 DEBUG 739374 --- [person-service] [           main] o.s.b.f.s.DefaultListableBeanFactory     : Creating shared instance of singleton bean 'localeCharsetMappingsCustomizer'
2024-05-20T15:37:16.866-03:00 DEBUG 739374 --- [person-service] [           main] o.s.b.f.s.DefaultListableBeanFactory     : Creating shared instance of singleton bean 'org.springframework.boot.autoconfigure.web.servlet.HttpEncodingAutoConfiguration'
2024-05-20T15:37:16.866-03:00 DEBUG 739374 --- [person-service] [           main] o.s.b.f.s.DefaultListableBeanFactory     : Autowiring by type from bean name 'org.springframework.boot.autoconfigure.web.servlet.HttpEncodingAutoConfiguration' via constructor to bean named 'server-org.springframework.boot.autoconfigure.web.ServerProperties'
2024-05-20T15:37:16.876-03:00 DEBUG 739374 --- [person-service] [           main] o.s.b.f.s.DefaultListableBeanFactory     : Creating shared instance of singleton bean 'errorPageCustomizer'
2024-05-20T15:37:16.876-03:00 DEBUG 739374 --- [person-service] [           main] o.s.b.f.s.DefaultListableBeanFactory     : Creating shared instance of singleton bean 'org.springframework.boot.autoconfigure.web.servlet.error.ErrorMvcAutoConfiguration'
2024-05-20T15:37:16.876-03:00 DEBUG 739374 --- [person-service] [           main] o.s.b.f.s.DefaultListableBeanFactory     : Autowiring by type from bean name 'org.springframework.boot.autoconfigure.web.servlet.error.ErrorMvcAutoConfiguration' via constructor to bean named 'server-org.springframework.boot.autoconfigure.web.ServerProperties'
2024-05-20T15:37:16.877-03:00 DEBUG 739374 --- [person-service] [           main] o.s.b.f.s.DefaultListableBeanFactory     : Creating shared instance of singleton bean 'dispatcherServletRegistration'
2024-05-20T15:37:16.877-03:00 DEBUG 739374 --- [person-service] [           main] o.s.b.f.s.DefaultListableBeanFactory     : Creating shared instance of singleton bean 'org.springframework.boot.autoconfigure.web.servlet.DispatcherServletAutoConfiguration$DispatcherServletRegistrationConfiguration'
2024-05-20T15:37:16.877-03:00 DEBUG 739374 --- [person-service] [           main] o.s.b.f.s.DefaultListableBeanFactory     : Creating shared instance of singleton bean 'dispatcherServlet'
2024-05-20T15:37:16.877-03:00 DEBUG 739374 --- [person-service] [           main] o.s.b.f.s.DefaultListableBeanFactory     : Creating shared instance of singleton bean 'org.springframework.boot.autoconfigure.web.servlet.DispatcherServletAutoConfiguration$DispatcherServletConfiguration'
2024-05-20T15:37:16.878-03:00 DEBUG 739374 --- [person-service] [           main] o.s.b.f.s.DefaultListableBeanFactory     : Creating shared instance of singleton bean 'spring.mvc-org.springframework.boot.autoconfigure.web.servlet.WebMvcProperties'
2024-05-20T15:37:16.882-03:00 DEBUG 739374 --- [person-service] [           main] o.s.b.f.s.DefaultListableBeanFactory     : Autowiring by type from bean name 'dispatcherServlet' via factory method to bean named 'spring.mvc-org.springframework.boot.autoconfigure.web.servlet.WebMvcProperties'
2024-05-20T15:37:16.894-03:00 DEBUG 739374 --- [person-service] [           main] o.s.b.f.s.DefaultListableBeanFactory     : Autowiring by type from bean name 'dispatcherServletRegistration' via factory method to bean named 'dispatcherServlet'
2024-05-20T15:37:16.894-03:00 DEBUG 739374 --- [person-service] [           main] o.s.b.f.s.DefaultListableBeanFactory     : Autowiring by type from bean name 'dispatcherServletRegistration' via factory method to bean named 'spring.mvc-org.springframework.boot.autoconfigure.web.servlet.WebMvcProperties'
2024-05-20T15:37:16.895-03:00 DEBUG 739374 --- [person-service] [           main] o.s.b.f.s.DefaultListableBeanFactory     : Creating shared instance of singleton bean 'multipartConfigElement'
2024-05-20T15:37:16.895-03:00 DEBUG 739374 --- [person-service] [           main] o.s.b.f.s.DefaultListableBeanFactory     : Creating shared instance of singleton bean 'org.springframework.boot.autoconfigure.web.servlet.MultipartAutoConfiguration'
2024-05-20T15:37:16.896-03:00 DEBUG 739374 --- [person-service] [           main] o.s.b.f.s.DefaultListableBeanFactory     : Creating shared instance of singleton bean 'spring.servlet.multipart-org.springframework.boot.autoconfigure.web.servlet.MultipartProperties'
2024-05-20T15:37:16.899-03:00 DEBUG 739374 --- [person-service] [           main] o.s.b.f.s.DefaultListableBeanFactory     : Autowiring by type from bean name 'org.springframework.boot.autoconfigure.web.servlet.MultipartAutoConfiguration' via constructor to bean named 'spring.servlet.multipart-org.springframework.boot.autoconfigure.web.servlet.MultipartProperties'
2024-05-20T15:37:16.902-03:00 DEBUG 739374 --- [person-service] [           main] o.s.b.f.s.DefaultListableBeanFactory     : Autowiring by type from bean name 'errorPageCustomizer' via factory method to bean named 'dispatcherServletRegistration'
2024-05-20T15:37:16.906-03:00 DEBUG 739374 --- [person-service] [           main] o.s.b.f.s.DefaultListableBeanFactory     : Creating shared instance of singleton bean 'org.springframework.boot.autoconfigure.web.servlet.DispatcherServletAutoConfiguration'
2024-05-20T15:37:16.906-03:00 DEBUG 739374 --- [person-service] [           main] o.s.b.f.s.DefaultListableBeanFactory     : Creating shared instance of singleton bean 'org.springframework.boot.autoconfigure.task.TaskExecutorConfigurations$ThreadPoolTaskExecutorBuilderConfiguration'
2024-05-20T15:37:16.907-03:00 DEBUG 739374 --- [person-service] [           main] o.s.b.f.s.DefaultListableBeanFactory     : Creating shared instance of singleton bean 'threadPoolTaskExecutorBuilder'
2024-05-20T15:37:16.907-03:00 DEBUG 739374 --- [person-service] [           main] o.s.b.f.s.DefaultListableBeanFactory     : Creating shared instance of singleton bean 'spring.task.execution-org.springframework.boot.autoconfigure.task.TaskExecutionProperties'
2024-05-20T15:37:16.909-03:00 DEBUG 739374 --- [person-service] [           main] o.s.b.f.s.DefaultListableBeanFactory     : Autowiring by type from bean name 'threadPoolTaskExecutorBuilder' via factory method to bean named 'spring.task.execution-org.springframework.boot.autoconfigure.task.TaskExecutionProperties'
2024-05-20T15:37:16.911-03:00 DEBUG 739374 --- [person-service] [           main] o.s.b.f.s.DefaultListableBeanFactory     : Creating shared instance of singleton bean 'org.springframework.boot.autoconfigure.task.TaskExecutorConfigurations$TaskExecutorBuilderConfiguration'
2024-05-20T15:37:16.911-03:00 DEBUG 739374 --- [person-service] [           main] o.s.b.f.s.DefaultListableBeanFactory     : Creating shared instance of singleton bean 'taskExecutorBuilder'
2024-05-20T15:37:16.911-03:00 DEBUG 739374 --- [person-service] [           main] o.s.b.f.s.DefaultListableBeanFactory     : Autowiring by type from bean name 'taskExecutorBuilder' via factory method to bean named 'spring.task.execution-org.springframework.boot.autoconfigure.task.TaskExecutionProperties'
2024-05-20T15:37:16.912-03:00 DEBUG 739374 --- [person-service] [           main] o.s.b.f.s.DefaultListableBeanFactory     : Creating shared instance of singleton bean 'org.springframework.boot.autoconfigure.task.TaskExecutorConfigurations$SimpleAsyncTaskExecutorBuilderConfiguration'
2024-05-20T15:37:16.913-03:00 DEBUG 739374 --- [person-service] [           main] o.s.b.f.s.DefaultListableBeanFactory     : Autowiring by type from bean name 'org.springframework.boot.autoconfigure.task.TaskExecutorConfigurations$SimpleAsyncTaskExecutorBuilderConfiguration' via constructor to bean named 'spring.task.execution-org.springframework.boot.autoconfigure.task.TaskExecutionProperties'
2024-05-20T15:37:16.913-03:00 DEBUG 739374 --- [person-service] [           main] o.s.b.f.s.DefaultListableBeanFactory     : Creating shared instance of singleton bean 'simpleAsyncTaskExecutorBuilder'
2024-05-20T15:37:16.915-03:00 DEBUG 739374 --- [person-service] [           main] o.s.b.f.s.DefaultListableBeanFactory     : Creating shared instance of singleton bean 'org.springframework.boot.autoconfigure.task.TaskExecutorConfigurations$TaskExecutorConfiguration'
2024-05-20T15:37:16.915-03:00 DEBUG 739374 --- [person-service] [           main] o.s.b.f.s.DefaultListableBeanFactory     : Creating shared instance of singleton bean 'org.springframework.boot.autoconfigure.task.TaskExecutionAutoConfiguration'
2024-05-20T15:37:16.915-03:00 DEBUG 739374 --- [person-service] [           main] o.s.b.f.s.DefaultListableBeanFactory     : Creating shared instance of singleton bean 'org.springframework.boot.autoconfigure.web.servlet.error.ErrorMvcAutoConfiguration$WhitelabelErrorViewConfiguration'
2024-05-20T15:37:16.916-03:00 DEBUG 739374 --- [person-service] [           main] o.s.b.f.s.DefaultListableBeanFactory     : Creating shared instance of singleton bean 'error'
2024-05-20T15:37:16.916-03:00 DEBUG 739374 --- [person-service] [           main] o.s.b.f.s.DefaultListableBeanFactory     : Creating shared instance of singleton bean 'beanNameViewResolver'
2024-05-20T15:37:16.918-03:00 DEBUG 739374 --- [person-service] [           main] o.s.b.f.s.DefaultListableBeanFactory     : Creating shared instance of singleton bean 'org.springframework.boot.autoconfigure.web.servlet.error.ErrorMvcAutoConfiguration$DefaultErrorViewResolverConfiguration'
2024-05-20T15:37:16.918-03:00 DEBUG 739374 --- [person-service] [           main] o.s.b.f.s.DefaultListableBeanFactory     : Creating shared instance of singleton bean 'spring.web-org.springframework.boot.autoconfigure.web.WebProperties'
2024-05-20T15:37:16.920-03:00 DEBUG 739374 --- [person-service] [           main] o.s.b.f.s.DefaultListableBeanFactory     : Autowiring by type from bean name 'org.springframework.boot.autoconfigure.web.servlet.error.ErrorMvcAutoConfiguration$DefaultErrorViewResolverConfiguration' via constructor to bean named 'org.springframework.web.context.support.GenericWebApplicationContext@2c22a348'
2024-05-20T15:37:16.920-03:00 DEBUG 739374 --- [person-service] [           main] o.s.b.f.s.DefaultListableBeanFactory     : Autowiring by type from bean name 'org.springframework.boot.autoconfigure.web.servlet.error.ErrorMvcAutoConfiguration$DefaultErrorViewResolverConfiguration' via constructor to bean named 'spring.web-org.springframework.boot.autoconfigure.web.WebProperties'
2024-05-20T15:37:16.921-03:00 DEBUG 739374 --- [person-service] [           main] o.s.b.f.s.DefaultListableBeanFactory     : Creating shared instance of singleton bean 'conventionErrorViewResolver'
2024-05-20T15:37:16.922-03:00 DEBUG 739374 --- [person-service] [           main] o.s.b.f.s.DefaultListableBeanFactory     : Creating shared instance of singleton bean 'errorAttributes'
2024-05-20T15:37:16.923-03:00 DEBUG 739374 --- [person-service] [           main] o.s.b.f.s.DefaultListableBeanFactory     : Creating shared instance of singleton bean 'basicErrorController'
2024-05-20T15:37:16.924-03:00 DEBUG 739374 --- [person-service] [           main] o.s.b.f.s.DefaultListableBeanFactory     : Autowiring by type from bean name 'basicErrorController' via factory method to bean named 'errorAttributes'
2024-05-20T15:37:16.926-03:00 DEBUG 739374 --- [person-service] [           main] o.s.b.f.s.DefaultListableBeanFactory     : Creating shared instance of singleton bean 'org.springframework.boot.autoconfigure.web.servlet.WebMvcAutoConfiguration$EnableWebMvcConfiguration'
2024-05-20T15:37:16.926-03:00 DEBUG 739374 --- [person-service] [           main] o.s.b.f.s.DefaultListableBeanFactory     : Autowiring by type from bean name 'org.springframework.boot.autoconfigure.web.servlet.WebMvcAutoConfiguration$EnableWebMvcConfiguration' via constructor to bean named 'spring.mvc-org.springframework.boot.autoconfigure.web.servlet.WebMvcProperties'
2024-05-20T15:37:16.926-03:00 DEBUG 739374 --- [person-service] [           main] o.s.b.f.s.DefaultListableBeanFactory     : Autowiring by type from bean name 'org.springframework.boot.autoconfigure.web.servlet.WebMvcAutoConfiguration$EnableWebMvcConfiguration' via constructor to bean named 'spring.web-org.springframework.boot.autoconfigure.web.WebProperties'
2024-05-20T15:37:16.926-03:00 DEBUG 739374 --- [person-service] [           main] o.s.b.f.s.DefaultListableBeanFactory     : Autowiring by type from bean name 'org.springframework.boot.autoconfigure.web.servlet.WebMvcAutoConfiguration$EnableWebMvcConfiguration' via constructor to bean named 'org.springframework.beans.factory.support.DefaultListableBeanFactory@62a8fd44'
2024-05-20T15:37:16.929-03:00 DEBUG 739374 --- [person-service] [           main] o.s.b.f.s.DefaultListableBeanFactory     : Creating shared instance of singleton bean 'org.springframework.boot.autoconfigure.web.servlet.WebMvcAutoConfiguration$WebMvcAutoConfigurationAdapter'
2024-05-20T15:37:16.930-03:00 DEBUG 739374 --- [person-service] [           main] o.s.b.f.s.DefaultListableBeanFactory     : Autowiring by type from bean name 'org.springframework.boot.autoconfigure.web.servlet.WebMvcAutoConfiguration$WebMvcAutoConfigurationAdapter' via constructor to bean named 'spring.web-org.springframework.boot.autoconfigure.web.WebProperties'
2024-05-20T15:37:16.930-03:00 DEBUG 739374 --- [person-service] [           main] o.s.b.f.s.DefaultListableBeanFactory     : Autowiring by type from bean name 'org.springframework.boot.autoconfigure.web.servlet.WebMvcAutoConfiguration$WebMvcAutoConfigurationAdapter' via constructor to bean named 'spring.mvc-org.springframework.boot.autoconfigure.web.servlet.WebMvcProperties'
2024-05-20T15:37:16.930-03:00 DEBUG 739374 --- [person-service] [           main] o.s.b.f.s.DefaultListableBeanFactory     : Autowiring by type from bean name 'org.springframework.boot.autoconfigure.web.servlet.WebMvcAutoConfiguration$WebMvcAutoConfigurationAdapter' via constructor to bean named 'org.springframework.beans.factory.support.DefaultListableBeanFactory@62a8fd44'
2024-05-20T15:37:16.931-03:00 DEBUG 739374 --- [person-service] [           main] o.s.b.f.s.DefaultListableBeanFactory     : Creating shared instance of singleton bean 'openEntityManagerInViewInterceptorConfigurer'
2024-05-20T15:37:16.931-03:00 DEBUG 739374 --- [person-service] [           main] o.s.b.f.s.DefaultListableBeanFactory     : Creating shared instance of singleton bean 'org.springframework.boot.autoconfigure.orm.jpa.JpaBaseConfiguration$JpaWebConfiguration'
2024-05-20T15:37:16.931-03:00 DEBUG 739374 --- [person-service] [           main] o.s.b.f.s.DefaultListableBeanFactory     : Autowiring by type from bean name 'org.springframework.boot.autoconfigure.orm.jpa.JpaBaseConfiguration$JpaWebConfiguration' via constructor to bean named 'spring.jpa-org.springframework.boot.autoconfigure.orm.jpa.JpaProperties'
2024-05-20T15:37:16.932-03:00 DEBUG 739374 --- [person-service] [           main] o.s.b.f.s.DefaultListableBeanFactory     : Creating shared instance of singleton bean 'openEntityManagerInViewInterceptor'
2024-05-20T15:37:16.932-03:00  WARN 739374 --- [person-service] [           main] JpaBaseConfiguration$JpaWebConfiguration : spring.jpa.open-in-view is enabled by default. Therefore, database queries may be performed during view rendering. Explicitly configure spring.jpa.open-in-view to disable this warning
2024-05-20T15:37:16.934-03:00 DEBUG 739374 --- [person-service] [           main] o.s.b.f.s.DefaultListableBeanFactory     : Autowiring by type from bean name 'openEntityManagerInViewInterceptorConfigurer' via factory method to bean named 'openEntityManagerInViewInterceptor'
2024-05-20T15:37:16.934-03:00 DEBUG 739374 --- [person-service] [           main] o.s.b.f.s.DefaultListableBeanFactory     : Creating shared instance of singleton bean 'org.springframework.data.web.config.SpringDataWebConfiguration'
2024-05-20T15:37:16.936-03:00 DEBUG 739374 --- [person-service] [           main] o.s.b.f.s.DefaultListableBeanFactory     : Autowiring by type from bean name 'org.springframework.data.web.config.SpringDataWebConfiguration' via constructor to bean named 'org.springframework.web.context.support.GenericWebApplicationContext@2c22a348'
2024-05-20T15:37:16.939-03:00 DEBUG 739374 --- [person-service] [           main] o.s.b.f.s.DefaultListableBeanFactory     : Creating shared instance of singleton bean 'welcomePageHandlerMapping'
2024-05-20T15:37:16.940-03:00 DEBUG 739374 --- [person-service] [           main] o.s.b.f.s.DefaultListableBeanFactory     : Creating shared instance of singleton bean 'mvcConversionService'
2024-05-20T15:37:16.946-03:00 DEBUG 739374 --- [person-service] [           main] o.s.b.f.s.DefaultListableBeanFactory     : Creating shared instance of singleton bean 'mvcResourceUrlProvider'
2024-05-20T15:37:16.948-03:00 DEBUG 739374 --- [person-service] [           main] o.s.b.f.s.DefaultListableBeanFactory     : Autowiring by type from bean name 'welcomePageHandlerMapping' via factory method to bean named 'org.springframework.web.context.support.GenericWebApplicationContext@2c22a348'
2024-05-20T15:37:16.948-03:00 DEBUG 739374 --- [person-service] [           main] o.s.b.f.s.DefaultListableBeanFactory     : Autowiring by type from bean name 'welcomePageHandlerMapping' via factory method to bean named 'mvcConversionService'
2024-05-20T15:37:16.948-03:00 DEBUG 739374 --- [person-service] [           main] o.s.b.f.s.DefaultListableBeanFactory     : Autowiring by type from bean name 'welcomePageHandlerMapping' via factory method to bean named 'mvcResourceUrlProvider'
2024-05-20T15:37:16.958-03:00 DEBUG 739374 --- [person-service] [           main] o.s.b.f.s.DefaultListableBeanFactory     : Creating shared instance of singleton bean 'welcomePageNotAcceptableHandlerMapping'
2024-05-20T15:37:16.959-03:00 DEBUG 739374 --- [person-service] [           main] o.s.b.f.s.DefaultListableBeanFactory     : Autowiring by type from bean name 'welcomePageNotAcceptableHandlerMapping' via factory method to bean named 'org.springframework.web.context.support.GenericWebApplicationContext@2c22a348'
2024-05-20T15:37:16.959-03:00 DEBUG 739374 --- [person-service] [           main] o.s.b.f.s.DefaultListableBeanFactory     : Autowiring by type from bean name 'welcomePageNotAcceptableHandlerMapping' via factory method to bean named 'mvcConversionService'
2024-05-20T15:37:16.959-03:00 DEBUG 739374 --- [person-service] [           main] o.s.b.f.s.DefaultListableBeanFactory     : Autowiring by type from bean name 'welcomePageNotAcceptableHandlerMapping' via factory method to bean named 'mvcResourceUrlProvider'
2024-05-20T15:37:16.962-03:00 DEBUG 739374 --- [person-service] [           main] o.s.b.f.s.DefaultListableBeanFactory     : Creating shared instance of singleton bean 'localeResolver'
2024-05-20T15:37:16.963-03:00 DEBUG 739374 --- [person-service] [           main] o.s.b.f.s.DefaultListableBeanFactory     : Creating shared instance of singleton bean 'themeResolver'
2024-05-20T15:37:16.964-03:00 DEBUG 739374 --- [person-service] [           main] o.s.b.f.s.DefaultListableBeanFactory     : Creating shared instance of singleton bean 'flashMapManager'
2024-05-20T15:37:16.966-03:00 DEBUG 739374 --- [person-service] [           main] o.s.b.f.s.DefaultListableBeanFactory     : Creating shared instance of singleton bean 'mvcValidator'
2024-05-20T15:37:16.967-03:00 DEBUG 739374 --- [person-service] [           main] o.s.b.f.s.DefaultListableBeanFactory     : Creating shared instance of singleton bean 'mvcContentNegotiationManager'
2024-05-20T15:37:16.970-03:00 DEBUG 739374 --- [person-service] [           main] o.s.b.f.s.DefaultListableBeanFactory     : Creating shared instance of singleton bean 'requestMappingHandlerMapping'
2024-05-20T15:37:16.972-03:00 DEBUG 739374 --- [person-service] [           main] o.s.b.f.s.DefaultListableBeanFactory     : Autowiring by type from bean name 'requestMappingHandlerMapping' via factory method to bean named 'mvcContentNegotiationManager'
2024-05-20T15:37:16.972-03:00 DEBUG 739374 --- [person-service] [           main] o.s.b.f.s.DefaultListableBeanFactory     : Autowiring by type from bean name 'requestMappingHandlerMapping' via factory method to bean named 'mvcConversionService'
2024-05-20T15:37:16.972-03:00 DEBUG 739374 --- [person-service] [           main] o.s.b.f.s.DefaultListableBeanFactory     : Autowiring by type from bean name 'requestMappingHandlerMapping' via factory method to bean named 'mvcResourceUrlProvider'
2024-05-20T15:37:16.996-03:00 DEBUG 739374 --- [person-service] [           main] _.s.web.servlet.HandlerMapping.Mappings  : 
	c.s.p.i.h.c.LoanController:
	{POST [/loan/request/{userId}]}: requestLoan(Long,InboundLoanDTO)
	{POST [/loan/pay/{loanId}]}: payLoan(Long)
2024-05-20T15:37:17.001-03:00 DEBUG 739374 --- [person-service] [           main] _.s.web.servlet.HandlerMapping.Mappings  : 
	o.s.b.a.w.s.e.BasicErrorController:
	{ [/error]}: error(HttpServletRequest)
	{ [/error], produces [text/html]}: errorHtml(HttpServletRequest,HttpServletResponse)
2024-05-20T15:37:17.004-03:00 DEBUG 739374 --- [person-service] [           main] s.w.s.m.m.a.RequestMappingHandlerMapping : 4 mappings in 'requestMappingHandlerMapping'
2024-05-20T15:37:17.007-03:00 DEBUG 739374 --- [person-service] [           main] o.s.b.f.s.DefaultListableBeanFactory     : Creating shared instance of singleton bean 'mvcPatternParser'
2024-05-20T15:37:17.008-03:00 DEBUG 739374 --- [person-service] [           main] o.s.b.f.s.DefaultListableBeanFactory     : Creating shared instance of singleton bean 'mvcUrlPathHelper'
2024-05-20T15:37:17.009-03:00 DEBUG 739374 --- [person-service] [           main] o.s.b.f.s.DefaultListableBeanFactory     : Creating shared instance of singleton bean 'mvcPathMatcher'
2024-05-20T15:37:17.009-03:00 DEBUG 739374 --- [person-service] [           main] o.s.b.f.s.DefaultListableBeanFactory     : Creating shared instance of singleton bean 'viewControllerHandlerMapping'
2024-05-20T15:37:17.010-03:00 DEBUG 739374 --- [person-service] [           main] o.s.b.f.s.DefaultListableBeanFactory     : Autowiring by type from bean name 'viewControllerHandlerMapping' via factory method to bean named 'mvcConversionService'
2024-05-20T15:37:17.010-03:00 DEBUG 739374 --- [person-service] [           main] o.s.b.f.s.DefaultListableBeanFactory     : Autowiring by type from bean name 'viewControllerHandlerMapping' via factory method to bean named 'mvcResourceUrlProvider'
2024-05-20T15:37:17.010-03:00 DEBUG 739374 --- [person-service] [           main] o.s.b.f.s.DefaultListableBeanFactory     : Creating shared instance of singleton bean 'beanNameHandlerMapping'
2024-05-20T15:37:17.010-03:00 DEBUG 739374 --- [person-service] [           main] o.s.b.f.s.DefaultListableBeanFactory     : Autowiring by type from bean name 'beanNameHandlerMapping' via factory method to bean named 'mvcConversionService'
2024-05-20T15:37:17.010-03:00 DEBUG 739374 --- [person-service] [           main] o.s.b.f.s.DefaultListableBeanFactory     : Autowiring by type from bean name 'beanNameHandlerMapping' via factory method to bean named 'mvcResourceUrlProvider'
2024-05-20T15:37:17.012-03:00 DEBUG 739374 --- [person-service] [           main] _.s.web.servlet.HandlerMapping.Mappings  : 'beanNameHandlerMapping' {}
2024-05-20T15:37:17.014-03:00 DEBUG 739374 --- [person-service] [           main] o.s.b.f.s.DefaultListableBeanFactory     : Creating shared instance of singleton bean 'routerFunctionMapping'
2024-05-20T15:37:17.014-03:00 DEBUG 739374 --- [person-service] [           main] o.s.b.f.s.DefaultListableBeanFactory     : Autowiring by type from bean name 'routerFunctionMapping' via factory method to bean named 'mvcConversionService'
2024-05-20T15:37:17.014-03:00 DEBUG 739374 --- [person-service] [           main] o.s.b.f.s.DefaultListableBeanFactory     : Autowiring by type from bean name 'routerFunctionMapping' via factory method to bean named 'mvcResourceUrlProvider'
2024-05-20T15:37:17.015-03:00 DEBUG 739374 --- [person-service] [           main] o.s.b.f.s.DefaultListableBeanFactory     : Creating shared instance of singleton bean 'messageConverters'
2024-05-20T15:37:17.015-03:00 DEBUG 739374 --- [person-service] [           main] o.s.b.f.s.DefaultListableBeanFactory     : Creating shared instance of singleton bean 'org.springframework.boot.autoconfigure.http.HttpMessageConvertersAutoConfiguration'
2024-05-20T15:37:17.017-03:00 DEBUG 739374 --- [person-service] [           main] o.s.b.f.s.DefaultListableBeanFactory     : Creating shared instance of singleton bean 'stringHttpMessageConverter'
2024-05-20T15:37:17.017-03:00 DEBUG 739374 --- [person-service] [           main] o.s.b.f.s.DefaultListableBeanFactory     : Creating shared instance of singleton bean 'org.springframework.boot.autoconfigure.http.HttpMessageConvertersAutoConfiguration$StringHttpMessageConverterConfiguration'
2024-05-20T15:37:17.018-03:00 DEBUG 739374 --- [person-service] [           main] o.s.b.f.s.DefaultListableBeanFactory     : Autowiring by type from bean name 'stringHttpMessageConverter' via factory method to bean named 'environment'
2024-05-20T15:37:17.021-03:00 DEBUG 739374 --- [person-service] [           main] o.s.b.f.s.DefaultListableBeanFactory     : Creating shared instance of singleton bean 'mappingJackson2HttpMessageConverter'
2024-05-20T15:37:17.021-03:00 DEBUG 739374 --- [person-service] [           main] o.s.b.f.s.DefaultListableBeanFactory     : Creating shared instance of singleton bean 'org.springframework.boot.autoconfigure.http.JacksonHttpMessageConvertersConfiguration$MappingJackson2HttpMessageConverterConfiguration'
2024-05-20T15:37:17.022-03:00 DEBUG 739374 --- [person-service] [           main] o.s.b.f.s.DefaultListableBeanFactory     : Autowiring by type from bean name 'mappingJackson2HttpMessageConverter' via factory method to bean named 'jacksonObjectMapper'
2024-05-20T15:37:17.054-03:00 DEBUG 739374 --- [person-service] [           main] o.s.b.f.s.DefaultListableBeanFactory     : Creating shared instance of singleton bean 'resourceHandlerMapping'
2024-05-20T15:37:17.055-03:00 DEBUG 739374 --- [person-service] [           main] o.s.b.f.s.DefaultListableBeanFactory     : Autowiring by type from bean name 'resourceHandlerMapping' via factory method to bean named 'mvcContentNegotiationManager'
2024-05-20T15:37:17.055-03:00 DEBUG 739374 --- [person-service] [           main] o.s.b.f.s.DefaultListableBeanFactory     : Autowiring by type from bean name 'resourceHandlerMapping' via factory method to bean named 'mvcConversionService'
2024-05-20T15:37:17.055-03:00 DEBUG 739374 --- [person-service] [           main] o.s.b.f.s.DefaultListableBeanFactory     : Autowiring by type from bean name 'resourceHandlerMapping' via factory method to bean named 'mvcResourceUrlProvider'
2024-05-20T15:37:17.063-03:00 DEBUG 739374 --- [person-service] [           main] _.s.web.servlet.HandlerMapping.Mappings  : 'resourceHandlerMapping' {/webjars/**=ResourceHttpRequestHandler [classpath [META-INF/resources/webjars/]], /**=ResourceHttpRequestHandler [classpath [META-INF/resources/], classpath [resources/], classpath [static/], classpath [public/], ServletContext [/]]}
2024-05-20T15:37:17.064-03:00 DEBUG 739374 --- [person-service] [           main] o.s.b.f.s.DefaultListableBeanFactory     : Creating shared instance of singleton bean 'defaultServletHandlerMapping'
2024-05-20T15:37:17.065-03:00 DEBUG 739374 --- [person-service] [           main] o.s.b.f.s.DefaultListableBeanFactory     : Creating shared instance of singleton bean 'requestMappingHandlerAdapter'
2024-05-20T15:37:17.066-03:00 DEBUG 739374 --- [person-service] [           main] o.s.b.f.s.DefaultListableBeanFactory     : Autowiring by type from bean name 'requestMappingHandlerAdapter' via factory method to bean named 'mvcContentNegotiationManager'
2024-05-20T15:37:17.066-03:00 DEBUG 739374 --- [person-service] [           main] o.s.b.f.s.DefaultListableBeanFactory     : Autowiring by type from bean name 'requestMappingHandlerAdapter' via factory method to bean named 'mvcConversionService'
2024-05-20T15:37:17.066-03:00 DEBUG 739374 --- [person-service] [           main] o.s.b.f.s.DefaultListableBeanFactory     : Autowiring by type from bean name 'requestMappingHandlerAdapter' via factory method to bean named 'mvcValidator'
2024-05-20T15:37:17.070-03:00 DEBUG 739374 --- [person-service] [           main] o.s.b.f.s.DefaultListableBeanFactory     : Creating shared instance of singleton bean 'sortResolver'
2024-05-20T15:37:17.071-03:00 DEBUG 739374 --- [person-service] [           main] o.s.b.f.s.DefaultListableBeanFactory     : Creating shared instance of singleton bean 'sortCustomizer'
2024-05-20T15:37:17.071-03:00 DEBUG 739374 --- [person-service] [           main] o.s.b.f.s.DefaultListableBeanFactory     : Creating shared instance of singleton bean 'org.springframework.boot.autoconfigure.data.web.SpringDataWebAutoConfiguration'
2024-05-20T15:37:17.072-03:00 DEBUG 739374 --- [person-service] [           main] o.s.b.f.s.DefaultListableBeanFactory     : Creating shared instance of singleton bean 'spring.data.web-org.springframework.boot.autoconfigure.data.web.SpringDataWebProperties'
2024-05-20T15:37:17.073-03:00 DEBUG 739374 --- [person-service] [           main] o.s.b.f.s.DefaultListableBeanFactory     : Autowiring by type from bean name 'org.springframework.boot.autoconfigure.data.web.SpringDataWebAutoConfiguration' via constructor to bean named 'spring.data.web-org.springframework.boot.autoconfigure.data.web.SpringDataWebProperties'
2024-05-20T15:37:17.075-03:00 DEBUG 739374 --- [person-service] [           main] o.s.b.f.s.DefaultListableBeanFactory     : Creating shared instance of singleton bean 'pageableResolver'
2024-05-20T15:37:17.076-03:00 DEBUG 739374 --- [person-service] [           main] o.s.b.f.s.DefaultListableBeanFactory     : Creating shared instance of singleton bean 'pageableCustomizer'
2024-05-20T15:37:17.079-03:00 DEBUG 739374 --- [person-service] [           main] o.s.b.f.s.DefaultListableBeanFactory     : Creating shared instance of singleton bean 'applicationTaskExecutor'
2024-05-20T15:37:17.079-03:00 DEBUG 739374 --- [person-service] [           main] o.s.b.f.s.DefaultListableBeanFactory     : Autowiring by type from bean name 'applicationTaskExecutor' via factory method to bean named 'taskExecutorBuilder'
2024-05-20T15:37:17.085-03:00 DEBUG 739374 --- [person-service] [           main] o.s.s.concurrent.ThreadPoolTaskExecutor  : Initializing ExecutorService 'applicationTaskExecutor'
2024-05-20T15:37:17.097-03:00 DEBUG 739374 --- [person-service] [           main] s.w.s.m.m.a.RequestMappingHandlerAdapter : ControllerAdvice beans: 0 @ModelAttribute, 0 @InitBinder, 1 RequestBodyAdvice, 1 ResponseBodyAdvice
2024-05-20T15:37:17.118-03:00 DEBUG 739374 --- [person-service] [           main] o.s.b.f.s.DefaultListableBeanFactory     : Creating shared instance of singleton bean 'handlerFunctionAdapter'
2024-05-20T15:37:17.119-03:00 DEBUG 739374 --- [person-service] [           main] o.s.b.f.s.DefaultListableBeanFactory     : Creating shared instance of singleton bean 'mvcUriComponentsContributor'
2024-05-20T15:37:17.120-03:00 DEBUG 739374 --- [person-service] [           main] o.s.b.f.s.DefaultListableBeanFactory     : Autowiring by type from bean name 'mvcUriComponentsContributor' via factory method to bean named 'mvcConversionService'
2024-05-20T15:37:17.120-03:00 DEBUG 739374 --- [person-service] [           main] o.s.b.f.s.DefaultListableBeanFactory     : Autowiring by type from bean name 'mvcUriComponentsContributor' via factory method to bean named 'requestMappingHandlerAdapter'
2024-05-20T15:37:17.121-03:00 DEBUG 739374 --- [person-service] [           main] o.s.b.f.s.DefaultListableBeanFactory     : Creating shared instance of singleton bean 'httpRequestHandlerAdapter'
2024-05-20T15:37:17.121-03:00 DEBUG 739374 --- [person-service] [           main] o.s.b.f.s.DefaultListableBeanFactory     : Creating shared instance of singleton bean 'simpleControllerHandlerAdapter'
2024-05-20T15:37:17.122-03:00 DEBUG 739374 --- [person-service] [           main] o.s.b.f.s.DefaultListableBeanFactory     : Creating shared instance of singleton bean 'handlerExceptionResolver'
2024-05-20T15:37:17.122-03:00 DEBUG 739374 --- [person-service] [           main] o.s.b.f.s.DefaultListableBeanFactory     : Autowiring by type from bean name 'handlerExceptionResolver' via factory method to bean named 'mvcContentNegotiationManager'
2024-05-20T15:37:17.126-03:00 DEBUG 739374 --- [person-service] [           main] .m.m.a.ExceptionHandlerExceptionResolver : ControllerAdvice beans: 1 @ExceptionHandler, 1 ResponseBodyAdvice
2024-05-20T15:37:17.129-03:00 DEBUG 739374 --- [person-service] [           main] o.s.b.f.s.DefaultListableBeanFactory     : Creating shared instance of singleton bean 'mvcViewResolver'
2024-05-20T15:37:17.129-03:00 DEBUG 739374 --- [person-service] [           main] o.s.b.f.s.DefaultListableBeanFactory     : Autowiring by type from bean name 'mvcViewResolver' via factory method to bean named 'mvcContentNegotiationManager'
2024-05-20T15:37:17.131-03:00 DEBUG 739374 --- [person-service] [           main] o.s.b.f.s.DefaultListableBeanFactory     : Creating shared instance of singleton bean 'viewNameTranslator'
2024-05-20T15:37:17.132-03:00 DEBUG 739374 --- [person-service] [           main] o.s.b.f.s.DefaultListableBeanFactory     : Creating shared instance of singleton bean 'defaultViewResolver'
2024-05-20T15:37:17.136-03:00 DEBUG 739374 --- [person-service] [           main] o.s.b.f.s.DefaultListableBeanFactory     : Creating shared instance of singleton bean 'viewResolver'
2024-05-20T15:37:17.137-03:00 DEBUG 739374 --- [person-service] [           main] o.s.b.f.s.DefaultListableBeanFactory     : Autowiring by type from bean name 'viewResolver' via factory method to bean named 'org.springframework.beans.factory.support.DefaultListableBeanFactory@62a8fd44'
2024-05-20T15:37:17.138-03:00 DEBUG 739374 --- [person-service] [           main] o.s.b.f.s.DefaultListableBeanFactory     : Creating shared instance of singleton bean 'viewResolver'
2024-05-20T15:37:17.139-03:00 DEBUG 739374 --- [person-service] [           main] o.s.b.f.s.DefaultListableBeanFactory     : Creating shared instance of singleton bean 'requestContextFilter'
2024-05-20T15:37:17.141-03:00 DEBUG 739374 --- [person-service] [           main] o.s.b.f.s.DefaultListableBeanFactory     : Creating shared instance of singleton bean 'org.springframework.boot.autoconfigure.web.servlet.WebMvcAutoConfiguration'
2024-05-20T15:37:17.142-03:00 DEBUG 739374 --- [person-service] [           main] o.s.b.f.s.DefaultListableBeanFactory     : Creating shared instance of singleton bean 'formContentFilter'
2024-05-20T15:37:17.143-03:00 DEBUG 739374 --- [person-service] [           main] o.s.b.f.s.DefaultListableBeanFactory     : Creating shared instance of singleton bean 'org.springframework.boot.autoconfigure.aop.AopAutoConfiguration$AspectJAutoProxyingConfiguration$CglibAutoProxyConfiguration'
2024-05-20T15:37:17.144-03:00 DEBUG 739374 --- [person-service] [           main] o.s.b.f.s.DefaultListableBeanFactory     : Creating shared instance of singleton bean 'org.springframework.boot.autoconfigure.aop.AopAutoConfiguration$AspectJAutoProxyingConfiguration'
2024-05-20T15:37:17.144-03:00 DEBUG 739374 --- [person-service] [           main] o.s.b.f.s.DefaultListableBeanFactory     : Creating shared instance of singleton bean 'org.springframework.boot.autoconfigure.aop.AopAutoConfiguration'
2024-05-20T15:37:17.144-03:00 DEBUG 739374 --- [person-service] [           main] o.s.b.f.s.DefaultListableBeanFactory     : Creating shared instance of singleton bean 'org.springframework.boot.autoconfigure.availability.ApplicationAvailabilityAutoConfiguration'
2024-05-20T15:37:17.145-03:00 DEBUG 739374 --- [person-service] [           main] o.s.b.f.s.DefaultListableBeanFactory     : Creating shared instance of singleton bean 'applicationAvailability'
2024-05-20T15:37:17.146-03:00 DEBUG 739374 --- [person-service] [           main] o.s.b.f.s.DefaultListableBeanFactory     : Creating shared instance of singleton bean 'org.springframework.boot.autoconfigure.transaction.jta.JtaAutoConfiguration'
2024-05-20T15:37:17.147-03:00 DEBUG 739374 --- [person-service] [           main] o.s.b.f.s.DefaultListableBeanFactory     : Creating shared instance of singleton bean 'org.springframework.boot.autoconfigure.jdbc.metadata.DataSourcePoolMetadataProvidersConfiguration'
2024-05-20T15:37:17.147-03:00 DEBUG 739374 --- [person-service] [           main] o.s.b.f.s.DefaultListableBeanFactory     : Creating shared instance of singleton bean 'org.springframework.boot.autoconfigure.jdbc.DataSourceAutoConfiguration'
2024-05-20T15:37:17.148-03:00 DEBUG 739374 --- [person-service] [           main] o.s.b.f.s.DefaultListableBeanFactory     : Creating shared instance of singleton bean 'org.springframework.boot.autoconfigure.transaction.TransactionManagerCustomizationAutoConfiguration'
2024-05-20T15:37:17.148-03:00 DEBUG 739374 --- [person-service] [           main] o.s.b.f.s.DefaultListableBeanFactory     : Creating shared instance of singleton bean 'platformTransactionManagerCustomizers'
2024-05-20T15:37:17.150-03:00 DEBUG 739374 --- [person-service] [           main] o.s.b.f.s.DefaultListableBeanFactory     : Creating shared instance of singleton bean 'transactionExecutionListeners'
2024-05-20T15:37:17.153-03:00 DEBUG 739374 --- [person-service] [           main] o.s.b.f.s.DefaultListableBeanFactory     : Creating shared instance of singleton bean 'spring.transaction-org.springframework.boot.autoconfigure.transaction.TransactionProperties'
2024-05-20T15:37:17.157-03:00 DEBUG 739374 --- [person-service] [           main] o.s.b.f.s.DefaultListableBeanFactory     : Creating shared instance of singleton bean 'org.springframework.boot.autoconfigure.orm.jpa.JpaBaseConfiguration$PersistenceManagedTypesConfiguration'
2024-05-20T15:37:17.157-03:00 DEBUG 739374 --- [person-service] [           main] o.s.b.f.s.DefaultListableBeanFactory     : Creating shared instance of singleton bean 'transactionManager'
2024-05-20T15:37:17.166-03:00 DEBUG 739374 --- [person-service] [           main] o.s.b.f.s.DefaultListableBeanFactory     : Creating shared instance of singleton bean 'org.springframework.boot.autoconfigure.orm.jpa.HibernateJpaAutoConfiguration'
2024-05-20T15:37:17.167-03:00 DEBUG 739374 --- [person-service] [           main] o.s.b.f.s.DefaultListableBeanFactory     : Creating shared instance of singleton bean 'org.springframework.boot.autoconfigure.context.ConfigurationPropertiesAutoConfiguration'
2024-05-20T15:37:17.167-03:00 DEBUG 739374 --- [person-service] [           main] o.s.b.f.s.DefaultListableBeanFactory     : Creating shared instance of singleton bean 'org.springframework.boot.autoconfigure.context.LifecycleAutoConfiguration'
2024-05-20T15:37:17.167-03:00 DEBUG 739374 --- [person-service] [           main] o.s.b.f.s.DefaultListableBeanFactory     : Creating shared instance of singleton bean 'lifecycleProcessor'
2024-05-20T15:37:17.168-03:00 DEBUG 739374 --- [person-service] [           main] o.s.b.f.s.DefaultListableBeanFactory     : Creating shared instance of singleton bean 'spring.lifecycle-org.springframework.boot.autoconfigure.context.LifecycleProperties'
2024-05-20T15:37:17.169-03:00 DEBUG 739374 --- [person-service] [           main] o.s.b.f.s.DefaultListableBeanFactory     : Autowiring by type from bean name 'lifecycleProcessor' via factory method to bean named 'spring.lifecycle-org.springframework.boot.autoconfigure.context.LifecycleProperties'
2024-05-20T15:37:17.172-03:00 DEBUG 739374 --- [person-service] [           main] o.s.b.f.s.DefaultListableBeanFactory     : Creating shared instance of singleton bean 'org.springframework.boot.autoconfigure.dao.PersistenceExceptionTranslationAutoConfiguration'
2024-05-20T15:37:17.173-03:00 DEBUG 739374 --- [person-service] [           main] o.s.b.f.s.DefaultListableBeanFactory     : Creating shared instance of singleton bean 'org.springframework.boot.autoconfigure.data.jpa.JpaRepositoriesAutoConfiguration'
2024-05-20T15:37:17.173-03:00 DEBUG 739374 --- [person-service] [           main] o.s.b.f.s.DefaultListableBeanFactory     : Creating shared instance of singleton bean 'org.springframework.data.jpa.util.JpaMetamodelCacheCleanup'
2024-05-20T15:37:17.174-03:00 DEBUG 739374 --- [person-service] [           main] o.s.b.f.s.DefaultListableBeanFactory     : Creating shared instance of singleton bean 'org.springframework.data.jpa.repository.support.JpaEvaluationContextExtension'
2024-05-20T15:37:17.175-03:00 DEBUG 739374 --- [person-service] [           main] o.s.b.f.s.DefaultListableBeanFactory     : Creating shared instance of singleton bean 'data-jpa.repository-aot-processor#0'
2024-05-20T15:37:17.180-03:00 DEBUG 739374 --- [person-service] [           main] o.s.b.f.s.DefaultListableBeanFactory     : Creating shared instance of singleton bean 'org.springframework.boot.autoconfigure.http.JacksonHttpMessageConvertersConfiguration'
2024-05-20T15:37:17.181-03:00 DEBUG 739374 --- [person-service] [           main] o.s.b.f.s.DefaultListableBeanFactory     : Creating shared instance of singleton bean 'org.springframework.data.web.config.ProjectingArgumentResolverRegistrar'
2024-05-20T15:37:17.181-03:00 DEBUG 739374 --- [person-service] [           main] o.s.b.f.s.DefaultListableBeanFactory     : Creating shared instance of singleton bean 'offsetResolver'
2024-05-20T15:37:17.184-03:00 DEBUG 739374 --- [person-service] [           main] o.s.b.f.s.DefaultListableBeanFactory     : Creating shared instance of singleton bean 'org.springframework.boot.autoconfigure.info.ProjectInfoAutoConfiguration'
2024-05-20T15:37:17.188-03:00 DEBUG 739374 --- [person-service] [           main] o.s.b.f.s.DefaultListableBeanFactory     : Creating shared instance of singleton bean 'spring.info-org.springframework.boot.autoconfigure.info.ProjectInfoProperties'
2024-05-20T15:37:17.189-03:00 DEBUG 739374 --- [person-service] [           main] o.s.b.f.s.DefaultListableBeanFactory     : Autowiring by type from bean name 'org.springframework.boot.autoconfigure.info.ProjectInfoAutoConfiguration' via constructor to bean named 'spring.info-org.springframework.boot.autoconfigure.info.ProjectInfoProperties'
2024-05-20T15:37:17.190-03:00 DEBUG 739374 --- [person-service] [           main] o.s.b.f.s.DefaultListableBeanFactory     : Creating shared instance of singleton bean 'org.springframework.boot.autoconfigure.jdbc.JdbcTemplateConfiguration'
2024-05-20T15:37:17.191-03:00 DEBUG 739374 --- [person-service] [           main] o.s.b.f.s.DefaultListableBeanFactory     : Creating shared instance of singleton bean 'jdbcTemplate'
2024-05-20T15:37:17.192-03:00 DEBUG 739374 --- [person-service] [           main] o.s.b.f.s.DefaultListableBeanFactory     : Creating shared instance of singleton bean 'spring.jdbc-org.springframework.boot.autoconfigure.jdbc.JdbcProperties'
2024-05-20T15:37:17.194-03:00 DEBUG 739374 --- [person-service] [           main] o.s.b.f.s.DefaultListableBeanFactory     : Autowiring by type from bean name 'jdbcTemplate' via factory method to bean named 'dataSource'
2024-05-20T15:37:17.194-03:00 DEBUG 739374 --- [person-service] [           main] o.s.b.f.s.DefaultListableBeanFactory     : Autowiring by type from bean name 'jdbcTemplate' via factory method to bean named 'spring.jdbc-org.springframework.boot.autoconfigure.jdbc.JdbcProperties'
2024-05-20T15:37:17.208-03:00 DEBUG 739374 --- [person-service] [           main] o.s.b.f.s.DefaultListableBeanFactory     : Creating shared instance of singleton bean 'org.springframework.boot.autoconfigure.jdbc.NamedParameterJdbcTemplateConfiguration'
2024-05-20T15:37:17.209-03:00 DEBUG 739374 --- [person-service] [           main] o.s.b.f.s.DefaultListableBeanFactory     : Creating shared instance of singleton bean 'namedParameterJdbcTemplate'
2024-05-20T15:37:17.210-03:00 DEBUG 739374 --- [person-service] [           main] o.s.b.f.s.DefaultListableBeanFactory     : Autowiring by type from bean name 'namedParameterJdbcTemplate' via factory method to bean named 'jdbcTemplate'
2024-05-20T15:37:17.217-03:00 DEBUG 739374 --- [person-service] [           main] o.s.b.f.s.DefaultListableBeanFactory     : Creating shared instance of singleton bean 'org.springframework.boot.autoconfigure.jdbc.JdbcTemplateAutoConfiguration'
2024-05-20T15:37:17.218-03:00 DEBUG 739374 --- [person-service] [           main] o.s.b.f.s.DefaultListableBeanFactory     : Creating shared instance of singleton bean 'org.springframework.boot.autoconfigure.jdbc.JdbcClientAutoConfiguration'
2024-05-20T15:37:17.218-03:00 DEBUG 739374 --- [person-service] [           main] o.s.b.f.s.DefaultListableBeanFactory     : Creating shared instance of singleton bean 'jdbcClient'
2024-05-20T15:37:17.219-03:00 DEBUG 739374 --- [person-service] [           main] o.s.b.f.s.DefaultListableBeanFactory     : Autowiring by type from bean name 'jdbcClient' via factory method to bean named 'namedParameterJdbcTemplate'
2024-05-20T15:37:17.222-03:00 DEBUG 739374 --- [person-service] [           main] o.s.b.f.s.DefaultListableBeanFactory     : Creating shared instance of singleton bean 'org.springframework.boot.autoconfigure.task.TaskSchedulingConfigurations$ThreadPoolTaskSchedulerBuilderConfiguration'
2024-05-20T15:37:17.223-03:00 DEBUG 739374 --- [person-service] [           main] o.s.b.f.s.DefaultListableBeanFactory     : Creating shared instance of singleton bean 'threadPoolTaskSchedulerBuilder'
2024-05-20T15:37:17.224-03:00 DEBUG 739374 --- [person-service] [           main] o.s.b.f.s.DefaultListableBeanFactory     : Creating shared instance of singleton bean 'spring.task.scheduling-org.springframework.boot.autoconfigure.task.TaskSchedulingProperties'
2024-05-20T15:37:17.227-03:00 DEBUG 739374 --- [person-service] [           main] o.s.b.f.s.DefaultListableBeanFactory     : Autowiring by type from bean name 'threadPoolTaskSchedulerBuilder' via factory method to bean named 'spring.task.scheduling-org.springframework.boot.autoconfigure.task.TaskSchedulingProperties'
2024-05-20T15:37:17.231-03:00 DEBUG 739374 --- [person-service] [           main] o.s.b.f.s.DefaultListableBeanFactory     : Creating shared instance of singleton bean 'org.springframework.boot.autoconfigure.task.TaskSchedulingConfigurations$TaskSchedulerBuilderConfiguration'
2024-05-20T15:37:17.232-03:00 DEBUG 739374 --- [person-service] [           main] o.s.b.f.s.DefaultListableBeanFactory     : Creating shared instance of singleton bean 'taskSchedulerBuilder'
2024-05-20T15:37:17.232-03:00 DEBUG 739374 --- [person-service] [           main] o.s.b.f.s.DefaultListableBeanFactory     : Autowiring by type from bean name 'taskSchedulerBuilder' via factory method to bean named 'spring.task.scheduling-org.springframework.boot.autoconfigure.task.TaskSchedulingProperties'
2024-05-20T15:37:17.234-03:00 DEBUG 739374 --- [person-service] [           main] o.s.b.f.s.DefaultListableBeanFactory     : Creating shared instance of singleton bean 'org.springframework.boot.autoconfigure.task.TaskSchedulingConfigurations$SimpleAsyncTaskSchedulerBuilderConfiguration'
2024-05-20T15:37:17.235-03:00 DEBUG 739374 --- [person-service] [           main] o.s.b.f.s.DefaultListableBeanFactory     : Autowiring by type from bean name 'org.springframework.boot.autoconfigure.task.TaskSchedulingConfigurations$SimpleAsyncTaskSchedulerBuilderConfiguration' via constructor to bean named 'spring.task.scheduling-org.springframework.boot.autoconfigure.task.TaskSchedulingProperties'
2024-05-20T15:37:17.236-03:00 DEBUG 739374 --- [person-service] [           main] o.s.b.f.s.DefaultListableBeanFactory     : Creating shared instance of singleton bean 'simpleAsyncTaskSchedulerBuilder'
2024-05-20T15:37:17.239-03:00 DEBUG 739374 --- [person-service] [           main] o.s.b.f.s.DefaultListableBeanFactory     : Creating shared instance of singleton bean 'org.springframework.boot.autoconfigure.task.TaskSchedulingAutoConfiguration'
2024-05-20T15:37:17.240-03:00 DEBUG 739374 --- [person-service] [           main] o.s.b.f.s.DefaultListableBeanFactory     : Creating shared instance of singleton bean 'org.springframework.boot.autoconfigure.jdbc.DataSourceTransactionManagerAutoConfiguration$JdbcTransactionManagerConfiguration'
2024-05-20T15:37:17.241-03:00 DEBUG 739374 --- [person-service] [           main] o.s.b.f.s.DefaultListableBeanFactory     : Creating shared instance of singleton bean 'org.springframework.boot.autoconfigure.jdbc.DataSourceTransactionManagerAutoConfiguration'
2024-05-20T15:37:17.242-03:00 DEBUG 739374 --- [person-service] [           main] o.s.b.f.s.DefaultListableBeanFactory     : Creating shared instance of singleton bean 'org.springframework.boot.autoconfigure.transaction.TransactionAutoConfiguration$EnableTransactionManagementConfiguration$CglibAutoProxyConfiguration'
2024-05-20T15:37:17.242-03:00 DEBUG 739374 --- [person-service] [           main] o.s.b.f.s.DefaultListableBeanFactory     : Creating shared instance of singleton bean 'org.springframework.boot.autoconfigure.transaction.TransactionAutoConfiguration$EnableTransactionManagementConfiguration'
2024-05-20T15:37:17.243-03:00 DEBUG 739374 --- [person-service] [           main] o.s.b.f.s.DefaultListableBeanFactory     : Creating shared instance of singleton bean 'org.springframework.boot.autoconfigure.transaction.TransactionAutoConfiguration$TransactionTemplateConfiguration'
2024-05-20T15:37:17.243-03:00 DEBUG 739374 --- [person-service] [           main] o.s.b.f.s.DefaultListableBeanFactory     : Creating shared instance of singleton bean 'transactionTemplate'
2024-05-20T15:37:17.244-03:00 DEBUG 739374 --- [person-service] [           main] o.s.b.f.s.DefaultListableBeanFactory     : Autowiring by type from bean name 'transactionTemplate' via factory method to bean named 'transactionManager'
2024-05-20T15:37:17.246-03:00 DEBUG 739374 --- [person-service] [           main] o.s.b.f.s.DefaultListableBeanFactory     : Creating shared instance of singleton bean 'org.springframework.boot.autoconfigure.transaction.TransactionAutoConfiguration'
2024-05-20T15:37:17.248-03:00 DEBUG 739374 --- [person-service] [           main] o.s.b.f.s.DefaultListableBeanFactory     : Creating shared instance of singleton bean 'org.springframework.boot.autoconfigure.web.client.RestClientAutoConfiguration'
2024-05-20T15:37:17.249-03:00 DEBUG 739374 --- [person-service] [           main] o.s.b.f.s.DefaultListableBeanFactory     : Creating shared instance of singleton bean 'httpMessageConvertersRestClientCustomizer'
2024-05-20T15:37:17.250-03:00 DEBUG 739374 --- [person-service] [           main] o.s.b.f.s.DefaultListableBeanFactory     : Creating shared instance of singleton bean 'restClientSsl'
2024-05-20T15:37:17.250-03:00 DEBUG 739374 --- [person-service] [           main] o.s.b.f.s.DefaultListableBeanFactory     : Autowiring by type from bean name 'restClientSsl' via factory method to bean named 'sslBundleRegistry'
2024-05-20T15:37:17.251-03:00 DEBUG 739374 --- [person-service] [           main] o.s.b.f.s.DefaultListableBeanFactory     : Creating shared instance of singleton bean 'restClientBuilderConfigurer'
2024-05-20T15:37:17.252-03:00 DEBUG 739374 --- [person-service] [           main] o.s.b.f.s.DefaultListableBeanFactory     : Creating shared instance of singleton bean 'org.springframework.boot.autoconfigure.web.client.RestTemplateAutoConfiguration'
2024-05-20T15:37:17.252-03:00 DEBUG 739374 --- [person-service] [           main] o.s.b.f.s.DefaultListableBeanFactory     : Creating shared instance of singleton bean 'characterEncodingFilter'
2024-05-20T15:37:17.254-03:00 DEBUG 739374 --- [person-service] [           main] o.s.b.f.s.DefaultListableBeanFactory     : Creating shared instance of singleton bean 'multipartResolver'
2024-05-20T15:37:17.270-03:00 DEBUG 739374 --- [person-service] [           main] o.s.c.support.DefaultLifecycleProcessor  : Starting beans in phase -2147483647
2024-05-20T15:37:17.271-03:00 DEBUG 739374 --- [person-service] [           main] o.s.c.support.DefaultLifecycleProcessor  : Successfully started bean 'springBootLoggingLifecycle'
2024-05-20T15:37:17.271-03:00 DEBUG 739374 --- [person-service] [           main] o.s.c.support.DefaultLifecycleProcessor  : Starting beans in phase 2147483647
2024-05-20T15:37:17.285-03:00 DEBUG 739374 --- [person-service] [           main] .s.b.a.l.ConditionEvaluationReportLogger : 


============================
CONDITIONS EVALUATION REPORT
============================


Positive matches:
-----------------

   AopAutoConfiguration matched:
      - @ConditionalOnProperty (spring.aop.auto=true) matched (OnPropertyCondition)

   AopAutoConfiguration.AspectJAutoProxyingConfiguration matched:
      - @ConditionalOnClass found required class 'org.aspectj.weaver.Advice' (OnClassCondition)

   AopAutoConfiguration.AspectJAutoProxyingConfiguration.CglibAutoProxyConfiguration matched:
      - @ConditionalOnProperty (spring.aop.proxy-target-class=true) matched (OnPropertyCondition)

   ApplicationAvailabilityAutoConfiguration#applicationAvailability matched:
      - @ConditionalOnMissingBean (types: org.springframework.boot.availability.ApplicationAvailability; SearchStrategy: all) did not find any beans (OnBeanCondition)

   DataSourceAutoConfiguration matched:
      - @ConditionalOnClass found required classes 'javax.sql.DataSource', 'org.springframework.jdbc.datasource.embedded.EmbeddedDatabaseType' (OnClassCondition)
      - @ConditionalOnMissingBean (types: io.r2dbc.spi.ConnectionFactory; SearchStrategy: all) did not find any beans (OnBeanCondition)

   DataSourceAutoConfiguration.PooledDataSourceConfiguration matched:
      - AnyNestedCondition 1 matched 1 did not; NestedCondition on DataSourceAutoConfiguration.PooledDataSourceCondition.PooledDataSourceAvailable PooledDataSource found supported DataSource; NestedCondition on DataSourceAutoConfiguration.PooledDataSourceCondition.ExplicitType @ConditionalOnProperty (spring.datasource.type) did not find property 'type' (DataSourceAutoConfiguration.PooledDataSourceCondition)
      - @ConditionalOnMissingBean (types: javax.sql.DataSource,javax.sql.XADataSource; SearchStrategy: all) did not find any beans (OnBeanCondition)

   DataSourceAutoConfiguration.PooledDataSourceConfiguration#jdbcConnectionDetails matched:
      - @ConditionalOnMissingBean (types: org.springframework.boot.autoconfigure.jdbc.JdbcConnectionDetails; SearchStrategy: all) did not find any beans (OnBeanCondition)

   DataSourceConfiguration.Hikari matched:
      - @ConditionalOnClass found required class 'com.zaxxer.hikari.HikariDataSource' (OnClassCondition)
      - @ConditionalOnProperty (spring.datasource.type=com.zaxxer.hikari.HikariDataSource) matched (OnPropertyCondition)
      - @ConditionalOnMissingBean (types: javax.sql.DataSource; SearchStrategy: all) did not find any beans (OnBeanCondition)

   DataSourcePoolMetadataProvidersConfiguration.HikariPoolDataSourceMetadataProviderConfiguration matched:
      - @ConditionalOnClass found required class 'com.zaxxer.hikari.HikariDataSource' (OnClassCondition)

   DataSourceTransactionManagerAutoConfiguration matched:
      - @ConditionalOnClass found required classes 'org.springframework.jdbc.core.JdbcTemplate', 'org.springframework.transaction.TransactionManager' (OnClassCondition)

   DataSourceTransactionManagerAutoConfiguration.JdbcTransactionManagerConfiguration matched:
      - @ConditionalOnSingleCandidate (types: javax.sql.DataSource; SearchStrategy: all) found a single bean 'dataSource' (OnBeanCondition)

   DispatcherServletAutoConfiguration matched:
      - @ConditionalOnClass found required class 'org.springframework.web.servlet.DispatcherServlet' (OnClassCondition)
      - found 'session' scope (OnWebApplicationCondition)

   DispatcherServletAutoConfiguration.DispatcherServletConfiguration matched:
      - @ConditionalOnClass found required class 'jakarta.servlet.ServletRegistration' (OnClassCondition)
      - Default DispatcherServlet did not find dispatcher servlet beans (DispatcherServletAutoConfiguration.DefaultDispatcherServletCondition)

   DispatcherServletAutoConfiguration.DispatcherServletRegistrationConfiguration matched:
      - @ConditionalOnClass found required class 'jakarta.servlet.ServletRegistration' (OnClassCondition)
      - DispatcherServlet Registration did not find servlet registration bean (DispatcherServletAutoConfiguration.DispatcherServletRegistrationCondition)

   DispatcherServletAutoConfiguration.DispatcherServletRegistrationConfiguration#dispatcherServletRegistration matched:
      - @ConditionalOnBean (names: dispatcherServlet types: org.springframework.web.servlet.DispatcherServlet; SearchStrategy: all) found bean 'dispatcherServlet' (OnBeanCondition)

   ErrorMvcAutoConfiguration matched:
      - @ConditionalOnClass found required classes 'jakarta.servlet.Servlet', 'org.springframework.web.servlet.DispatcherServlet' (OnClassCondition)
      - found 'session' scope (OnWebApplicationCondition)

   ErrorMvcAutoConfiguration#basicErrorController matched:
      - @ConditionalOnMissingBean (types: org.springframework.boot.web.servlet.error.ErrorController; SearchStrategy: current) did not find any beans (OnBeanCondition)

   ErrorMvcAutoConfiguration#errorAttributes matched:
      - @ConditionalOnMissingBean (types: org.springframework.boot.web.servlet.error.ErrorAttributes; SearchStrategy: current) did not find any beans (OnBeanCondition)

   ErrorMvcAutoConfiguration.DefaultErrorViewResolverConfiguration#conventionErrorViewResolver matched:
      - @ConditionalOnBean (types: org.springframework.web.servlet.DispatcherServlet; SearchStrategy: all) found bean 'dispatcherServlet'; @ConditionalOnMissingBean (types: org.springframework.boot.autoconfigure.web.servlet.error.ErrorViewResolver; SearchStrategy: all) did not find any beans (OnBeanCondition)

   ErrorMvcAutoConfiguration.WhitelabelErrorViewConfiguration matched:
      - @ConditionalOnProperty (server.error.whitelabel.enabled) matched (OnPropertyCondition)
      - ErrorTemplate Missing did not find error template view (ErrorMvcAutoConfiguration.ErrorTemplateMissingCondition)

   ErrorMvcAutoConfiguration.WhitelabelErrorViewConfiguration#beanNameViewResolver matched:
      - @ConditionalOnMissingBean (types: org.springframework.web.servlet.view.BeanNameViewResolver; SearchStrategy: all) did not find any beans (OnBeanCondition)

   ErrorMvcAutoConfiguration.WhitelabelErrorViewConfiguration#defaultErrorView matched:
      - @ConditionalOnMissingBean (names: error; SearchStrategy: all) did not find any beans (OnBeanCondition)

   GenericCacheConfiguration matched:
      - Cache org.springframework.boot.autoconfigure.cache.GenericCacheConfiguration automatic cache type (CacheCondition)

   HibernateJpaAutoConfiguration matched:
      - @ConditionalOnClass found required classes 'org.springframework.orm.jpa.LocalContainerEntityManagerFactoryBean', 'jakarta.persistence.EntityManager', 'org.hibernate.engine.spi.SessionImplementor' (OnClassCondition)

   HibernateJpaConfiguration matched:
      - @ConditionalOnSingleCandidate (types: javax.sql.DataSource; SearchStrategy: all) found a single bean 'dataSource' (OnBeanCondition)

   HttpEncodingAutoConfiguration matched:
      - @ConditionalOnClass found required class 'org.springframework.web.filter.CharacterEncodingFilter' (OnClassCondition)
      - found 'session' scope (OnWebApplicationCondition)
      - @ConditionalOnProperty (server.servlet.encoding.enabled) matched (OnPropertyCondition)

   HttpEncodingAutoConfiguration#characterEncodingFilter matched:
      - @ConditionalOnMissingBean (types: org.springframework.web.filter.CharacterEncodingFilter; SearchStrategy: all) did not find any beans (OnBeanCondition)

   HttpMessageConvertersAutoConfiguration matched:
      - @ConditionalOnClass found required class 'org.springframework.http.converter.HttpMessageConverter' (OnClassCondition)
      - NoneNestedConditions 0 matched 1 did not; NestedCondition on HttpMessageConvertersAutoConfiguration.NotReactiveWebApplicationCondition.ReactiveWebApplication did not find reactive web application classes (HttpMessageConvertersAutoConfiguration.NotReactiveWebApplicationCondition)

   HttpMessageConvertersAutoConfiguration#messageConverters matched:
      - @ConditionalOnMissingBean (types: org.springframework.boot.autoconfigure.http.HttpMessageConverters; SearchStrategy: all) did not find any beans (OnBeanCondition)

   HttpMessageConvertersAutoConfiguration.StringHttpMessageConverterConfiguration matched:
      - @ConditionalOnClass found required class 'org.springframework.http.converter.StringHttpMessageConverter' (OnClassCondition)

   HttpMessageConvertersAutoConfiguration.StringHttpMessageConverterConfiguration#stringHttpMessageConverter matched:
      - @ConditionalOnMissingBean (types: org.springframework.http.converter.StringHttpMessageConverter; SearchStrategy: all) did not find any beans (OnBeanCondition)

   JacksonAutoConfiguration matched:
      - @ConditionalOnClass found required class 'com.fasterxml.jackson.databind.ObjectMapper' (OnClassCondition)

   JacksonAutoConfiguration.Jackson2ObjectMapperBuilderCustomizerConfiguration matched:
      - @ConditionalOnClass found required class 'org.springframework.http.converter.json.Jackson2ObjectMapperBuilder' (OnClassCondition)

   JacksonAutoConfiguration.JacksonObjectMapperBuilderConfiguration matched:
      - @ConditionalOnClass found required class 'org.springframework.http.converter.json.Jackson2ObjectMapperBuilder' (OnClassCondition)

   JacksonAutoConfiguration.JacksonObjectMapperBuilderConfiguration#jacksonObjectMapperBuilder matched:
      - @ConditionalOnMissingBean (types: org.springframework.http.converter.json.Jackson2ObjectMapperBuilder; SearchStrategy: all) did not find any beans (OnBeanCondition)

   JacksonAutoConfiguration.JacksonObjectMapperConfiguration matched:
      - @ConditionalOnClass found required class 'org.springframework.http.converter.json.Jackson2ObjectMapperBuilder' (OnClassCondition)

   JacksonAutoConfiguration.JacksonObjectMapperConfiguration#jacksonObjectMapper matched:
      - @ConditionalOnMissingBean (types: com.fasterxml.jackson.databind.ObjectMapper; SearchStrategy: all) did not find any beans (OnBeanCondition)

   JacksonAutoConfiguration.ParameterNamesModuleConfiguration matched:
      - @ConditionalOnClass found required class 'com.fasterxml.jackson.module.paramnames.ParameterNamesModule' (OnClassCondition)

   JacksonAutoConfiguration.ParameterNamesModuleConfiguration#parameterNamesModule matched:
      - @ConditionalOnMissingBean (types: com.fasterxml.jackson.module.paramnames.ParameterNamesModule; SearchStrategy: all) did not find any beans (OnBeanCondition)

   JacksonHttpMessageConvertersConfiguration.MappingJackson2HttpMessageConverterConfiguration matched:
      - @ConditionalOnClass found required class 'com.fasterxml.jackson.databind.ObjectMapper' (OnClassCondition)
      - @ConditionalOnProperty (spring.mvc.converters.preferred-json-mapper=jackson) matched (OnPropertyCondition)
      - @ConditionalOnBean (types: com.fasterxml.jackson.databind.ObjectMapper; SearchStrategy: all) found bean 'jacksonObjectMapper' (OnBeanCondition)

   JacksonHttpMessageConvertersConfiguration.MappingJackson2HttpMessageConverterConfiguration#mappingJackson2HttpMessageConverter matched:
      - @ConditionalOnMissingBean (types: org.springframework.http.converter.json.MappingJackson2HttpMessageConverter ignored: org.springframework.hateoas.server.mvc.TypeConstrainedMappingJackson2HttpMessageConverter,org.springframework.data.rest.webmvc.alps.AlpsJsonHttpMessageConverter; SearchStrategy: all) did not find any beans (OnBeanCondition)

   JdbcClientAutoConfiguration matched:
      - @ConditionalOnSingleCandidate (types: org.springframework.jdbc.core.namedparam.NamedParameterJdbcTemplate; SearchStrategy: all) found a single bean 'namedParameterJdbcTemplate'; @ConditionalOnMissingBean (types: org.springframework.jdbc.core.simple.JdbcClient; SearchStrategy: all) did not find any beans (OnBeanCondition)

   JdbcTemplateAutoConfiguration matched:
      - @ConditionalOnClass found required classes 'javax.sql.DataSource', 'org.springframework.jdbc.core.JdbcTemplate' (OnClassCondition)
      - @ConditionalOnSingleCandidate (types: javax.sql.DataSource; SearchStrategy: all) found a single bean 'dataSource' (OnBeanCondition)

   JdbcTemplateConfiguration matched:
      - @ConditionalOnMissingBean (types: org.springframework.jdbc.core.JdbcOperations; SearchStrategy: all) did not find any beans (OnBeanCondition)

   JpaBaseConfiguration#entityManagerFactory matched:
      - @ConditionalOnMissingBean (types: org.springframework.orm.jpa.LocalContainerEntityManagerFactoryBean,jakarta.persistence.EntityManagerFactory; SearchStrategy: all) did not find any beans (OnBeanCondition)

   JpaBaseConfiguration#entityManagerFactoryBuilder matched:
      - @ConditionalOnMissingBean (types: org.springframework.boot.orm.jpa.EntityManagerFactoryBuilder; SearchStrategy: all) did not find any beans (OnBeanCondition)

   JpaBaseConfiguration#jpaVendorAdapter matched:
      - @ConditionalOnMissingBean (types: org.springframework.orm.jpa.JpaVendorAdapter; SearchStrategy: all) did not find any beans (OnBeanCondition)

   JpaBaseConfiguration#transactionManager matched:
      - @ConditionalOnMissingBean (types: org.springframework.transaction.TransactionManager; SearchStrategy: all) did not find any beans (OnBeanCondition)

   JpaBaseConfiguration.JpaWebConfiguration matched:
      - @ConditionalOnClass found required class 'org.springframework.web.servlet.config.annotation.WebMvcConfigurer' (OnClassCondition)
      - found 'session' scope (OnWebApplicationCondition)
      - @ConditionalOnProperty (spring.jpa.open-in-view=true) matched (OnPropertyCondition)
      - @ConditionalOnMissingBean (types: org.springframework.orm.jpa.support.OpenEntityManagerInViewInterceptor,org.springframework.orm.jpa.support.OpenEntityManagerInViewFilter; SearchStrategy: all) did not find any beans (OnBeanCondition)

   JpaBaseConfiguration.PersistenceManagedTypesConfiguration matched:
      - @ConditionalOnMissingBean (types: org.springframework.orm.jpa.LocalContainerEntityManagerFactoryBean,jakarta.persistence.EntityManagerFactory; SearchStrategy: all) did not find any beans (OnBeanCondition)

   JpaBaseConfiguration.PersistenceManagedTypesConfiguration#persistenceManagedTypes matched:
      - @ConditionalOnMissingBean (types: org.springframework.orm.jpa.persistenceunit.PersistenceManagedTypes; SearchStrategy: all) did not find any beans (OnBeanCondition)

   JpaRepositoriesAutoConfiguration matched:
      - @ConditionalOnClass found required class 'org.springframework.data.jpa.repository.JpaRepository' (OnClassCondition)
      - @ConditionalOnProperty (spring.data.jpa.repositories.enabled=true) matched (OnPropertyCondition)
      - @ConditionalOnBean (types: javax.sql.DataSource; SearchStrategy: all) found bean 'dataSource'; @ConditionalOnMissingBean (types: org.springframework.data.jpa.repository.support.JpaRepositoryFactoryBean,org.springframework.data.jpa.repository.config.JpaRepositoryConfigExtension; SearchStrategy: all) did not find any beans (OnBeanCondition)

   JtaAutoConfiguration matched:
      - @ConditionalOnClass found required class 'jakarta.transaction.Transaction' (OnClassCondition)
      - @ConditionalOnProperty (spring.jta.enabled) matched (OnPropertyCondition)

   LifecycleAutoConfiguration#defaultLifecycleProcessor matched:
      - @ConditionalOnMissingBean (names: lifecycleProcessor; SearchStrategy: current) did not find any beans (OnBeanCondition)

   MultipartAutoConfiguration matched:
      - @ConditionalOnClass found required classes 'jakarta.servlet.Servlet', 'org.springframework.web.multipart.support.StandardServletMultipartResolver', 'jakarta.servlet.MultipartConfigElement' (OnClassCondition)
      - found 'session' scope (OnWebApplicationCondition)
      - @ConditionalOnProperty (spring.servlet.multipart.enabled) matched (OnPropertyCondition)

   MultipartAutoConfiguration#multipartConfigElement matched:
      - @ConditionalOnMissingBean (types: jakarta.servlet.MultipartConfigElement; SearchStrategy: all) did not find any beans (OnBeanCondition)

   MultipartAutoConfiguration#multipartResolver matched:
      - @ConditionalOnMissingBean (types: org.springframework.web.multipart.MultipartResolver; SearchStrategy: all) did not find any beans (OnBeanCondition)

   NamedParameterJdbcTemplateConfiguration matched:
      - @ConditionalOnSingleCandidate (types: org.springframework.jdbc.core.JdbcTemplate; SearchStrategy: all) found a single bean 'jdbcTemplate'; @ConditionalOnMissingBean (types: org.springframework.jdbc.core.namedparam.NamedParameterJdbcOperations; SearchStrategy: all) did not find any beans (OnBeanCondition)

   NoOpCacheConfiguration matched:
      - Cache org.springframework.boot.autoconfigure.cache.NoOpCacheConfiguration automatic cache type (CacheCondition)

   PersistenceExceptionTranslationAutoConfiguration matched:
      - @ConditionalOnClass found required class 'org.springframework.dao.annotation.PersistenceExceptionTranslationPostProcessor' (OnClassCondition)

   PersistenceExceptionTranslationAutoConfiguration#persistenceExceptionTranslationPostProcessor matched:
      - @ConditionalOnProperty (spring.dao.exceptiontranslation.enabled) matched (OnPropertyCondition)
      - @ConditionalOnMissingBean (types: org.springframework.dao.annotation.PersistenceExceptionTranslationPostProcessor; SearchStrategy: all) did not find any beans (OnBeanCondition)

   PropertyPlaceholderAutoConfiguration#propertySourcesPlaceholderConfigurer matched:
      - @ConditionalOnMissingBean (types: org.springframework.context.support.PropertySourcesPlaceholderConfigurer; SearchStrategy: current) did not find any beans (OnBeanCondition)

   RestClientAutoConfiguration matched:
      - @ConditionalOnClass found required class 'org.springframework.web.client.RestClient' (OnClassCondition)
      - NoneNestedConditions 0 matched 1 did not; NestedCondition on NotReactiveWebApplicationCondition.ReactiveWebApplication did not find reactive web application classes (NotReactiveWebApplicationCondition)

   RestClientAutoConfiguration#httpMessageConvertersRestClientCustomizer matched:
      - @ConditionalOnMissingBean (types: org.springframework.boot.autoconfigure.web.client.HttpMessageConvertersRestClientCustomizer; SearchStrategy: all) did not find any beans (OnBeanCondition)

   RestClientAutoConfiguration#restClientBuilder matched:
      - @ConditionalOnMissingBean (types: org.springframework.web.client.RestClient$Builder; SearchStrategy: all) did not find any beans (OnBeanCondition)

   RestClientAutoConfiguration#restClientBuilderConfigurer matched:
      - @ConditionalOnMissingBean (types: org.springframework.boot.autoconfigure.web.client.RestClientBuilderConfigurer; SearchStrategy: all) did not find any beans (OnBeanCondition)

   RestClientAutoConfiguration#restClientSsl matched:
      - @ConditionalOnBean (types: org.springframework.boot.ssl.SslBundles; SearchStrategy: all) found bean 'sslBundleRegistry'; @ConditionalOnMissingBean (types: org.springframework.boot.autoconfigure.web.client.RestClientSsl; SearchStrategy: all) did not find any beans (OnBeanCondition)

   RestTemplateAutoConfiguration matched:
      - @ConditionalOnClass found required class 'org.springframework.web.client.RestTemplate' (OnClassCondition)
      - NoneNestedConditions 0 matched 1 did not; NestedCondition on NotReactiveWebApplicationCondition.ReactiveWebApplication did not find reactive web application classes (NotReactiveWebApplicationCondition)

   RestTemplateAutoConfiguration#restTemplateBuilder matched:
      - @ConditionalOnMissingBean (types: org.springframework.boot.web.client.RestTemplateBuilder; SearchStrategy: all) did not find any beans (OnBeanCondition)

   ServletWebServerFactoryAutoConfiguration matched:
      - @ConditionalOnClass found required class 'jakarta.servlet.ServletRequest' (OnClassCondition)
      - found 'session' scope (OnWebApplicationCondition)

   ServletWebServerFactoryAutoConfiguration#tomcatServletWebServerFactoryCustomizer matched:
      - @ConditionalOnClass found required class 'org.apache.catalina.startup.Tomcat' (OnClassCondition)

   ServletWebServerFactoryConfiguration.EmbeddedTomcat matched:
      - @ConditionalOnClass found required classes 'jakarta.servlet.Servlet', 'org.apache.catalina.startup.Tomcat', 'org.apache.coyote.UpgradeProtocol' (OnClassCondition)
      - @ConditionalOnMissingBean (types: org.springframework.boot.web.servlet.server.ServletWebServerFactory; SearchStrategy: current) did not find any beans (OnBeanCondition)

   SimpleCacheConfiguration matched:
      - Cache org.springframework.boot.autoconfigure.cache.SimpleCacheConfiguration automatic cache type (CacheCondition)

   SpringDataWebAutoConfiguration matched:
      - @ConditionalOnClass found required classes 'org.springframework.data.web.PageableHandlerMethodArgumentResolver', 'org.springframework.web.servlet.config.annotation.WebMvcConfigurer' (OnClassCondition)
      - found 'session' scope (OnWebApplicationCondition)
      - @ConditionalOnMissingBean (types: org.springframework.data.web.PageableHandlerMethodArgumentResolver; SearchStrategy: all) did not find any beans (OnBeanCondition)

   SpringDataWebAutoConfiguration#pageableCustomizer matched:
      - @ConditionalOnMissingBean (types: org.springframework.data.web.config.PageableHandlerMethodArgumentResolverCustomizer; SearchStrategy: all) did not find any beans (OnBeanCondition)

   SpringDataWebAutoConfiguration#sortCustomizer matched:
      - @ConditionalOnMissingBean (types: org.springframework.data.web.config.SortHandlerMethodArgumentResolverCustomizer; SearchStrategy: all) did not find any beans (OnBeanCondition)

   SslAutoConfiguration#sslBundleRegistry matched:
      - @ConditionalOnMissingBean (types: org.springframework.boot.ssl.SslBundleRegistry,org.springframework.boot.ssl.SslBundles; SearchStrategy: all) did not find any beans (OnBeanCondition)

   TaskExecutionAutoConfiguration matched:
      - @ConditionalOnClass found required class 'org.springframework.scheduling.concurrent.ThreadPoolTaskExecutor' (OnClassCondition)

   TaskExecutorConfigurations.SimpleAsyncTaskExecutorBuilderConfiguration#simpleAsyncTaskExecutorBuilder matched:
      - @ConditionalOnMissingBean (types: org.springframework.boot.task.SimpleAsyncTaskExecutorBuilder; SearchStrategy: all) did not find any beans (OnBeanCondition)
      - @ConditionalOnThreading found PLATFORM (OnThreadingCondition)

   TaskExecutorConfigurations.TaskExecutorBuilderConfiguration#taskExecutorBuilder matched:
      - @ConditionalOnMissingBean (types: org.springframework.boot.task.TaskExecutorBuilder; SearchStrategy: all) did not find any beans (OnBeanCondition)

   TaskExecutorConfigurations.TaskExecutorConfiguration matched:
      - @ConditionalOnMissingBean (types: java.util.concurrent.Executor; SearchStrategy: all) did not find any beans (OnBeanCondition)

   TaskExecutorConfigurations.TaskExecutorConfiguration#applicationTaskExecutor matched:
      - @ConditionalOnThreading found PLATFORM (OnThreadingCondition)

   TaskExecutorConfigurations.ThreadPoolTaskExecutorBuilderConfiguration#threadPoolTaskExecutorBuilder matched:
      - @ConditionalOnMissingBean (types: org.springframework.boot.task.TaskExecutorBuilder,org.springframework.boot.task.ThreadPoolTaskExecutorBuilder; SearchStrategy: all) did not find any beans (OnBeanCondition)

   TaskSchedulingAutoConfiguration matched:
      - @ConditionalOnClass found required class 'org.springframework.scheduling.concurrent.ThreadPoolTaskScheduler' (OnClassCondition)

   TaskSchedulingConfigurations.SimpleAsyncTaskSchedulerBuilderConfiguration#simpleAsyncTaskSchedulerBuilder matched:
      - @ConditionalOnMissingBean (types: org.springframework.boot.task.SimpleAsyncTaskSchedulerBuilder; SearchStrategy: all) did not find any beans (OnBeanCondition)
      - @ConditionalOnThreading found PLATFORM (OnThreadingCondition)

   TaskSchedulingConfigurations.TaskSchedulerBuilderConfiguration#taskSchedulerBuilder matched:
      - @ConditionalOnMissingBean (types: org.springframework.boot.task.TaskSchedulerBuilder; SearchStrategy: all) did not find any beans (OnBeanCondition)

   TaskSchedulingConfigurations.ThreadPoolTaskSchedulerBuilderConfiguration#threadPoolTaskSchedulerBuilder matched:
      - @ConditionalOnMissingBean (types: org.springframework.boot.task.TaskSchedulerBuilder,org.springframework.boot.task.ThreadPoolTaskSchedulerBuilder; SearchStrategy: all) did not find any beans (OnBeanCondition)

   TransactionAutoConfiguration matched:
      - @ConditionalOnClass found required class 'org.springframework.transaction.PlatformTransactionManager' (OnClassCondition)

   TransactionAutoConfiguration.EnableTransactionManagementConfiguration matched:
      - @ConditionalOnBean (types: org.springframework.transaction.TransactionManager; SearchStrategy: all) found bean 'transactionManager'; @ConditionalOnMissingBean (types: org.springframework.transaction.annotation.AbstractTransactionManagementConfiguration; SearchStrategy: all) did not find any beans (OnBeanCondition)

   TransactionAutoConfiguration.EnableTransactionManagementConfiguration.CglibAutoProxyConfiguration matched:
      - @ConditionalOnProperty (spring.aop.proxy-target-class=true) matched (OnPropertyCondition)

   TransactionAutoConfiguration.TransactionTemplateConfiguration matched:
      - @ConditionalOnSingleCandidate (types: org.springframework.transaction.PlatformTransactionManager; SearchStrategy: all) found a single bean 'transactionManager' (OnBeanCondition)

   TransactionAutoConfiguration.TransactionTemplateConfiguration#transactionTemplate matched:
      - @ConditionalOnMissingBean (types: org.springframework.transaction.support.TransactionOperations; SearchStrategy: all) did not find any beans (OnBeanCondition)

   TransactionManagerCustomizationAutoConfiguration matched:
      - @ConditionalOnClass found required class 'org.springframework.transaction.PlatformTransactionManager' (OnClassCondition)

   TransactionManagerCustomizationAutoConfiguration#platformTransactionManagerCustomizers matched:
      - @ConditionalOnMissingBean (types: org.springframework.boot.autoconfigure.transaction.TransactionManagerCustomizers; SearchStrategy: all) did not find any beans (OnBeanCondition)

   WebMvcAutoConfiguration matched:
      - @ConditionalOnClass found required classes 'jakarta.servlet.Servlet', 'org.springframework.web.servlet.DispatcherServlet', 'org.springframework.web.servlet.config.annotation.WebMvcConfigurer' (OnClassCondition)
      - found 'session' scope (OnWebApplicationCondition)
      - @ConditionalOnMissingBean (types: org.springframework.web.servlet.config.annotation.WebMvcConfigurationSupport; SearchStrategy: all) did not find any beans (OnBeanCondition)

   WebMvcAutoConfiguration#formContentFilter matched:
      - @ConditionalOnProperty (spring.mvc.formcontent.filter.enabled) matched (OnPropertyCondition)
      - @ConditionalOnMissingBean (types: org.springframework.web.filter.FormContentFilter; SearchStrategy: all) did not find any beans (OnBeanCondition)

   WebMvcAutoConfiguration.EnableWebMvcConfiguration#flashMapManager matched:
      - @ConditionalOnMissingBean (names: flashMapManager; SearchStrategy: all) did not find any beans (OnBeanCondition)

   WebMvcAutoConfiguration.EnableWebMvcConfiguration#localeResolver matched:
      - @ConditionalOnMissingBean (names: localeResolver; SearchStrategy: all) did not find any beans (OnBeanCondition)

   WebMvcAutoConfiguration.EnableWebMvcConfiguration#themeResolver matched:
      - @ConditionalOnMissingBean (names: themeResolver; SearchStrategy: all) did not find any beans (OnBeanCondition)

   WebMvcAutoConfiguration.WebMvcAutoConfigurationAdapter#defaultViewResolver matched:
      - @ConditionalOnMissingBean (types: org.springframework.web.servlet.view.InternalResourceViewResolver; SearchStrategy: all) did not find any beans (OnBeanCondition)

   WebMvcAutoConfiguration.WebMvcAutoConfigurationAdapter#requestContextFilter matched:
      - @ConditionalOnMissingBean (types: org.springframework.web.context.request.RequestContextListener,org.springframework.web.filter.RequestContextFilter; SearchStrategy: all) did not find any beans (OnBeanCondition)

   WebMvcAutoConfiguration.WebMvcAutoConfigurationAdapter#viewResolver matched:
      - @ConditionalOnBean (types: org.springframework.web.servlet.ViewResolver; SearchStrategy: all) found beans 'defaultViewResolver', 'beanNameViewResolver', 'mvcViewResolver'; @ConditionalOnMissingBean (names: viewResolver types: org.springframework.web.servlet.view.ContentNegotiatingViewResolver; SearchStrategy: all) did not find any beans (OnBeanCondition)

   WebSocketServletAutoConfiguration matched:
      - @ConditionalOnClass found required classes 'jakarta.servlet.Servlet', 'jakarta.websocket.server.ServerContainer' (OnClassCondition)
      - found 'session' scope (OnWebApplicationCondition)

   WebSocketServletAutoConfiguration.TomcatWebSocketConfiguration matched:
      - @ConditionalOnClass found required classes 'org.apache.catalina.startup.Tomcat', 'org.apache.tomcat.websocket.server.WsSci' (OnClassCondition)

   WebSocketServletAutoConfiguration.TomcatWebSocketConfiguration#websocketServletWebServerCustomizer matched:
      - @ConditionalOnMissingBean (names: websocketServletWebServerCustomizer; SearchStrategy: all) did not find any beans (OnBeanCondition)


Negative matches:
-----------------

   ActiveMQAutoConfiguration:
      Did not match:
         - @ConditionalOnClass did not find required class 'jakarta.jms.ConnectionFactory' (OnClassCondition)

   AopAutoConfiguration.AspectJAutoProxyingConfiguration.JdkDynamicAutoProxyConfiguration:
      Did not match:
         - @ConditionalOnProperty (spring.aop.proxy-target-class=false) did not find property 'proxy-target-class' (OnPropertyCondition)

   AopAutoConfiguration.ClassProxyingConfiguration:
      Did not match:
         - @ConditionalOnMissingClass found unwanted class 'org.aspectj.weaver.Advice' (OnClassCondition)

   ArtemisAutoConfiguration:
      Did not match:
         - @ConditionalOnClass did not find required class 'jakarta.jms.ConnectionFactory' (OnClassCondition)

   BatchAutoConfiguration:
      Did not match:
         - @ConditionalOnClass did not find required class 'org.springframework.batch.core.launch.JobLauncher' (OnClassCondition)

   Cache2kCacheConfiguration:
      Did not match:
         - @ConditionalOnClass did not find required class 'org.cache2k.Cache2kBuilder' (OnClassCondition)

   CacheAutoConfiguration:
      Did not match:
         - @ConditionalOnBean (types: org.springframework.cache.interceptor.CacheAspectSupport; SearchStrategy: all) did not find any beans of type org.springframework.cache.interceptor.CacheAspectSupport (OnBeanCondition)
      Matched:
         - @ConditionalOnClass found required class 'org.springframework.cache.CacheManager' (OnClassCondition)

   CacheAutoConfiguration.CacheManagerEntityManagerFactoryDependsOnPostProcessor:
      Did not match:
         - Ancestor org.springframework.boot.autoconfigure.cache.CacheAutoConfiguration did not match (ConditionEvaluationReport.AncestorsMatchedCondition)
      Matched:
         - @ConditionalOnClass found required class 'org.springframework.orm.jpa.LocalContainerEntityManagerFactoryBean' (OnClassCondition)

   CaffeineCacheConfiguration:
      Did not match:
         - @ConditionalOnClass did not find required class 'com.github.benmanes.caffeine.cache.Caffeine' (OnClassCondition)

   CassandraAutoConfiguration:
      Did not match:
         - @ConditionalOnClass did not find required class 'com.datastax.oss.driver.api.core.CqlSession' (OnClassCondition)

   CassandraDataAutoConfiguration:
      Did not match:
         - @ConditionalOnClass did not find required class 'com.datastax.oss.driver.api.core.CqlSession' (OnClassCondition)

   CassandraReactiveDataAutoConfiguration:
      Did not match:
         - @ConditionalOnClass did not find required class 'com.datastax.oss.driver.api.core.CqlSession' (OnClassCondition)

   CassandraReactiveRepositoriesAutoConfiguration:
      Did not match:
         - @ConditionalOnClass did not find required class 'org.springframework.data.cassandra.ReactiveSession' (OnClassCondition)

   CassandraRepositoriesAutoConfiguration:
      Did not match:
         - @ConditionalOnClass did not find required class 'com.datastax.oss.driver.api.core.CqlSession' (OnClassCondition)

   ClientHttpConnectorAutoConfiguration:
      Did not match:
         - @ConditionalOnClass did not find required class 'org.springframework.web.reactive.function.client.WebClient' (OnClassCondition)

   CodecsAutoConfiguration:
      Did not match:
         - @ConditionalOnClass did not find required class 'org.springframework.web.reactive.function.client.WebClient' (OnClassCondition)

   CouchbaseAutoConfiguration:
      Did not match:
         - @ConditionalOnClass did not find required class 'com.couchbase.client.java.Cluster' (OnClassCondition)

   CouchbaseCacheConfiguration:
      Did not match:
         - @ConditionalOnClass did not find required class 'com.couchbase.client.java.Cluster' (OnClassCondition)

   CouchbaseDataAutoConfiguration:
      Did not match:
         - @ConditionalOnClass did not find required class 'com.couchbase.client.java.Bucket' (OnClassCondition)

   CouchbaseReactiveDataAutoConfiguration:
      Did not match:
         - @ConditionalOnClass did not find required class 'com.couchbase.client.java.Cluster' (OnClassCondition)

   CouchbaseReactiveRepositoriesAutoConfiguration:
      Did not match:
         - @ConditionalOnClass did not find required class 'com.couchbase.client.java.Cluster' (OnClassCondition)

   CouchbaseRepositoriesAutoConfiguration:
      Did not match:
         - @ConditionalOnClass did not find required class 'com.couchbase.client.java.Bucket' (OnClassCondition)

   DataSourceAutoConfiguration.EmbeddedDatabaseConfiguration:
      Did not match:
         - EmbeddedDataSource found supported pooled data source (DataSourceAutoConfiguration.EmbeddedDatabaseCondition)

   DataSourceCheckpointRestoreConfiguration:
      Did not match:
         - @ConditionalOnClass did not find required class 'org.crac.Resource' (OnClassCondition)

   DataSourceConfiguration.Dbcp2:
      Did not match:
         - @ConditionalOnClass did not find required class 'org.apache.commons.dbcp2.BasicDataSource' (OnClassCondition)

   DataSourceConfiguration.Generic:
      Did not match:
         - @ConditionalOnProperty (spring.datasource.type) did not find property 'spring.datasource.type' (OnPropertyCondition)

   DataSourceConfiguration.OracleUcp:
      Did not match:
         - @ConditionalOnClass did not find required classes 'oracle.ucp.jdbc.PoolDataSourceImpl', 'oracle.jdbc.OracleConnection' (OnClassCondition)

   DataSourceConfiguration.Tomcat:
      Did not match:
         - @ConditionalOnClass did not find required class 'org.apache.tomcat.jdbc.pool.DataSource' (OnClassCondition)

   DataSourceJmxConfiguration:
      Did not match:
         - @ConditionalOnProperty (spring.jmx.enabled=true) found different value in property 'enabled' (OnPropertyCondition)

   DataSourcePoolMetadataProvidersConfiguration.CommonsDbcp2PoolDataSourceMetadataProviderConfiguration:
      Did not match:
         - @ConditionalOnClass did not find required class 'org.apache.commons.dbcp2.BasicDataSource' (OnClassCondition)

   DataSourcePoolMetadataProvidersConfiguration.OracleUcpPoolDataSourceMetadataProviderConfiguration:
      Did not match:
         - @ConditionalOnClass did not find required classes 'oracle.ucp.jdbc.PoolDataSource', 'oracle.jdbc.OracleConnection' (OnClassCondition)

   DataSourcePoolMetadataProvidersConfiguration.TomcatDataSourcePoolMetadataProviderConfiguration:
      Did not match:
         - @ConditionalOnClass did not find required class 'org.apache.tomcat.jdbc.pool.DataSource' (OnClassCondition)

   DataSourceTransactionManagerAutoConfiguration.JdbcTransactionManagerConfiguration#transactionManager:
      Did not match:
         - @ConditionalOnMissingBean (types: org.springframework.transaction.TransactionManager; SearchStrategy: all) found beans of type 'org.springframework.transaction.TransactionManager' transactionManager (OnBeanCondition)

   DispatcherServletAutoConfiguration.DispatcherServletConfiguration#multipartResolver:
      Did not match:
         - @ConditionalOnBean (types: org.springframework.web.multipart.MultipartResolver; SearchStrategy: all) did not find any beans of type org.springframework.web.multipart.MultipartResolver (OnBeanCondition)

   ElasticsearchClientAutoConfiguration:
      Did not match:
         - @ConditionalOnClass did not find required class 'co.elastic.clients.elasticsearch.ElasticsearchClient' (OnClassCondition)

   ElasticsearchDataAutoConfiguration:
      Did not match:
         - @ConditionalOnClass did not find required class 'org.springframework.data.elasticsearch.client.elc.ElasticsearchTemplate' (OnClassCondition)

   ElasticsearchRepositoriesAutoConfiguration:
      Did not match:
         - @ConditionalOnClass did not find required class 'org.springframework.data.elasticsearch.repository.ElasticsearchRepository' (OnClassCondition)

   ElasticsearchRestClientAutoConfiguration:
      Did not match:
         - @ConditionalOnClass did not find required class 'org.elasticsearch.client.RestClientBuilder' (OnClassCondition)

   EmbeddedLdapAutoConfiguration:
      Did not match:
         - @ConditionalOnClass did not find required class 'com.unboundid.ldap.listener.InMemoryDirectoryServer' (OnClassCondition)

   EmbeddedWebServerFactoryCustomizerAutoConfiguration:
      Did not match:
         - Application is deployed as a WAR file. (OnWarDeploymentCondition)
      Matched:
         - @ConditionalOnWebApplication (required) found 'session' scope (OnWebApplicationCondition)

   ErrorWebFluxAutoConfiguration:
      Did not match:
         - @ConditionalOnClass did not find required class 'org.springframework.web.reactive.config.WebFluxConfigurer' (OnClassCondition)

   FlywayAutoConfiguration:
      Did not match:
         - @ConditionalOnClass did not find required class 'org.flywaydb.core.Flyway' (OnClassCondition)

   FreeMarkerAutoConfiguration:
      Did not match:
         - @ConditionalOnClass did not find required class 'freemarker.template.Configuration' (OnClassCondition)

   GraphQlAutoConfiguration:
      Did not match:
         - @ConditionalOnClass did not find required class 'graphql.GraphQL' (OnClassCondition)

   GraphQlQueryByExampleAutoConfiguration:
      Did not match:
         - @ConditionalOnClass did not find required class 'graphql.GraphQL' (OnClassCondition)

   GraphQlQuerydslAutoConfiguration:
      Did not match:
         - @ConditionalOnClass did not find required class 'com.querydsl.core.Query' (OnClassCondition)

   GraphQlRSocketAutoConfiguration:
      Did not match:
         - @ConditionalOnClass did not find required class 'graphql.GraphQL' (OnClassCondition)

   GraphQlReactiveQueryByExampleAutoConfiguration:
      Did not match:
         - @ConditionalOnClass did not find required class 'graphql.GraphQL' (OnClassCondition)

   GraphQlReactiveQuerydslAutoConfiguration:
      Did not match:
         - @ConditionalOnClass did not find required class 'com.querydsl.core.Query' (OnClassCondition)

   GraphQlWebFluxAutoConfiguration:
      Did not match:
         - @ConditionalOnClass did not find required class 'graphql.GraphQL' (OnClassCondition)

   GraphQlWebFluxSecurityAutoConfiguration:
      Did not match:
         - @ConditionalOnClass did not find required class 'graphql.GraphQL' (OnClassCondition)

   GraphQlWebMvcAutoConfiguration:
      Did not match:
         - @ConditionalOnClass did not find required class 'graphql.GraphQL' (OnClassCondition)

   GraphQlWebMvcSecurityAutoConfiguration:
      Did not match:
         - @ConditionalOnClass did not find required class 'graphql.GraphQL' (OnClassCondition)

   GroovyTemplateAutoConfiguration:
      Did not match:
         - @ConditionalOnClass did not find required class 'groovy.text.markup.MarkupTemplateEngine' (OnClassCondition)

   GsonAutoConfiguration:
      Did not match:
         - @ConditionalOnClass did not find required class 'com.google.gson.Gson' (OnClassCondition)

   GsonHttpMessageConvertersConfiguration:
      Did not match:
         - @ConditionalOnClass did not find required class 'com.google.gson.Gson' (OnClassCondition)

   H2ConsoleAutoConfiguration:
      Did not match:
         - @ConditionalOnClass did not find required class 'org.h2.server.web.JakartaWebServlet' (OnClassCondition)

   HazelcastAutoConfiguration:
      Did not match:
         - @ConditionalOnClass did not find required class 'com.hazelcast.core.HazelcastInstance' (OnClassCondition)

   HazelcastCacheConfiguration:
      Did not match:
         - @ConditionalOnClass did not find required class 'com.hazelcast.core.HazelcastInstance' (OnClassCondition)

   HazelcastJpaDependencyAutoConfiguration:
      Did not match:
         - @ConditionalOnClass did not find required class 'com.hazelcast.core.HazelcastInstance' (OnClassCondition)

   HttpHandlerAutoConfiguration:
      Did not match:
         - @ConditionalOnClass did not find required class 'org.springframework.web.reactive.DispatcherHandler' (OnClassCondition)

   HypermediaAutoConfiguration:
      Did not match:
         - @ConditionalOnClass did not find required class 'org.springframework.hateoas.EntityModel' (OnClassCondition)

   InfinispanCacheConfiguration:
      Did not match:
         - @ConditionalOnClass did not find required class 'org.infinispan.spring.embedded.provider.SpringEmbeddedCacheManager' (OnClassCondition)

   InfluxDbAutoConfiguration:
      Did not match:
         - @ConditionalOnClass did not find required class 'org.influxdb.InfluxDB' (OnClassCondition)

   IntegrationAutoConfiguration:
      Did not match:
         - @ConditionalOnClass did not find required class 'org.springframework.integration.config.EnableIntegration' (OnClassCondition)

   JCacheCacheConfiguration:
      Did not match:
         - @ConditionalOnClass did not find required class 'javax.cache.Caching' (OnClassCondition)

   JacksonHttpMessageConvertersConfiguration.MappingJackson2XmlHttpMessageConverterConfiguration:
      Did not match:
         - @ConditionalOnClass did not find required class 'com.fasterxml.jackson.dataformat.xml.XmlMapper' (OnClassCondition)

   JdbcRepositoriesAutoConfiguration:
      Did not match:
         - @ConditionalOnClass did not find required class 'org.springframework.data.jdbc.repository.config.AbstractJdbcConfiguration' (OnClassCondition)

   JerseyAutoConfiguration:
      Did not match:
         - @ConditionalOnClass did not find required class 'org.glassfish.jersey.server.spring.SpringComponentProvider' (OnClassCondition)

   JmsAutoConfiguration:
      Did not match:
         - @ConditionalOnClass did not find required class 'jakarta.jms.Message' (OnClassCondition)

   JmxAutoConfiguration:
      Did not match:
         - @ConditionalOnProperty (spring.jmx.enabled=true) found different value in property 'enabled' (OnPropertyCondition)
      Matched:
         - @ConditionalOnClass found required class 'org.springframework.jmx.export.MBeanExporter' (OnClassCondition)

   JndiConnectionFactoryAutoConfiguration:
      Did not match:
         - @ConditionalOnClass did not find required class 'org.springframework.jms.core.JmsTemplate' (OnClassCondition)

   JndiDataSourceAutoConfiguration:
      Did not match:
         - @ConditionalOnProperty (spring.datasource.jndi-name) did not find property 'jndi-name' (OnPropertyCondition)
      Matched:
         - @ConditionalOnClass found required classes 'javax.sql.DataSource', 'org.springframework.jdbc.datasource.embedded.EmbeddedDatabaseType' (OnClassCondition)

   JndiJtaConfiguration:
      Did not match:
         - @ConditionalOnJndi JNDI environment is not available (OnJndiCondition)
      Matched:
         - @ConditionalOnClass found required class 'org.springframework.transaction.jta.JtaTransactionManager' (OnClassCondition)

   JooqAutoConfiguration:
      Did not match:
         - @ConditionalOnClass did not find required class 'org.jooq.DSLContext' (OnClassCondition)

   JpaRepositoriesAutoConfiguration#entityManagerFactoryBootstrapExecutorCustomizer:
      Did not match:
         - AnyNestedCondition 0 matched 2 did not; NestedCondition on JpaRepositoriesAutoConfiguration.BootstrapExecutorCondition.LazyBootstrapMode @ConditionalOnProperty (spring.data.jpa.repositories.bootstrap-mode=lazy) did not find property 'bootstrap-mode'; NestedCondition on JpaRepositoriesAutoConfiguration.BootstrapExecutorCondition.DeferredBootstrapMode @ConditionalOnProperty (spring.data.jpa.repositories.bootstrap-mode=deferred) did not find property 'bootstrap-mode' (JpaRepositoriesAutoConfiguration.BootstrapExecutorCondition)

   JsonbAutoConfiguration:
      Did not match:
         - @ConditionalOnClass did not find required class 'jakarta.json.bind.Jsonb' (OnClassCondition)

   JsonbHttpMessageConvertersConfiguration:
      Did not match:
         - @ConditionalOnClass did not find required class 'jakarta.json.bind.Jsonb' (OnClassCondition)

   KafkaAutoConfiguration:
      Did not match:
         - @ConditionalOnClass did not find required class 'org.springframework.kafka.core.KafkaTemplate' (OnClassCondition)

   LdapAutoConfiguration:
      Did not match:
         - @ConditionalOnClass did not find required class 'org.springframework.ldap.core.ContextSource' (OnClassCondition)

   LdapRepositoriesAutoConfiguration:
      Did not match:
         - @ConditionalOnClass did not find required class 'org.springframework.data.ldap.repository.LdapRepository' (OnClassCondition)

   LiquibaseAutoConfiguration:
      Did not match:
         - @ConditionalOnClass did not find required class 'liquibase.change.DatabaseChange' (OnClassCondition)

   MailSenderAutoConfiguration:
      Did not match:
         - @ConditionalOnClass did not find required class 'jakarta.mail.internet.MimeMessage' (OnClassCondition)

   MailSenderValidatorAutoConfiguration:
      Did not match:
         - @ConditionalOnSingleCandidate did not find required type 'org.springframework.mail.javamail.JavaMailSenderImpl' (OnBeanCondition)

   MessageSourceAutoConfiguration:
      Did not match:
         - ResourceBundle did not find bundle with basename messages (MessageSourceAutoConfiguration.ResourceBundleCondition)

   MongoAutoConfiguration:
      Did not match:
         - @ConditionalOnClass did not find required class 'com.mongodb.client.MongoClient' (OnClassCondition)

   MongoDataAutoConfiguration:
      Did not match:
         - @ConditionalOnClass did not find required class 'com.mongodb.client.MongoClient' (OnClassCondition)

   MongoReactiveAutoConfiguration:
      Did not match:
         - @ConditionalOnClass did not find required class 'com.mongodb.reactivestreams.client.MongoClient' (OnClassCondition)

   MongoReactiveDataAutoConfiguration:
      Did not match:
         - @ConditionalOnClass did not find required class 'com.mongodb.reactivestreams.client.MongoClient' (OnClassCondition)

   MongoReactiveRepositoriesAutoConfiguration:
      Did not match:
         - @ConditionalOnClass did not find required class 'com.mongodb.reactivestreams.client.MongoClient' (OnClassCondition)

   MongoRepositoriesAutoConfiguration:
      Did not match:
         - @ConditionalOnClass did not find required class 'com.mongodb.client.MongoClient' (OnClassCondition)

   MustacheAutoConfiguration:
      Did not match:
         - @ConditionalOnClass did not find required class 'com.samskivert.mustache.Mustache' (OnClassCondition)

   Neo4jAutoConfiguration:
      Did not match:
         - @ConditionalOnClass did not find required class 'org.neo4j.driver.Driver' (OnClassCondition)

   Neo4jDataAutoConfiguration:
      Did not match:
         - @ConditionalOnClass did not find required class 'org.neo4j.driver.Driver' (OnClassCondition)

   Neo4jReactiveDataAutoConfiguration:
      Did not match:
         - @ConditionalOnClass did not find required class 'org.neo4j.driver.Driver' (OnClassCondition)

   Neo4jReactiveRepositoriesAutoConfiguration:
      Did not match:
         - @ConditionalOnClass did not find required class 'org.neo4j.driver.Driver' (OnClassCondition)

   Neo4jRepositoriesAutoConfiguration:
      Did not match:
         - @ConditionalOnClass did not find required class 'org.neo4j.driver.Driver' (OnClassCondition)

   NettyAutoConfiguration:
      Did not match:
         - @ConditionalOnClass did not find required class 'io.netty.util.NettyRuntime' (OnClassCondition)

   OAuth2AuthorizationServerAutoConfiguration:
      Did not match:
         - @ConditionalOnClass did not find required class 'org.springframework.security.oauth2.server.authorization.OAuth2Authorization' (OnClassCondition)

   OAuth2AuthorizationServerJwtAutoConfiguration:
      Did not match:
         - @ConditionalOnClass did not find required class 'org.springframework.security.oauth2.server.authorization.OAuth2Authorization' (OnClassCondition)

   OAuth2ClientAutoConfiguration:
      Did not match:
         - @ConditionalOnClass did not find required class 'org.springframework.security.config.annotation.web.configuration.EnableWebSecurity' (OnClassCondition)

   OAuth2ResourceServerAutoConfiguration:
      Did not match:
         - @ConditionalOnClass did not find required class 'org.springframework.security.oauth2.server.resource.authentication.BearerTokenAuthenticationToken' (OnClassCondition)

   ProjectInfoAutoConfiguration#buildProperties:
      Did not match:
         - @ConditionalOnResource did not find resource '${spring.info.build.location:classpath:META-INF/build-info.properties}' (OnResourceCondition)

   ProjectInfoAutoConfiguration#gitProperties:
      Did not match:
         - GitResource did not find git info at classpath:git.properties (ProjectInfoAutoConfiguration.GitResourceAvailableCondition)

   PulsarAutoConfiguration:
      Did not match:
         - @ConditionalOnClass did not find required class 'org.apache.pulsar.client.api.PulsarClient' (OnClassCondition)

   PulsarReactiveAutoConfiguration:
      Did not match:
         - @ConditionalOnClass did not find required class 'org.apache.pulsar.client.api.PulsarClient' (OnClassCondition)

   QuartzAutoConfiguration:
      Did not match:
         - @ConditionalOnClass did not find required class 'org.quartz.Scheduler' (OnClassCondition)

   R2dbcAutoConfiguration:
      Did not match:
         - @ConditionalOnClass did not find required class 'io.r2dbc.spi.ConnectionFactory' (OnClassCondition)

   R2dbcDataAutoConfiguration:
      Did not match:
         - @ConditionalOnClass did not find required class 'org.springframework.data.r2dbc.core.R2dbcEntityTemplate' (OnClassCondition)

   R2dbcRepositoriesAutoConfiguration:
      Did not match:
         - @ConditionalOnClass did not find required class 'io.r2dbc.spi.ConnectionFactory' (OnClassCondition)

   R2dbcTransactionManagerAutoConfiguration:
      Did not match:
         - @ConditionalOnClass did not find required class 'org.springframework.r2dbc.connection.R2dbcTransactionManager' (OnClassCondition)

   RSocketGraphQlClientAutoConfiguration:
      Did not match:
         - @ConditionalOnClass did not find required class 'graphql.GraphQL' (OnClassCondition)

   RSocketMessagingAutoConfiguration:
      Did not match:
         - @ConditionalOnClass did not find required class 'io.rsocket.RSocket' (OnClassCondition)

   RSocketRequesterAutoConfiguration:
      Did not match:
         - @ConditionalOnClass did not find required class 'io.rsocket.RSocket' (OnClassCondition)

   RSocketSecurityAutoConfiguration:
      Did not match:
         - @ConditionalOnClass did not find required class 'org.springframework.security.rsocket.core.SecuritySocketAcceptorInterceptor' (OnClassCondition)

   RSocketServerAutoConfiguration:
      Did not match:
         - @ConditionalOnClass did not find required class 'io.rsocket.core.RSocketServer' (OnClassCondition)

   RSocketStrategiesAutoConfiguration:
      Did not match:
         - @ConditionalOnClass did not find required class 'io.netty.buffer.PooledByteBufAllocator' (OnClassCondition)

   RabbitAutoConfiguration:
      Did not match:
         - @ConditionalOnClass did not find required class 'com.rabbitmq.client.Channel' (OnClassCondition)

   ReactiveElasticsearchClientAutoConfiguration:
      Did not match:
         - @ConditionalOnClass did not find required class 'co.elastic.clients.transport.ElasticsearchTransport' (OnClassCondition)

   ReactiveElasticsearchRepositoriesAutoConfiguration:
      Did not match:
         - @ConditionalOnClass did not find required class 'org.springframework.data.elasticsearch.client.elc.ReactiveElasticsearchClient' (OnClassCondition)

   ReactiveMultipartAutoConfiguration:
      Did not match:
         - @ConditionalOnClass did not find required class 'org.springframework.web.reactive.config.WebFluxConfigurer' (OnClassCondition)

   ReactiveOAuth2ClientAutoConfiguration:
      Did not match:
         - @ConditionalOnClass did not find required class 'reactor.core.publisher.Flux' (OnClassCondition)

   ReactiveOAuth2ResourceServerAutoConfiguration:
      Did not match:
         - @ConditionalOnClass did not find required class 'org.springframework.security.config.annotation.web.reactive.EnableWebFluxSecurity' (OnClassCondition)

   ReactiveSecurityAutoConfiguration:
      Did not match:
         - @ConditionalOnClass did not find required class 'reactor.core.publisher.Flux' (OnClassCondition)

   ReactiveUserDetailsServiceAutoConfiguration:
      Did not match:
         - @ConditionalOnClass did not find required class 'org.springframework.security.authentication.ReactiveAuthenticationManager' (OnClassCondition)

   ReactiveWebServerFactoryAutoConfiguration:
      Did not match:
         - @ConditionalOnWebApplication did not find reactive web application classes (OnWebApplicationCondition)

   ReactorAutoConfiguration:
      Did not match:
         - @ConditionalOnClass did not find required class 'reactor.core.publisher.Hooks' (OnClassCondition)

   RedisAutoConfiguration:
      Did not match:
         - @ConditionalOnClass did not find required class 'org.springframework.data.redis.core.RedisOperations' (OnClassCondition)

   RedisCacheConfiguration:
      Did not match:
         - @ConditionalOnClass did not find required class 'org.springframework.data.redis.connection.RedisConnectionFactory' (OnClassCondition)

   RedisReactiveAutoConfiguration:
      Did not match:
         - @ConditionalOnClass did not find required class 'reactor.core.publisher.Flux' (OnClassCondition)

   RedisRepositoriesAutoConfiguration:
      Did not match:
         - @ConditionalOnClass did not find required class 'org.springframework.data.redis.repository.configuration.EnableRedisRepositories' (OnClassCondition)

   RepositoryRestMvcAutoConfiguration:
      Did not match:
         - @ConditionalOnClass did not find required class 'org.springframework.data.rest.webmvc.config.RepositoryRestMvcConfiguration' (OnClassCondition)

   Saml2RelyingPartyAutoConfiguration:
      Did not match:
         - @ConditionalOnClass did not find required class 'org.springframework.security.saml2.provider.service.registration.RelyingPartyRegistrationRepository' (OnClassCondition)

   SecurityAutoConfiguration:
      Did not match:
         - @ConditionalOnClass did not find required class 'org.springframework.security.authentication.DefaultAuthenticationEventPublisher' (OnClassCondition)

   SecurityFilterAutoConfiguration:
      Did not match:
         - @ConditionalOnClass did not find required class 'org.springframework.security.config.http.SessionCreationPolicy' (OnClassCondition)

   SendGridAutoConfiguration:
      Did not match:
         - @ConditionalOnClass did not find required class 'com.sendgrid.SendGrid' (OnClassCondition)

   ServletWebServerFactoryAutoConfiguration.ForwardedHeaderFilterConfiguration:
      Did not match:
         - @ConditionalOnProperty (server.forward-headers-strategy=framework) did not find property 'server.forward-headers-strategy' (OnPropertyCondition)

   ServletWebServerFactoryConfiguration.EmbeddedJetty:
      Did not match:
         - @ConditionalOnClass did not find required classes 'org.eclipse.jetty.server.Server', 'org.eclipse.jetty.util.Loader', 'org.eclipse.jetty.ee10.webapp.WebAppContext' (OnClassCondition)

   ServletWebServerFactoryConfiguration.EmbeddedUndertow:
      Did not match:
         - @ConditionalOnClass did not find required classes 'io.undertow.Undertow', 'org.xnio.SslClientAuthMode' (OnClassCondition)

   SessionAutoConfiguration:
      Did not match:
         - @ConditionalOnClass did not find required class 'org.springframework.session.Session' (OnClassCondition)

   SpringApplicationAdminJmxAutoConfiguration:
      Did not match:
         - @ConditionalOnProperty (spring.application.admin.enabled=true) did not find property 'enabled' (OnPropertyCondition)

   SqlInitializationAutoConfiguration:
      Did not match:
         - NoneNestedConditions 1 matched 0 did not; NestedCondition on SqlInitializationAutoConfiguration.SqlInitializationModeCondition.ModeIsNever @ConditionalOnProperty (spring.sql.init.mode=never) matched (SqlInitializationAutoConfiguration.SqlInitializationModeCondition)
      Matched:
         - @ConditionalOnProperty (spring.sql.init.enabled) matched (OnPropertyCondition)

   TaskExecutorConfigurations.SimpleAsyncTaskExecutorBuilderConfiguration#simpleAsyncTaskExecutorBuilderVirtualThreads:
      Did not match:
         - @ConditionalOnMissingBean (types: org.springframework.boot.task.SimpleAsyncTaskExecutorBuilder; SearchStrategy: all) found beans of type 'org.springframework.boot.task.SimpleAsyncTaskExecutorBuilder' simpleAsyncTaskExecutorBuilder (OnBeanCondition)

   TaskExecutorConfigurations.TaskExecutorConfiguration#applicationTaskExecutorVirtualThreads:
      Did not match:
         - @ConditionalOnThreading did not find VIRTUAL (OnThreadingCondition)

   TaskSchedulingAutoConfiguration#scheduledBeanLazyInitializationExcludeFilter:
      Did not match:
         - @ConditionalOnBean (names: org.springframework.context.annotation.internalScheduledAnnotationProcessor; SearchStrategy: all) did not find any beans named org.springframework.context.annotation.internalScheduledAnnotationProcessor (OnBeanCondition)

   TaskSchedulingConfigurations.SimpleAsyncTaskSchedulerBuilderConfiguration#simpleAsyncTaskSchedulerBuilderVirtualThreads:
      Did not match:
         - @ConditionalOnMissingBean (types: org.springframework.boot.task.SimpleAsyncTaskSchedulerBuilder; SearchStrategy: all) found beans of type 'org.springframework.boot.task.SimpleAsyncTaskSchedulerBuilder' simpleAsyncTaskSchedulerBuilder (OnBeanCondition)

   TaskSchedulingConfigurations.TaskSchedulerConfiguration:
      Did not match:
         - @ConditionalOnBean (names: org.springframework.context.annotation.internalScheduledAnnotationProcessor; SearchStrategy: all) did not find any beans named org.springframework.context.annotation.internalScheduledAnnotationProcessor (OnBeanCondition)

   ThymeleafAutoConfiguration:
      Did not match:
         - @ConditionalOnClass did not find required class 'org.thymeleaf.spring6.SpringTemplateEngine' (OnClassCondition)

   TransactionAutoConfiguration#transactionalOperator:
      Did not match:
         - @ConditionalOnSingleCandidate (types: org.springframework.transaction.ReactiveTransactionManager; SearchStrategy: all) did not find any beans (OnBeanCondition)

   TransactionAutoConfiguration.AspectJTransactionManagementConfiguration:
      Did not match:
         - @ConditionalOnBean (types: org.springframework.transaction.aspectj.AbstractTransactionAspect; SearchStrategy: all) did not find any beans of type org.springframework.transaction.aspectj.AbstractTransactionAspect (OnBeanCondition)

   TransactionAutoConfiguration.EnableTransactionManagementConfiguration.JdkDynamicAutoProxyConfiguration:
      Did not match:
         - @ConditionalOnProperty (spring.aop.proxy-target-class=false) did not find property 'proxy-target-class' (OnPropertyCondition)

   UserDetailsServiceAutoConfiguration:
      Did not match:
         - @ConditionalOnClass did not find required class 'org.springframework.security.authentication.AuthenticationManager' (OnClassCondition)

   ValidationAutoConfiguration:
      Did not match:
         - @ConditionalOnClass did not find required class 'jakarta.validation.executable.ExecutableValidator' (OnClassCondition)

   WebClientAutoConfiguration:
      Did not match:
         - @ConditionalOnClass did not find required class 'org.springframework.web.reactive.function.client.WebClient' (OnClassCondition)

   WebFluxAutoConfiguration:
      Did not match:
         - @ConditionalOnClass did not find required class 'org.springframework.web.reactive.config.WebFluxConfigurer' (OnClassCondition)

   WebMvcAutoConfiguration#hiddenHttpMethodFilter:
      Did not match:
         - @ConditionalOnProperty (spring.mvc.hiddenmethod.filter.enabled) did not find property 'enabled' (OnPropertyCondition)

   WebMvcAutoConfiguration.ProblemDetailsErrorHandlingConfiguration:
      Did not match:
         - @ConditionalOnProperty (spring.mvc.problemdetails.enabled=true) did not find property 'enabled' (OnPropertyCondition)

   WebMvcAutoConfiguration.ResourceChainCustomizerConfiguration:
      Did not match:
         - @ConditionalOnEnabledResourceChain did not find class org.webjars.WebJarAssetLocator (OnEnabledResourceChainCondition)

   WebMvcAutoConfiguration.WebMvcAutoConfigurationAdapter#beanNameViewResolver:
      Did not match:
         - @ConditionalOnMissingBean (types: org.springframework.web.servlet.view.BeanNameViewResolver; SearchStrategy: all) found beans of type 'org.springframework.web.servlet.view.BeanNameViewResolver' beanNameViewResolver (OnBeanCondition)

   WebServiceTemplateAutoConfiguration:
      Did not match:
         - @ConditionalOnClass did not find required class 'org.springframework.oxm.Marshaller' (OnClassCondition)

   WebServicesAutoConfiguration:
      Did not match:
         - @ConditionalOnClass did not find required class 'org.springframework.ws.transport.http.MessageDispatcherServlet' (OnClassCondition)

   WebSessionIdResolverAutoConfiguration:
      Did not match:
         - @ConditionalOnClass did not find required class 'reactor.core.publisher.Mono' (OnClassCondition)

   WebSocketMessagingAutoConfiguration:
      Did not match:
         - @ConditionalOnClass did not find required class 'org.springframework.web.socket.config.annotation.WebSocketMessageBrokerConfigurer' (OnClassCondition)

   WebSocketReactiveAutoConfiguration:
      Did not match:
         - @ConditionalOnWebApplication did not find reactive web application classes (OnWebApplicationCondition)

   WebSocketServletAutoConfiguration.JettyWebSocketConfiguration:
      Did not match:
         - @ConditionalOnClass did not find required class 'org.eclipse.jetty.ee10.websocket.jakarta.server.config.JakartaWebSocketServletContainerInitializer' (OnClassCondition)

   WebSocketServletAutoConfiguration.UndertowWebSocketConfiguration:
      Did not match:
         - @ConditionalOnClass did not find required class 'io.undertow.websockets.jsr.Bootstrap' (OnClassCondition)

   XADataSourceAutoConfiguration:
      Did not match:
         - @ConditionalOnBean (types: org.springframework.boot.jdbc.XADataSourceWrapper; SearchStrategy: all) did not find any beans of type org.springframework.boot.jdbc.XADataSourceWrapper (OnBeanCondition)
      Matched:
         - @ConditionalOnClass found required classes 'javax.sql.DataSource', 'jakarta.transaction.TransactionManager', 'org.springframework.jdbc.datasource.embedded.EmbeddedDatabaseType' (OnClassCondition)


Exclusions:
-----------

    None


Unconditional classes:
----------------------

    org.springframework.boot.autoconfigure.context.ConfigurationPropertiesAutoConfiguration

    org.springframework.boot.autoconfigure.ssl.SslAutoConfiguration

    org.springframework.boot.autoconfigure.context.LifecycleAutoConfiguration

    org.springframework.boot.autoconfigure.context.PropertyPlaceholderAutoConfiguration

    org.springframework.boot.autoconfigure.availability.ApplicationAvailabilityAutoConfiguration

    org.springframework.boot.autoconfigure.info.ProjectInfoAutoConfiguration



2024-05-20T15:37:17.289-03:00  INFO 739374 --- [person-service] [           main] com.srmasset.ApplicationTests            : Started ApplicationTests in 3.84 seconds (process running for 4.601)
2024-05-20T15:37:17.291-03:00 DEBUG 739374 --- [person-service] [           main] o.s.b.a.ApplicationAvailabilityBean      : Application availability state LivenessState changed to CORRECT
2024-05-20T15:37:17.293-03:00 DEBUG 739374 --- [person-service] [           main] o.s.b.a.ApplicationAvailabilityBean      : Application availability state ReadinessState changed to ACCEPTING_TRAFFIC
2024-05-20T15:37:17.295-03:00 DEBUG 739374 --- [person-service] [           main] org.springframework.test.context.cache   : Spring test ApplicationContext cache statistics: [DefaultContextCache@531b1778 size = 1, maxSize = 32, parentContextCount = 0, hitCount = 0, missCount = 1, failureCount = 0]
2024-05-20T15:37:17.296-03:00 DEBUG 739374 --- [person-service] [           main] o.s.t.c.w.ServletTestExecutionListener   : Setting up MockHttpServletRequest, MockHttpServletResponse, ServletWebRequest, and RequestContextHolder for test class com.srmasset.ApplicationTests
2024-05-20T15:37:17.316-03:00 DEBUG 739374 --- [person-service] [           main] DependencyInjectionTestExecutionListener : Performing dependency injection for test class com.srmasset.ApplicationTests
2024-05-20T15:37:17.317-03:00 DEBUG 739374 --- [person-service] [           main] org.springframework.test.context.cache   : Spring test ApplicationContext cache statistics: [DefaultContextCache@531b1778 size = 1, maxSize = 32, parentContextCount = 0, hitCount = 1, missCount = 1, failureCount = 0]
2024-05-20T15:37:17.319-03:00 DEBUG 739374 --- [person-service] [           main] org.springframework.test.context.cache   : Spring test ApplicationContext cache statistics: [DefaultContextCache@531b1778 size = 1, maxSize = 32, parentContextCount = 0, hitCount = 2, missCount = 1, failureCount = 0]
2024-05-20T15:37:17.334-03:00 DEBUG 739374 --- [person-service] [           main] sContextBeforeModesTestExecutionListener : Before test method: class [ApplicationTests], method [contextLoads], class annotated with @DirtiesContext [false] with mode [null], method annotated with @DirtiesContext [false] with mode [null]
2024-05-20T15:37:17.337-03:00 DEBUG 739374 --- [person-service] [           main] org.springframework.test.context.cache   : Spring test ApplicationContext cache statistics: [DefaultContextCache@531b1778 size = 1, maxSize = 32, parentContextCount = 0, hitCount = 3, missCount = 1, failureCount = 0]
2024-05-20T15:37:17.337-03:00 DEBUG 739374 --- [person-service] [           main] org.springframework.test.context.cache   : Spring test ApplicationContext cache statistics: [DefaultContextCache@531b1778 size = 1, maxSize = 32, parentContextCount = 0, hitCount = 4, missCount = 1, failureCount = 0]
2024-05-20T15:37:17.774-03:00 DEBUG 739374 --- [person-service] [           main] org.springframework.test.context.cache   : Spring test ApplicationContext cache statistics: [DefaultContextCache@531b1778 size = 1, maxSize = 32, parentContextCount = 0, hitCount = 5, missCount = 1, failureCount = 0]
2024-05-20T15:37:17.778-03:00 DEBUG 739374 --- [person-service] [           main] org.springframework.test.context.cache   : Spring test ApplicationContext cache statistics: [DefaultContextCache@531b1778 size = 1, maxSize = 32, parentContextCount = 0, hitCount = 6, missCount = 1, failureCount = 0]
2024-05-20T15:37:17.779-03:00 DEBUG 739374 --- [person-service] [           main] org.springframework.test.context.cache   : Spring test ApplicationContext cache statistics: [DefaultContextCache@531b1778 size = 1, maxSize = 32, parentContextCount = 0, hitCount = 7, missCount = 1, failureCount = 0]
2024-05-20T15:37:17.779-03:00 DEBUG 739374 --- [person-service] [           main] org.springframework.test.context.cache   : Spring test ApplicationContext cache statistics: [DefaultContextCache@531b1778 size = 1, maxSize = 32, parentContextCount = 0, hitCount = 8, missCount = 1, failureCount = 0]
2024-05-20T15:37:17.779-03:00 DEBUG 739374 --- [person-service] [           main] org.springframework.test.context.cache   : Spring test ApplicationContext cache statistics: [DefaultContextCache@531b1778 size = 1, maxSize = 32, parentContextCount = 0, hitCount = 9, missCount = 1, failureCount = 0]
2024-05-20T15:37:17.780-03:00 DEBUG 739374 --- [person-service] [           main] org.springframework.test.context.cache   : Spring test ApplicationContext cache statistics: [DefaultContextCache@531b1778 size = 1, maxSize = 32, parentContextCount = 0, hitCount = 10, missCount = 1, failureCount = 0]
2024-05-20T15:37:17.782-03:00 DEBUG 739374 --- [person-service] [           main] org.springframework.test.context.cache   : Spring test ApplicationContext cache statistics: [DefaultContextCache@531b1778 size = 1, maxSize = 32, parentContextCount = 0, hitCount = 11, missCount = 1, failureCount = 0]
2024-05-20T15:37:17.782-03:00 DEBUG 739374 --- [person-service] [           main] .c.s.DirtiesContextTestExecutionListener : After test method: class [ApplicationTests], method [contextLoads], class annotated with @DirtiesContext [false] with mode [null], method annotated with @DirtiesContext [false] with mode [null]
2024-05-20T15:37:17.783-03:00 DEBUG 739374 --- [person-service] [           main] o.s.t.c.w.ServletTestExecutionListener   : Resetting RequestContextHolder for test class com.srmasset.ApplicationTests
]]></system-out>
  </testcase>
</testsuite>